2025-11-09 23:55:54,640 [INFO] Starting SRT to YAML conversion for episode S01-E24
2025-11-09 23:55:54,640 [INFO] SRT source resolved to: input/S01-E24/ENG_S1E24_Deete_ENGLISH.srt
2025-11-09 23:55:54,641 [INFO] Parsed 1038 SRT entries from input/S01-E24/ENG_S1E24_Deete_ENGLISH.srt
2025-11-09 23:55:54,642 [DEBUG] Merged segment 1: SRT entries [1, 2, 3, 4, 5, 6] -> 'What motivates relating? What motivates that abili...'
2025-11-09 23:55:54,642 [DEBUG] Merged segment 2: SRT entries [7, 8] -> 'And you are open to seeing them. It's like this in...'
2025-11-09 23:55:54,642 [DEBUG] Merged segment 3: SRT entries [9, 10, 11] -> 'I use the word 'see' because when we are seeking t...'
2025-11-09 23:55:54,642 [DEBUG] Merged segment 4: SRT entries [12] -> 'What am I seeing?...'
2025-11-09 23:55:54,642 [DEBUG] Merged segment 5: SRT entries [13] -> 'What am I perceiving with my eyes?...'
2025-11-09 23:55:54,642 [DEBUG] Merged segment 6: SRT entries [14] -> 'Intuitively we might feel something....'
2025-11-09 23:55:54,642 [DEBUG] Merged segment 7: SRT entries [15] -> 'We might feel something different than what our ey...'
2025-11-09 23:55:54,642 [DEBUG] Merged segment 8: SRT entries [16] -> 'But because our intuitive body is picking up somet...'
2025-11-09 23:55:54,642 [DEBUG] Merged segment 9: SRT entries [17] -> 'That doesn't necessarily mean it's true for the ot...'
2025-11-09 23:55:54,642 [DEBUG] Merged segment 10: SRT entries [18, 19] -> 'In this relatability we're focussing on what we're...'
2025-11-09 23:55:54,643 [DEBUG] Merged segment 11: SRT entries [20, 21, 22, 23, 24, 25, 26, 27] -> 'So there is an inner knowing that needs to be paid...'
2025-11-09 23:55:54,643 [DEBUG] Merged segment 12: SRT entries [28, 29, 30, 31, 32, 33] -> 'Sometimes intuitively you will be like this is a b...'
2025-11-09 23:55:54,643 [DEBUG] Merged segment 13: SRT entries [34, 35] -> 'Ever wonder if there's intelligent life elsewhere ...'
2025-11-09 23:55:54,643 [DEBUG] Merged segment 14: SRT entries [36] -> 'Well, I have....I've been wondering since I was a ...'
2025-11-09 23:55:54,643 [DEBUG] Merged segment 15: SRT entries [37] -> 'My name is Reuben Langdon....'
2025-11-09 23:55:54,643 [DEBUG] Merged segment 16: SRT entries [38, 39] -> 'And on March 29th 2007, in the middle of the day, ...'
2025-11-09 23:55:54,643 [DEBUG] Merged segment 17: SRT entries [40, 41] -> 'Coincidentally, I was working on the film Avatar a...'
2025-11-09 23:55:54,643 [DEBUG] Merged segment 18: SRT entries [42] -> 'And ever since then I've been on a quest......'
2025-11-09 23:55:54,643 [DEBUG] Merged segment 19: SRT entries [43, 44] -> 'A quest to find out if aliens really do exist and ...'
2025-11-09 23:55:54,643 [DEBUG] Merged segment 20: SRT entries [45, 46] -> 'If beings of higher intelligence are here... ...wh...'
2025-11-09 23:55:54,643 [DEBUG] Merged segment 21: SRT entries [47] -> 'Why don't they make themselves more known?...'
2025-11-09 23:55:54,643 [DEBUG] Merged segment 22: SRT entries [48] -> 'Why the secrecy?...'
2025-11-09 23:55:54,643 [DEBUG] Merged segment 23: SRT entries [49, 50] -> 'I've asked these questions to many experts, yet ea...'
2025-11-09 23:55:54,643 [DEBUG] Merged segment 24: SRT entries [51, 52] -> 'So I thought to myself, why not ask the aliens dir...'
2025-11-09 23:55:54,643 [DEBUG] Merged segment 25: SRT entries [53] -> 'So that's what I set out to do!...'
2025-11-09 23:55:54,643 [DEBUG] Merged segment 26: SRT entries [54] -> 'Well, sort of......'
2025-11-09 23:55:54,643 [DEBUG] Merged segment 27: SRT entries [55] -> 'All right....'
2025-11-09 23:55:54,643 [DEBUG] Merged segment 28: SRT entries [56] -> 'Deete....'
2025-11-09 23:55:54,643 [DEBUG] Merged segment 29: SRT entries [57] -> 'Thank you for having me here....'
2025-11-09 23:55:54,643 [DEBUG] Merged segment 30: SRT entries [58, 59] -> 'I wanted to find out a little bit about yourself a...'
2025-11-09 23:55:54,643 [DEBUG] Merged segment 31: SRT entries [60] -> 'All that jazz....'
2025-11-09 23:55:54,643 [DEBUG] Merged segment 32: SRT entries [61] -> '--all that jazz....'
2025-11-09 23:55:54,643 [DEBUG] Merged segment 33: SRT entries [62] -> 'Where do you want to start, or where would you lik...'
2025-11-09 23:55:54,643 [DEBUG] Merged segment 34: SRT entries [63] -> 'All right....'
2025-11-09 23:55:54,643 [DEBUG] Merged segment 35: SRT entries [64] -> 'So I grew up Mormon since day one....'
2025-11-09 23:55:54,643 [DEBUG] Merged segment 36: SRT entries [65] -> 'Born in Salt Lake City....'
2025-11-09 23:55:54,643 [DEBUG] Merged segment 37: SRT entries [66, 67] -> 'We did move to Phoenix, so I didn't grow up in Sal...'
2025-11-09 23:55:54,643 [DEBUG] Merged segment 38: SRT entries [68, 69] -> 'But growing up with that religious mindset, that w...'
2025-11-09 23:55:54,643 [DEBUG] Merged segment 39: SRT entries [70, 71, 72, 73, 74] -> 'And I think part of the reason that my journey sta...'
2025-11-09 23:55:54,643 [DEBUG] Merged segment 40: SRT entries [75] -> 'Oh, wow....'
2025-11-09 23:55:54,643 [DEBUG] Merged segment 41: SRT entries [76, 77] -> 'Yeah, I didn't know how to break out of the religi...'
2025-11-09 23:55:54,643 [DEBUG] Merged segment 42: SRT entries [78] -> 'And I felt like the only escape would have been to...'
2025-11-09 23:55:54,643 [DEBUG] Merged segment 43: SRT entries [79] -> 'And then shortly after, my grandma passed....'
2025-11-09 23:55:54,643 [DEBUG] Merged segment 44: SRT entries [80] -> 'And I started getting like visitations from her....'
2025-11-09 23:55:54,643 [DEBUG] Merged segment 45: SRT entries [81, 82, 83] -> 'And in the Mormon community, and I think as well a...'
2025-11-09 23:55:54,643 [DEBUG] Merged segment 46: SRT entries [84] -> 'My grandma passed, and I felt like she was around ...'
2025-11-09 23:55:54,643 [DEBUG] Merged segment 47: SRT entries [85] -> 'It wasn't like an odd thing....'
2025-11-09 23:55:54,643 [DEBUG] Merged segment 48: SRT entries [86] -> 'OK....'
2025-11-09 23:55:54,643 [DEBUG] Merged segment 49: SRT entries [87] -> 'And so that really helped me learn to communicate ...'
2025-11-09 23:55:54,643 [DEBUG] Merged segment 50: SRT entries [88] -> 'And then I started having other beings come to me....'
2025-11-09 23:55:54,643 [DEBUG] Merged segment 51: SRT entries [89] -> 'And then it was ET beings....'
2025-11-09 23:55:54,643 [DEBUG] Merged segment 52: SRT entries [90] -> 'And that's when things, I think, got kind of weird...'
2025-11-09 23:55:54,643 [DEBUG] Merged segment 53: SRT entries [91, 92] -> 'Like, oh, we're having other-dimensional communica...'
2025-11-09 23:55:54,643 [DEBUG] Merged segment 54: SRT entries [93] -> 'So at the time were you still hardcore Mormon?...'
2025-11-09 23:55:54,643 [DEBUG] Merged segment 55: SRT entries [94] -> 'I was transitioning out by that point, yeah....'
2025-11-09 23:55:54,643 [DEBUG] Merged segment 56: SRT entries [95, 96] -> 'And members of your community accepted the grandmo...'
2025-11-09 23:55:54,643 [DEBUG] Merged segment 57: SRT entries [97] -> 'Yeah....'
2025-11-09 23:55:54,643 [DEBUG] Merged segment 58: SRT entries [98] -> 'Yeah....'
2025-11-09 23:55:54,643 [DEBUG] Merged segment 59: SRT entries [99] -> 'But then going beyond that, is that when things go...'
2025-11-09 23:55:54,643 [DEBUG] Merged segment 60: SRT entries [100, 101] -> 'That's when I wasn't sure how much I should give o...'
2025-11-09 23:55:54,643 [DEBUG] Merged segment 61: SRT entries [102, 103, 104, 105, 106] -> 'Like, when their passed grandmothers were coming t...'
2025-11-09 23:55:54,643 [DEBUG] Merged segment 62: SRT entries [107] -> 'This is what she's saying....'
2025-11-09 23:55:54,643 [DEBUG] Merged segment 63: SRT entries [108, 109] -> 'But if I get the message from my own grandma, it w...'
2025-11-09 23:55:54,643 [DEBUG] Merged segment 64: SRT entries [110] -> 'I see....'
2025-11-09 23:55:54,643 [DEBUG] Merged segment 65: SRT entries [111, 112] -> 'So people-- because I guess some may feel a little...'
2025-11-09 23:55:54,643 [DEBUG] Merged segment 66: SRT entries [113] -> 'Yeah....'
2025-11-09 23:55:54,643 [DEBUG] Merged segment 67: SRT entries [114] -> 'And maybe they feel like, well that's my grandma....'
2025-11-09 23:55:54,643 [DEBUG] Merged segment 68: SRT entries [115] -> 'She should be communicating with me only....'
2025-11-09 23:55:54,643 [DEBUG] Merged segment 69: SRT entries [116] -> 'Oh, I see....'
2025-11-09 23:55:54,643 [DEBUG] Merged segment 70: SRT entries [117, 118, 119, 120] -> 'And then that's the funny thing that I learned wit...'
2025-11-09 23:55:54,643 [DEBUG] Merged segment 71: SRT entries [121] -> 'And other people close themselves off to it someti...'
2025-11-09 23:55:54,643 [DEBUG] Merged segment 72: SRT entries [122, 123, 124] -> 'Well, don't you have to get permission from-- or y...'
2025-11-09 23:55:54,643 [DEBUG] Merged segment 73: SRT entries [125] -> 'How does that work?...'
2025-11-09 23:55:54,643 [DEBUG] Merged segment 74: SRT entries [126] -> 'The other side really doesn't care too much....'
2025-11-09 23:55:54,644 [DEBUG] Merged segment 75: SRT entries [127] -> 'They're just like, hey, someone here can understan...'
2025-11-09 23:55:54,644 [DEBUG] Merged segment 76: SRT entries [128, 129] -> 'Let me communicate to you, for example, to convey ...'
2025-11-09 23:55:54,644 [DEBUG] Merged segment 77: SRT entries [130] -> 'Yeah....'
2025-11-09 23:55:54,644 [DEBUG] Merged segment 78: SRT entries [131, 132, 133, 134] -> 'And I guess when other people-- I was going to ask...'
2025-11-09 23:55:54,644 [DEBUG] Merged segment 79: SRT entries [135, 136] -> 'Yeah, that's when they're they come up with the lo...'
2025-11-09 23:55:54,644 [DEBUG] Merged segment 80: SRT entries [137, 138] -> 'Well, you probably know that because of this, or t...'
2025-11-09 23:55:54,644 [DEBUG] Merged segment 81: SRT entries [139, 140] -> 'I think it does make them a little like, how would...'
2025-11-09 23:55:54,644 [DEBUG] Merged segment 82: SRT entries [141] -> 'That's nerve wracking....'
2025-11-09 23:55:54,644 [DEBUG] Merged segment 83: SRT entries [142] -> 'So my logical mind will step in and try to make se...'
2025-11-09 23:55:54,644 [DEBUG] Merged segment 84: SRT entries [143] -> 'Right, right....'
2025-11-09 23:55:54,644 [DEBUG] Merged segment 85: SRT entries [144] -> 'Yeah, I've done that a long time ago....'
2025-11-09 23:55:54,644 [DEBUG] Merged segment 86: SRT entries [145, 146, 147, 148, 149] -> 'That was-- part of the series was getting to see--...'
2025-11-09 23:55:54,644 [DEBUG] Merged segment 87: SRT entries [150] -> 'But then I'm like, no....'
2025-11-09 23:55:54,644 [DEBUG] Merged segment 88: SRT entries [151] -> 'That's not what's happening....'
2025-11-09 23:55:54,644 [DEBUG] Merged segment 89: SRT entries [152] -> 'You're like, I don't know....'
2025-11-09 23:55:54,644 [DEBUG] Merged segment 90: SRT entries [153, 154] -> 'Yeah, I think that's why spirit just doesn't care,...'
2025-11-09 23:55:54,644 [DEBUG] Merged segment 91: SRT entries [155, 156, 157] -> 'And they know that even if the logical mind steps ...'
2025-11-09 23:55:54,644 [DEBUG] Merged segment 92: SRT entries [158] -> 'I feel like this is real....'
2025-11-09 23:55:54,644 [DEBUG] Merged segment 93: SRT entries [159, 160] -> 'So you start channeling ETs, or thought communicat...'
2025-11-09 23:55:54,644 [DEBUG] Merged segment 94: SRT entries [161, 162] -> 'What was your first communication from the ET real...'
2025-11-09 23:55:54,644 [DEBUG] Merged segment 95: SRT entries [163] -> 'So I would set a daily practice of meditation asid...'
2025-11-09 23:55:54,644 [DEBUG] Merged segment 96: SRT entries [164, 165] -> 'And that's when I started channeling other beings ...'
2025-11-09 23:55:54,644 [DEBUG] Merged segment 97: SRT entries [166] -> 'Or I guess spirit beings that I knew as people....'
2025-11-09 23:55:54,644 [DEBUG] Merged segment 98: SRT entries [167, 168] -> 'And then that's when I started getting visuals of ...'
2025-11-09 23:55:54,644 [DEBUG] Merged segment 99: SRT entries [169, 170] -> 'I had a Reptilian that came that I didn't even kno...'
2025-11-09 23:55:54,644 [DEBUG] Merged segment 100: SRT entries [171] -> 'And it kind of was like, that was weird....'
2025-11-09 23:55:54,644 [DEBUG] Merged segment 101: SRT entries [172] -> 'Did my imagination create a giant lizard guy?...'
2025-11-09 23:55:54,644 [DEBUG] Merged segment 102: SRT entries [173, 174, 175] -> 'I don't know, it was just a weird-- and then I jus...'
2025-11-09 23:55:54,644 [DEBUG] Merged segment 103: SRT entries [176, 177] -> 'Like the Lyran beings-- cats and things....'
2025-11-09 23:55:54,644 [DEBUG] Merged segment 104: SRT entries [178, 179, 180] -> 'And I decided to look it up on the internet, and t...'
2025-11-09 23:55:54,644 [DEBUG] Merged segment 105: SRT entries [181] -> 'So I'm like, maybe this is a real contact....'
2025-11-09 23:55:54,644 [DEBUG] Merged segment 106: SRT entries [182] -> 'And that's when I opened myself up more, and I got...'
2025-11-09 23:55:54,644 [DEBUG] Merged segment 107: SRT entries [183] -> 'So the first being was a Reptilian....'
2025-11-09 23:55:54,644 [DEBUG] Merged segment 108: SRT entries [184] -> 'What did he say?...'
2025-11-09 23:55:54,644 [DEBUG] Merged segment 109: SRT entries [185, 186] -> 'Well, he had-- it was interesting because he had t...'
2025-11-09 23:55:54,644 [DEBUG] Merged segment 110: SRT entries [187] -> 'And it looked like he could have put a hood kind o...'
2025-11-09 23:55:54,644 [DEBUG] Merged segment 111: SRT entries [188] -> 'And so I was meditating, and he came through....'
2025-11-09 23:55:54,644 [DEBUG] Merged segment 112: SRT entries [189] -> 'And I was kind of like, whoa....'
2025-11-09 23:55:54,644 [DEBUG] Merged segment 113: SRT entries [190] -> 'And then he faded away, and then a Gray came in....'
2025-11-09 23:55:54,644 [DEBUG] Merged segment 114: SRT entries [191, 192] -> 'So I don't know if he shapeshifted to make it more...'
2025-11-09 23:55:54,644 [DEBUG] Merged segment 115: SRT entries [193] -> 'Like, "I'm an alien" kind of thing?...'
2025-11-09 23:55:54,644 [DEBUG] Merged segment 116: SRT entries [194] -> 'Yeah, I'm just an alien....'
2025-11-09 23:55:54,644 [DEBUG] Merged segment 117: SRT entries [195] -> 'Yeah....'
2025-11-09 23:55:54,644 [DEBUG] Merged segment 118: SRT entries [196] -> 'But he's told me that he's my guide and protector....'
2025-11-09 23:55:54,644 [DEBUG] Merged segment 119: SRT entries [197] -> 'And so he's kind of always been there....'
2025-11-09 23:55:54,644 [DEBUG] Merged segment 120: SRT entries [198] -> 'But initially it was a weird thing for me....'
2025-11-09 23:55:54,644 [DEBUG] Merged segment 121: SRT entries [199] -> 'And then I got--...'
2025-11-09 23:55:54,644 [DEBUG] Merged segment 122: SRT entries [200] -> 'Does he have a name?...'
2025-11-09 23:55:54,644 [DEBUG] Merged segment 123: SRT entries [201] -> 'Does have a name?...'
2025-11-09 23:55:54,644 [DEBUG] Merged segment 124: SRT entries [202] -> 'Yeah....'
2025-11-09 23:55:54,644 [DEBUG] Merged segment 125: SRT entries [203, 204] -> 'As far as I can hear, he calls himself-- he says "...'
2025-11-09 23:55:54,644 [DEBUG] Merged segment 126: SRT entries [205] -> 'Do you know what realm of Reptilians?...'
2025-11-09 23:55:54,644 [DEBUG] Merged segment 127: SRT entries [206] -> 'Because there's so many....'
2025-11-09 23:55:54,644 [DEBUG] Merged segment 128: SRT entries [207] -> 'Well, he says he's with the Alpha Draconis....'
2025-11-09 23:55:54,644 [DEBUG] Merged segment 129: SRT entries [208, 209, 210] -> 'But he often works with the Council of Beings, whi...'
2025-11-09 23:55:54,644 [DEBUG] Merged segment 130: SRT entries [211] -> 'OK....'
2025-11-09 23:55:54,644 [DEBUG] Merged segment 131: SRT entries [212, 213, 214, 215, 216] -> 'So for those who are watching, there are Alpha Dra...'
2025-11-09 23:55:54,644 [DEBUG] Merged segment 132: SRT entries [217, 218] -> 'A lot of people who subscribe to this information ...'
2025-11-09 23:55:54,644 [DEBUG] Merged segment 133: SRT entries [219] -> 'Yeah....'
2025-11-09 23:55:54,644 [DEBUG] Merged segment 134: SRT entries [220, 221] -> 'And with that, I'll Alpha Draconis is mainly just ...'
2025-11-09 23:55:54,644 [DEBUG] Merged segment 135: SRT entries [222] -> 'So it's like Pleiades star system....'
2025-11-09 23:55:54,644 [DEBUG] Merged segment 136: SRT entries [223, 224, 225] -> 'And you're going to have benevolent beings, and yo...'
2025-11-09 23:55:54,644 [DEBUG] Merged segment 137: SRT entries [226] -> 'And that's the same with the Draconis....'
2025-11-09 23:55:54,644 [DEBUG] Merged segment 138: SRT entries [227, 228, 229] -> 'They have a lot of evolved beings that are in serv...'
2025-11-09 23:55:54,644 [DEBUG] Merged segment 139: SRT entries [230, 231] -> 'And there are still those break-offs in that star ...'
2025-11-09 23:55:54,644 [DEBUG] Merged segment 140: SRT entries [232, 233, 234, 235] -> 'And then there's also the species that stay within...'
2025-11-09 23:55:54,645 [DEBUG] Merged segment 141: SRT entries [236] -> 'And they wish to stay in Fourth Density....'
2025-11-09 23:55:54,645 [DEBUG] Merged segment 142: SRT entries [237, 238, 239] -> 'So all this information that you just described, t...'
2025-11-09 23:55:54,645 [DEBUG] Merged segment 143: SRT entries [240, 241] -> 'Yeah, or just through channelings that I've done f...'
2025-11-09 23:55:54,645 [DEBUG] Merged segment 144: SRT entries [242] -> 'Yeah....'
2025-11-09 23:55:54,645 [DEBUG] Merged segment 145: SRT entries [243, 244, 245, 246] -> 'Well, when I first discovered your work, I was blo...'
2025-11-09 23:55:54,645 [DEBUG] Merged segment 146: SRT entries [247] -> 'And you haven't been doing this that long, right?...'
2025-11-09 23:55:54,645 [DEBUG] Merged segment 147: SRT entries [248] -> 'It's only been this past year or two?...'
2025-11-09 23:55:54,645 [DEBUG] Merged segment 148: SRT entries [249] -> 'Maybe a year and a half....'
2025-11-09 23:55:54,645 [DEBUG] Merged segment 149: SRT entries [250] -> 'A year and a half. >> Maybe, yeah....'
2025-11-09 23:55:54,645 [DEBUG] Merged segment 150: SRT entries [251] -> 'Wow....'
2025-11-09 23:55:54,645 [DEBUG] Merged segment 151: SRT entries [252, 253, 254, 255] -> 'And I was blown away by the in-depthness of some o...'
2025-11-09 23:55:54,645 [DEBUG] Merged segment 152: SRT entries [256] -> 'Good, I'm glad I'm not way off....'
2025-11-09 23:55:54,645 [DEBUG] Merged segment 153: SRT entries [257] -> 'No, no....'
2025-11-09 23:55:54,645 [DEBUG] Merged segment 154: SRT entries [258, 259] -> 'You're right on track, which is why I'm here, and ...'
2025-11-09 23:55:54,645 [DEBUG] Merged segment 155: SRT entries [260, 261, 262] -> 'So after the Reptilian encounter, shapeshifting in...'
2025-11-09 23:55:54,645 [DEBUG] Merged segment 156: SRT entries [263, 264] -> 'There was a Gray and a Mantis that came through af...'
2025-11-09 23:55:54,645 [DEBUG] Merged segment 157: SRT entries [265] -> 'And I don't know if the Gray was the Reptilian in ...'
2025-11-09 23:55:54,645 [DEBUG] Merged segment 158: SRT entries [266] -> 'I don't know....'
2025-11-09 23:55:54,645 [DEBUG] Merged segment 159: SRT entries [267, 268, 269] -> 'There was a lot of language that sounded like anci...'
2025-11-09 23:55:54,645 [DEBUG] Merged segment 160: SRT entries [270, 271] -> 'And so that's when I basically started taking thin...'
2025-11-09 23:55:54,645 [DEBUG] Merged segment 161: SRT entries [272, 273] -> 'And there was another very vivid contact where I w...'
2025-11-09 23:55:54,645 [DEBUG] Merged segment 162: SRT entries [274] -> 'I had fallen asleep one night....'
2025-11-09 23:55:54,645 [DEBUG] Merged segment 163: SRT entries [275] -> 'And a Draconis being came....'
2025-11-09 23:55:54,645 [DEBUG] Merged segment 164: SRT entries [276] -> 'And he looked like a giant bat....'
2025-11-09 23:55:54,645 [DEBUG] Merged segment 165: SRT entries [277] -> 'It was so intense....'
2025-11-09 23:55:54,645 [DEBUG] Merged segment 166: SRT entries [278] -> 'He had the wings....'
2025-11-09 23:55:54,645 [DEBUG] Merged segment 167: SRT entries [279] -> 'It was dark....'
2025-11-09 23:55:54,645 [DEBUG] Merged segment 168: SRT entries [280, 281] -> 'And I had-- it felt like a lower dimensional being...'
2025-11-09 23:55:54,645 [DEBUG] Merged segment 169: SRT entries [282] -> 'I couldn't get a glimpse of what it looked like....'
2025-11-09 23:55:54,645 [DEBUG] Merged segment 170: SRT entries [283] -> 'But it was cursing me out....'
2025-11-09 23:55:54,645 [DEBUG] Merged segment 171: SRT entries [284, 285] -> 'And the Draconis was like, basically, surrender to...'
2025-11-09 23:55:54,645 [DEBUG] Merged segment 172: SRT entries [286, 287] -> 'Let go of the old ideas, because at the time I was...'
2025-11-09 23:55:54,645 [DEBUG] Merged segment 173: SRT entries [288, 289, 290] -> 'But he did it in such a-- I don't want to say dark...'
2025-11-09 23:55:54,645 [DEBUG] Merged segment 174: SRT entries [291] -> 'But it was dark energy....'
2025-11-09 23:55:54,645 [DEBUG] Merged segment 175: SRT entries [292, 293, 294, 295] -> 'It was just a very intense-- I mean, he was basica...'
2025-11-09 23:55:54,645 [DEBUG] Merged segment 176: SRT entries [296] -> 'This was the bat being?...'
2025-11-09 23:55:54,645 [DEBUG] Merged segment 177: SRT entries [297] -> 'The bat?...'
2025-11-09 23:55:54,645 [DEBUG] Merged segment 178: SRT entries [298] -> 'Yeah....'
2025-11-09 23:55:54,645 [DEBUG] Merged segment 179: SRT entries [299, 300] -> 'But you said there was another lower being at the ...'
2025-11-09 23:55:54,645 [DEBUG] Merged segment 180: SRT entries [301] -> 'Mm-hmm....'
2025-11-09 23:55:54,645 [DEBUG] Merged segment 181: SRT entries [302] -> 'And he was yelling at you as well?...'
2025-11-09 23:55:54,645 [DEBUG] Merged segment 182: SRT entries [303] -> 'No....'
2025-11-09 23:55:54,645 [DEBUG] Merged segment 183: SRT entries [304, 305, 306] -> 'The bat being-- I actually woke up and was like, w...'
2025-11-09 23:55:54,645 [DEBUG] Merged segment 184: SRT entries [307, 308] -> 'Because it felt so-- or not in my room, but next t...'
2025-11-09 23:55:54,645 [DEBUG] Merged segment 185: SRT entries [309] -> 'Right....'
2025-11-09 23:55:54,645 [DEBUG] Merged segment 186: SRT entries [310, 311] -> 'But then the lower dimensional being was the one t...'
2025-11-09 23:55:54,645 [DEBUG] Merged segment 187: SRT entries [312] -> 'The other one--...'
2025-11-09 23:55:54,645 [DEBUG] Merged segment 188: SRT entries [313] -> 'So the other one was just there....'
2025-11-09 23:55:54,645 [DEBUG] Merged segment 189: SRT entries [314, 315] -> 'He was there, and he basically communicated in a v...'
2025-11-09 23:55:54,645 [DEBUG] Merged segment 190: SRT entries [316] -> 'But it was a very powerful way....'
2025-11-09 23:55:54,645 [DEBUG] Merged segment 191: SRT entries [317] -> 'Like, to the point where you'd want to listen....'
2025-11-09 23:55:54,645 [DEBUG] Merged segment 192: SRT entries [318] -> 'But everything just felt very intense....'
2025-11-09 23:55:54,645 [DEBUG] Merged segment 193: SRT entries [319] -> 'Have you made sense of that since?...'
2025-11-09 23:55:54,645 [DEBUG] Merged segment 194: SRT entries [320, 321] -> 'Why the two beings-- two different beings, and at ...'
2025-11-09 23:55:54,645 [DEBUG] Merged segment 195: SRT entries [322] -> 'One is doing the-- you know....'
2025-11-09 23:55:54,645 [DEBUG] Merged segment 196: SRT entries [323, 324] -> 'Basically, from what I understand-- I don't know i...'
2025-11-09 23:55:54,645 [DEBUG] Merged segment 197: SRT entries [325, 326, 327] -> 'But because my vibration had to rise so much to co...'
2025-11-09 23:55:54,645 [DEBUG] Merged segment 198: SRT entries [328] -> 'There was no third dimension, where I was at....'
2025-11-09 23:55:54,645 [DEBUG] Merged segment 199: SRT entries [329] -> 'I had to slip through the fourth dimension....'
2025-11-09 23:55:54,645 [DEBUG] Merged segment 200: SRT entries [330, 331, 332, 333] -> 'And so I was able to interact with fourth-dimensio...'
2025-11-09 23:55:54,645 [DEBUG] Merged segment 201: SRT entries [334, 335] -> 'So when you open yourself up as a channel, then it...'
2025-11-09 23:55:54,645 [DEBUG] Merged segment 202: SRT entries [336] -> 'Everybody's trying to get to you in a way....'
2025-11-09 23:55:54,645 [DEBUG] Merged segment 203: SRT entries [337] -> 'Yeah....'
2025-11-09 23:55:54,645 [DEBUG] Merged segment 204: SRT entries [338, 339] -> 'To communicate through, or to-- what do you think ...'
2025-11-09 23:55:54,645 [DEBUG] Merged segment 205: SRT entries [340, 341] -> 'I don't think they like when there's light being b...'
2025-11-09 23:55:54,645 [DEBUG] Merged segment 206: SRT entries [342, 343] -> 'I feel like there's a lot of emotions that they ca...'
2025-11-09 23:55:54,645 [DEBUG] Merged segment 207: SRT entries [344] -> 'Low density....'
2025-11-09 23:55:54,645 [DEBUG] Merged segment 208: SRT entries [345, 346, 347] -> 'And during the time when I was starting channeling...'
2025-11-09 23:55:54,646 [DEBUG] Merged segment 209: SRT entries [348] -> 'My intention....'
2025-11-09 23:55:54,646 [DEBUG] Merged segment 210: SRT entries [349] -> 'And I got a lot of low dimensions coming in....'
2025-11-09 23:55:54,646 [DEBUG] Merged segment 211: SRT entries [350] -> 'And I just don't think they like it....'
2025-11-09 23:55:54,646 [DEBUG] Merged segment 212: SRT entries [351, 352] -> 'I don't think they like you shedding light and lov...'
2025-11-09 23:55:54,646 [DEBUG] Merged segment 213: SRT entries [353, 354] -> 'And I guess if you are going to, and they can see ...'
2025-11-09 23:55:54,646 [DEBUG] Merged segment 214: SRT entries [355] -> 'Or use you as the conduit for their energy instead...'
2025-11-09 23:55:54,646 [DEBUG] Merged segment 215: SRT entries [356] -> 'Yeah....'
2025-11-09 23:55:54,646 [DEBUG] Merged segment 216: SRT entries [357, 358, 359] -> 'So having both channelings of-- I try to guide mor...'
2025-11-09 23:55:54,646 [DEBUG] Merged segment 217: SRT entries [360, 361] -> 'But I guess in the same sense you can have people ...'
2025-11-09 23:55:54,646 [DEBUG] Merged segment 218: SRT entries [362] -> 'Negative energy and disempowering information....'
2025-11-09 23:55:54,646 [DEBUG] Merged segment 219: SRT entries [363] -> 'Well, and it's kind of like where our world is at ...'
2025-11-09 23:55:54,646 [DEBUG] Merged segment 220: SRT entries [364] -> 'There's a lot of powerful people that know ancient...'
2025-11-09 23:55:54,646 [DEBUG] Merged segment 221: SRT entries [365] -> 'They know about those things....'
2025-11-09 23:55:54,646 [DEBUG] Merged segment 222: SRT entries [366] -> 'And instead of using it for good, they've used it ...'
2025-11-09 23:55:54,646 [DEBUG] Merged segment 223: SRT entries [367, 368, 369] -> 'So it's like if I can tap into that, can they get ...'
2025-11-09 23:55:54,646 [DEBUG] Merged segment 224: SRT entries [370, 371] -> 'Or can we transmute that and use it for collective...'
2025-11-09 23:55:54,646 [DEBUG] Merged segment 225: SRT entries [372] -> 'Right, right....'
2025-11-09 23:55:54,646 [DEBUG] Merged segment 226: SRT entries [373] -> 'When did you go public with all of this?...'
2025-11-09 23:55:54,646 [DEBUG] Merged segment 227: SRT entries [374] -> 'When did you decide to share this gift?...'
2025-11-09 23:55:54,646 [DEBUG] Merged segment 228: SRT entries [375] -> 'Share the gift!...'
2025-11-09 23:55:54,646 [DEBUG] Merged segment 229: SRT entries [376, 377, 378] -> 'So I woke up one morning, and I had this burning s...'
2025-11-09 23:55:54,646 [DEBUG] Merged segment 230: SRT entries [379] -> 'And it was just something that I just knew I had t...'
2025-11-09 23:55:54,646 [DEBUG] Merged segment 231: SRT entries [380] -> 'Was she already coming through?...'
2025-11-09 23:55:54,646 [DEBUG] Merged segment 232: SRT entries [381] -> 'She had been coming through....'
2025-11-09 23:55:54,646 [DEBUG] Merged segment 233: SRT entries [382] -> 'Not quite like I did on the video....'
2025-11-09 23:55:54,646 [DEBUG] Merged segment 234: SRT entries [383] -> 'That was pretty long and intense....'
2025-11-09 23:55:54,646 [DEBUG] Merged segment 235: SRT entries [384] -> 'So....'
2025-11-09 23:55:54,646 [DEBUG] Merged segment 236: SRT entries [385] -> 'I don't think I saw that one....'
2025-11-09 23:55:54,646 [DEBUG] Merged segment 237: SRT entries [386] -> 'Can you just give us a little sneak?...'
2025-11-09 23:55:54,646 [DEBUG] Merged segment 238: SRT entries [387] -> 'It was very emotional....'
2025-11-09 23:55:54,646 [DEBUG] Merged segment 239: SRT entries [388, 389] -> 'It was the first time I ever really did a long per...'
2025-11-09 23:55:54,646 [DEBUG] Merged segment 240: SRT entries [390] -> 'And she basically got into some deep issues....'
2025-11-09 23:55:54,646 [DEBUG] Merged segment 241: SRT entries [391, 392, 393] -> 'And yeah, that's basically how I started on the Yo...'
2025-11-09 23:55:54,646 [DEBUG] Merged segment 242: SRT entries [394] -> 'And that's kind of how it went....'
2025-11-09 23:55:54,646 [DEBUG] Merged segment 243: SRT entries [395] -> 'And what was the reaction when you put that up?...'
2025-11-09 23:55:54,646 [DEBUG] Merged segment 244: SRT entries [396] -> 'How did people respond?...'
2025-11-09 23:55:54,646 [DEBUG] Merged segment 245: SRT entries [397] -> 'Actually, fairly well....'
2025-11-09 23:55:54,646 [DEBUG] Merged segment 246: SRT entries [398] -> 'People really enjoyed it....'
2025-11-09 23:55:54,646 [DEBUG] Merged segment 247: SRT entries [399] -> 'And then that propelled you to keep doing this?...'
2025-11-09 23:55:54,646 [DEBUG] Merged segment 248: SRT entries [400] -> 'Yeah....'
2025-11-09 23:55:54,646 [DEBUG] Merged segment 249: SRT entries [401, 402] -> 'And then I started getting more and more people's ...'
2025-11-09 23:55:54,646 [DEBUG] Merged segment 250: SRT entries [403] -> 'And that's when I decided to do private channeling...'
2025-11-09 23:55:54,646 [DEBUG] Merged segment 251: SRT entries [404] -> 'And so it just kind of took off from there....'
2025-11-09 23:55:54,646 [DEBUG] Merged segment 252: SRT entries [405] -> 'OK....'
2025-11-09 23:55:54,646 [DEBUG] Merged segment 253: SRT entries [406, 407, 408] -> 'Being in Salt Lake and in this energy, what's-- be...'
2025-11-09 23:55:54,646 [DEBUG] Merged segment 254: SRT entries [409, 410, 411] -> 'But beyond your personal grandmother, when you sta...'
2025-11-09 23:55:54,646 [DEBUG] Merged segment 255: SRT entries [412] -> 'So I am not very verbal with all of that now....'
2025-11-09 23:55:54,646 [DEBUG] Merged segment 256: SRT entries [413, 414, 415] -> 'I just feel like if people are ready, Spirit will ...'
2025-11-09 23:55:54,646 [DEBUG] Merged segment 257: SRT entries [416, 417] -> 'I've just had too many just put up walls, and they...'
2025-11-09 23:55:54,646 [DEBUG] Merged segment 258: SRT entries [418, 419, 420, 421] -> 'I do find that women that have their children out ...'
2025-11-09 23:55:54,646 [DEBUG] Merged segment 259: SRT entries [422, 423] -> 'So a lot of my clients that I have had from Salt L...'
2025-11-09 23:55:54,646 [DEBUG] Merged segment 260: SRT entries [424, 425] -> 'When you say children out of the house, like, grow...'
2025-11-09 23:55:54,646 [DEBUG] Merged segment 261: SRT entries [426] -> 'Yeah. >> Is that what you mean?...'
2025-11-09 23:55:54,646 [DEBUG] Merged segment 262: SRT entries [427] -> 'Yeah....'
2025-11-09 23:55:54,646 [DEBUG] Merged segment 263: SRT entries [428] -> 'And they kind of are just like, I've gone to churc...'
2025-11-09 23:55:54,646 [DEBUG] Merged segment 264: SRT entries [429] -> 'Had the same lessons over and over....'
2025-11-09 23:55:54,646 [DEBUG] Merged segment 265: SRT entries [430] -> 'What else is there?...'
2025-11-09 23:55:54,646 [DEBUG] Merged segment 266: SRT entries [431] -> 'The kids are out of the house....'
2025-11-09 23:55:54,646 [DEBUG] Merged segment 267: SRT entries [432, 433] -> 'So they'll start to explore these things, and they...'
2025-11-09 23:55:54,646 [DEBUG] Merged segment 268: SRT entries [434, 435] -> 'And it's the ones that are having their little kid...'
2025-11-09 23:55:54,646 [DEBUG] Merged segment 269: SRT entries [436, 437] -> 'And there's still a little bit unsure what to brin...'
2025-11-09 23:55:54,646 [DEBUG] Merged segment 270: SRT entries [438] -> 'Right, right....'
2025-11-09 23:55:54,646 [DEBUG] Merged segment 271: SRT entries [439] -> 'And probably being conditioned since birth, right?...'
2025-11-09 23:55:54,646 [DEBUG] Merged segment 272: SRT entries [440, 441] -> 'So they're probably still a little scared to go ou...'
2025-11-09 23:55:54,646 [DEBUG] Merged segment 273: SRT entries [442] -> 'Yeah....'
2025-11-09 23:55:54,646 [DEBUG] Merged segment 274: SRT entries [443] -> 'So, well, hopefully that'll be changing....'
2025-11-09 23:55:54,647 [DEBUG] Merged segment 275: SRT entries [444] -> 'It seems like it is....'
2025-11-09 23:55:54,647 [DEBUG] Merged segment 276: SRT entries [445] -> 'Yes, I'm really hoping....'
2025-11-09 23:55:54,647 [DEBUG] Merged segment 277: SRT entries [446] -> 'I've done a little research on the Mormon religion...'
2025-11-09 23:55:54,647 [DEBUG] Merged segment 278: SRT entries [447, 448, 449] -> 'But for those who aren't too familiar, I'm guessin...'
2025-11-09 23:55:54,647 [DEBUG] Merged segment 279: SRT entries [450] -> 'Yeah....'
2025-11-09 23:55:54,647 [DEBUG] Merged segment 280: SRT entries [451] -> 'I mean, it's not just a religion....'
2025-11-09 23:55:54,647 [DEBUG] Merged segment 281: SRT entries [452, 453] -> 'It's like you change your whole life and culture, ...'
2025-11-09 23:55:54,647 [DEBUG] Merged segment 282: SRT entries [454, 455] -> 'You change everything about how you live, your int...'
2025-11-09 23:55:54,647 [DEBUG] Merged segment 283: SRT entries [456] -> 'In what ways could you go into?...'
2025-11-09 23:55:54,647 [DEBUG] Merged segment 284: SRT entries [457] -> 'Well, so you don't drink....'
2025-11-09 23:55:54,647 [DEBUG] Merged segment 285: SRT entries [458, 459] -> 'There are a lot of regulations with-- I guess just...'
2025-11-09 23:55:54,647 [DEBUG] Merged segment 286: SRT entries [460] -> 'Well, not drinking, that could be a positive thing...'
2025-11-09 23:55:54,647 [DEBUG] Merged segment 287: SRT entries [461, 462] -> 'It is a positive thing, yeah, because it can-- it'...'
2025-11-09 23:55:54,647 [DEBUG] Merged segment 288: SRT entries [463] -> 'It's really fun to drink every once in a while....'
2025-11-09 23:55:54,647 [DEBUG] Merged segment 289: SRT entries [464] -> 'But it can bring your vibration to a low state....'
2025-11-09 23:55:54,647 [DEBUG] Merged segment 290: SRT entries [465] -> 'And you can't think very clearly....'
2025-11-09 23:55:54,647 [DEBUG] Merged segment 291: SRT entries [466] -> 'So there's something to that....'
2025-11-09 23:55:54,647 [DEBUG] Merged segment 292: SRT entries [467, 468] -> 'I was recently in Kuwait, and it's illegal-- alcoh...'
2025-11-09 23:55:54,647 [DEBUG] Merged segment 293: SRT entries [469] -> 'Oh, really?...'
2025-11-09 23:55:54,647 [DEBUG] Merged segment 294: SRT entries [470] -> 'Yeah, they don't have it at all....'
2025-11-09 23:55:54,647 [DEBUG] Merged segment 295: SRT entries [471] -> 'So I thought, oh, that's actually good to know....'
2025-11-09 23:55:54,647 [DEBUG] Merged segment 296: SRT entries [472] -> 'There's nothing wrong with that....'
2025-11-09 23:55:54,647 [DEBUG] Merged segment 297: SRT entries [473] -> 'Yeah....'
2025-11-09 23:55:54,647 [DEBUG] Merged segment 298: SRT entries [474, 475] -> 'The thing is, though, I think with kids being told...'
2025-11-09 23:55:54,647 [DEBUG] Merged segment 299: SRT entries [476] -> 'It's a rule....'
2025-11-09 23:55:54,647 [DEBUG] Merged segment 300: SRT entries [477, 478] -> 'Then they get more intrigued, and then they take i...'
2025-11-09 23:55:54,647 [DEBUG] Merged segment 301: SRT entries [479] -> 'Yeah....'
2025-11-09 23:55:54,647 [DEBUG] Merged segment 302: SRT entries [480] -> 'Overcompensation because of the--...'
2025-11-09 23:55:54,647 [DEBUG] Merged segment 303: SRT entries [481] -> 'Yeah....'
2025-11-09 23:55:54,647 [DEBUG] Merged segment 304: SRT entries [482] -> '--suppression....'
2025-11-09 23:55:54,647 [DEBUG] Merged segment 305: SRT entries [483, 484, 485, 486] -> 'I think sexual-- one thing when you said suppressi...'
2025-11-09 23:55:54,647 [DEBUG] Merged segment 306: SRT entries [487] -> 'And just the way that we live....'
2025-11-09 23:55:54,647 [DEBUG] Merged segment 307: SRT entries [488, 489, 490] -> 'And is that-- because I know the multiple wives th...'
2025-11-09 23:55:54,647 [DEBUG] Merged segment 308: SRT entries [491] -> 'So that is a break-off from the Mormon church....'
2025-11-09 23:55:54,647 [DEBUG] Merged segment 309: SRT entries [492, 493] -> 'So we were-- I say we because I've been a part of ...'
2025-11-09 23:55:54,647 [DEBUG] Merged segment 310: SRT entries [494] -> 'But I don't go to the church anymore....'
2025-11-09 23:55:54,647 [DEBUG] Merged segment 311: SRT entries [495] -> 'But the Mormon church was polygamist....'
2025-11-09 23:55:54,647 [DEBUG] Merged segment 312: SRT entries [496] -> 'The government was getting at them....'
2025-11-09 23:55:54,647 [DEBUG] Merged segment 313: SRT entries [497] -> 'And so they said, OK, we're not....'
2025-11-09 23:55:54,647 [DEBUG] Merged segment 314: SRT entries [498] -> 'But another side said, well, we still want to be....'
2025-11-09 23:55:54,647 [DEBUG] Merged segment 315: SRT entries [499] -> 'So they broke off, and they still do....'
2025-11-09 23:55:54,647 [DEBUG] Merged segment 316: SRT entries [500] -> 'And they call the FLDS, or a fundamentalist....'
2025-11-09 23:55:54,647 [DEBUG] Merged segment 317: SRT entries [501] -> 'OK, so there's different divisions within the Morm...'
2025-11-09 23:55:54,647 [DEBUG] Merged segment 318: SRT entries [502] -> 'Yeah....'
2025-11-09 23:55:54,647 [DEBUG] Merged segment 319: SRT entries [503] -> 'See, I didn't even know that....'
2025-11-09 23:55:54,647 [DEBUG] Merged segment 320: SRT entries [504] -> 'OK....'
2025-11-09 23:55:54,647 [DEBUG] Merged segment 321: SRT entries [505] -> 'Yeah....'
2025-11-09 23:55:54,647 [DEBUG] Merged segment 322: SRT entries [506] -> 'And so overall, basically, the polygamy is not so ...'
2025-11-09 23:55:54,647 [DEBUG] Merged segment 323: SRT entries [507] -> 'No, not in the main Mormon church, no....'
2025-11-09 23:55:54,647 [DEBUG] Merged segment 324: SRT entries [508] -> 'Because I've seen some TV shows of--...'
2025-11-09 23:55:54,647 [DEBUG] Merged segment 325: SRT entries [509] -> 'Oh, like--...'
2025-11-09 23:55:54,647 [DEBUG] Merged segment 326: SRT entries [510] -> 'Where they go into the lives of--...'
2025-11-09 23:55:54,647 [DEBUG] Merged segment 327: SRT entries [511] -> '"Sister Wives" and-- yeah....'
2025-11-09 23:55:54,647 [DEBUG] Merged segment 328: SRT entries [512] -> 'Yeah, and just glimpses....'
2025-11-09 23:55:54,647 [DEBUG] Merged segment 329: SRT entries [513] -> 'And I'm like, oh, that's interesting....'
2025-11-09 23:55:54,647 [DEBUG] Merged segment 330: SRT entries [514] -> 'Well, they believe pretty much a lot of the same s...'
2025-11-09 23:55:54,647 [DEBUG] Merged segment 331: SRT entries [515, 516, 517] -> 'It's just the polygamy that's been altered that we...'
2025-11-09 23:55:54,647 [DEBUG] Merged segment 332: SRT entries [518] -> 'I see....'
2025-11-09 23:55:54,647 [DEBUG] Merged segment 333: SRT entries [519, 520, 521] -> 'So getting back to the ET stuff, you mentioned cha...'
2025-11-09 23:55:54,647 [DEBUG] Merged segment 334: SRT entries [522, 523] -> 'Well, I guess it would be more of like a contact e...'
2025-11-09 23:55:54,647 [DEBUG] Merged segment 335: SRT entries [524] -> 'They came to me and just talked to me....'
2025-11-09 23:55:54,647 [DEBUG] Merged segment 336: SRT entries [525, 526] -> 'And my vibration had to be raised so much that I d...'
2025-11-09 23:55:54,647 [DEBUG] Merged segment 337: SRT entries [527] -> 'I was basically thrown down-- not thrown down by t...'
2025-11-09 23:55:54,647 [DEBUG] Merged segment 338: SRT entries [528, 529] -> 'But my energy felt so transitioned that I laid dow...'
2025-11-09 23:55:54,647 [DEBUG] Merged segment 339: SRT entries [530] -> 'And then they came over me....'
2025-11-09 23:55:54,647 [DEBUG] Merged segment 340: SRT entries [531] -> 'And it just took a while for me to even gain my en...'
2025-11-09 23:55:54,647 [DEBUG] Merged segment 341: SRT entries [532, 533] -> 'Because I've been exploring my own personal connec...'
2025-11-09 23:55:54,647 [DEBUG] Merged segment 342: SRT entries [534] -> 'What did you--...'
2025-11-09 23:55:54,648 [DEBUG] Merged segment 343: SRT entries [535] -> 'I felt like I was in a dizzy tunnel....'
2025-11-09 23:55:54,648 [DEBUG] Merged segment 344: SRT entries [536] -> 'Were they coming at the same time?...'
2025-11-09 23:55:54,648 [DEBUG] Merged segment 345: SRT entries [537] -> 'They came at the same time, together....'
2025-11-09 23:55:54,648 [DEBUG] Merged segment 346: SRT entries [538] -> 'They came together, and kind of came toward me and...'
2025-11-09 23:55:54,648 [DEBUG] Merged segment 347: SRT entries [539, 540, 541] -> 'I felt like the Mantis was doing something with my...'
2025-11-09 23:55:54,648 [DEBUG] Merged segment 348: SRT entries [542] -> 'But obviously there were no words....'
2025-11-09 23:55:54,648 [DEBUG] Merged segment 349: SRT entries [543] -> 'The Gray was?...'
2025-11-09 23:55:54,648 [DEBUG] Merged segment 350: SRT entries [544] -> 'Yeah....'
2025-11-09 23:55:54,648 [DEBUG] Merged segment 351: SRT entries [545, 546] -> 'The Gray was speaking, and I could understand it, ...'
2025-11-09 23:55:54,648 [DEBUG] Merged segment 352: SRT entries [547] -> 'So the Mantis was more of a facilitator....'
2025-11-09 23:55:54,648 [DEBUG] Merged segment 353: SRT entries [548] -> 'Yeah, yeah....'
2025-11-09 23:55:54,648 [DEBUG] Merged segment 354: SRT entries [549] -> 'Just sort of being there....'
2025-11-09 23:55:54,648 [DEBUG] Merged segment 355: SRT entries [550, 551] -> 'It felt like it was doing something with my energy...'
2025-11-09 23:55:54,648 [DEBUG] Merged segment 356: SRT entries [552] -> 'And what did they say?...'
2025-11-09 23:55:54,648 [DEBUG] Merged segment 357: SRT entries [553] -> 'It was--...'
2025-11-09 23:55:54,648 [DEBUG] Merged segment 358: SRT entries [554] -> 'Or what did the Zeta say?...'
2025-11-09 23:55:54,648 [DEBUG] Merged segment 359: SRT entries [555] -> 'OK, so it said, basically, you need to do your pat...'
2025-11-09 23:55:54,648 [DEBUG] Merged segment 360: SRT entries [556] -> 'You've been chosen for this....'
2025-11-09 23:55:54,648 [DEBUG] Merged segment 361: SRT entries [557, 558, 559] -> 'And then they said all this stuff in, like, Egypti...'
2025-11-09 23:55:54,648 [DEBUG] Merged segment 362: SRT entries [560] -> 'But I just didn't--...'
2025-11-09 23:55:54,648 [DEBUG] Merged segment 363: SRT entries [561] -> 'Well, what did it feel like?...'
2025-11-09 23:55:54,648 [DEBUG] Merged segment 364: SRT entries [562, 563] -> 'It felt like ancient information that you need to ...'
2025-11-09 23:55:54,648 [DEBUG] Merged segment 365: SRT entries [564] -> 'Do you have an idea of what that is?...'
2025-11-09 23:55:54,648 [DEBUG] Merged segment 366: SRT entries [565] -> 'Yeah....'
2025-11-09 23:55:54,648 [DEBUG] Merged segment 367: SRT entries [566, 567] -> 'So since then, I've done meditations and clarified...'
2025-11-09 23:55:54,648 [DEBUG] Merged segment 368: SRT entries [568] -> 'Which is-- what are those messages, generally?...'
2025-11-09 23:55:54,648 [DEBUG] Merged segment 369: SRT entries [569] -> 'So there's a lot....'
2025-11-09 23:55:54,648 [DEBUG] Merged segment 370: SRT entries [570] -> '[CHUCKLES]...'
2025-11-09 23:55:54,648 [DEBUG] Merged segment 371: SRT entries [571] -> 'Just the short version....'
2025-11-09 23:55:54,648 [DEBUG] Merged segment 372: SRT entries [572, 573] -> 'I think the biggest thing for that time period was...'
2025-11-09 23:55:54,648 [DEBUG] Merged segment 373: SRT entries [574] -> 'Already interacting with humanity....'
2025-11-09 23:55:54,648 [DEBUG] Merged segment 374: SRT entries [575] -> 'Yeah....'
2025-11-09 23:55:54,648 [DEBUG] Merged segment 375: SRT entries [576, 577, 578, 579] -> 'And when I go back into my meditations, they show ...'
2025-11-09 23:55:54,648 [DEBUG] Merged segment 376: SRT entries [580, 581, 582] -> 'And somewhere along the lines, most particularly p...'
2025-11-09 23:55:54,648 [DEBUG] Merged segment 377: SRT entries [583, 584] -> 'And they sort of faded in the background-- with co...'
2025-11-09 23:55:54,648 [DEBUG] Merged segment 378: SRT entries [585] -> 'And because of that, we have become unconscious....'
2025-11-09 23:55:54,648 [DEBUG] Merged segment 379: SRT entries [586] -> 'And so that's where all the transitions have happe...'
2025-11-09 23:55:54,648 [DEBUG] Merged segment 380: SRT entries [587, 588] -> 'And so they just basically want to reintroduce the...'
2025-11-09 23:55:54,648 [DEBUG] Merged segment 381: SRT entries [589, 590, 591, 592] -> 'But the fact that-- they kind of say that the cycl...'
2025-11-09 23:55:54,648 [DEBUG] Merged segment 382: SRT entries [593] -> 'And so we stayed in three dimension for a while....'
2025-11-09 23:55:54,648 [DEBUG] Merged segment 383: SRT entries [594] -> 'Right....'
2025-11-09 23:55:54,648 [DEBUG] Merged segment 384: SRT entries [595] -> 'Are you familiar with the density terms?...'
2025-11-09 23:55:54,648 [DEBUG] Merged segment 385: SRT entries [596] -> 'Density levels correlating with chakras?...'
2025-11-09 23:55:54,648 [DEBUG] Merged segment 386: SRT entries [597] -> 'Yeah....'
2025-11-09 23:55:54,648 [DEBUG] Merged segment 387: SRT entries [598, 599] -> 'So isn't it the lower is your third, and then it g...'
2025-11-09 23:55:54,648 [DEBUG] Merged segment 388: SRT entries [600, 601] -> 'Or density dimensions-- this is sort of creating a...'
2025-11-09 23:55:54,648 [DEBUG] Merged segment 389: SRT entries [602, 603, 604, 605, 606, 607, 608] -> 'And I like to use the dimensional-- when I use the...'
2025-11-09 23:55:54,648 [DEBUG] Merged segment 390: SRT entries [609, 610] -> 'And then fifth dimensional concepts and ideas woul...'
2025-11-09 23:55:54,648 [DEBUG] Merged segment 391: SRT entries [611, 612] -> 'So from A to B, no longer going in that linear sen...'
2025-11-09 23:55:54,648 [DEBUG] Merged segment 392: SRT entries [613, 614] -> 'And that gives a fifth-dimensional perspective on ...'
2025-11-09 23:55:54,648 [DEBUG] Merged segment 393: SRT entries [615, 616, 617, 618] -> 'Where I've noticed with some of the other intervie...'
2025-11-09 23:55:54,648 [DEBUG] Merged segment 394: SRT entries [619, 620] -> 'And we're sort of-- they say we're moving from thi...'
2025-11-09 23:55:54,648 [DEBUG] Merged segment 395: SRT entries [621, 622] -> 'And I notice these terms kind of get confusing som...'
2025-11-09 23:55:54,648 [DEBUG] Merged segment 396: SRT entries [623, 624] -> 'So would you say more of the third density, the he...'
2025-11-09 23:55:54,648 [DEBUG] Merged segment 397: SRT entries [625] -> 'Yeah....'
2025-11-09 23:55:54,648 [DEBUG] Merged segment 398: SRT entries [626] -> 'And then we're moving into fourth density?...'
2025-11-09 23:55:54,648 [DEBUG] Merged segment 399: SRT entries [627] -> 'Yeah....'
2025-11-09 23:55:54,648 [DEBUG] Merged segment 400: SRT entries [628, 629] -> 'So what I understand with that is we were a fourth...'
2025-11-09 23:55:54,648 [DEBUG] Merged segment 401: SRT entries [630, 631, 632, 633] -> 'And then I guess it was the way that the cycles of...'
2025-11-09 23:55:54,648 [DEBUG] Merged segment 402: SRT entries [634] -> 'And we went down into density....'
2025-11-09 23:55:54,648 [DEBUG] Merged segment 403: SRT entries [635] -> 'And some of us have stayed here for a while....'
2025-11-09 23:55:54,648 [DEBUG] Merged segment 404: SRT entries [636, 637] -> 'And now that the earth has done its cycle rotation...'
2025-11-09 23:55:54,648 [DEBUG] Merged segment 405: SRT entries [638] -> 'Right....'
2025-11-09 23:55:54,648 [DEBUG] Merged segment 406: SRT entries [639] -> 'Does that seem like it--...'
2025-11-09 23:55:54,648 [DEBUG] Merged segment 407: SRT entries [640] -> 'Matches right with everything, yes....'
2025-11-09 23:55:54,648 [DEBUG] Merged segment 408: SRT entries [641] -> 'Totally....'
2025-11-09 23:55:54,648 [DEBUG] Merged segment 409: SRT entries [642, 643] -> 'So the planet itself is it's own higher dimensiona...'
2025-11-09 23:55:54,649 [DEBUG] Merged segment 410: SRT entries [644, 645] -> 'And we as densities-- beings-- on it have to evolv...'
2025-11-09 23:55:54,649 [DEBUG] Merged segment 411: SRT entries [646] -> 'Yeah, yeah....'
2025-11-09 23:55:54,649 [DEBUG] Merged segment 412: SRT entries [647] -> 'That's the perfect way, because people get upset....'
2025-11-09 23:55:54,649 [DEBUG] Merged segment 413: SRT entries [648, 649] -> 'Like, how could the beings come and do that to our...'
2025-11-09 23:55:54,649 [DEBUG] Merged segment 414: SRT entries [650] -> 'But it's like, we're all doing this together....'
2025-11-09 23:55:54,649 [DEBUG] Merged segment 415: SRT entries [651, 652] -> 'And in a sense, in almost every single one of my c...'
2025-11-09 23:55:54,649 [DEBUG] Merged segment 416: SRT entries [653] -> 'We let the fear overcome us....'
2025-11-09 23:55:54,649 [DEBUG] Merged segment 417: SRT entries [654] -> 'We let that maintain our consciousness....'
2025-11-09 23:55:54,649 [DEBUG] Merged segment 418: SRT entries [655, 656] -> 'And we just didn't break out of it in time, I gues...'
2025-11-09 23:55:54,649 [DEBUG] Merged segment 419: SRT entries [657] -> 'And we stayed with it for a while....'
2025-11-09 23:55:54,649 [DEBUG] Merged segment 420: SRT entries [658, 659] -> 'Yeah, I was hoping later today, in the channeling,...'
2025-11-09 23:55:54,649 [DEBUG] Merged segment 421: SRT entries [660] -> 'Fall of Atlantis, and these cycles, and stuff like...'
2025-11-09 23:55:54,649 [DEBUG] Merged segment 422: SRT entries [661] -> 'And the human evolution....'
2025-11-09 23:55:54,649 [DEBUG] Merged segment 423: SRT entries [662] -> 'Mm-hmm....'
2025-11-09 23:55:54,649 [DEBUG] Merged segment 424: SRT entries [663] -> 'I think that was going to be the main focus....'
2025-11-09 23:55:54,649 [DEBUG] Merged segment 425: SRT entries [664] -> 'That's good....'
2025-11-09 23:55:54,649 [DEBUG] Merged segment 426: SRT entries [665, 666] -> 'Sounds like you've gotten a lot of information on ...'
2025-11-09 23:55:54,649 [DEBUG] Merged segment 427: SRT entries [667, 668, 669] -> 'I think that's the biggest scope of my path as a c...'
2025-11-09 23:55:54,649 [DEBUG] Merged segment 428: SRT entries [670, 671, 672] -> 'And I feel like right now that's what they want me...'
2025-11-09 23:55:54,649 [DEBUG] Merged segment 429: SRT entries [673] -> 'Yeah....'
2025-11-09 23:55:54,649 [DEBUG] Merged segment 430: SRT entries [674] -> 'And we can always learn from our past....'
2025-11-09 23:55:54,649 [DEBUG] Merged segment 431: SRT entries [675] -> 'Even though we're recreating it in the moment now....'
2025-11-09 23:55:54,649 [DEBUG] Merged segment 432: SRT entries [676] -> 'I know, I know....'
2025-11-09 23:55:54,649 [DEBUG] Merged segment 433: SRT entries [677] -> 'Awesome....'
2025-11-09 23:55:54,649 [DEBUG] Merged segment 434: SRT entries [678] -> 'So you've connected with all these different being...'
2025-11-09 23:55:54,649 [DEBUG] Merged segment 435: SRT entries [679] -> 'Do you have one being that you normally connect wi...'
2025-11-09 23:55:54,649 [DEBUG] Merged segment 436: SRT entries [680] -> 'Or is it just always random?...'
2025-11-09 23:55:54,649 [DEBUG] Merged segment 437: SRT entries [681, 682] -> 'A lot of times it is like the Council of Light, if...'
2025-11-09 23:55:54,649 [DEBUG] Merged segment 438: SRT entries [683] -> 'If there's something to do with healing....'
2025-11-09 23:55:54,649 [DEBUG] Merged segment 439: SRT entries [684] -> 'It's just depending on the question and things lik...'
2025-11-09 23:55:54,649 [DEBUG] Merged segment 440: SRT entries [685] -> 'If it's something with origins....'
2025-11-09 23:55:54,649 [DEBUG] Merged segment 441: SRT entries [686, 687] -> 'And they call themselves-- is it a collective, the...'
2025-11-09 23:55:54,649 [DEBUG] Merged segment 442: SRT entries [688] -> 'Yeah....'
2025-11-09 23:55:54,649 [DEBUG] Merged segment 443: SRT entries [689, 690] -> 'But they'll visually show me who's stepping forwar...'
2025-11-09 23:55:54,649 [DEBUG] Merged segment 444: SRT entries [691] -> 'OK....'
2025-11-09 23:55:54,649 [DEBUG] Merged segment 445: SRT entries [692, 693] -> 'So within the council, one person of the council w...'
2025-11-09 23:55:54,649 [DEBUG] Merged segment 446: SRT entries [694] -> 'Yeah....'
2025-11-09 23:55:54,649 [DEBUG] Merged segment 447: SRT entries [695] -> 'OK, cool....'
2025-11-09 23:55:54,649 [DEBUG] Merged segment 448: SRT entries [696, 697, 698, 699] -> 'Especially if that individual, if they know that i...'
2025-11-09 23:55:54,649 [DEBUG] Merged segment 449: SRT entries [700] -> 'Maybe more than somebody else or whatever....'
2025-11-09 23:55:54,649 [DEBUG] Merged segment 450: SRT entries [701] -> 'Interesting....'
2025-11-09 23:55:54,649 [DEBUG] Merged segment 451: SRT entries [702, 703] -> 'But I do feel like, as far as the origins in human...'
2025-11-09 23:55:54,649 [DEBUG] Merged segment 452: SRT entries [704] -> 'Reptilian type stuff....'
2025-11-09 23:55:54,649 [DEBUG] Merged segment 453: SRT entries [705] -> 'OK....'
2025-11-09 23:55:54,649 [DEBUG] Merged segment 454: SRT entries [706] -> 'When you say the ET, so the Draconis part of the E...'
2025-11-09 23:55:54,649 [DEBUG] Merged segment 455: SRT entries [707, 708] -> 'Yeah, but also just other ET beings that maybe are...'
2025-11-09 23:55:54,649 [DEBUG] Merged segment 456: SRT entries [709] -> 'They just know about humanity, and how things have...'
2025-11-09 23:55:54,649 [DEBUG] Merged segment 457: SRT entries [710] -> 'Such as Lyran beings or things like that....'
2025-11-09 23:55:54,649 [DEBUG] Merged segment 458: SRT entries [711, 712, 713] -> 'They have a lot of wisdom that came with this time...'
2025-11-09 23:55:54,649 [DEBUG] Merged segment 459: SRT entries [714] -> 'Very cool....'
2025-11-09 23:55:54,649 [DEBUG] Merged segment 460: SRT entries [715] -> 'Do you have a favorite?...'
2025-11-09 23:55:54,649 [DEBUG] Merged segment 461: SRT entries [716] -> 'Well, I like doing the Reptilians and--...'
2025-11-09 23:55:54,649 [DEBUG] Merged segment 462: SRT entries [717] -> 'Yeah?...'
2025-11-09 23:55:54,649 [DEBUG] Merged segment 463: SRT entries [718] -> 'Yeah, their energy is just so direct....'
2025-11-09 23:55:54,649 [DEBUG] Merged segment 464: SRT entries [719] -> 'And I like that....'
2025-11-09 23:55:54,649 [DEBUG] Merged segment 465: SRT entries [720] -> 'I don't like the fluff of everything....'
2025-11-09 23:55:54,649 [DEBUG] Merged segment 466: SRT entries [721] -> 'Let's just get to the reason why we're here, and l...'
2025-11-09 23:55:54,649 [DEBUG] Merged segment 467: SRT entries [722] -> 'And that's how they are....'
2025-11-09 23:55:54,649 [DEBUG] Merged segment 468: SRT entries [723] -> 'Nice, nice....'
2025-11-09 23:55:54,649 [DEBUG] Merged segment 469: SRT entries [724] -> 'Very cool....'
2025-11-09 23:55:54,649 [DEBUG] Merged segment 470: SRT entries [725] -> 'Do you think maybe later we can talk to some Repti...'
2025-11-09 23:55:54,649 [DEBUG] Merged segment 471: SRT entries [726] -> 'Let's see if they come through....'
2025-11-09 23:55:54,649 [DEBUG] Merged segment 472: SRT entries [727] -> 'Yeah....'
2025-11-09 23:55:54,649 [DEBUG] Merged segment 473: SRT entries [728] -> 'That'd be cool....'
2025-11-09 23:55:54,649 [DEBUG] Merged segment 474: SRT entries [729, 730, 731] -> 'Yeah, my process over this, doing this series, has...'
2025-11-09 23:55:54,649 [DEBUG] Merged segment 475: SRT entries [732, 733] -> 'And the Reptilians-- we had one super happy-go-luc...'
2025-11-09 23:55:54,649 [DEBUG] Merged segment 476: SRT entries [734, 735, 736, 737] -> 'But other than that, I really haven't tapped into ...'
2025-11-09 23:55:54,650 [DEBUG] Merged segment 477: SRT entries [738] -> 'But I think that would be nice, to introduce--...'
2025-11-09 23:55:54,650 [DEBUG] Merged segment 478: SRT entries [739] -> 'So have you seen any?...'
2025-11-09 23:55:54,650 [DEBUG] Merged segment 479: SRT entries [740] -> 'Like, in your meditations?...'
2025-11-09 23:55:54,650 [DEBUG] Merged segment 480: SRT entries [741] -> 'Reptilians?...'
2025-11-09 23:55:54,650 [DEBUG] Merged segment 481: SRT entries [742] -> 'Mm-hmm....'
2025-11-09 23:55:54,650 [DEBUG] Merged segment 482: SRT entries [743] -> 'No, actually....'
2025-11-09 23:55:54,650 [DEBUG] Merged segment 483: SRT entries [744] -> 'Well, I-- kind of....'
2025-11-09 23:55:54,650 [DEBUG] Merged segment 484: SRT entries [745, 746, 747] -> 'But not in a communicative sense, where they're cr...'
2025-11-09 23:55:54,650 [DEBUG] Merged segment 485: SRT entries [748] -> 'Just images and feelings....'
2025-11-09 23:55:54,650 [DEBUG] Merged segment 486: SRT entries [749] -> 'They just kind of flew by your line of vision....'
2025-11-09 23:55:54,650 [DEBUG] Merged segment 487: SRT entries [750] -> 'Yeah, sort of Reptilians....'
2025-11-09 23:55:54,650 [DEBUG] Merged segment 488: SRT entries [751] -> 'And I sort of got one one time during a meditation...'
2025-11-09 23:55:54,650 [DEBUG] Merged segment 489: SRT entries [752, 753] -> 'I saw this really nasty, dark-- claws and teeth an...'
2025-11-09 23:55:54,650 [DEBUG] Merged segment 490: SRT entries [754, 755] -> 'And then for a second, for a split second, I was r...'
2025-11-09 23:55:54,650 [DEBUG] Merged segment 491: SRT entries [756] -> 'But then immediately I was like, well, no, that's ...'
2025-11-09 23:55:54,650 [DEBUG] Merged segment 492: SRT entries [757, 758] -> 'Look at how cool that is, looking at it from the l...'
2025-11-09 23:55:54,650 [DEBUG] Merged segment 493: SRT entries [759, 760] -> 'Like a "Jurassic Park" or something like-- kids lo...'
2025-11-09 23:55:54,650 [DEBUG] Merged segment 494: SRT entries [761] -> 'It's a cool factor....'
2025-11-09 23:55:54,650 [DEBUG] Merged segment 495: SRT entries [762, 763] -> 'And as soon as I did that, it shifted, and it turn...'
2025-11-09 23:55:54,650 [DEBUG] Merged segment 496: SRT entries [764] -> 'Oh, really?...'
2025-11-09 23:55:54,650 [DEBUG] Merged segment 497: SRT entries [765] -> 'And it was kind of like Shrek....'
2025-11-09 23:55:54,650 [DEBUG] Merged segment 498: SRT entries [766] -> 'Oh....'
2025-11-09 23:55:54,650 [DEBUG] Merged segment 499: SRT entries [767, 768] -> 'You know how he tries to be the mean giant in fron...'
2025-11-09 23:55:54,650 [DEBUG] Merged segment 500: SRT entries [769] -> 'That's funny....'
2025-11-09 23:55:54,650 [DEBUG] Merged segment 501: SRT entries [770] -> 'That was the analogy....'
2025-11-09 23:55:54,650 [DEBUG] Merged segment 502: SRT entries [771, 772] -> 'I was like, it's just about your perspective and h...'
2025-11-09 23:55:54,650 [DEBUG] Merged segment 503: SRT entries [773] -> 'Which creates them, right?...'
2025-11-09 23:55:54,650 [DEBUG] Merged segment 504: SRT entries [774, 775] -> 'So in reality, it was just a lovable cartoon puffy...'
2025-11-09 23:55:54,650 [DEBUG] Merged segment 505: SRT entries [776, 777, 778, 779] -> 'That is what I've heard that you can transmute wha...'
2025-11-09 23:55:54,650 [DEBUG] Merged segment 506: SRT entries [780] -> 'Yeah....'
2025-11-09 23:55:54,650 [DEBUG] Merged segment 507: SRT entries [781, 782, 783, 784] -> 'So that was-- and I think that was the lesson, tha...'
2025-11-09 23:55:54,650 [DEBUG] Merged segment 508: SRT entries [785] -> 'It's just you guys are so used to perception....'
2025-11-09 23:55:54,650 [DEBUG] Merged segment 509: SRT entries [786] -> 'You're so trained, oh, this is bad, this is good....'
2025-11-09 23:55:54,650 [DEBUG] Merged segment 510: SRT entries [787, 788] -> 'So if you let go of all that, there's actually som...'
2025-11-09 23:55:54,650 [DEBUG] Merged segment 511: SRT entries [789] -> 'And even lovable and happy and good with the Repti...'
2025-11-09 23:55:54,650 [DEBUG] Merged segment 512: SRT entries [790, 791] -> 'But conditioning-- even in the New Age community, ...'
2025-11-09 23:55:54,650 [DEBUG] Merged segment 513: SRT entries [792, 793, 794] -> 'They've sort of had, you know, stay away from the ...'
2025-11-09 23:55:54,650 [DEBUG] Merged segment 514: SRT entries [795, 796] -> 'Of course, that faction and those-- they do exist....'
2025-11-09 23:55:54,650 [DEBUG] Merged segment 515: SRT entries [797, 798] -> 'But for us to-- I think it's time for us to embrac...'
2025-11-09 23:55:54,650 [DEBUG] Merged segment 516: SRT entries [799] -> 'Because we all have Reptilian in us....'
2025-11-09 23:55:54,650 [DEBUG] Merged segment 517: SRT entries [800] -> 'Yeah....'
2025-11-09 23:55:54,650 [DEBUG] Merged segment 518: SRT entries [801] -> 'Well, as far as I know, there are the ancient Rept...'
2025-11-09 23:55:54,650 [DEBUG] Merged segment 519: SRT entries [802, 803] -> 'And then, like I said, there's more the lower dime...'
2025-11-09 23:55:54,650 [DEBUG] Merged segment 520: SRT entries [804] -> 'And they don't want to evolve right now....'
2025-11-09 23:55:54,650 [DEBUG] Merged segment 521: SRT entries [805] -> 'And those are the ones that are kind of like, OK....'
2025-11-09 23:55:54,650 [DEBUG] Merged segment 522: SRT entries [806, 807] -> 'But the other ones, they're very wise, and they ha...'
2025-11-09 23:55:54,650 [DEBUG] Merged segment 523: SRT entries [808] -> 'That dragon's been around a long time....'
2025-11-09 23:55:54,650 [DEBUG] Merged segment 524: SRT entries [809] -> 'Yes, he has....'
2025-11-09 23:55:54,650 [DEBUG] Merged segment 525: SRT entries [810] -> 'And there's a reason....'
2025-11-09 23:55:54,650 [DEBUG] Merged segment 526: SRT entries [811] -> 'It's funny....'
2025-11-09 23:55:54,650 [DEBUG] Merged segment 527: SRT entries [812] -> 'I actually had-- and I was in an ayahuasca journey...'
2025-11-09 23:55:54,650 [DEBUG] Merged segment 528: SRT entries [813, 814] -> 'And this was right-- literally days after the elec...'
2025-11-09 23:55:54,650 [DEBUG] Merged segment 529: SRT entries [815] -> 'And I saw Trump as this wise dragon, flying around...'
2025-11-09 23:55:54,650 [DEBUG] Merged segment 530: SRT entries [816, 817] -> 'And it was something-- because there's so much fea...'
2025-11-09 23:55:54,650 [DEBUG] Merged segment 531: SRT entries [818, 819, 820] -> 'And there was other people in the ceremony that th...'
2025-11-09 23:55:54,650 [DEBUG] Merged segment 532: SRT entries [821] -> 'I saw the energy of what Trump is here....'
2025-11-09 23:55:54,650 [DEBUG] Merged segment 533: SRT entries [822, 823] -> 'I'm not-- whoever's watching this, I'm not a big T...'
2025-11-09 23:55:54,650 [DEBUG] Merged segment 534: SRT entries [824] -> 'I'm not saying that's--...'
2025-11-09 23:55:54,650 [DEBUG] Merged segment 535: SRT entries [825] -> 'It was just maybe what you needed to see....'
2025-11-09 23:55:54,650 [DEBUG] Merged segment 536: SRT entries [826, 827] -> 'It's just what I need to see to say, hey, let's no...'
2025-11-09 23:55:54,650 [DEBUG] Merged segment 537: SRT entries [828] -> 'Instead, maybe there is some wisdom behind it....'
2025-11-09 23:55:54,650 [DEBUG] Merged segment 538: SRT entries [829] -> 'Not saying that he's conscious of any kind of wisd...'
2025-11-09 23:55:54,650 [DEBUG] Merged segment 539: SRT entries [830, 831, 832, 833, 834] -> 'But there should be-- whatever energy is coming th...'
2025-11-09 23:55:54,650 [DEBUG] Merged segment 540: SRT entries [835] -> 'It's all here to serve....'
2025-11-09 23:55:54,650 [DEBUG] Merged segment 541: SRT entries [836] -> 'Otherwise it wouldn't be happening....'
2025-11-09 23:55:54,650 [DEBUG] Merged segment 542: SRT entries [837] -> 'Yeah....'
2025-11-09 23:55:54,650 [DEBUG] Merged segment 543: SRT entries [838] -> 'I like that....'
2025-11-09 23:55:54,650 [DEBUG] Merged segment 544: SRT entries [839] -> 'Well, actually, I wanted to ask you....'
2025-11-09 23:55:54,651 [DEBUG] Merged segment 545: SRT entries [840, 841] -> 'So your process, I've noticed, online, from the vi...'
2025-11-09 23:55:54,651 [DEBUG] Merged segment 546: SRT entries [842, 843] -> 'It's sort of a little bit different than your trad...'
2025-11-09 23:55:54,651 [DEBUG] Merged segment 547: SRT entries [844] -> 'It's almost like you're translating in real time....'
2025-11-09 23:55:54,651 [DEBUG] Merged segment 548: SRT entries [845] -> 'And sometimes I've seen you go full talking as the...'
2025-11-09 23:55:54,651 [DEBUG] Merged segment 549: SRT entries [846] -> 'Yeah....'
2025-11-09 23:55:54,651 [DEBUG] Merged segment 550: SRT entries [847, 848] -> 'I think most people who are familiar with this sho...'
2025-11-09 23:55:54,651 [DEBUG] Merged segment 551: SRT entries [849] -> 'And I'm sort of having a conversation with that be...'
2025-11-09 23:55:54,651 [DEBUG] Merged segment 552: SRT entries [850] -> 'How does it work for you?...'
2025-11-09 23:55:54,651 [DEBUG] Merged segment 553: SRT entries [851, 852] -> 'So initially I did let myself completely go into m...'
2025-11-09 23:55:54,651 [DEBUG] Merged segment 554: SRT entries [853, 854, 855] -> 'I have trained myself to hold back a little bit to...'
2025-11-09 23:55:54,651 [DEBUG] Merged segment 555: SRT entries [856] -> 'OK....'
2025-11-09 23:55:54,652 [DEBUG] Merged segment 556: SRT entries [857, 858, 859, 860, 861, 862] -> 'Just because I feel like there are some informatio...'
2025-11-09 23:55:54,652 [DEBUG] Merged segment 557: SRT entries [863] -> 'But it just depends on what is needed....'
2025-11-09 23:55:54,652 [DEBUG] Merged segment 558: SRT entries [864, 865] -> 'And the deep trance-- I definitely initially got i...'
2025-11-09 23:55:54,652 [DEBUG] Merged segment 559: SRT entries [866, 867] -> 'So when you go into deeper trance, are you still a...'
2025-11-09 23:55:54,652 [DEBUG] Merged segment 560: SRT entries [868, 869] -> 'Yeah, I'm just not able to communicate with you as...'
2025-11-09 23:55:54,652 [DEBUG] Merged segment 561: SRT entries [870] -> 'I'm just totally replaced....'
2025-11-09 23:55:54,652 [DEBUG] Merged segment 562: SRT entries [871, 872] -> 'But the information that's coming through is clear...'
2025-11-09 23:55:54,652 [DEBUG] Merged segment 563: SRT entries [873] -> 'Yeah....'
2025-11-09 23:55:54,652 [DEBUG] Merged segment 564: SRT entries [874, 875] -> 'So that would be good for-- like right now, you an...'
2025-11-09 23:55:54,652 [DEBUG] Merged segment 565: SRT entries [876, 877] -> 'But as far as personal channeling, it's easier for...'
2025-11-09 23:55:54,653 [DEBUG] Merged segment 566: SRT entries [878] -> 'And that's why I've trained myself to kind of like...'
2025-11-09 23:55:54,653 [DEBUG] Merged segment 567: SRT entries [879] -> 'So you can be present to ask the questions....'
2025-11-09 23:55:54,653 [DEBUG] Merged segment 568: SRT entries [880] -> 'Yeah....'
2025-11-09 23:55:54,653 [DEBUG] Merged segment 569: SRT entries [881] -> 'OK....'
2025-11-09 23:55:54,653 [DEBUG] Merged segment 570: SRT entries [882] -> 'Otherwise you don't know what's coming through....'
2025-11-09 23:55:54,653 [DEBUG] Merged segment 571: SRT entries [883] -> 'Yeah....'
2025-11-09 23:55:54,653 [DEBUG] Merged segment 572: SRT entries [884, 885] -> 'So when you're by yourself, it's more of that-- I'...'
2025-11-09 23:55:54,653 [DEBUG] Merged segment 573: SRT entries [886] -> 'Yeah....'
2025-11-09 23:55:54,653 [DEBUG] Merged segment 574: SRT entries [887] -> 'But in this case, would you just go full trance th...'
2025-11-09 23:55:54,653 [DEBUG] Merged segment 575: SRT entries [888, 889] -> 'I think full trance would probably-- maybe even a ...'
2025-11-09 23:55:54,653 [DEBUG] Merged segment 576: SRT entries [890] -> 'But more into trance than a private channeling ses...'
2025-11-09 23:55:54,653 [DEBUG] Merged segment 577: SRT entries [891] -> 'I see....'
2025-11-09 23:55:54,653 [DEBUG] Merged segment 578: SRT entries [892, 893] -> 'Because sometimes the client will stop you and ask...'
2025-11-09 23:55:54,653 [DEBUG] Merged segment 579: SRT entries [894, 895] -> 'And then you have to come back out of it, and then...'
2025-11-09 23:55:54,653 [DEBUG] Merged segment 580: SRT entries [896] -> 'So it's better just to keep a middle ground....'
2025-11-09 23:55:54,653 [DEBUG] Merged segment 581: SRT entries [897] -> 'I see....'
2025-11-09 23:55:54,653 [DEBUG] Merged segment 582: SRT entries [898] -> 'Interesting....'
2025-11-09 23:55:54,653 [DEBUG] Merged segment 583: SRT entries [899, 900] -> 'I noticed one channeling where you were bringing i...'
2025-11-09 23:55:54,653 [DEBUG] Merged segment 584: SRT entries [901, 902] -> 'Or no, it was-- was it a Reptilian?...'
2025-11-09 23:55:54,653 [DEBUG] Merged segment 585: SRT entries [903] -> 'One of these ancient bearded guys....'
2025-11-09 23:55:54,653 [DEBUG] Merged segment 586: SRT entries [904] -> 'Ancient bearded guys?...'
2025-11-09 23:55:54,653 [DEBUG] Merged segment 587: SRT entries [905, 906] -> 'And he was one of these bigger tall beings that li...'
2025-11-09 23:55:54,653 [DEBUG] Merged segment 588: SRT entries [907] -> 'Oh, the red-haired giant....'
2025-11-09 23:55:54,653 [DEBUG] Merged segment 589: SRT entries [908] -> 'The red-haired giants....'
2025-11-09 23:55:54,653 [DEBUG] Merged segment 590: SRT entries [909] -> 'Yeah, that was a weird--...'
2025-11-09 23:55:54,653 [DEBUG] Merged segment 591: SRT entries [910] -> 'Yeah....'
2025-11-09 23:55:54,653 [DEBUG] Merged segment 592: SRT entries [911, 912] -> 'You were saying just physically how it felt. And y...'
2025-11-09 23:55:54,653 [DEBUG] Merged segment 593: SRT entries [913] -> 'It was weird....'
2025-11-09 23:55:54,653 [DEBUG] Merged segment 594: SRT entries [914, 915] -> 'So was it just weird because it wasn't like anythi...'
2025-11-09 23:55:54,653 [DEBUG] Merged segment 595: SRT entries [916] -> 'Yeah....'
2025-11-09 23:55:54,653 [DEBUG] Merged segment 596: SRT entries [917] -> 'That's exactly-- it wasn't like anything I had fel...'
2025-11-09 23:55:54,653 [DEBUG] Merged segment 597: SRT entries [918, 919] -> 'It was like I was talking to somebody that looked ...'
2025-11-09 23:55:54,653 [DEBUG] Merged segment 598: SRT entries [920] -> 'Oh, OK....'
2025-11-09 23:55:54,653 [DEBUG] Merged segment 599: SRT entries [921] -> 'Right, right....'
2025-11-09 23:55:54,653 [DEBUG] Merged segment 600: SRT entries [922] -> 'Yeah....'
2025-11-09 23:55:54,653 [DEBUG] Merged segment 601: SRT entries [923] -> 'Animalistic energy....'
2025-11-09 23:55:54,653 [DEBUG] Merged segment 602: SRT entries [924] -> 'Yes....'
2025-11-09 23:55:54,653 [DEBUG] Merged segment 603: SRT entries [925, 926] -> 'Yeah, and I remember watching that and sort of fee...'
2025-11-09 23:55:54,653 [DEBUG] Merged segment 604: SRT entries [927, 928] -> 'Any other strange, weird energies that you want to...'
2025-11-09 23:55:54,653 [DEBUG] Merged segment 605: SRT entries [929, 930] -> 'I will mention channeling Brigham Young is quite i...'
2025-11-09 23:55:54,653 [DEBUG] Merged segment 606: SRT entries [931] -> 'And he was the one who found the skeletons?...'
2025-11-09 23:55:54,653 [DEBUG] Merged segment 607: SRT entries [932] -> 'No....'
2025-11-09 23:55:54,653 [DEBUG] Merged segment 608: SRT entries [933] -> 'He was the one that took the Mormons--...'
2025-11-09 23:55:54,653 [DEBUG] Merged segment 609: SRT entries [934] -> 'Oh....'
2025-11-09 23:55:54,653 [DEBUG] Merged segment 610: SRT entries [935, 936] -> '--from the region in Illinois over to establish wh...'
2025-11-09 23:55:54,653 [DEBUG] Merged segment 611: SRT entries [937] -> 'So built up pretty much all of Salt Lake City....'
2025-11-09 23:55:54,653 [DEBUG] Merged segment 612: SRT entries [938] -> 'Wow....'
2025-11-09 23:55:54,653 [DEBUG] Merged segment 613: SRT entries [939, 940] -> 'So you channeled that-- you channeled him?...'
2025-11-09 23:55:54,653 [DEBUG] Merged segment 614: SRT entries [941] -> 'He actually came to me....'
2025-11-09 23:55:54,653 [DEBUG] Merged segment 615: SRT entries [942] -> 'And it was very intense....'
2025-11-09 23:55:54,653 [DEBUG] Merged segment 616: SRT entries [943, 944] -> 'And it's interesting because Utah is named after a...'
2025-11-09 23:55:54,653 [DEBUG] Merged segment 617: SRT entries [945] -> 'And he's got a lot of Reptilian-type energy....'
2025-11-09 23:55:54,653 [DEBUG] Merged segment 618: SRT entries [946, 947] -> 'And he has just a lot-- I don't know....'
2025-11-09 23:55:54,653 [DEBUG] Merged segment 619: SRT entries [948, 949] -> 'It was just a very weird energy, I felt like, when...'
2025-11-09 23:55:54,653 [DEBUG] Merged segment 620: SRT entries [950] -> 'In that interview?...'
2025-11-09 23:55:54,653 [DEBUG] Merged segment 621: SRT entries [951] -> 'That energy on your website?...'
2025-11-09 23:55:54,653 [DEBUG] Merged segment 622: SRT entries [952, 953, 954, 955] -> 'So when I was like, all right, let's make a YouTub...'
2025-11-09 23:55:54,653 [DEBUG] Merged segment 623: SRT entries [956, 957, 958] -> 'Because I felt like-- maybe he did that because th...'
2025-11-09 23:55:54,653 [DEBUG] Merged segment 624: SRT entries [959] -> 'Oh, OK....'
2025-11-09 23:55:54,653 [DEBUG] Merged segment 625: SRT entries [960, 961] -> 'Because there is a lot of reasons why religion was...'
2025-11-09 23:55:54,653 [DEBUG] Merged segment 626: SRT entries [962, 963] -> 'And some of them aren't so good, because it can ca...'
2025-11-09 23:55:54,653 [DEBUG] Merged segment 627: SRT entries [964] -> 'And he was part of that....'
2025-11-09 23:55:54,653 [DEBUG] Merged segment 628: SRT entries [965, 966] -> 'He was part of the-- bringing it here, right?...'
2025-11-09 23:55:54,653 [DEBUG] Merged segment 629: SRT entries [967] -> 'He was part of making it into what it is today....'
2025-11-09 23:55:54,653 [DEBUG] Merged segment 630: SRT entries [968, 969] -> 'Sort of capturing that consciousness to keep it in...'
2025-11-09 23:55:54,653 [DEBUG] Merged segment 631: SRT entries [970] -> 'Can you go into depth a little about that?...'
2025-11-09 23:55:54,653 [DEBUG] Merged segment 632: SRT entries [971, 972, 973] -> 'So basically, what I understand is Joseph Smith wa...'
2025-11-09 23:55:54,653 [DEBUG] Merged segment 633: SRT entries [974] -> 'Then created a religion because of it....'
2025-11-09 23:55:54,654 [DEBUG] Merged segment 634: SRT entries [975, 976, 977] -> 'Brigham Young actually, after Joseph had passed ov...'
2025-11-09 23:55:54,654 [DEBUG] Merged segment 635: SRT entries [978] -> 'And I guess used that information against the peop...'
2025-11-09 23:55:54,654 [DEBUG] Merged segment 636: SRT entries [979] -> 'So it was good initially, but it was transformed--...'
2025-11-09 23:55:54,654 [DEBUG] Merged segment 637: SRT entries [980] -> 'As all religions....'
2025-11-09 23:55:54,654 [DEBUG] Merged segment 638: SRT entries [981] -> 'Yeah....'
2025-11-09 23:55:54,654 [DEBUG] Merged segment 639: SRT entries [982, 983] -> 'And he really does-- Brigham Young really does hav...'
2025-11-09 23:55:54,654 [DEBUG] Merged segment 640: SRT entries [984, 985, 986] -> 'I feel like there was a lot going on at that time ...'
2025-11-09 23:55:54,654 [DEBUG] Merged segment 641: SRT entries [987] -> 'Well, how long ago was this, when he came through?...'
2025-11-09 23:55:54,654 [DEBUG] Merged segment 642: SRT entries [988] -> 'I don't know, maybe a year ago?...'
2025-11-09 23:55:54,654 [DEBUG] Merged segment 643: SRT entries [989] -> 'Maybe?...'
2025-11-09 23:55:54,654 [DEBUG] Merged segment 644: SRT entries [990] -> 'Yeah....'
2025-11-09 23:55:54,654 [DEBUG] Merged segment 645: SRT entries [991, 992] -> 'Because I could see that definitely would be some ...'
2025-11-09 23:55:54,654 [DEBUG] Merged segment 646: SRT entries [993] -> 'You could definitely get a blowback from the commu...'
2025-11-09 23:55:54,654 [DEBUG] Merged segment 647: SRT entries [994] -> 'Yeah....'
2025-11-09 23:55:54,654 [DEBUG] Merged segment 648: SRT entries [995, 996] -> 'They were kind of like, that's not safe for you to...'
2025-11-09 23:55:54,654 [DEBUG] Merged segment 649: SRT entries [997] -> 'To put that out....'
2025-11-09 23:55:54,654 [DEBUG] Merged segment 650: SRT entries [998, 999] -> 'But individually, if they come to you and ask ques...'
2025-11-09 23:55:54,654 [DEBUG] Merged segment 651: SRT entries [1000, 1001] -> 'Again-- collectively, though-- we all choose to ha...'
2025-11-09 23:55:54,654 [DEBUG] Merged segment 652: SRT entries [1002] -> 'So he's just a facilitator for that collective des...'
2025-11-09 23:55:54,654 [DEBUG] Merged segment 653: SRT entries [1003] -> 'Yeah....'
2025-11-09 23:55:54,654 [DEBUG] Merged segment 654: SRT entries [1004, 1005] -> '--to experience this religious constraints, or dis...'
2025-11-09 23:55:54,654 [DEBUG] Merged segment 655: SRT entries [1006] -> 'So again, another perspective....'
2025-11-09 23:55:54,654 [DEBUG] Merged segment 656: SRT entries [1007] -> 'Not to look at him as this bad guy, or--...'
2025-11-09 23:55:54,654 [DEBUG] Merged segment 657: SRT entries [1008] -> 'That's really good....'
2025-11-09 23:55:54,654 [DEBUG] Merged segment 658: SRT entries [1009] -> 'I love that....'
2025-11-09 23:55:54,654 [DEBUG] Merged segment 659: SRT entries [1010, 1011, 1012] -> 'Especially because, at the time, Joseph channeled ...'
2025-11-09 23:55:54,654 [DEBUG] Merged segment 660: SRT entries [1013, 1014] -> 'And then people-- he built this church, and people...'
2025-11-09 23:55:54,654 [DEBUG] Merged segment 661: SRT entries [1015] -> 'Oh, should I plant this type of seed in my yard?...'
2025-11-09 23:55:54,654 [DEBUG] Merged segment 662: SRT entries [1016] -> 'Should I do this?...'
2025-11-09 23:55:54,654 [DEBUG] Merged segment 663: SRT entries [1017, 1018] -> 'And then all of a sudden you're giving your power ...'
2025-11-09 23:55:54,654 [DEBUG] Merged segment 664: SRT entries [1019, 1020] -> 'And obviously, like we said, you could use that fo...'
2025-11-09 23:55:54,654 [DEBUG] Merged segment 665: SRT entries [1021, 1022, 1023] -> 'And the leadership was taken to use-- come to me f...'
2025-11-09 23:55:54,654 [DEBUG] Merged segment 666: SRT entries [1024] -> 'Right....'
2025-11-09 23:55:54,654 [DEBUG] Merged segment 667: SRT entries [1025] -> 'And they allowed it....'
2025-11-09 23:55:54,654 [DEBUG] Merged segment 668: SRT entries [1026] -> 'The people allowed it....'
2025-11-09 23:55:54,654 [DEBUG] Merged segment 669: SRT entries [1027] -> 'Yeah....'
2025-11-09 23:55:54,654 [DEBUG] Merged segment 670: SRT entries [1028] -> 'So you get what you ask for....'
2025-11-09 23:55:54,654 [DEBUG] Merged segment 671: SRT entries [1029] -> '[LAUGHS] Yeah....'
2025-11-09 23:55:54,654 [DEBUG] Merged segment 672: SRT entries [1030] -> 'Interesting....'
2025-11-09 23:55:54,654 [DEBUG] Merged segment 673: SRT entries [1031] -> 'Well, cool....'
2025-11-09 23:55:54,654 [DEBUG] Merged segment 674: SRT entries [1032, 1033, 1034] -> 'Well, I do look forward to seeing what other energ...'
2025-11-09 23:55:54,654 [DEBUG] Merged segment 675: SRT entries [1035] -> 'So, definitely....'
2025-11-09 23:55:54,654 [DEBUG] Merged segment 676: SRT entries [1036] -> 'Thanks....'
2025-11-09 23:55:54,654 [DEBUG] Merged segment 677: SRT entries [1037] -> 'Thank you....'
2025-11-09 23:55:54,654 [DEBUG] Merged segment 678: SRT entries [1038] -> 'Thank you....'
2025-11-09 23:55:54,654 [INFO] Merged 1038 segments into 678 final segments
2025-11-09 23:55:54,855 [INFO] Wrote 678 segments to data/S01-E24/main.yaml
2025-11-09 23:55:54,855 [INFO] Conversion completed successfully!
