2025-11-02 10:45:05,222 [INFO] Starting SRT to YAML conversion for episode S01-E28
2025-11-02 10:45:05,222 [INFO] SRT source resolved to: input/S01-E28/ENG_S1E28_Meet The Hybrids Conversations with Mantis Beings Part 1_ENGLISH.srt
2025-11-02 10:45:05,223 [INFO] Parsed 1105 SRT entries from input/S01-E28/ENG_S1E28_Meet The Hybrids Conversations with Mantis Beings Part 1_ENGLISH.srt
2025-11-02 10:45:05,224 [DEBUG] Merged segment 1: SRT entries [1] -> 'Mother Earth is currently rebalancing herself....'
2025-11-02 10:45:05,224 [DEBUG] Merged segment 2: SRT entries [2] -> 'Many imbalances have taken place through the years...'
2025-11-02 10:45:05,224 [DEBUG] Merged segment 3: SRT entries [3, 4, 5] -> 'This really gives us the opportunity to go within,...'
2025-11-02 10:45:05,224 [DEBUG] Merged segment 4: SRT entries [6, 7] -> 'It's a time to be loving and compassionate with ou...'
2025-11-02 10:45:05,224 [DEBUG] Merged segment 5: SRT entries [8] -> 'We need to remember that we're all one....'
2025-11-02 10:45:05,224 [DEBUG] Merged segment 6: SRT entries [9, 10] -> 'This is an opportunity for humankind to come toget...'
2025-11-02 10:45:05,224 [DEBUG] Merged segment 7: SRT entries [11] -> 'So let's focus on what we have in common....'
2025-11-02 10:45:05,224 [DEBUG] Merged segment 8: SRT entries [12] -> 'We are all human ...and set aside the mind and the...'
2025-11-02 10:45:05,224 [DEBUG] Merged segment 9: SRT entries [13, 14] -> 'And the Earth has been letting us know that we nee...'
2025-11-02 10:45:05,224 [DEBUG] Merged segment 10: SRT entries [15, 16, 17] -> 'Let us listen to our hearts and our souls and lear...'
2025-11-02 10:45:05,224 [DEBUG] Merged segment 11: SRT entries [18, 19] -> 'And the star beings as well are assisting us durin...'
2025-11-02 10:45:05,224 [DEBUG] Merged segment 12: SRT entries [20, 21] -> 'Ever wonder if there's intelligent life elsewhere ...'
2025-11-02 10:45:05,224 [DEBUG] Merged segment 13: SRT entries [22] -> 'Well, I have....I've been wondering since I was a ...'
2025-11-02 10:45:05,224 [DEBUG] Merged segment 14: SRT entries [23] -> 'My name is Reuben Langdon....'
2025-11-02 10:45:05,224 [DEBUG] Merged segment 15: SRT entries [24, 25] -> 'And on March 29th 2007, in the middle of the day, ...'
2025-11-02 10:45:05,224 [DEBUG] Merged segment 16: SRT entries [26, 27] -> 'Coincidentally, I was working on the film Avatar a...'
2025-11-02 10:45:05,224 [DEBUG] Merged segment 17: SRT entries [28] -> 'And ever since then I've been on a quest......'
2025-11-02 10:45:05,224 [DEBUG] Merged segment 18: SRT entries [29, 30] -> 'A quest to find out if aliens really do exist and ...'
2025-11-02 10:45:05,224 [DEBUG] Merged segment 19: SRT entries [31, 32] -> 'If beings of higher intelligent are here... ...wha...'
2025-11-02 10:45:05,224 [DEBUG] Merged segment 20: SRT entries [33] -> 'Why don't they make themselves more known?...'
2025-11-02 10:45:05,224 [DEBUG] Merged segment 21: SRT entries [34] -> 'Why the secrecy?...'
2025-11-02 10:45:05,224 [DEBUG] Merged segment 22: SRT entries [35, 36] -> 'I've asked these questions to many experts, yet ea...'
2025-11-02 10:45:05,224 [DEBUG] Merged segment 23: SRT entries [37, 38] -> 'So I thought to myself, why not ask the aliens dir...'
2025-11-02 10:45:05,224 [DEBUG] Merged segment 24: SRT entries [39] -> 'So that's what I set out to do!...'
2025-11-02 10:45:05,224 [DEBUG] Merged segment 25: SRT entries [40] -> 'Well, sort of......'
2025-11-02 10:45:05,224 [DEBUG] Merged segment 26: SRT entries [41] -> 'Robert and Jacqueline, thank you for being here....'
2025-11-02 10:45:05,224 [DEBUG] Merged segment 27: SRT entries [42, 43, 44, 45, 46] -> 'You say that you're hybrid human extraterrestrial,...'
2025-11-02 10:45:05,225 [DEBUG] Merged segment 28: SRT entries [47] -> 'And it seems that we're all hybrids to some extent...'
2025-11-02 10:45:05,225 [DEBUG] Merged segment 29: SRT entries [48, 49, 50] -> 'Did any of the beings that you've interacted with ...'
2025-11-02 10:45:05,225 [DEBUG] Merged segment 30: SRT entries [51] -> 'I don't know all of the races that were involved....'
2025-11-02 10:45:05,225 [DEBUG] Merged segment 31: SRT entries [52, 53, 54] -> 'I would think-- a lot of people say there's 12 ori...'
2025-11-02 10:45:05,225 [DEBUG] Merged segment 32: SRT entries [55] -> 'It sounds right to me....'
2025-11-02 10:45:05,225 [DEBUG] Merged segment 33: SRT entries [56, 57] -> 'I do know that these beings have been modifying hu...'
2025-11-02 10:45:05,225 [DEBUG] Merged segment 34: SRT entries [58, 59] -> 'They've been doing this for thousands upon thousan...'
2025-11-02 10:45:05,225 [DEBUG] Merged segment 35: SRT entries [60, 61] -> 'But as far as what species, I'm not too exactly su...'
2025-11-02 10:45:05,225 [DEBUG] Merged segment 36: SRT entries [62] -> 'Do you know which?...'
2025-11-02 10:45:05,225 [DEBUG] Merged segment 37: SRT entries [63, 64, 65] -> 'Well, I do believe the Anunnaki are key, pretty ke...'
2025-11-02 10:45:05,225 [DEBUG] Merged segment 38: SRT entries [66] -> 'Genetically manipulating--...'
2025-11-02 10:45:05,225 [DEBUG] Merged segment 39: SRT entries [67] -> 'With creating some of the genetics....'
2025-11-02 10:45:05,225 [DEBUG] Merged segment 40: SRT entries [68, 69, 70, 71, 72] -> 'And I was told that there is a council of beings w...'
2025-11-02 10:45:05,225 [DEBUG] Merged segment 41: SRT entries [73, 74] -> 'So we all could be literally walking hybrids of di...'
2025-11-02 10:45:05,225 [DEBUG] Merged segment 42: SRT entries [75] -> 'Totally....'
2025-11-02 10:45:05,225 [DEBUG] Merged segment 43: SRT entries [76] -> 'Totally....'
2025-11-02 10:45:05,225 [DEBUG] Merged segment 44: SRT entries [77, 78] -> 'And I think the reason we've been asked to step fo...'
2025-11-02 10:45:05,225 [DEBUG] Merged segment 45: SRT entries [79, 80] -> 'We have a much higher frequency of star beingness ...'
2025-11-02 10:45:05,225 [DEBUG] Merged segment 46: SRT entries [81, 82] -> 'And we are weird, or different, or fringe, or howe...'
2025-11-02 10:45:05,225 [DEBUG] Merged segment 47: SRT entries [83] -> 'I've had wild things happen through my life....'
2025-11-02 10:45:05,225 [DEBUG] Merged segment 48: SRT entries [84, 85] -> 'During many of my interviews, I've talked to peopl...'
2025-11-02 10:45:05,225 [DEBUG] Merged segment 49: SRT entries [86, 87, 88, 89, 90] -> 'And a lot of them say around the age six, I was vi...'
2025-11-02 10:45:05,225 [DEBUG] Merged segment 50: SRT entries [91] -> 'Activated it....'
2025-11-02 10:45:05,225 [DEBUG] Merged segment 51: SRT entries [92] -> 'Do you guys recall around that age having--...'
2025-11-02 10:45:05,225 [DEBUG] Merged segment 52: SRT entries [93] -> 'I got my implants when I was five....'
2025-11-02 10:45:05,225 [DEBUG] Merged segment 53: SRT entries [94] -> 'Five, OK....'
2025-11-02 10:45:05,225 [DEBUG] Merged segment 54: SRT entries [95] -> 'This goes to the ignorance thing of a five-year-ol...'
2025-11-02 10:45:05,225 [DEBUG] Merged segment 55: SRT entries [96, 97] -> 'I remember when I was-- what is five?...'
2025-11-02 10:45:05,225 [DEBUG] Merged segment 56: SRT entries [98] -> 'Like first grade?...'
2025-11-02 10:45:05,225 [DEBUG] Merged segment 57: SRT entries [99] -> 'Kindergarten?...'
2025-11-02 10:45:05,225 [DEBUG] Merged segment 58: SRT entries [100] -> 'Around there?...'
2025-11-02 10:45:05,225 [DEBUG] Merged segment 59: SRT entries [101] -> 'Kindergarten....'
2025-11-02 10:45:05,225 [DEBUG] Merged segment 60: SRT entries [102] -> 'Yeah. >> Kindergarten?...'
2025-11-02 10:45:05,225 [DEBUG] Merged segment 61: SRT entries [103, 104, 105, 106] -> 'I remember going to the school library, and the li...'
2025-11-02 10:45:05,225 [DEBUG] Merged segment 62: SRT entries [107, 108] -> 'And the kid was talking about how he was feeling t...'
2025-11-02 10:45:05,225 [DEBUG] Merged segment 63: SRT entries [109, 110, 111] -> 'And it wasn't like just, I would say a week after ...'
2025-11-02 10:45:05,225 [DEBUG] Merged segment 64: SRT entries [112, 113] -> 'And I remember going to my mom, mom, mom, there's ...'
2025-11-02 10:45:05,225 [DEBUG] Merged segment 65: SRT entries [114] -> 'There's lumps under my tongue....'
2025-11-02 10:45:05,225 [DEBUG] Merged segment 66: SRT entries [115] -> 'I got cancer....'
2025-11-02 10:45:05,225 [DEBUG] Merged segment 67: SRT entries [116] -> 'I got cancer....'
2025-11-02 10:45:05,225 [DEBUG] Merged segment 68: SRT entries [117] -> 'She's like, oh, no, son, there's lumps under every...'
2025-11-02 10:45:05,225 [DEBUG] Merged segment 69: SRT entries [118, 119] -> 'So I just kind of like-- I always played with them...'
2025-11-02 10:45:05,225 [DEBUG] Merged segment 70: SRT entries [120] -> 'They stressed out, like, I know it's cancer....'
2025-11-02 10:45:05,225 [DEBUG] Merged segment 71: SRT entries [121] -> 'I know it's cancer....'
2025-11-02 10:45:05,225 [DEBUG] Merged segment 72: SRT entries [122] -> 'But--...'
2025-11-02 10:45:05,225 [DEBUG] Merged segment 73: SRT entries [123] -> 'I'm feeling around my mouth right now....'
2025-11-02 10:45:05,225 [DEBUG] Merged segment 74: SRT entries [124] -> 'I'm like, oh, I think I feel some lumps too....'
2025-11-02 10:45:05,225 [DEBUG] Merged segment 75: SRT entries [125] -> 'Yeah, right?...'
2025-11-02 10:45:05,225 [DEBUG] Merged segment 76: SRT entries [126, 127] -> 'But you know, I actually-- I can grab them and pul...'
2025-11-02 10:45:05,225 [DEBUG] Merged segment 77: SRT entries [128] -> 'Even my dentist doesn't quite really know what the...'
2025-11-02 10:45:05,225 [DEBUG] Merged segment 78: SRT entries [129] -> 'Oh, wow....'
2025-11-02 10:45:05,225 [DEBUG] Merged segment 79: SRT entries [130, 131] -> 'One's about the size of a little-- like, shaped li...'
2025-11-02 10:45:05,225 [DEBUG] Merged segment 80: SRT entries [132] -> 'It's a grain of rice, but like a size of a grain o...'
2025-11-02 10:45:05,225 [DEBUG] Merged segment 81: SRT entries [133] -> 'And then the other one's like a little tiny ball....'
2025-11-02 10:45:05,225 [DEBUG] Merged segment 82: SRT entries [134] -> 'Interesting....'
2025-11-02 10:45:05,225 [DEBUG] Merged segment 83: SRT entries [135] -> 'And they flip....'
2025-11-02 10:45:05,225 [DEBUG] Merged segment 84: SRT entries [136] -> 'You can flip them around and everything....'
2025-11-02 10:45:05,225 [DEBUG] Merged segment 85: SRT entries [137, 138] -> 'You can flip the-- no, that would be freaky....'
2025-11-02 10:45:05,225 [DEBUG] Merged segment 86: SRT entries [139] -> 'OK....'
2025-11-02 10:45:05,225 [DEBUG] Merged segment 87: SRT entries [140] -> 'But yeah, so it started at five....'
2025-11-02 10:45:05,225 [DEBUG] Merged segment 88: SRT entries [141] -> 'Five is when I got those implants put in....'
2025-11-02 10:45:05,225 [DEBUG] Merged segment 89: SRT entries [142] -> 'Interesting....'
2025-11-02 10:45:05,225 [DEBUG] Merged segment 90: SRT entries [143] -> 'So that's the implant-- those are implants....'
2025-11-02 10:45:05,225 [DEBUG] Merged segment 91: SRT entries [144] -> 'Yeah....'
2025-11-02 10:45:05,225 [DEBUG] Merged segment 92: SRT entries [145] -> 'Interesting....'
2025-11-02 10:45:05,225 [DEBUG] Merged segment 93: SRT entries [146, 147] -> 'And at that age, were they-- were you sort of awar...'
2025-11-02 10:45:05,226 [DEBUG] Merged segment 94: SRT entries [148] -> 'Or you were just--...'
2025-11-02 10:45:05,226 [DEBUG] Merged segment 95: SRT entries [149] -> 'Oh I'm totally unaware....'
2025-11-02 10:45:05,226 [DEBUG] Merged segment 96: SRT entries [150] -> 'Or that came later....'
2025-11-02 10:45:05,226 [DEBUG] Merged segment 97: SRT entries [151] -> 'Totally unaware, yeah....'
2025-11-02 10:45:05,226 [DEBUG] Merged segment 98: SRT entries [152] -> 'It came later....'
2025-11-02 10:45:05,226 [DEBUG] Merged segment 99: SRT entries [153] -> 'All right....'
2025-11-02 10:45:05,226 [DEBUG] Merged segment 100: SRT entries [154] -> 'And these are from the Mantis beings?...'
2025-11-02 10:45:05,226 [DEBUG] Merged segment 101: SRT entries [155] -> 'I believe so, yeah....'
2025-11-02 10:45:05,226 [DEBUG] Merged segment 102: SRT entries [156, 157] -> 'OK, well, speaking of Mantis beings, I've had sort...'
2025-11-02 10:45:05,226 [DEBUG] Merged segment 103: SRT entries [158, 159, 160, 161, 162] -> 'And it's interesting because I haven't-- during al...'
2025-11-02 10:45:05,226 [DEBUG] Merged segment 104: SRT entries [163] -> 'But the Mantis hadn't really been in my radar....'
2025-11-02 10:45:05,226 [DEBUG] Merged segment 105: SRT entries [164] -> 'And then I had this experience with this Mantis en...'
2025-11-02 10:45:05,226 [DEBUG] Merged segment 106: SRT entries [165] -> 'That's all I can say, you know....'
2025-11-02 10:45:05,226 [DEBUG] Merged segment 107: SRT entries [166, 167] -> 'I identified it as the Mantis because I had seen--...'
2025-11-02 10:45:05,226 [DEBUG] Merged segment 108: SRT entries [168] -> 'But it hasn't been really explored and discussed....'
2025-11-02 10:45:05,226 [DEBUG] Merged segment 109: SRT entries [169, 170] -> 'So I'd really like to sort of get your viewpoints ...'
2025-11-02 10:45:05,226 [DEBUG] Merged segment 110: SRT entries [171, 172] -> 'What do they-- why are they interacting with human...'
2025-11-02 10:45:05,226 [DEBUG] Merged segment 111: SRT entries [173] -> 'And sort of just your personal take on that energy...'
2025-11-02 10:45:05,226 [DEBUG] Merged segment 112: SRT entries [174, 175] -> 'I've noticed that too when I was starting to do my...'
2025-11-02 10:45:05,226 [DEBUG] Merged segment 113: SRT entries [176, 177] -> 'I noticed that there is not a lot of information o...'
2025-11-02 10:45:05,226 [DEBUG] Merged segment 114: SRT entries [178, 179] -> 'You know, there is that the Mantis beings created ...'
2025-11-02 10:45:05,226 [DEBUG] Merged segment 115: SRT entries [180] -> 'But--...'
2025-11-02 10:45:05,226 [DEBUG] Merged segment 116: SRT entries [181] -> 'I didn't hear that....'
2025-11-02 10:45:05,226 [DEBUG] Merged segment 117: SRT entries [182] -> 'But that resonates now with the download that I go...'
2025-11-02 10:45:05,226 [DEBUG] Merged segment 118: SRT entries [183] -> 'So thank you for sharing....'
2025-11-02 10:45:05,226 [DEBUG] Merged segment 119: SRT entries [184, 185, 186, 187] -> 'So what I understand from the Mantis beings is tha...'
2025-11-02 10:45:05,226 [DEBUG] Merged segment 120: SRT entries [188, 189] -> 'But from what I understand is that they were here ...'
2025-11-02 10:45:05,226 [DEBUG] Merged segment 121: SRT entries [190, 191] -> 'You know, they were, like, one of the first aspect...'
2025-11-02 10:45:05,226 [DEBUG] Merged segment 122: SRT entries [192, 193, 194, 195, 196] -> 'If you think everything is kind of like a fractal,...'
2025-11-02 10:45:05,226 [DEBUG] Merged segment 123: SRT entries [197, 198] -> 'And then finally, you get into the insects, and th...'
2025-11-02 10:45:05,226 [DEBUG] Merged segment 124: SRT entries [199] -> 'Because the conditions are harsh....'
2025-11-02 10:45:05,226 [DEBUG] Merged segment 125: SRT entries [200] -> 'So you need that exoskeleton first....'
2025-11-02 10:45:05,226 [DEBUG] Merged segment 126: SRT entries [201, 202] -> 'So I believe-- and that's where you're more negati...'
2025-11-02 10:45:05,226 [DEBUG] Merged segment 127: SRT entries [203] -> 'It's just-- the universe is just created....'
2025-11-02 10:45:05,226 [DEBUG] Merged segment 128: SRT entries [204] -> 'And it's chaos....'
2025-11-02 10:45:05,226 [DEBUG] Merged segment 129: SRT entries [205] -> 'It's--...'
2025-11-02 10:45:05,226 [DEBUG] Merged segment 130: SRT entries [206] -> 'Survival of the fittest....'
2025-11-02 10:45:05,226 [DEBUG] Merged segment 131: SRT entries [207] -> '--radioactive....'
2025-11-02 10:45:05,226 [DEBUG] Merged segment 132: SRT entries [208, 209] -> 'It's survival of the fittest, you know, so I belie...'
2025-11-02 10:45:05,226 [DEBUG] Merged segment 133: SRT entries [210, 211] -> 'Then they evolve to the next stage, where now, the...'
2025-11-02 10:45:05,226 [DEBUG] Merged segment 134: SRT entries [212, 213] -> 'And then evolve to the next stage, to the next sta...'
2025-11-02 10:45:05,226 [DEBUG] Merged segment 135: SRT entries [214, 215, 216, 217, 218] -> 'But since there they've been evolving for countles...'
2025-11-02 10:45:05,226 [DEBUG] Merged segment 136: SRT entries [219] -> 'So they exist just on every level simultaneously....'
2025-11-02 10:45:05,226 [DEBUG] Merged segment 137: SRT entries [220, 221] -> 'The ones that we interact with, they've evolved be...'
2025-11-02 10:45:05,226 [DEBUG] Merged segment 138: SRT entries [222] -> 'So they don't have the harder shell anymore....'
2025-11-02 10:45:05,226 [DEBUG] Merged segment 139: SRT entries [223] -> 'And they're extremely benevolent and extremely lov...'
2025-11-02 10:45:05,226 [DEBUG] Merged segment 140: SRT entries [224, 225] -> 'The reason why they're here interacting with Earth...'
2025-11-02 10:45:05,226 [DEBUG] Merged segment 141: SRT entries [226, 227, 228, 229] -> 'If you imagine, they're so evolved that just one o...'
2025-11-02 10:45:05,226 [DEBUG] Merged segment 142: SRT entries [230, 231, 232] -> 'It can literally encompass an entire galaxy, where...'
2025-11-02 10:45:05,226 [DEBUG] Merged segment 143: SRT entries [233] -> 'Because I can only see and perceive what's around ...'
2025-11-02 10:45:05,226 [DEBUG] Merged segment 144: SRT entries [234] -> 'They have the ability to perceive galaxies, you kn...'
2025-11-02 10:45:05,226 [DEBUG] Merged segment 145: SRT entries [235] -> 'So they're just here....'
2025-11-02 10:45:05,226 [DEBUG] Merged segment 146: SRT entries [236] -> 'I think they're just here mostly to observe but ju...'
2025-11-02 10:45:05,226 [DEBUG] Merged segment 147: SRT entries [237] -> 'And alls they want to do is help humanity evolve....'
2025-11-02 10:45:05,226 [DEBUG] Merged segment 148: SRT entries [238, 239] -> 'And they also want to help create new divine expre...'
2025-11-02 10:45:05,226 [DEBUG] Merged segment 149: SRT entries [240] -> 'So that's pretty much why they're here....'
2025-11-02 10:45:05,226 [DEBUG] Merged segment 150: SRT entries [241] -> 'Interesting....'
2025-11-02 10:45:05,227 [DEBUG] Merged segment 151: SRT entries [242] -> 'Jacquelin, you want to piggyback off of that?...'
2025-11-02 10:45:05,227 [DEBUG] Merged segment 152: SRT entries [243, 244] -> 'Yeah, I've had a lot of interaction with the Manti...'
2025-11-02 10:45:05,227 [DEBUG] Merged segment 153: SRT entries [245, 246] -> 'And when they come and talk to me-- and also, I do...'
2025-11-02 10:45:05,227 [DEBUG] Merged segment 154: SRT entries [247, 248] -> 'So a lot of the times-- well, a number of times, t...'
2025-11-02 10:45:05,227 [DEBUG] Merged segment 155: SRT entries [249, 250] -> 'So I get to have the interaction with different ty...'
2025-11-02 10:45:05,227 [DEBUG] Merged segment 156: SRT entries [251] -> 'And then I'm clairvoyant so they show me where the...'
2025-11-02 10:45:05,227 [DEBUG] Merged segment 157: SRT entries [252] -> 'And actually, I go there from that frequency, I'll...'
2025-11-02 10:45:05,227 [DEBUG] Merged segment 158: SRT entries [253, 254, 255, 256, 257, 258] -> 'And what they have shared with me is-- I agree in ...'
2025-11-02 10:45:05,227 [DEBUG] Merged segment 159: SRT entries [259] -> 'And some other races do as well....'
2025-11-02 10:45:05,227 [DEBUG] Merged segment 160: SRT entries [260, 261] -> 'But the Mantis, they are very highly evolved being...'
2025-11-02 10:45:05,227 [DEBUG] Merged segment 161: SRT entries [262] -> 'And they're very playful....'
2025-11-02 10:45:05,227 [DEBUG] Merged segment 162: SRT entries [263] -> 'They love to laugh and have fun....'
2025-11-02 10:45:05,227 [DEBUG] Merged segment 163: SRT entries [264] -> 'So they show up at my house all the time....'
2025-11-02 10:45:05,227 [DEBUG] Merged segment 164: SRT entries [265] -> 'And I-- they like to dance....'
2025-11-02 10:45:05,227 [DEBUG] Merged segment 165: SRT entries [266] -> 'It sounds silly, but they like to do movements....'
2025-11-02 10:45:05,227 [DEBUG] Merged segment 166: SRT entries [267] -> 'And one morning I was actually laying in bed....'
2025-11-02 10:45:05,227 [DEBUG] Merged segment 167: SRT entries [268] -> 'And eight of them showed up in my bedroom....'
2025-11-02 10:45:05,227 [DEBUG] Merged segment 168: SRT entries [269] -> 'This was very calming for me....'
2025-11-02 10:45:05,227 [DEBUG] Merged segment 169: SRT entries [270] -> 'Yeah....'
2025-11-02 10:45:05,227 [DEBUG] Merged segment 170: SRT entries [271] -> 'And I go, good morning....'
2025-11-02 10:45:05,227 [DEBUG] Merged segment 171: SRT entries [272, 273] -> 'And they said, we would love for you to get up and...'
2025-11-02 10:45:05,227 [DEBUG] Merged segment 172: SRT entries [274] -> 'And that sounds kind of silly....'
2025-11-02 10:45:05,227 [DEBUG] Merged segment 173: SRT entries [275] -> 'But they have--...'
2025-11-02 10:45:05,227 [DEBUG] Merged segment 174: SRT entries [276] -> 'A little more than exercise....'
2025-11-02 10:45:05,227 [DEBUG] Merged segment 175: SRT entries [277, 278] -> 'Any being that has evolved understands play, the c...'
2025-11-02 10:45:05,227 [DEBUG] Merged segment 176: SRT entries [279] -> 'And I said, oh, I don't want to, but I will....'
2025-11-02 10:45:05,227 [DEBUG] Merged segment 177: SRT entries [280, 281] -> '[LAUGHS] Talk about getting dragged out of bed in ...'
2025-11-02 10:45:05,227 [DEBUG] Merged segment 178: SRT entries [282] -> 'I was....'
2025-11-02 10:45:05,227 [DEBUG] Merged segment 179: SRT entries [283] -> 'I was dragged out....'
2025-11-02 10:45:05,227 [DEBUG] Merged segment 180: SRT entries [284] -> 'Could they at least make you coffee?...'
2025-11-02 10:45:05,227 [DEBUG] Merged segment 181: SRT entries [285] -> 'I was complaining....'
2025-11-02 10:45:05,227 [DEBUG] Merged segment 182: SRT entries [286] -> 'And so I got out of bed, OK....'
2025-11-02 10:45:05,227 [DEBUG] Merged segment 183: SRT entries [287] -> 'And I started moving....'
2025-11-02 10:45:05,227 [DEBUG] Merged segment 184: SRT entries [288] -> 'And my whole neck snapped....'
2025-11-02 10:45:05,227 [DEBUG] Merged segment 185: SRT entries [289] -> 'My whole spinal column aligned, and my whole neck ...'
2025-11-02 10:45:05,227 [DEBUG] Merged segment 186: SRT entries [290, 291] -> 'And they had aligned my whole spinal column and ne...'
2025-11-02 10:45:05,227 [DEBUG] Merged segment 187: SRT entries [292] -> 'Wow....'
2025-11-02 10:45:05,227 [DEBUG] Merged segment 188: SRT entries [293] -> 'And so I thanked them for that....'
2025-11-02 10:45:05,227 [DEBUG] Merged segment 189: SRT entries [294] -> 'So like a cosmic chiropractic appointment....'
2025-11-02 10:45:05,227 [DEBUG] Merged segment 190: SRT entries [295] -> 'Absolutely....'
2025-11-02 10:45:05,227 [DEBUG] Merged segment 191: SRT entries [296] -> 'And so they interact....'
2025-11-02 10:45:05,227 [DEBUG] Merged segment 192: SRT entries [297, 298] -> 'And they come to me, and I draw a lot of the symbo...'
2025-11-02 10:45:05,227 [DEBUG] Merged segment 193: SRT entries [299] -> 'And actually, yes-- so I have interactions with th...'
2025-11-02 10:45:05,227 [DEBUG] Merged segment 194: SRT entries [300, 301, 302] -> 'And even though they're very high creators, and wh...'
2025-11-02 10:45:05,227 [DEBUG] Merged segment 195: SRT entries [303] -> 'And they have showed a little about their culture ...'
2025-11-02 10:45:05,227 [DEBUG] Merged segment 196: SRT entries [304] -> 'And there's a temple that I've been to at least si...'
2025-11-02 10:45:05,227 [DEBUG] Merged segment 197: SRT entries [305, 306] -> 'That's just-- it's like a crystalline temple that'...'
2025-11-02 10:45:05,227 [DEBUG] Merged segment 198: SRT entries [307] -> 'And they've taken me through, showing this to me....'
2025-11-02 10:45:05,227 [DEBUG] Merged segment 199: SRT entries [308] -> 'And I've been through the spiral....'
2025-11-02 10:45:05,227 [DEBUG] Merged segment 200: SRT entries [309, 310, 311, 312, 313, 314, 315] -> 'And earlier on, what the Mantis beings did was inv...'
2025-11-02 10:45:05,227 [DEBUG] Merged segment 201: SRT entries [316] -> 'And it would actually help their DNA to evolve....'
2025-11-02 10:45:05,227 [DEBUG] Merged segment 202: SRT entries [317, 318] -> 'So the actual physical structure of the temple was...'
2025-11-02 10:45:05,227 [DEBUG] Merged segment 203: SRT entries [319] -> 'Yes....'
2025-11-02 10:45:05,227 [DEBUG] Merged segment 204: SRT entries [320] -> 'It's-- and it's not density like here....'
2025-11-02 10:45:05,227 [DEBUG] Merged segment 205: SRT entries [321] -> 'It's more of an etheric, crystalline frequency....'
2025-11-02 10:45:05,227 [DEBUG] Merged segment 206: SRT entries [322] -> 'It's just incredibly beautiful....'
2025-11-02 10:45:05,227 [DEBUG] Merged segment 207: SRT entries [323] -> 'So I have a very high respect....'
2025-11-02 10:45:05,227 [DEBUG] Merged segment 208: SRT entries [324, 325] -> 'But yet, they're very playful and can be very sill...'
2025-11-02 10:45:05,227 [DEBUG] Merged segment 209: SRT entries [326, 327, 328] -> 'On this New Year's Eve-- I was sharing with Rob th...'
2025-11-02 10:45:05,227 [DEBUG] Merged segment 210: SRT entries [329, 330] -> 'There was a white Mantis being, so there's differe...'
2025-11-02 10:45:05,228 [DEBUG] Merged segment 211: SRT entries [331] -> 'Some show up to me as being a neon purple, blue gr...'
2025-11-02 10:45:05,228 [DEBUG] Merged segment 212: SRT entries [332] -> 'There's brown....'
2025-11-02 10:45:05,228 [DEBUG] Merged segment 213: SRT entries [333] -> 'There's all these different species....'
2025-11-02 10:45:05,228 [DEBUG] Merged segment 214: SRT entries [334] -> 'So they all showed up....'
2025-11-02 10:45:05,228 [DEBUG] Merged segment 215: SRT entries [335] -> 'And they were around me most of the day....'
2025-11-02 10:45:05,228 [DEBUG] Merged segment 216: SRT entries [336, 337] -> 'And I understood they were preparing me to write d...'
2025-11-02 10:45:05,228 [DEBUG] Merged segment 217: SRT entries [338, 339, 340] -> 'And after I wrote it down, I shook-- my body shook...'
2025-11-02 10:45:05,228 [DEBUG] Merged segment 218: SRT entries [341, 342, 343] -> 'And I thanked them because I was so moved that I c...'
2025-11-02 10:45:05,228 [DEBUG] Merged segment 219: SRT entries [344, 345] -> 'And actually, it was on the screen when I had give...'
2025-11-02 10:45:05,228 [DEBUG] Merged segment 220: SRT entries [346] -> 'Oh, OK....'
2025-11-02 10:45:05,228 [DEBUG] Merged segment 221: SRT entries [347] -> 'And actually-- yeah....'
2025-11-02 10:45:05,228 [DEBUG] Merged segment 222: SRT entries [348, 349] -> 'So-- but they're very loving, kind, compassionate ...'
2025-11-02 10:45:05,228 [DEBUG] Merged segment 223: SRT entries [350, 351] -> 'Would you have any idea of what dimension or densi...'
2025-11-02 10:45:05,228 [DEBUG] Merged segment 224: SRT entries [352] -> 'Well, you're asking about the Mantis....'
2025-11-02 10:45:05,228 [DEBUG] Merged segment 225: SRT entries [353] -> 'Yes, the Mantis being....'
2025-11-02 10:45:05,228 [DEBUG] Merged segment 226: SRT entries [354, 355] -> 'From my perspective-- and again, there's different...'
2025-11-02 10:45:05,228 [DEBUG] Merged segment 227: SRT entries [356] -> 'Yeah....'
2025-11-02 10:45:05,228 [DEBUG] Merged segment 228: SRT entries [357, 358] -> 'Those who I interact with, I would classify them m...'
2025-11-02 10:45:05,228 [DEBUG] Merged segment 229: SRT entries [359, 360] -> 'And when they appear to people sometimes, they wil...'
2025-11-02 10:45:05,228 [DEBUG] Merged segment 230: SRT entries [361] -> 'And they're not truly wings....'
2025-11-02 10:45:05,228 [DEBUG] Merged segment 231: SRT entries [362] -> 'It's their energy around them....'
2025-11-02 10:45:05,228 [DEBUG] Merged segment 232: SRT entries [363] -> 'But that's how highly evolved they are....'
2025-11-02 10:45:05,228 [DEBUG] Merged segment 233: SRT entries [364] -> 'So it's almost beyond physical form in a collectiv...'
2025-11-02 10:45:05,228 [DEBUG] Merged segment 234: SRT entries [365] -> 'Absolutely....'
2025-11-02 10:45:05,228 [DEBUG] Merged segment 235: SRT entries [366] -> 'Yes....'
2025-11-02 10:45:05,228 [DEBUG] Merged segment 236: SRT entries [367, 368] -> 'The best way to describe it, it's like a drop of w...'
2025-11-02 10:45:05,228 [DEBUG] Merged segment 237: SRT entries [369] -> 'And there is a singular consciousness amongst them...'
2025-11-02 10:45:05,228 [DEBUG] Merged segment 238: SRT entries [370, 371] -> 'But they do have a-- it's not a hive mind....'
2025-11-02 10:45:05,228 [DEBUG] Merged segment 239: SRT entries [372] -> 'It's a collective....'
2025-11-02 10:45:05,228 [DEBUG] Merged segment 240: SRT entries [373] -> 'A collective....'
2025-11-02 10:45:05,228 [DEBUG] Merged segment 241: SRT entries [374] -> 'It's like an ocean of consciousness....'
2025-11-02 10:45:05,228 [DEBUG] Merged segment 242: SRT entries [375, 376, 377] -> 'Yeah, we've explored-- in past episodes we've expl...'
2025-11-02 10:45:05,228 [DEBUG] Merged segment 243: SRT entries [378, 379, 380] -> 'And it sort of seems that from seventh and beyond,...'
2025-11-02 10:45:05,228 [DEBUG] Merged segment 244: SRT entries [381] -> 'They still have their individual experiences and i...'
2025-11-02 10:45:05,228 [DEBUG] Merged segment 245: SRT entries [382, 383] -> 'But then they start operating from a collective co...'
2025-11-02 10:45:05,228 [DEBUG] Merged segment 246: SRT entries [384] -> 'Well, and there's no ego involved....'
2025-11-02 10:45:05,228 [DEBUG] Merged segment 247: SRT entries [385] -> 'Humanity, we have the ego, and we need the ego her...'
2025-11-02 10:45:05,228 [DEBUG] Merged segment 248: SRT entries [386] -> 'But they don't....'
2025-11-02 10:45:05,228 [DEBUG] Merged segment 249: SRT entries [387] -> 'It's a whole 'nother experience--...'
2025-11-02 10:45:05,228 [DEBUG] Merged segment 250: SRT entries [388] -> 'Yeah, it is a weight--...'
2025-11-02 10:45:05,228 [DEBUG] Merged segment 251: SRT entries [389, 390] -> '--without the ego, they understand, they know the ...'
2025-11-02 10:45:05,228 [DEBUG] Merged segment 252: SRT entries [391] -> 'We do too....'
2025-11-02 10:45:05,228 [DEBUG] Merged segment 253: SRT entries [392] -> 'You know, everyone really does....'
2025-11-02 10:45:05,228 [DEBUG] Merged segment 254: SRT entries [393] -> 'It's remembering....'
2025-11-02 10:45:05,228 [DEBUG] Merged segment 255: SRT entries [394] -> 'But it's just there all the time....'
2025-11-02 10:45:05,228 [DEBUG] Merged segment 256: SRT entries [395] -> 'It's a oneness, the love, the harmony, the peace....'
2025-11-02 10:45:05,228 [DEBUG] Merged segment 257: SRT entries [396] -> 'Yeah....'
2025-11-02 10:45:05,228 [DEBUG] Merged segment 258: SRT entries [397, 398] -> 'It's a curious-- you know, it's infinite curiosity...'
2025-11-02 10:45:05,228 [DEBUG] Merged segment 259: SRT entries [399] -> 'Because--...'
2025-11-02 10:45:05,228 [DEBUG] Merged segment 260: SRT entries [400] -> 'Curiosity on their behalf or--...'
2025-11-02 10:45:05,228 [DEBUG] Merged segment 261: SRT entries [401] -> 'They-- they're just curious....'
2025-11-02 10:45:05,228 [DEBUG] Merged segment 262: SRT entries [402, 403] -> 'And it gets into how the universe was created and ...'
2025-11-02 10:45:05,228 [DEBUG] Merged segment 263: SRT entries [404] -> 'We're all curious....'
2025-11-02 10:45:05,228 [DEBUG] Merged segment 264: SRT entries [405] -> 'It's interesting....'
2025-11-02 10:45:05,228 [DEBUG] Merged segment 265: SRT entries [406] -> 'The download I got-- and you mentioned angels....'
2025-11-02 10:45:05,228 [DEBUG] Merged segment 266: SRT entries [407] -> 'So I sort of made the correlation....'
2025-11-02 10:45:05,228 [DEBUG] Merged segment 267: SRT entries [408] -> 'So this-- the visitation I had was on the lunar ec...'
2025-11-02 10:45:05,228 [DEBUG] Merged segment 268: SRT entries [409] -> 'What perfect timing....'
2025-11-02 10:45:05,228 [DEBUG] Merged segment 269: SRT entries [410] -> 'Yeah, when was it, the end of September last year?...'
2025-11-02 10:45:05,228 [DEBUG] Merged segment 270: SRT entries [411] -> 'Yes....'
2025-11-02 10:45:05,228 [DEBUG] Merged segment 271: SRT entries [412] -> 'Oh....'
2025-11-02 10:45:05,228 [DEBUG] Merged segment 272: SRT entries [413] -> 'And it went on for a couple hours....'
2025-11-02 10:45:05,228 [DEBUG] Merged segment 273: SRT entries [414] -> 'And I was shaking and got a full on experience....'
2025-11-02 10:45:05,228 [DEBUG] Merged segment 274: SRT entries [415, 416, 417, 418] -> 'And I've never had-- I've been doing this kind of ...'
2025-11-02 10:45:05,228 [DEBUG] Merged segment 275: SRT entries [419] -> 'That's wonderful....'
2025-11-02 10:45:05,228 [DEBUG] Merged segment 276: SRT entries [420, 421] -> 'And I was sort of getting this download of the cre...'
2025-11-02 10:45:05,229 [DEBUG] Merged segment 277: SRT entries [422, 423, 424] -> 'And then I related-- so the Zetas came up, the Gra...'
2025-11-02 10:45:05,229 [DEBUG] Merged segment 278: SRT entries [425, 426, 427, 428, 429] -> 'And I sort of saw-- they were presenting to me tel...'
2025-11-02 10:45:05,229 [DEBUG] Merged segment 279: SRT entries [430] -> 'But I saw how Reptilians saw them as Angels....'
2025-11-02 10:45:05,229 [DEBUG] Merged segment 280: SRT entries [431] -> 'Does that resonate?...'
2025-11-02 10:45:05,229 [DEBUG] Merged segment 281: SRT entries [432, 433, 434] -> 'Yeah, if you think about it, you know, you hear a ...'
2025-11-02 10:45:05,229 [DEBUG] Merged segment 282: SRT entries [435, 436] -> 'They work with every-- all the beings, all of them...'
2025-11-02 10:45:05,229 [DEBUG] Merged segment 283: SRT entries [437, 438] -> 'They don't like to-- they don't interfere with the...'
2025-11-02 10:45:05,229 [DEBUG] Merged segment 284: SRT entries [439, 440] -> 'They're just they're mostly to observe, to underst...'
2025-11-02 10:45:05,229 [DEBUG] Merged segment 285: SRT entries [441, 442] -> 'And so a lot of the time, they're just there as ob...'
2025-11-02 10:45:05,229 [DEBUG] Merged segment 286: SRT entries [443, 444, 445, 446] -> 'Yeah, that's-- I got that there was a distress cal...'
2025-11-02 10:45:05,229 [DEBUG] Merged segment 287: SRT entries [447, 448] -> 'And in order to do so, they called upon the Mantis...'
2025-11-02 10:45:05,229 [DEBUG] Merged segment 288: SRT entries [449] -> 'And then the Mantis beings came in....'
2025-11-02 10:45:05,229 [DEBUG] Merged segment 289: SRT entries [450, 451] -> 'And I guess that's how the human experience was fo...'
2025-11-02 10:45:05,229 [DEBUG] Merged segment 290: SRT entries [452, 453, 454, 455, 456] -> 'They also have-- I do know they also have-- they h...'
2025-11-02 10:45:05,229 [DEBUG] Merged segment 291: SRT entries [457] -> 'They would look like a Gray....'
2025-11-02 10:45:05,229 [DEBUG] Merged segment 292: SRT entries [458, 459] -> 'They look just like a Gray, except for the ones th...'
2025-11-02 10:45:05,229 [DEBUG] Merged segment 293: SRT entries [460, 461] -> 'They're really short, like, three feet tall, wear ...'
2025-11-02 10:45:05,229 [DEBUG] Merged segment 294: SRT entries [462, 463] -> 'They have these lines on their faces that are just...'
2025-11-02 10:45:05,229 [DEBUG] Merged segment 295: SRT entries [464, 465, 466] -> 'And they were created so that way, the Mantis bein...'
2025-11-02 10:45:05,229 [DEBUG] Merged segment 296: SRT entries [467, 468, 469] -> 'A lot of times, when the Mantis work with me, thes...'
2025-11-02 10:45:05,229 [DEBUG] Merged segment 297: SRT entries [470] -> 'My wife made some jalapeno-- bacon wrapped jalapen...'
2025-11-02 10:45:05,229 [DEBUG] Merged segment 298: SRT entries [471] -> 'She put the toothpick into it....'
2025-11-02 10:45:05,229 [DEBUG] Merged segment 299: SRT entries [472] -> 'And I was just gobbling them down....'
2025-11-02 10:45:05,229 [DEBUG] Merged segment 300: SRT entries [473] -> 'And I accidentally swallowed a toothpick....'
2025-11-02 10:45:05,229 [DEBUG] Merged segment 301: SRT entries [474] -> 'Oh, no....'
2025-11-02 10:45:05,229 [DEBUG] Merged segment 302: SRT entries [475, 476] -> 'And so-- I was like, OK, well, it doesn't hurt me ...'
2025-11-02 10:45:05,229 [DEBUG] Merged segment 303: SRT entries [477, 478] -> 'I had a little upset stomach, but I'm going to hav...'
2025-11-02 10:45:05,229 [DEBUG] Merged segment 304: SRT entries [479] -> 'It's like 12 o'clock at night....'
2025-11-02 10:45:05,229 [DEBUG] Merged segment 305: SRT entries [480, 481] -> 'I mean, I'm really bad about going to the doctor w...'
2025-11-02 10:45:05,229 [DEBUG] Merged segment 306: SRT entries [482, 483] -> 'But next thing I know, I feel-- my body starts str...'
2025-11-02 10:45:05,229 [DEBUG] Merged segment 307: SRT entries [484, 485] -> 'And I'll see these little beings walk in and the M...'
2025-11-02 10:45:05,229 [DEBUG] Merged segment 308: SRT entries [486] -> 'The Mantis being says, you know, this is going to ...'
2025-11-02 10:45:05,229 [DEBUG] Merged segment 309: SRT entries [487, 488] -> 'And the little guy puts his hand in my stomach, an...'
2025-11-02 10:45:05,229 [DEBUG] Merged segment 310: SRT entries [489, 490] -> 'If you've ever a hand go into your stomach, it's t...'
2025-11-02 10:45:05,229 [DEBUG] Merged segment 311: SRT entries [491] -> 'So I snapped out of it, out of my paralysis....'
2025-11-02 10:45:05,229 [DEBUG] Merged segment 312: SRT entries [492] -> 'And I grabbed the being by the head....'
2025-11-02 10:45:05,229 [DEBUG] Merged segment 313: SRT entries [493] -> 'And I had my thumb in it's mouth, you know?...'
2025-11-02 10:45:05,229 [DEBUG] Merged segment 314: SRT entries [494] -> 'And it's chewing on my thumb....'
2025-11-02 10:45:05,229 [DEBUG] Merged segment 315: SRT entries [495, 496] -> 'I could feel it's little gums, and it's saliva, an...'
2025-11-02 10:45:05,229 [DEBUG] Merged segment 316: SRT entries [497] -> 'And the Mantis being just waves it's hand over me....'
2025-11-02 10:45:05,229 [DEBUG] Merged segment 317: SRT entries [498, 499] -> 'And the next thing I know, I'm having a dream wher...'
2025-11-02 10:45:05,229 [DEBUG] Merged segment 318: SRT entries [500] -> 'Oh....'
2025-11-02 10:45:05,229 [DEBUG] Merged segment 319: SRT entries [501, 502] -> 'So the Mantis being, they've evolved to the point ...'
2025-11-02 10:45:05,229 [DEBUG] Merged segment 320: SRT entries [503] -> 'So let's take this pillow--...'
2025-11-02 10:45:05,229 [DEBUG] Merged segment 321: SRT entries [504] -> 'Levitate....'
2025-11-02 10:45:05,229 [DEBUG] Merged segment 322: SRT entries [505] -> 'Let's take this pillow for an example, right?...'
2025-11-02 10:45:05,229 [DEBUG] Merged segment 323: SRT entries [506, 507] -> 'They have the ability to make the electrons and at...'
2025-11-02 10:45:05,229 [DEBUG] Merged segment 324: SRT entries [508] -> 'And so they can just move through it....'
2025-11-02 10:45:05,229 [DEBUG] Merged segment 325: SRT entries [509] -> 'So it's all-- they're just masters of the universe...'
2025-11-02 10:45:05,229 [DEBUG] Merged segment 326: SRT entries [510] -> 'So they don't even really need technology....'
2025-11-02 10:45:05,229 [DEBUG] Merged segment 327: SRT entries [511] -> 'Right....'
2025-11-02 10:45:05,229 [DEBUG] Merged segment 328: SRT entries [512, 513, 514] -> 'And the work that they do with the Reptilians is--...'
2025-11-02 10:45:05,229 [DEBUG] Merged segment 329: SRT entries [515] -> 'So did you get the toothpick out?...'
2025-11-02 10:45:05,229 [DEBUG] Merged segment 330: SRT entries [516] -> 'Yes....'
2025-11-02 10:45:05,229 [DEBUG] Merged segment 331: SRT entries [517] -> 'It was out....'
2025-11-02 10:45:05,229 [DEBUG] Merged segment 332: SRT entries [518] -> 'It did get out....'
2025-11-02 10:45:05,229 [DEBUG] Merged segment 333: SRT entries [519] -> 'That was fine....'
2025-11-02 10:45:05,229 [DEBUG] Merged segment 334: SRT entries [520] -> 'But what a weird feeling, having a hand digging in...'
2025-11-02 10:45:05,230 [DEBUG] Merged segment 335: SRT entries [521] -> 'Oh, weird....'
2025-11-02 10:45:05,230 [DEBUG] Merged segment 336: SRT entries [522, 523] -> 'Well, for years, people have been trying to get Ro...'
2025-11-02 10:45:05,230 [DEBUG] Merged segment 337: SRT entries [524] -> 'OK....'
2025-11-02 10:45:05,230 [DEBUG] Merged segment 338: SRT entries [525] -> '--you know, over the phone and that....'
2025-11-02 10:45:05,230 [DEBUG] Merged segment 339: SRT entries [526, 527] -> 'And we both had so much going on at the same time,...'
2025-11-02 10:45:05,230 [DEBUG] Merged segment 340: SRT entries [528] -> 'A couple years ago, I came to this conference....'
2025-11-02 10:45:05,230 [DEBUG] Merged segment 341: SRT entries [529] -> 'And Robert was here as well....'
2025-11-02 10:45:05,230 [DEBUG] Merged segment 342: SRT entries [530] -> 'He was staying in a separate place....'
2025-11-02 10:45:05,230 [DEBUG] Merged segment 343: SRT entries [531] -> 'And I was actually getting ready to leave the conf...'
2025-11-02 10:45:05,230 [DEBUG] Merged segment 344: SRT entries [532, 533] -> 'So all these people were around us, saying, you tw...'
2025-11-02 10:45:05,230 [DEBUG] Merged segment 345: SRT entries [534] -> 'Now's the time....'
2025-11-02 10:45:05,230 [DEBUG] Merged segment 346: SRT entries [535] -> 'Now's the time, which was awesome....'
2025-11-02 10:45:05,230 [DEBUG] Merged segment 347: SRT entries [536] -> 'And we came together....'
2025-11-02 10:45:05,230 [DEBUG] Merged segment 348: SRT entries [537] -> 'And we were looking at each other....'
2025-11-02 10:45:05,230 [DEBUG] Merged segment 349: SRT entries [538] -> 'And we couldn't even speak....'
2025-11-02 10:45:05,230 [DEBUG] Merged segment 350: SRT entries [539] -> 'Our mouths just fell open....'
2025-11-02 10:45:05,230 [DEBUG] Merged segment 351: SRT entries [540, 541, 542] -> 'And we were just like, holy cow and knew we are on...'
2025-11-02 10:45:05,230 [DEBUG] Merged segment 352: SRT entries [543] -> 'And we just really clicked....'
2025-11-02 10:45:05,230 [DEBUG] Merged segment 353: SRT entries [544, 545, 546] -> 'We spontaneously, when we were together-- and ther...'
2025-11-02 10:45:05,230 [DEBUG] Merged segment 354: SRT entries [547] -> 'And--...'
2025-11-02 10:45:05,230 [DEBUG] Merged segment 355: SRT entries [548] -> 'The Mantis bow?...'
2025-11-02 10:45:05,230 [DEBUG] Merged segment 356: SRT entries [549, 550] -> 'We had never-- there was no way either of us could...'
2025-11-02 10:45:05,230 [DEBUG] Merged segment 357: SRT entries [551] -> 'You know what I'm saying?...'
2025-11-02 10:45:05,230 [DEBUG] Merged segment 358: SRT entries [552] -> 'We had never-- we just spontaneously did it....'
2025-11-02 10:45:05,230 [DEBUG] Merged segment 359: SRT entries [553] -> 'And then we went into speaking the way we do as Ma...'
2025-11-02 10:45:05,230 [DEBUG] Merged segment 360: SRT entries [554] -> 'And then we just had so much fun....'
2025-11-02 10:45:05,230 [DEBUG] Merged segment 361: SRT entries [555] -> 'Everybody was having fun there, watching and enjoy...'
2025-11-02 10:45:05,230 [DEBUG] Merged segment 362: SRT entries [556] -> 'And so he and I, Robert and I have been very conne...'
2025-11-02 10:45:05,230 [DEBUG] Merged segment 363: SRT entries [557, 558, 559] -> 'We talk a lot over the phone and have discussions ...'
2025-11-02 10:45:05,230 [DEBUG] Merged segment 364: SRT entries [560, 561] -> 'So we get to share these wonderful happenings and ...'
2025-11-02 10:45:05,230 [DEBUG] Merged segment 365: SRT entries [562] -> 'And that is very special for us....'
2025-11-02 10:45:05,230 [DEBUG] Merged segment 366: SRT entries [563, 564, 565] -> 'The best way I put it-- it's like a similar feelin...'
2025-11-02 10:45:05,230 [DEBUG] Merged segment 367: SRT entries [566] -> 'And we don't speak Russian very well....'
2025-11-02 10:45:05,230 [DEBUG] Merged segment 368: SRT entries [567] -> 'And now, of these two Americans, we meet....'
2025-11-02 10:45:05,230 [DEBUG] Merged segment 369: SRT entries [568, 569] -> 'And oh, not only are we two Americans, but we're f...'
2025-11-02 10:45:05,230 [DEBUG] Merged segment 370: SRT entries [570, 571] -> 'So we have this really, really unique connection t...'
2025-11-02 10:45:05,230 [DEBUG] Merged segment 371: SRT entries [572] -> 'This is the exact same feeling, you know....'
2025-11-02 10:45:05,230 [DEBUG] Merged segment 372: SRT entries [573] -> 'So you had this greeting....'
2025-11-02 10:45:05,230 [DEBUG] Merged segment 373: SRT entries [574] -> 'Was sort of an unconscious bow--...'
2025-11-02 10:45:05,230 [DEBUG] Merged segment 374: SRT entries [575] -> 'It just happened spontaneously....'
2025-11-02 10:45:05,230 [DEBUG] Merged segment 375: SRT entries [576] -> '--greeting that just happened....'
2025-11-02 10:45:05,230 [DEBUG] Merged segment 376: SRT entries [577, 578] -> 'And when you say language, is it actually another ...'
2025-11-02 10:45:05,230 [DEBUG] Merged segment 377: SRT entries [579] -> 'It's not English?...'
2025-11-02 10:45:05,230 [DEBUG] Merged segment 378: SRT entries [580] -> 'No....'
2025-11-02 10:45:05,230 [DEBUG] Merged segment 379: SRT entries [581] -> 'Wow....'
2025-11-02 10:45:05,230 [DEBUG] Merged segment 380: SRT entries [582] -> 'And is it-- and you understand the words?...'
2025-11-02 10:45:05,230 [DEBUG] Merged segment 381: SRT entries [583] -> 'Or is it more intuitive?...'
2025-11-02 10:45:05,230 [DEBUG] Merged segment 382: SRT entries [584] -> 'It's more of a frequency....'
2025-11-02 10:45:05,230 [DEBUG] Merged segment 383: SRT entries [585, 586] -> 'If you think about it, they don't really talk in a...'
2025-11-02 10:45:05,230 [DEBUG] Merged segment 384: SRT entries [587] -> 'It's more of a frequency....'
2025-11-02 10:45:05,230 [DEBUG] Merged segment 385: SRT entries [588, 589] -> 'So it's like a psychic vibrational connection that...'
2025-11-02 10:45:05,230 [DEBUG] Merged segment 386: SRT entries [590] -> 'So you're not actually moving your lips then....'
2025-11-02 10:45:05,230 [DEBUG] Merged segment 387: SRT entries [591] -> 'Yeah....'
2025-11-02 10:45:05,231 [DEBUG] Merged segment 388: SRT entries [592] -> 'Oh, you are....'
2025-11-02 10:45:05,231 [DEBUG] Merged segment 389: SRT entries [593] -> 'Oh, it's out loud, yeah....'
2025-11-02 10:45:05,231 [DEBUG] Merged segment 390: SRT entries [594] -> 'Everybody thought we-- it was fun....'
2025-11-02 10:45:05,231 [DEBUG] Merged segment 391: SRT entries [595] -> 'It's a physical manifestation of communication....'
2025-11-02 10:45:05,231 [DEBUG] Merged segment 392: SRT entries [596] -> 'Of the energy....'
2025-11-02 10:45:05,231 [DEBUG] Merged segment 393: SRT entries [597] -> 'Because you can't bring it through in English....'
2025-11-02 10:45:05,231 [DEBUG] Merged segment 394: SRT entries [598] -> 'It's a frequency....'
2025-11-02 10:45:05,231 [DEBUG] Merged segment 395: SRT entries [599, 600] -> 'And the voice shifts in all kinds of ways to-- it ...'
2025-11-02 10:45:05,231 [DEBUG] Merged segment 396: SRT entries [601] -> 'It's so pure....'
2025-11-02 10:45:05,231 [DEBUG] Merged segment 397: SRT entries [602] -> 'And--...'
2025-11-02 10:45:05,231 [DEBUG] Merged segment 398: SRT entries [603] -> 'It's not a learned thing....'
2025-11-02 10:45:05,231 [DEBUG] Merged segment 399: SRT entries [604, 605] -> 'It's just-- - It's a natural thing....'
2025-11-02 10:45:05,231 [DEBUG] Merged segment 400: SRT entries [606] -> 'It's a natural soul kind of language....'
2025-11-02 10:45:05,231 [DEBUG] Merged segment 401: SRT entries [607] -> 'Interesting....'
2025-11-02 10:45:05,231 [DEBUG] Merged segment 402: SRT entries [608, 609] -> 'I've had a being say once-- another hybrid, they'r...'
2025-11-02 10:45:05,231 [DEBUG] Merged segment 403: SRT entries [610] -> 'And they're able to bring their full ET self in....'
2025-11-02 10:45:05,231 [DEBUG] Merged segment 404: SRT entries [611] -> 'Right....'
2025-11-02 10:45:05,231 [DEBUG] Merged segment 405: SRT entries [612] -> 'They say, everybody uses the harsh words, you know...'
2025-11-02 10:45:05,231 [DEBUG] Merged segment 406: SRT entries [613] -> 'It's hard on our ears....'
2025-11-02 10:45:05,231 [DEBUG] Merged segment 407: SRT entries [614] -> 'It hurts our ears....'
2025-11-02 10:45:05,231 [DEBUG] Merged segment 408: SRT entries [615] -> 'Why can't they speak like you speak?...'
2025-11-02 10:45:05,231 [DEBUG] Merged segment 409: SRT entries [616] -> 'Why can't they talk like you talk?...'
2025-11-02 10:45:05,231 [DEBUG] Merged segment 410: SRT entries [617] -> 'When you do the language, it's like it's just a fr...'
2025-11-02 10:45:05,231 [DEBUG] Merged segment 411: SRT entries [618] -> 'It's a--...'
2025-11-02 10:45:05,231 [DEBUG] Merged segment 412: SRT entries [619] -> 'Harsh words meaning English being harsh words?...'
2025-11-02 10:45:05,231 [DEBUG] Merged segment 413: SRT entries [620, 621, 622, 623] -> 'Because the vibration of our language is a third d...'
2025-11-02 10:45:05,231 [DEBUG] Merged segment 414: SRT entries [624] -> '[LAUGHTER]...'
2025-11-02 10:45:05,231 [DEBUG] Merged segment 415: SRT entries [625] -> 'Yeah, I can see that....'
2025-11-02 10:45:05,231 [DEBUG] Merged segment 416: SRT entries [626] -> 'That's the difference, you know....'
2025-11-02 10:45:05,231 [DEBUG] Merged segment 417: SRT entries [627] -> 'That's very-- the energy here is very harsh....'
2025-11-02 10:45:05,231 [DEBUG] Merged segment 418: SRT entries [628] -> 'Yeah....'
2025-11-02 10:45:05,231 [DEBUG] Merged segment 419: SRT entries [629] -> 'OK, yeah, OK....'
2025-11-02 10:45:05,231 [DEBUG] Merged segment 420: SRT entries [630] -> 'So speaking of the mission then, let's get into th...'
2025-11-02 10:45:05,231 [DEBUG] Merged segment 421: SRT entries [631] -> 'What is the mission?...'
2025-11-02 10:45:05,231 [DEBUG] Merged segment 422: SRT entries [632] -> 'Why this contact?...'
2025-11-02 10:45:05,231 [DEBUG] Merged segment 423: SRT entries [633] -> 'Why the hybridization?...'
2025-11-02 10:45:05,231 [DEBUG] Merged segment 424: SRT entries [634] -> 'Why-- what's going on?...'
2025-11-02 10:45:05,231 [DEBUG] Merged segment 425: SRT entries [635] -> 'It's really a multi-dimensional thing, right?...'
2025-11-02 10:45:05,231 [DEBUG] Merged segment 426: SRT entries [636] -> 'So there's many, many layers and different aspects...'
2025-11-02 10:45:05,231 [DEBUG] Merged segment 427: SRT entries [637, 638, 639] -> 'One of the reasons why, for me anyways, they had t...'
2025-11-02 10:45:05,231 [DEBUG] Merged segment 428: SRT entries [640, 641, 642, 643] -> 'Now, that doesn't make me-- in all reality, it doe...'
2025-11-02 10:45:05,231 [DEBUG] Merged segment 429: SRT entries [644] -> 'I forget....'
2025-11-02 10:45:05,231 [DEBUG] Merged segment 430: SRT entries [645] -> 'I don't have any memory of this....'
2025-11-02 10:45:05,231 [DEBUG] Merged segment 431: SRT entries [646, 647, 648] -> 'So what happens if, like, you want to understand w...'
2025-11-02 10:45:05,231 [DEBUG] Merged segment 432: SRT entries [649] -> 'Well, you would come and live the life of an ant, ...'
2025-11-02 10:45:05,231 [DEBUG] Merged segment 433: SRT entries [650, 651] -> 'You can't just like-- you can sit there and study ...'
2025-11-02 10:45:05,231 [DEBUG] Merged segment 434: SRT entries [652] -> 'But actually get to understand it is to incarnate ...'
2025-11-02 10:45:05,231 [DEBUG] Merged segment 435: SRT entries [653] -> 'Sure....'
2025-11-02 10:45:05,231 [DEBUG] Merged segment 436: SRT entries [654, 655] -> 'And it could have the exact same-- not as superpow...'
2025-11-02 10:45:05,231 [DEBUG] Merged segment 437: SRT entries [656, 657] -> 'Sure, some things do bleed through, like some psyc...'
2025-11-02 10:45:05,231 [DEBUG] Merged segment 438: SRT entries [658, 659] -> 'But as far as me, it's-- I didn't have the psychic...'
2025-11-02 10:45:05,231 [DEBUG] Merged segment 439: SRT entries [660] -> 'Well, I'm sure it was there....'
2025-11-02 10:45:05,231 [DEBUG] Merged segment 440: SRT entries [661] -> 'I just didn't realize it....'
2025-11-02 10:45:05,232 [DEBUG] Merged segment 441: SRT entries [662, 663, 664, 665, 666] -> 'But-- [LAUGHTER] But you know, to live a human exp...'
2025-11-02 10:45:05,232 [DEBUG] Merged segment 442: SRT entries [667, 668, 669, 670, 671, 672] -> 'So that way, I can better understand what it is to...'
2025-11-02 10:45:05,232 [DEBUG] Merged segment 443: SRT entries [673, 674, 675] -> 'So now, if you go back to the ant analogy here, im...'
2025-11-02 10:45:05,232 [DEBUG] Merged segment 444: SRT entries [676] -> 'And let's say someone came by and kicked the ant h...'
2025-11-02 10:45:05,232 [DEBUG] Merged segment 445: SRT entries [677] -> 'And now, we're coming down, looking at it....'
2025-11-02 10:45:05,232 [DEBUG] Merged segment 446: SRT entries [678] -> 'I mean, as a person, how do I make these ants not ...'
2025-11-02 10:45:05,232 [DEBUG] Merged segment 447: SRT entries [679, 680] -> 'You can't just take your finger, and you put your ...'
2025-11-02 10:45:05,232 [DEBUG] Merged segment 448: SRT entries [681] -> 'They'll bite it....'
2025-11-02 10:45:05,232 [DEBUG] Merged segment 449: SRT entries [682] -> 'They're going to go crazy, you know?...'
2025-11-02 10:45:05,232 [DEBUG] Merged segment 450: SRT entries [683] -> 'So you just have to sit back and observe....'
2025-11-02 10:45:05,232 [DEBUG] Merged segment 451: SRT entries [684, 685, 686, 687] -> 'And the only way we can-- the only way they can he...'
2025-11-02 10:45:05,232 [DEBUG] Merged segment 452: SRT entries [688] -> 'Don't worry about it....'
2025-11-02 10:45:05,232 [DEBUG] Merged segment 453: SRT entries [689] -> 'There's no need to panic....'
2025-11-02 10:45:05,232 [DEBUG] Merged segment 454: SRT entries [690] -> 'Just rebuild--...'
2025-11-02 10:45:05,232 [DEBUG] Merged segment 455: SRT entries [691] -> 'They're only here to help....'
2025-11-02 10:45:05,232 [DEBUG] Merged segment 456: SRT entries [692, 693] -> 'Or the big dude up there just wasn't paying attent...'
2025-11-02 10:45:05,232 [DEBUG] Merged segment 457: SRT entries [694] -> 'Exactly....'
2025-11-02 10:45:05,232 [DEBUG] Merged segment 458: SRT entries [695] -> 'Right....'
2025-11-02 10:45:05,232 [DEBUG] Merged segment 459: SRT entries [696] -> 'So we just gotta rebuild the hill....'
2025-11-02 10:45:05,232 [DEBUG] Merged segment 460: SRT entries [697] -> 'Exactly....'
2025-11-02 10:45:05,232 [DEBUG] Merged segment 461: SRT entries [698, 699] -> 'And so a lot of us come down to help so it's not s...'
2025-11-02 10:45:05,232 [DEBUG] Merged segment 462: SRT entries [700, 701] -> 'And I know it's frightening because I've been thro...'
2025-11-02 10:45:05,232 [DEBUG] Merged segment 463: SRT entries [702, 703, 704, 705] -> 'And that was part of my mission, if you will, to g...'
2025-11-02 10:45:05,232 [DEBUG] Merged segment 464: SRT entries [706] -> 'And I was, like, ignorant, just a typical American...'
2025-11-02 10:45:05,232 [DEBUG] Merged segment 465: SRT entries [707] -> 'You know, America, woo!...'
2025-11-02 10:45:05,232 [DEBUG] Merged segment 466: SRT entries [708] -> 'You know?...'
2025-11-02 10:45:05,232 [DEBUG] Merged segment 467: SRT entries [709] -> 'Nice....'
2025-11-02 10:45:05,232 [DEBUG] Merged segment 468: SRT entries [710, 711] -> 'And then all of a sudden, it's like I said, a ET c...'
2025-11-02 10:45:05,232 [DEBUG] Merged segment 469: SRT entries [712] -> 'And I just-- it scared the daylights out of me....'
2025-11-02 10:45:05,232 [DEBUG] Merged segment 470: SRT entries [713, 714] -> 'And they didn't want-- they didn't like--...'
2025-11-02 10:45:05,232 [DEBUG] Merged segment 471: SRT entries [715] -> 'So you really did....'
2025-11-02 10:45:05,232 [DEBUG] Merged segment 472: SRT entries [716, 717, 718] -> 'Most of us sort of have this-- slow, for me, I dis...'
2025-11-02 10:45:05,232 [DEBUG] Merged segment 473: SRT entries [719] -> 'So you went from George Bush to Mantis being....'
2025-11-02 10:45:05,232 [DEBUG] Merged segment 474: SRT entries [720] -> 'Oh, my god, yeah, a Mantis being....'
2025-11-02 10:45:05,232 [DEBUG] Merged segment 475: SRT entries [721] -> 'Wow....'
2025-11-02 10:45:05,232 [DEBUG] Merged segment 476: SRT entries [722, 723] -> 'And it-- I mean, I believe that most of the human ...'
2025-11-02 10:45:05,232 [DEBUG] Merged segment 477: SRT entries [724] -> 'Reality....'
2025-11-02 10:45:05,232 [DEBUG] Merged segment 478: SRT entries [725] -> 'Of reality, exactly....'
2025-11-02 10:45:05,232 [DEBUG] Merged segment 479: SRT entries [726] -> 'What we know reality is....'
2025-11-02 10:45:05,232 [DEBUG] Merged segment 480: SRT entries [727] -> 'What reality is....'
2025-11-02 10:45:05,232 [DEBUG] Merged segment 481: SRT entries [728] -> 'Yes....'
2025-11-02 10:45:05,232 [DEBUG] Merged segment 482: SRT entries [729, 730] -> 'So I ended up becoming a fractal of what I believe...'
2025-11-02 10:45:05,232 [DEBUG] Merged segment 483: SRT entries [731] -> 'And that's contact with the beings....'
2025-11-02 10:45:05,232 [DEBUG] Merged segment 484: SRT entries [732, 733, 734, 735] -> 'And so what's going to happen at first, when most ...'
2025-11-02 10:45:05,232 [DEBUG] Merged segment 485: SRT entries [736] -> 'The truth smacked me in the face....'
2025-11-02 10:45:05,232 [DEBUG] Merged segment 486: SRT entries [737, 738] -> 'So now that I have that experience, I'm able to te...'
2025-11-02 10:45:05,232 [DEBUG] Merged segment 487: SRT entries [739] -> 'You know, I've worked the steps....'
2025-11-02 10:45:05,232 [DEBUG] Merged segment 488: SRT entries [740] -> 'I've gone through the trials and tribulations....'
2025-11-02 10:45:05,232 [DEBUG] Merged segment 489: SRT entries [741] -> 'In a short amount of time it sounds like....'
2025-11-02 10:45:05,232 [DEBUG] Merged segment 490: SRT entries [742] -> 'An extremely short amount of time....'
2025-11-02 10:45:05,232 [DEBUG] Merged segment 491: SRT entries [743] -> 'Huh....'
2025-11-02 10:45:05,232 [DEBUG] Merged segment 492: SRT entries [744] -> 'Congratulations....'
2025-11-02 10:45:05,232 [DEBUG] Merged segment 493: SRT entries [745] -> 'Thank you....'
2025-11-02 10:45:05,232 [DEBUG] Merged segment 494: SRT entries [746] -> 'You're here....'
2025-11-02 10:45:05,232 [DEBUG] Merged segment 495: SRT entries [747] -> 'You're alive....'
2025-11-02 10:45:05,232 [DEBUG] Merged segment 496: SRT entries [748] -> 'I'm alive....'
2025-11-02 10:45:05,232 [DEBUG] Merged segment 497: SRT entries [749] -> 'And you know, it's been a nightmare....'
2025-11-02 10:45:05,232 [DEBUG] Merged segment 498: SRT entries [750] -> 'I mean, if you want to get into how it started....'
2025-11-02 10:45:05,232 [DEBUG] Merged segment 499: SRT entries [751] -> 'But you know, if you want to do your mission first...'
2025-11-02 10:45:05,232 [DEBUG] Merged segment 500: SRT entries [752, 753] -> 'Well, I've been an animal communicator for 36 year...'
2025-11-02 10:45:05,233 [DEBUG] Merged segment 501: SRT entries [754] -> 'And I've always been telepathic and psychic....'
2025-11-02 10:45:05,233 [DEBUG] Merged segment 502: SRT entries [755, 756, 757] -> 'Earlier on, I had dreams that came true, and knew ...'
2025-11-02 10:45:05,233 [DEBUG] Merged segment 503: SRT entries [758] -> 'In the-- with the animals?...'
2025-11-02 10:45:05,233 [DEBUG] Merged segment 504: SRT entries [759] -> 'Or with people....'
2025-11-02 10:45:05,233 [DEBUG] Merged segment 505: SRT entries [760, 761] -> 'With humans because I worked with both people and ...'
2025-11-02 10:45:05,233 [DEBUG] Merged segment 506: SRT entries [762] -> 'And so it's been a rough road....'
2025-11-02 10:45:05,233 [DEBUG] Merged segment 507: SRT entries [763, 764] -> 'And my abilities developed earlier on because I ha...'
2025-11-02 10:45:05,233 [DEBUG] Merged segment 508: SRT entries [765, 766] -> 'So I went into all those realms and knew it and ca...'
2025-11-02 10:45:05,233 [DEBUG] Merged segment 509: SRT entries [767, 768, 769, 770] -> 'But in terms of that, it unfolded for me in that--...'
2025-11-02 10:45:05,233 [DEBUG] Merged segment 510: SRT entries [771] -> 'And that really set me on my path with all of this...'
2025-11-02 10:45:05,233 [DEBUG] Merged segment 511: SRT entries [772, 773] -> 'And so it really kicked me in super high gear into...'
2025-11-02 10:45:05,233 [DEBUG] Merged segment 512: SRT entries [774] -> 'I was-- other things were going on psychically as ...'
2025-11-02 10:45:05,233 [DEBUG] Merged segment 513: SRT entries [775, 776, 777] -> 'So I chose to use those energies to communicate wi...'
2025-11-02 10:45:05,233 [DEBUG] Merged segment 514: SRT entries [778, 779] -> 'And then I was working psychically with people as ...'
2025-11-02 10:45:05,233 [DEBUG] Merged segment 515: SRT entries [780, 781] -> 'And then when I fully realized I had the ET freque...'
2025-11-02 10:45:05,233 [DEBUG] Merged segment 516: SRT entries [782] -> 'Things started unfolding for me to get into that....'
2025-11-02 10:45:05,233 [DEBUG] Merged segment 517: SRT entries [783, 784, 785] -> 'And so I see my mission as giving the message that...'
2025-11-02 10:45:05,233 [DEBUG] Merged segment 518: SRT entries [786, 787] -> 'Because the star readings I do helps their star fa...'
2025-11-02 10:45:05,233 [DEBUG] Merged segment 519: SRT entries [788, 789] -> 'And I just get them connected and give messages an...'
2025-11-02 10:45:05,233 [DEBUG] Merged segment 520: SRT entries [790] -> 'So I love doing that....'
2025-11-02 10:45:05,233 [DEBUG] Merged segment 521: SRT entries [791] -> 'It's great fun....'
2025-11-02 10:45:05,233 [DEBUG] Merged segment 522: SRT entries [792, 793, 794, 795, 796] -> 'And also, I'm a certified hypnotherapist and work ...'
2025-11-02 10:45:05,233 [DEBUG] Merged segment 523: SRT entries [797, 798] -> 'And I certainly understand the human experience pr...'
2025-11-02 10:45:05,233 [DEBUG] Merged segment 524: SRT entries [799] -> 'It's a pretty wide spectrum....'
2025-11-02 10:45:05,233 [DEBUG] Merged segment 525: SRT entries [800] -> 'It's been an interesting life....'
2025-11-02 10:45:05,233 [DEBUG] Merged segment 526: SRT entries [801, 802] -> 'And I'm glad I'm at where I am at and so grateful ...'
2025-11-02 10:45:05,233 [DEBUG] Merged segment 527: SRT entries [803] -> 'I mean, I have had two NDEs....'
2025-11-02 10:45:05,233 [DEBUG] Merged segment 528: SRT entries [804] -> 'And another time, I almost died about 11 years ago...'
2025-11-02 10:45:05,233 [DEBUG] Merged segment 529: SRT entries [805] -> 'So it's been quite a walk....'
2025-11-02 10:45:05,233 [DEBUG] Merged segment 530: SRT entries [806] -> 'Is that from an actual physical event and then--...'
2025-11-02 10:45:05,233 [DEBUG] Merged segment 531: SRT entries [807, 808] -> 'Yeah, just some-- yeah....'
2025-11-02 10:45:05,233 [DEBUG] Merged segment 532: SRT entries [809] -> 'OK....'
2025-11-02 10:45:05,233 [DEBUG] Merged segment 533: SRT entries [810, 811] -> 'So I've had a lot of miracles in order to stay her...'
2025-11-02 10:45:05,233 [DEBUG] Merged segment 534: SRT entries [812, 813, 814, 815] -> 'I love sharing with people and talking about all o...'
2025-11-02 10:45:05,233 [DEBUG] Merged segment 535: SRT entries [816, 817] -> 'And so I'm doing a lot of that now, light language...'
2025-11-02 10:45:05,233 [DEBUG] Merged segment 536: SRT entries [818, 819] -> 'And that's-- I can't think of anything to do that ...'
2025-11-02 10:45:05,233 [DEBUG] Merged segment 537: SRT entries [820] -> 'Wow....'
2025-11-02 10:45:05,233 [DEBUG] Merged segment 538: SRT entries [821] -> 'Well, getting back to your guys' interactions....'
2025-11-02 10:45:05,233 [DEBUG] Merged segment 539: SRT entries [822, 823, 824, 825] -> 'Do you have actual memories of being on the ships ...'
2025-11-02 10:45:05,233 [DEBUG] Merged segment 540: SRT entries [826] -> 'Oh my....'
2025-11-02 10:45:05,233 [DEBUG] Merged segment 541: SRT entries [827] -> 'If you want to....'
2025-11-02 10:45:05,233 [DEBUG] Merged segment 542: SRT entries [828, 829, 830] -> 'I do, but I'm trying to think of which one would b...'
2025-11-02 10:45:05,233 [DEBUG] Merged segment 543: SRT entries [831] -> 'And I drew pictures of it....'
2025-11-02 10:45:05,233 [DEBUG] Merged segment 544: SRT entries [832] -> 'To recreate my experience, I'll let you check them...'
2025-11-02 10:45:05,233 [DEBUG] Merged segment 545: SRT entries [833] -> 'Oh, please....'
2025-11-02 10:45:05,233 [DEBUG] Merged segment 546: SRT entries [834, 835, 836, 837, 838, 839] -> 'The one-- one of my most memorable was when I have...'
2025-11-02 10:45:05,233 [DEBUG] Merged segment 547: SRT entries [840] -> 'So all of a sudden--...'
2025-11-02 10:45:05,233 [DEBUG] Merged segment 548: SRT entries [841] -> 'Like a lucid dream....'
2025-11-02 10:45:05,233 [DEBUG] Merged segment 549: SRT entries [842] -> 'Exactly....'
2025-11-02 10:45:05,233 [DEBUG] Merged segment 550: SRT entries [843] -> 'But it's not-- it's not a dream....'
2025-11-02 10:45:05,233 [DEBUG] Merged segment 551: SRT entries [844, 845] -> 'I can tell the difference between a dream and an e...'
2025-11-02 10:45:05,233 [DEBUG] Merged segment 552: SRT entries [846] -> 'There's texture....'
2025-11-02 10:45:05,233 [DEBUG] Merged segment 553: SRT entries [847] -> 'There's smell....'
2025-11-02 10:45:05,233 [DEBUG] Merged segment 554: SRT entries [848] -> 'There's taste, you know....'
2025-11-02 10:45:05,233 [DEBUG] Merged segment 555: SRT entries [849, 850] -> 'It's just like-- you know, in dreams, you don't ge...'
2025-11-02 10:45:05,233 [DEBUG] Merged segment 556: SRT entries [851, 852] -> 'So I'm able to tell the difference between an actu...'
2025-11-02 10:45:05,233 [DEBUG] Merged segment 557: SRT entries [853] -> 'And in this particular one, I came into awareness....'
2025-11-02 10:45:05,233 [DEBUG] Merged segment 558: SRT entries [854] -> 'And I remember-- how do I start this?...'
2025-11-02 10:45:05,234 [DEBUG] Merged segment 559: SRT entries [855] -> 'Because it's so multidimensional....'
2025-11-02 10:45:05,234 [DEBUG] Merged segment 560: SRT entries [856] -> 'I remember being able to see 360 degrees around me...'
2025-11-02 10:45:05,234 [DEBUG] Merged segment 561: SRT entries [857] -> 'I was smaller....'
2025-11-02 10:45:05,234 [DEBUG] Merged segment 562: SRT entries [858] -> 'I was probably about the size of a tennis ball....'
2025-11-02 10:45:05,234 [DEBUG] Merged segment 563: SRT entries [859, 860, 861] -> 'And I was inside-- I remember seeing-- here's my p...'
2025-11-02 10:45:05,234 [DEBUG] Merged segment 564: SRT entries [862] -> 'I'm seeing hands like this and a being's face star...'
2025-11-02 10:45:05,234 [DEBUG] Merged segment 565: SRT entries [863] -> 'And then I look around....'
2025-11-02 10:45:05,234 [DEBUG] Merged segment 566: SRT entries [864] -> 'I can see around the being....'
2025-11-02 10:45:05,234 [DEBUG] Merged segment 567: SRT entries [865] -> 'And my body is in a chair like this, slumped over....'
2025-11-02 10:45:05,234 [DEBUG] Merged segment 568: SRT entries [866] -> 'The top of my head was removed....'
2025-11-02 10:45:05,234 [DEBUG] Merged segment 569: SRT entries [867, 868, 869] -> 'And you could see my brain with all the veins, and...'
2025-11-02 10:45:05,234 [DEBUG] Merged segment 570: SRT entries [870, 871] -> 'And there's three beings there rubbing their hands...'
2025-11-02 10:45:05,234 [DEBUG] Merged segment 571: SRT entries [872, 873, 874, 875] -> 'And so what I realized was what I was, they pulled...'
2025-11-02 10:45:05,234 [DEBUG] Merged segment 572: SRT entries [876] -> 'This is the 21 grams....'
2025-11-02 10:45:05,234 [DEBUG] Merged segment 573: SRT entries [877] -> 'Yeah....'
2025-11-02 10:45:05,234 [DEBUG] Merged segment 574: SRT entries [878] -> 'That's exactly it....'
2025-11-02 10:45:05,234 [DEBUG] Merged segment 575: SRT entries [879, 880] -> 'And there's no-- when you're in that state of cons...'
2025-11-02 10:45:05,234 [DEBUG] Merged segment 576: SRT entries [881] -> 'There's just curiosity....'
2025-11-02 10:45:05,234 [DEBUG] Merged segment 577: SRT entries [882] -> 'I remember thinking, wait....'
2025-11-02 10:45:05,234 [DEBUG] Merged segment 578: SRT entries [883] -> 'Where am I?...'
2025-11-02 10:45:05,234 [DEBUG] Merged segment 579: SRT entries [884] -> 'Wait....'
2025-11-02 10:45:05,234 [DEBUG] Merged segment 580: SRT entries [885] -> 'Is that me?...'
2025-11-02 10:45:05,234 [DEBUG] Merged segment 581: SRT entries [886] -> 'Yeah, that's me....'
2025-11-02 10:45:05,234 [DEBUG] Merged segment 582: SRT entries [887, 888] -> 'And then the being goes-- the being realized that ...'
2025-11-02 10:45:05,234 [DEBUG] Merged segment 583: SRT entries [889] -> 'And it goes, oh, oh, oh, hey there....'
2025-11-02 10:45:05,234 [DEBUG] Merged segment 584: SRT entries [890] -> 'Hey, why is a giraffe's neck so long?...'
2025-11-02 10:45:05,234 [DEBUG] Merged segment 585: SRT entries [891] -> 'And I said, I don't know....'
2025-11-02 10:45:05,234 [DEBUG] Merged segment 586: SRT entries [892] -> 'Why is a giraffe's neck so long?...'
2025-11-02 10:45:05,234 [DEBUG] Merged segment 587: SRT entries [893] -> 'And it says, because of its vertebrae....'
2025-11-02 10:45:05,234 [DEBUG] Merged segment 588: SRT entries [894, 895] -> '[IMITATES LAUGH] And I remember just cracking up, ...'
2025-11-02 10:45:05,234 [DEBUG] Merged segment 589: SRT entries [896, 897, 898] -> 'And I mean, I remember thinking, I can't believe t...'
2025-11-02 10:45:05,234 [DEBUG] Merged segment 590: SRT entries [899] -> 'That's a terrible joke, but it's hilarious....'
2025-11-02 10:45:05,234 [DEBUG] Merged segment 591: SRT entries [900, 901] -> 'And my body-- I'm looking around, and my body goes...'
2025-11-02 10:45:05,234 [DEBUG] Merged segment 592: SRT entries [902] -> 'Wow....'
2025-11-02 10:45:05,234 [DEBUG] Merged segment 593: SRT entries [903] -> 'That's got to be so crazy....'
2025-11-02 10:45:05,234 [DEBUG] Merged segment 594: SRT entries [904] -> 'Human joke....'
2025-11-02 10:45:05,234 [DEBUG] Merged segment 595: SRT entries [905] -> 'Tell me about it, right?...'
2025-11-02 10:45:05,234 [DEBUG] Merged segment 596: SRT entries [906, 907] -> '[LAUGHTER] You know, it just melted my brain....'
2025-11-02 10:45:05,234 [DEBUG] Merged segment 597: SRT entries [908, 909, 910, 911, 912] -> 'And this is before-- this is when my experiences w...'
2025-11-02 10:45:05,234 [DEBUG] Merged segment 598: SRT entries [913] -> 'And I woke up, feel like I hit by a train....'
2025-11-02 10:45:05,234 [DEBUG] Merged segment 599: SRT entries [914] -> 'There's no marks on my head....'
2025-11-02 10:45:05,234 [DEBUG] Merged segment 600: SRT entries [915] -> 'Right....'
2025-11-02 10:45:05,234 [DEBUG] Merged segment 601: SRT entries [916] -> 'And did you ever get what they were doing to your ...'
2025-11-02 10:45:05,234 [DEBUG] Merged segment 602: SRT entries [917] -> 'A little later, yeah....'
2025-11-02 10:45:05,234 [DEBUG] Merged segment 603: SRT entries [918] -> 'But at that time, I had no idea....'
2025-11-02 10:45:05,234 [DEBUG] Merged segment 604: SRT entries [919] -> 'It freaked me out....'
2025-11-02 10:45:05,234 [DEBUG] Merged segment 605: SRT entries [920, 921] -> 'And I was like, waking up back in my body, back in...'
2025-11-02 10:45:05,234 [DEBUG] Merged segment 606: SRT entries [922] -> 'That's like saying, what the was that?...'
2025-11-02 10:45:05,234 [DEBUG] Merged segment 607: SRT entries [923, 924] -> 'You know, it scared the crap out of me because I w...'
2025-11-02 10:45:05,234 [DEBUG] Merged segment 608: SRT entries [925] -> 'At the beginning of my experience, I was 210 pound...'
2025-11-02 10:45:05,234 [DEBUG] Merged segment 609: SRT entries [926] -> 'Went to 120 pounds....'
2025-11-02 10:45:05,234 [DEBUG] Merged segment 610: SRT entries [927] -> 'And the doctor said I was dying....'
2025-11-02 10:45:05,234 [DEBUG] Merged segment 611: SRT entries [928] -> 'And they didn't know why....'
2025-11-02 10:45:05,234 [DEBUG] Merged segment 612: SRT entries [929, 930] -> 'So at that time, I was thinking, oh god, what are ...'
2025-11-02 10:45:05,234 [DEBUG] Merged segment 613: SRT entries [931] -> 'They're killing me....'
2025-11-02 10:45:05,234 [DEBUG] Merged segment 614: SRT entries [932] -> 'And this is bad....'
2025-11-02 10:45:05,234 [DEBUG] Merged segment 615: SRT entries [933] -> 'That wasn't the case....'
2025-11-02 10:45:05,234 [DEBUG] Merged segment 616: SRT entries [934] -> 'So you know, I wake up the next day....'
2025-11-02 10:45:05,234 [DEBUG] Merged segment 617: SRT entries [935] -> 'And I'm just freaking out....'
2025-11-02 10:45:05,234 [DEBUG] Merged segment 618: SRT entries [936, 937] -> 'I had to go to work at 6 o'clock in the morning at...'
2025-11-02 10:45:05,234 [DEBUG] Merged segment 619: SRT entries [938, 939] -> 'And I can't call in sick and say, hey I was abduct...'
2025-11-02 10:45:05,235 [DEBUG] Merged segment 620: SRT entries [940] -> 'Can I not come in to work today?...'
2025-11-02 10:45:05,235 [DEBUG] Merged segment 621: SRT entries [941] -> 'Yeah, so that was my most profound--...'
2025-11-02 10:45:05,235 [DEBUG] Merged segment 622: SRT entries [942] -> 'Yeah, that's--...'
2025-11-02 10:45:05,235 [DEBUG] Merged segment 623: SRT entries [943] -> '--experiences....'
2025-11-02 10:45:05,235 [DEBUG] Merged segment 624: SRT entries [944, 945, 946] -> 'I found out later they were just repairing the dam...'
2025-11-02 10:45:05,235 [DEBUG] Merged segment 625: SRT entries [947] -> 'And they were just repairing the damage that was--...'
2025-11-02 10:45:05,235 [DEBUG] Merged segment 626: SRT entries [948] -> 'Wow, they're repairing the pharmaceutical damage....'
2025-11-02 10:45:05,235 [DEBUG] Merged segment 627: SRT entries [949] -> 'Correct....'
2025-11-02 10:45:05,235 [DEBUG] Merged segment 628: SRT entries [950] -> 'Yeah....'
2025-11-02 10:45:05,235 [DEBUG] Merged segment 629: SRT entries [951] -> 'Interesting....'
2025-11-02 10:45:05,235 [DEBUG] Merged segment 630: SRT entries [952, 953, 954, 955, 956] -> 'And I had a similar experience where they went int...'
2025-11-02 10:45:05,235 [DEBUG] Merged segment 631: SRT entries [957] -> 'And so it's a really-- and I was awake....'
2025-11-02 10:45:05,235 [DEBUG] Merged segment 632: SRT entries [958] -> 'I mean, I was very aware of it....'
2025-11-02 10:45:05,235 [DEBUG] Merged segment 633: SRT entries [959] -> 'It's such a weird feeling because I could see my b...'
2025-11-02 10:45:05,235 [DEBUG] Merged segment 634: SRT entries [960] -> 'And I knew what they were doing, so I was OK....'
2025-11-02 10:45:05,235 [DEBUG] Merged segment 635: SRT entries [961, 962] -> 'But they had their hands in my brain and just shif...'
2025-11-02 10:45:05,235 [DEBUG] Merged segment 636: SRT entries [963] -> 'And they said, it's all OK....'
2025-11-02 10:45:05,235 [DEBUG] Merged segment 637: SRT entries [964] -> 'And I really trusted that....'
2025-11-02 10:45:05,235 [DEBUG] Merged segment 638: SRT entries [965, 966] -> 'And they actually levitated me above my bed severa...'
2025-11-02 10:45:05,235 [DEBUG] Merged segment 639: SRT entries [967] -> 'Because they came one night to recalibrate me....'
2025-11-02 10:45:05,235 [DEBUG] Merged segment 640: SRT entries [968] -> 'And I was like not as OK....'
2025-11-02 10:45:05,235 [DEBUG] Merged segment 641: SRT entries [969] -> 'I mean, we've all been through our fear....'
2025-11-02 10:45:05,235 [DEBUG] Merged segment 642: SRT entries [970] -> 'Even though we're hybrids and that, we're like any...'
2025-11-02 10:45:05,235 [DEBUG] Merged segment 643: SRT entries [971] -> 'We've been through our stuff....'
2025-11-02 10:45:05,235 [DEBUG] Merged segment 644: SRT entries [972] -> 'And so they showed up in my room....'
2025-11-02 10:45:05,235 [DEBUG] Merged segment 645: SRT entries [973] -> 'And I was in bed....'
2025-11-02 10:45:05,235 [DEBUG] Merged segment 646: SRT entries [974, 975] -> 'And I started running for the door, thinking-- I c...'
2025-11-02 10:45:05,235 [DEBUG] Merged segment 647: SRT entries [976] -> 'I couldn't....'
2025-11-02 10:45:05,235 [DEBUG] Merged segment 648: SRT entries [977] -> 'And they levitated me, like, five feet up over my ...'
2025-11-02 10:45:05,235 [DEBUG] Merged segment 649: SRT entries [978] -> 'And I'm just, like, being levitated....'
2025-11-02 10:45:05,235 [DEBUG] Merged segment 650: SRT entries [979] -> 'And they said, do you think you can calm down now?...'
2025-11-02 10:45:05,235 [DEBUG] Merged segment 651: SRT entries [980] -> 'And I just was on the bed, paralyzed....'
2025-11-02 10:45:05,235 [DEBUG] Merged segment 652: SRT entries [981] -> 'And then I was gone....'
2025-11-02 10:45:05,235 [DEBUG] Merged segment 653: SRT entries [982] -> 'So the next night, they came again....'
2025-11-02 10:45:05,235 [DEBUG] Merged segment 654: SRT entries [983] -> 'And I got up to run again....'
2025-11-02 10:45:05,235 [DEBUG] Merged segment 655: SRT entries [984] -> 'And they said, are we going to go through this aga...'
2025-11-02 10:45:05,235 [DEBUG] Merged segment 656: SRT entries [985] -> 'And I went, no....'
2025-11-02 10:45:05,235 [DEBUG] Merged segment 657: SRT entries [986] -> 'And I turned around and went back into the bed....'
2025-11-02 10:45:05,235 [DEBUG] Merged segment 658: SRT entries [987] -> 'And then I was just gone again....'
2025-11-02 10:45:05,235 [DEBUG] Merged segment 659: SRT entries [988] -> 'But we've had to work through our fear of it....'
2025-11-02 10:45:05,235 [DEBUG] Merged segment 660: SRT entries [989] -> 'Oh, my gosh, I was being levitated....'
2025-11-02 10:45:05,235 [DEBUG] Merged segment 661: SRT entries [990] -> 'Are you kidding me?...'
2025-11-02 10:45:05,235 [DEBUG] Merged segment 662: SRT entries [991] -> 'Yeah, that's terrifying....'
2025-11-02 10:45:05,235 [DEBUG] Merged segment 663: SRT entries [992] -> 'I was terrified....'
2025-11-02 10:45:05,235 [DEBUG] Merged segment 664: SRT entries [993] -> 'And they said, this is what we're going to say to ...'
2025-11-02 10:45:05,235 [DEBUG] Merged segment 665: SRT entries [994, 995, 996, 997, 998] -> 'If a parent's child has had something go wrong and...'
2025-11-02 10:45:05,235 [DEBUG] Merged segment 666: SRT entries [999] -> 'We're going to take the child to the hospital....'
2025-11-02 10:45:05,235 [DEBUG] Merged segment 667: SRT entries [1000, 1001, 1002] -> 'And they said, that's basically what we need to do...'
2025-11-02 10:45:05,235 [DEBUG] Merged segment 668: SRT entries [1003] -> 'And so they reset me....'
2025-11-02 10:45:05,235 [DEBUG] Merged segment 669: SRT entries [1004] -> 'And that made me feel better....'
2025-11-02 10:45:05,235 [DEBUG] Merged segment 670: SRT entries [1005] -> 'And I knew they were loving, compassionate, and ki...'
2025-11-02 10:45:05,235 [DEBUG] Merged segment 671: SRT entries [1006] -> 'It's that human response, even if you don't want t...'
2025-11-02 10:45:05,235 [DEBUG] Merged segment 672: SRT entries [1007] -> 'But after that, I have no trouble with experiences...'
2025-11-02 10:45:05,235 [DEBUG] Merged segment 673: SRT entries [1008] -> 'I'm just like, hey--...'
2025-11-02 10:45:05,235 [DEBUG] Merged segment 674: SRT entries [1009] -> 'Love the experience....'
2025-11-02 10:45:05,235 [DEBUG] Merged segment 675: SRT entries [1010] -> 'Good to see you....'
2025-11-02 10:45:05,235 [DEBUG] Merged segment 676: SRT entries [1011] -> 'And experiencing--...'
2025-11-02 10:45:05,235 [DEBUG] Merged segment 677: SRT entries [1012] -> 'Let's go....'
2025-11-02 10:45:05,235 [DEBUG] Merged segment 678: SRT entries [1013] -> 'I crave them, yeah....'
2025-11-02 10:45:05,235 [DEBUG] Merged segment 679: SRT entries [1014] -> 'I'm ready to visit the ship....'
2025-11-02 10:45:05,235 [DEBUG] Merged segment 680: SRT entries [1015] -> 'Let's go....'
2025-11-02 10:45:05,235 [DEBUG] Merged segment 681: SRT entries [1016, 1017] -> 'But we all go through our fear experiences too bef...'
2025-11-02 10:45:05,235 [DEBUG] Merged segment 682: SRT entries [1018] -> 'The thing is, as a human, we experience the trauma...'
2025-11-02 10:45:05,235 [DEBUG] Merged segment 683: SRT entries [1019] -> 'Oh, just--...'
2025-11-02 10:45:05,235 [DEBUG] Merged segment 684: SRT entries [1020, 1021, 1022] -> 'Oh, my god, just this crazy-- Everyone I know is--...'
2025-11-02 10:45:05,235 [DEBUG] Merged segment 685: SRT entries [1023] -> 'Yeah, I mean, seriously....'
2025-11-02 10:45:05,235 [DEBUG] Merged segment 686: SRT entries [1024] -> 'I did....'
2025-11-02 10:45:05,235 [DEBUG] Merged segment 687: SRT entries [1025, 1026] -> 'And now we're getting PTSD from the drugs we're ta...'
2025-11-02 10:45:05,236 [DEBUG] Merged segment 688: SRT entries [1027] -> 'Exactly....'
2025-11-02 10:45:05,236 [DEBUG] Merged segment 689: SRT entries [1028] -> 'Yes....'
2025-11-02 10:45:05,236 [DEBUG] Merged segment 690: SRT entries [1029] -> 'Yeah, but it took me a while to process all of tha...'
2025-11-02 10:45:05,236 [DEBUG] Merged segment 691: SRT entries [1030, 1031] -> 'I mean, the next day I was like-- you know....'
2025-11-02 10:45:05,236 [DEBUG] Merged segment 692: SRT entries [1032] -> 'But it's all a matter of perspective....'
2025-11-02 10:45:05,236 [DEBUG] Merged segment 693: SRT entries [1033, 1034, 1035] -> 'I really want to say this, is that some people mig...'
2025-11-02 10:45:05,236 [DEBUG] Merged segment 694: SRT entries [1036] -> 'They levitated me....'
2025-11-02 10:45:05,236 [DEBUG] Merged segment 695: SRT entries [1037] -> 'They paralyzed me....'
2025-11-02 10:45:05,236 [DEBUG] Merged segment 696: SRT entries [1038] -> 'They took me....'
2025-11-02 10:45:05,236 [DEBUG] Merged segment 697: SRT entries [1039] -> 'Who knows what they did to me?...'
2025-11-02 10:45:05,236 [DEBUG] Merged segment 698: SRT entries [1040] -> 'That could be one perspective of the victim....'
2025-11-02 10:45:05,236 [DEBUG] Merged segment 699: SRT entries [1041] -> 'And I don't choose to be a victim....'
2025-11-02 10:45:05,236 [DEBUG] Merged segment 700: SRT entries [1042] -> 'I'm a part of this....'
2025-11-02 10:45:05,236 [DEBUG] Merged segment 701: SRT entries [1043] -> 'My soul volunteered to do this....'
2025-11-02 10:45:05,236 [DEBUG] Merged segment 702: SRT entries [1044, 1045, 1046, 1047] -> 'And so once I got a handle and could get beyond th...'
2025-11-02 10:45:05,236 [DEBUG] Merged segment 703: SRT entries [1048] -> 'So it truly is, with everything, a matter of persp...'
2025-11-02 10:45:05,236 [DEBUG] Merged segment 704: SRT entries [1049] -> 'It truly is....'
2025-11-02 10:45:05,236 [DEBUG] Merged segment 705: SRT entries [1050] -> 'That I'm an experiencer....'
2025-11-02 10:45:05,236 [DEBUG] Merged segment 706: SRT entries [1051] -> 'I'm not an abductee....'
2025-11-02 10:45:05,236 [DEBUG] Merged segment 707: SRT entries [1052] -> 'Right....'
2025-11-02 10:45:05,236 [DEBUG] Merged segment 708: SRT entries [1053, 1054] -> 'Which there's a night and day, a difference of eve...'
2025-11-02 10:45:05,236 [DEBUG] Merged segment 709: SRT entries [1055] -> 'Sure....'
2025-11-02 10:45:05,236 [DEBUG] Merged segment 710: SRT entries [1056, 1057, 1058] -> 'I had to-- that's one of the major things that I h...'
2025-11-02 10:45:05,236 [DEBUG] Merged segment 711: SRT entries [1059] -> 'Oh, my god....'
2025-11-02 10:45:05,236 [DEBUG] Merged segment 712: SRT entries [1060] -> 'I went up for my first craft, I thought, this is i...'
2025-11-02 10:45:05,236 [DEBUG] Merged segment 713: SRT entries [1061] -> 'This is doomsday....'
2025-11-02 10:45:05,236 [DEBUG] Merged segment 714: SRT entries [1062] -> 'The ships are here to take us and everything....'
2025-11-02 10:45:05,236 [DEBUG] Merged segment 715: SRT entries [1063, 1064] -> 'And my first craft that I ever saw-- I got a pictu...'
2025-11-02 10:45:05,236 [DEBUG] Merged segment 716: SRT entries [1065] -> 'OK....'
2025-11-02 10:45:05,236 [DEBUG] Merged segment 717: SRT entries [1066] -> 'It was, like, a 45-minute encounter with a ship....'
2025-11-02 10:45:05,236 [DEBUG] Merged segment 718: SRT entries [1067] -> 'And I remember thinking, oh my gosh....'
2025-11-02 10:45:05,236 [DEBUG] Merged segment 719: SRT entries [1068] -> 'I'm a good person....'
2025-11-02 10:45:05,236 [DEBUG] Merged segment 720: SRT entries [1069] -> 'I'm a benevolent being....'
2025-11-02 10:45:05,236 [DEBUG] Merged segment 721: SRT entries [1070] -> 'I'm friendly....'
2025-11-02 10:45:05,236 [DEBUG] Merged segment 722: SRT entries [1071] -> 'Don't hurt me....'
2025-11-02 10:45:05,236 [DEBUG] Merged segment 723: SRT entries [1072] -> 'Don't hurt me....'
2025-11-02 10:45:05,236 [DEBUG] Merged segment 724: SRT entries [1073, 1074, 1075, 1076] -> 'Even my wife-- imagine a black triangle, almost ha...'
2025-11-02 10:45:05,236 [DEBUG] Merged segment 725: SRT entries [1077] -> 'If it's a--...'
2025-11-02 10:45:05,236 [DEBUG] Merged segment 726: SRT entries [1078] -> 'And so your wife has been--...'
2025-11-02 10:45:05,236 [DEBUG] Merged segment 727: SRT entries [1079] -> 'She's been experiencing--...'
2025-11-02 10:45:05,236 [DEBUG] Merged segment 728: SRT entries [1080] -> '--experiencing things along with you....'
2025-11-02 10:45:05,236 [DEBUG] Merged segment 729: SRT entries [1081, 1082] -> 'I guess if you're hanging out with a Mantis, you'r...'
2025-11-02 10:45:05,236 [DEBUG] Merged segment 730: SRT entries [1083] -> 'Yeah, definitely....'
2025-11-02 10:45:05,236 [DEBUG] Merged segment 731: SRT entries [1084, 1085] -> 'The interesting thing is that with me and my wife,...'
2025-11-02 10:45:05,236 [DEBUG] Merged segment 732: SRT entries [1086] -> 'So it's almost like they waited until we had that ...'
2025-11-02 10:45:05,236 [DEBUG] Merged segment 733: SRT entries [1087] -> 'Because without her, I wouldn't be here talking to...'
2025-11-02 10:45:05,236 [DEBUG] Merged segment 734: SRT entries [1088, 1089] -> 'I wouldn't have survived my tribulation period, as...'
2025-11-02 10:45:05,236 [DEBUG] Merged segment 735: SRT entries [1090] -> 'There's no way in heck I would've survived it....'
2025-11-02 10:45:05,236 [DEBUG] Merged segment 736: SRT entries [1091] -> 'So they kind of waited for me to have the support....'
2025-11-02 10:45:05,236 [DEBUG] Merged segment 737: SRT entries [1092, 1093] -> 'And then in turn, is she having her own individual...'
2025-11-02 10:45:05,236 [DEBUG] Merged segment 738: SRT entries [1094] -> 'Oh, yes, she is....'
2025-11-02 10:45:05,236 [DEBUG] Merged segment 739: SRT entries [1095] -> 'Yes....'
2025-11-02 10:45:05,236 [DEBUG] Merged segment 740: SRT entries [1096] -> 'And it's amazing....'
2025-11-02 10:45:05,236 [DEBUG] Merged segment 741: SRT entries [1097, 1098] -> 'But I'm lucky that I get to share it with somebody...'
2025-11-02 10:45:05,236 [DEBUG] Merged segment 742: SRT entries [1099] -> 'Great. I just wanna change this battery right quic...'
2025-11-02 10:45:05,236 [DEBUG] Merged segment 743: SRT entries [1100] -> 'Sure....'
2025-11-02 10:45:05,236 [DEBUG] Merged segment 744: SRT entries [1101] -> 'and we will go ahead and close up....'
2025-11-02 10:45:05,236 [DEBUG] Merged segment 745: SRT entries [1102] -> 'I can go a little longer if you want to?...'
2025-11-02 10:45:05,236 [DEBUG] Merged segment 746: SRT entries [1103] -> 'OK, yeah....'
2025-11-02 10:45:05,236 [DEBUG] Merged segment 747: SRT entries [1104] -> 'I get so emotional about all this....'
2025-11-02 10:45:05,236 [DEBUG] Merged segment 748: SRT entries [1105] -> 'I know, I know....'
2025-11-02 10:45:05,236 [INFO] Merged 1105 segments into 748 final segments
2025-11-02 10:45:05,455 [INFO] Wrote 748 segments to data/S01-E28/main.yaml
2025-11-02 10:45:05,456 [INFO] Conversion completed successfully!
