2025-11-13 17:18:20,496 [INFO] Starting SRT to YAML conversion for episode S01-E19
2025-11-13 17:18:20,496 [INFO] SRT source resolved to: input/S01-E19/source.srt
2025-11-13 17:18:20,498 [INFO] Parsed 1146 SRT entries from input/S01-E19/source.srt
2025-11-13 17:18:20,499 [DEBUG] Merged segment 1: SRT entries [1, 2, 3, 4] -> 'As we go deeper into contact work it becomes much ...'
2025-11-13 17:18:20,499 [DEBUG] Merged segment 2: SRT entries [5] -> 'We cannot separate the two....'
2025-11-13 17:18:20,499 [DEBUG] Merged segment 3: SRT entries [6, 7] -> 'The process that consciousness takes from the expe...'
2025-11-13 17:18:20,499 [DEBUG] Merged segment 4: SRT entries [8, 9, 10] -> 'Coincidentally it's the same process that happens ...'
2025-11-13 17:18:20,499 [DEBUG] Merged segment 5: SRT entries [11, 12, 13, 14, 15, 16, 17] -> 'When you live a human life, your life seems contin...'
2025-11-13 17:18:20,499 [DEBUG] Merged segment 6: SRT entries [18, 19] -> 'Ever wonder if there's intelligent life elsewhere ...'
2025-11-13 17:18:20,499 [DEBUG] Merged segment 7: SRT entries [20] -> 'Well, I have....I've been wondering since I was a ...'
2025-11-13 17:18:20,499 [DEBUG] Merged segment 8: SRT entries [21] -> 'My name is Reuben Langdon....'
2025-11-13 17:18:20,499 [DEBUG] Merged segment 9: SRT entries [22, 23] -> 'And on March 29th 2007, in the middle of the day, ...'
2025-11-13 17:18:20,499 [DEBUG] Merged segment 10: SRT entries [24, 25] -> 'Coincidentally, I was working on the film Avatar a...'
2025-11-13 17:18:20,499 [DEBUG] Merged segment 11: SRT entries [26] -> 'And ever since then I've been on a quest......'
2025-11-13 17:18:20,499 [DEBUG] Merged segment 12: SRT entries [27, 28] -> 'A quest to find out if aliens really do exist and ...'
2025-11-13 17:18:20,499 [DEBUG] Merged segment 13: SRT entries [29, 30] -> 'If beings of higher intelligence are here... ...wh...'
2025-11-13 17:18:20,499 [DEBUG] Merged segment 14: SRT entries [31] -> 'Why don't they make themselves more known?...'
2025-11-13 17:18:20,499 [DEBUG] Merged segment 15: SRT entries [32] -> 'Why the secrecy?...'
2025-11-13 17:18:20,499 [DEBUG] Merged segment 16: SRT entries [33, 34] -> 'I've asked these questions to many experts, yet ea...'
2025-11-13 17:18:20,499 [DEBUG] Merged segment 17: SRT entries [35, 36] -> 'So I thought to myself, why not ask the aliens dir...'
2025-11-13 17:18:20,499 [DEBUG] Merged segment 18: SRT entries [37] -> 'So that's what I set out to do!...'
2025-11-13 17:18:20,499 [DEBUG] Merged segment 19: SRT entries [38] -> 'Well, sort of......'
2025-11-13 17:18:20,499 [DEBUG] Merged segment 20: SRT entries [39] -> 'All right....'
2025-11-13 17:18:20,499 [DEBUG] Merged segment 21: SRT entries [40, 41] -> 'Hello to you, this is Sasha....'
2025-11-13 17:18:20,499 [DEBUG] Merged segment 22: SRT entries [42] -> 'Hi Sasha....'
2025-11-13 17:18:20,499 [DEBUG] Merged segment 23: SRT entries [43] -> 'Nice to see you today....'
2025-11-13 17:18:20,499 [DEBUG] Merged segment 24: SRT entries [44] -> 'Nice to see you....'
2025-11-13 17:18:20,499 [DEBUG] Merged segment 25: SRT entries [45, 46] -> 'Thanks for being here and being part of this big a...'
2025-11-13 17:18:20,499 [DEBUG] Merged segment 26: SRT entries [47] -> 'It is our pleasure....'
2025-11-13 17:18:20,499 [DEBUG] Merged segment 27: SRT entries [48, 49] -> 'First, I'd like to sort of ask... ...what density ...'
2025-11-13 17:18:20,499 [DEBUG] Merged segment 28: SRT entries [50, 51] -> 'We are within what you would call the higher level...'
2025-11-13 17:18:20,499 [DEBUG] Merged segment 29: SRT entries [52] -> 'Oh....'
2025-11-13 17:18:20,499 [DEBUG] Merged segment 30: SRT entries [53] -> 'So we still have physical bodies....'
2025-11-13 17:18:20,499 [DEBUG] Merged segment 31: SRT entries [54] -> 'OK....'
2025-11-13 17:18:20,499 [DEBUG] Merged segment 32: SRT entries [55, 56, 57] -> 'But we know that our planet and our people is maki...'
2025-11-13 17:18:20,499 [DEBUG] Merged segment 33: SRT entries [58, 59, 60, 61] -> 'So-- so almost-- well, fifth-- my understanding-- ...'
2025-11-13 17:18:20,499 [DEBUG] Merged segment 34: SRT entries [62] -> 'But on the fourth density as well?...'
2025-11-13 17:18:20,499 [DEBUG] Merged segment 35: SRT entries [63] -> 'In the scale that we use, which is seven densities...'
2025-11-13 17:18:20,499 [DEBUG] Merged segment 36: SRT entries [64] -> 'Right....'
2025-11-13 17:18:20,499 [DEBUG] Merged segment 37: SRT entries [65, 66] -> '--the fourth density is the last density in which ...'
2025-11-13 17:18:20,499 [DEBUG] Merged segment 38: SRT entries [67] -> 'OK....'
2025-11-13 17:18:20,499 [DEBUG] Merged segment 39: SRT entries [68, 69] -> 'As you begin moving into fifth density, then you b...'
2025-11-13 17:18:20,499 [DEBUG] Merged segment 40: SRT entries [70] -> 'I see....'
2025-11-13 17:18:20,499 [DEBUG] Merged segment 41: SRT entries [71] -> 'So you could kind of say light beings....'
2025-11-13 17:18:20,499 [DEBUG] Merged segment 42: SRT entries [72] -> 'OK....'
2025-11-13 17:18:20,499 [DEBUG] Merged segment 43: SRT entries [73, 74, 75, 76] -> 'But as you go farther and farther, deeper and deep...'
2025-11-13 17:18:20,499 [DEBUG] Merged segment 44: SRT entries [77] -> 'Would-- are dream states be a fifth density realit...'
2025-11-13 17:18:20,499 [DEBUG] Merged segment 45: SRT entries [78] -> 'What density would you classify the dreams in?...'
2025-11-13 17:18:20,499 [DEBUG] Merged segment 46: SRT entries [79, 80] -> 'Well, this is a metaphor that we've used in the pa...'
2025-11-13 17:18:20,499 [DEBUG] Merged segment 47: SRT entries [81] -> 'We're going to resurrect it here because it's very...'
2025-11-13 17:18:20,499 [DEBUG] Merged segment 48: SRT entries [82] -> 'Mm-hmm....'
2025-11-13 17:18:20,499 [DEBUG] Merged segment 49: SRT entries [83, 84, 85, 86] -> 'If you consider the idea of a golden lake to be yo...'
2025-11-13 17:18:20,499 [DEBUG] Merged segment 50: SRT entries [87] -> 'So we wouldn't say that it is necessarily a separa...'
2025-11-13 17:18:20,499 [DEBUG] Merged segment 51: SRT entries [88, 89] -> 'The dream state is another expression of conscious...'
2025-11-13 17:18:20,499 [DEBUG] Merged segment 52: SRT entries [90] -> 'I see....'
2025-11-13 17:18:20,499 [DEBUG] Merged segment 53: SRT entries [91, 92] -> 'So it's not even-- it's almost in its own classifi...'
2025-11-13 17:18:20,500 [DEBUG] Merged segment 54: SRT entries [93] -> 'Exactly....'
2025-11-13 17:18:20,500 [DEBUG] Merged segment 55: SRT entries [94] -> 'Sort of like angelic realms....'
2025-11-13 17:18:20,500 [DEBUG] Merged segment 56: SRT entries [95, 96, 97] -> 'Well, angelic realms I've heard are borderline som...'
2025-11-13 17:18:20,500 [DEBUG] Merged segment 57: SRT entries [98] -> 'But is that-- do they have a classification?...'
2025-11-13 17:18:20,500 [DEBUG] Merged segment 58: SRT entries [99, 100] -> 'Well, based on what you're saying, it seems we're ...'
2025-11-13 17:18:20,500 [DEBUG] Merged segment 59: SRT entries [101] -> 'I see....'
2025-11-13 17:18:20,500 [DEBUG] Merged segment 60: SRT entries [102] -> 'Yes. OK....'
2025-11-13 17:18:20,500 [DEBUG] Merged segment 61: SRT entries [103, 104] -> 'So obviously, the answers are going to be a little...'
2025-11-13 17:18:20,500 [DEBUG] Merged segment 62: SRT entries [105] -> 'For us, it's a seven density scale....'
2025-11-13 17:18:20,500 [DEBUG] Merged segment 63: SRT entries [106] -> 'OK....'
2025-11-13 17:18:20,500 [DEBUG] Merged segment 64: SRT entries [107] -> 'So we consider the angelic realm to be more sixth ...'
2025-11-13 17:18:20,500 [DEBUG] Merged segment 65: SRT entries [108] -> 'OK....'
2025-11-13 17:18:20,500 [DEBUG] Merged segment 66: SRT entries [109] -> 'All right....'
2025-11-13 17:18:20,500 [DEBUG] Merged segment 67: SRT entries [110, 111, 112, 113, 114] -> 'This is good because I-- you know, having, again, ...'
2025-11-13 17:18:20,500 [DEBUG] Merged segment 68: SRT entries [115, 116, 117, 118] -> 'Yes. >> Because a lot of the same-- sometimes, we ...'
2025-11-13 17:18:20,500 [DEBUG] Merged segment 69: SRT entries [119] -> 'Yes....'
2025-11-13 17:18:20,500 [DEBUG] Merged segment 70: SRT entries [120, 121] -> 'If we will-- if we can say just a little bit more ...'
2025-11-13 17:18:20,500 [DEBUG] Merged segment 71: SRT entries [122] -> 'Yes....'
2025-11-13 17:18:20,500 [DEBUG] Merged segment 72: SRT entries [123] -> '--for those who are listening....'
2025-11-13 17:18:20,500 [DEBUG] Merged segment 73: SRT entries [124, 125] -> 'The best way to describe our version of the commun...'
2025-11-13 17:18:20,500 [DEBUG] Merged segment 74: SRT entries [126, 127, 128, 129, 130] -> 'So when you have the original white light that the...'
2025-11-13 17:18:20,500 [DEBUG] Merged segment 75: SRT entries [131, 132] -> 'But if you look at them very closely, a rainbow fo...'
2025-11-13 17:18:20,500 [DEBUG] Merged segment 76: SRT entries [133] -> 'Yes....'
2025-11-13 17:18:20,500 [DEBUG] Merged segment 77: SRT entries [134] -> '--there's not a sharp division between each one....'
2025-11-13 17:18:20,500 [DEBUG] Merged segment 78: SRT entries [135] -> 'Right. >> There's a gradation....'
2025-11-13 17:18:20,500 [DEBUG] Merged segment 79: SRT entries [136] -> 'Correct, yeah....'
2025-11-13 17:18:20,500 [DEBUG] Merged segment 80: SRT entries [137, 138, 139] -> 'So consciousness, thus, moves from its original st...'
2025-11-13 17:18:20,500 [DEBUG] Merged segment 81: SRT entries [140, 141] -> 'The densest being third density, which is where hu...'
2025-11-13 17:18:20,500 [DEBUG] Merged segment 82: SRT entries [142] -> 'OK....'
2025-11-13 17:18:20,500 [DEBUG] Merged segment 83: SRT entries [143, 144] -> 'And then, you begin moving out of that ego-based r...'
2025-11-13 17:18:20,500 [DEBUG] Merged segment 84: SRT entries [145] -> 'I've also-- wonderful analogy....'
2025-11-13 17:18:20,500 [DEBUG] Merged segment 85: SRT entries [146, 147, 148] -> 'I've also-- most of the analogies I've heard it's ...'
2025-11-13 17:18:20,500 [DEBUG] Merged segment 86: SRT entries [149] -> 'So it's--...'
2025-11-13 17:18:20,500 [DEBUG] Merged segment 87: SRT entries [150] -> 'Yes, exactly....'
2025-11-13 17:18:20,500 [DEBUG] Merged segment 88: SRT entries [151] -> 'It sort of goes full circle....'
2025-11-13 17:18:20,500 [DEBUG] Merged segment 89: SRT entries [152] -> 'Exactly....'
2025-11-13 17:18:20,500 [DEBUG] Merged segment 90: SRT entries [153, 154] -> 'So, you know, I've heard that our plant and animal...'
2025-11-13 17:18:20,500 [DEBUG] Merged segment 91: SRT entries [155] -> 'Yes....'
2025-11-13 17:18:20,500 [DEBUG] Merged segment 92: SRT entries [156, 157, 158, 159] -> 'As we are moving into fourth density, and we're so...'
2025-11-13 17:18:20,500 [DEBUG] Merged segment 93: SRT entries [160] -> 'Ah....'
2025-11-13 17:18:20,500 [DEBUG] Merged segment 94: SRT entries [161] -> 'OK....'
2025-11-13 17:18:20,500 [DEBUG] Merged segment 95: SRT entries [162] -> 'There are two ways to look at this idea....'
2025-11-13 17:18:20,500 [DEBUG] Merged segment 96: SRT entries [163] -> 'One is a linear way and one is a holographic way....'
2025-11-13 17:18:20,500 [DEBUG] Merged segment 97: SRT entries [164] -> 'OK....'
2025-11-13 17:18:20,500 [DEBUG] Merged segment 98: SRT entries [165] -> 'OK....'
2025-11-13 17:18:20,500 [DEBUG] Merged segment 99: SRT entries [166, 167] -> 'So if you are to look at it from the perspective o...'
2025-11-13 17:18:20,500 [DEBUG] Merged segment 100: SRT entries [168] -> 'Yes....'
2025-11-13 17:18:20,500 [DEBUG] Merged segment 101: SRT entries [169, 170] -> '--then what you would see is that the other specie...'
2025-11-13 17:18:20,500 [DEBUG] Merged segment 102: SRT entries [171, 172, 173, 174, 175, 176] -> 'So from the linear perspective, you're going to fi...'
2025-11-13 17:18:20,500 [DEBUG] Merged segment 103: SRT entries [177, 178] -> 'So you're starting to see even in dogs and certain...'
2025-11-13 17:18:20,500 [DEBUG] Merged segment 104: SRT entries [179] -> 'Ego, of course, not meaning a negative thing....'
2025-11-13 17:18:20,500 [DEBUG] Merged segment 105: SRT entries [180, 181] -> 'Ego is simply a mechanism that grounds you in the ...'
2025-11-13 17:18:20,500 [DEBUG] Merged segment 106: SRT entries [182] -> 'Mm-hmm....'
2025-11-13 17:18:20,500 [DEBUG] Merged segment 107: SRT entries [183] -> 'OK....'
2025-11-13 17:18:20,500 [DEBUG] Merged segment 108: SRT entries [184] -> 'So in that sense, then, that's the linear--...'
2025-11-13 17:18:20,500 [DEBUG] Merged segment 109: SRT entries [185] -> 'Right....'
2025-11-13 17:18:20,500 [DEBUG] Merged segment 110: SRT entries [186] -> '--perspective....'
2025-11-13 17:18:20,500 [DEBUG] Merged segment 111: SRT entries [187, 188, 189] -> 'Now, if you were to look at the holographic princi...'
2025-11-13 17:18:20,500 [DEBUG] Merged segment 112: SRT entries [190] -> 'Yes....'
2025-11-13 17:18:20,500 [DEBUG] Merged segment 113: SRT entries [191, 192, 193] -> 'We're going to ask you to imagine seven rooms that...'
2025-11-13 17:18:20,500 [DEBUG] Merged segment 114: SRT entries [194] -> 'Yes?...'
2025-11-13 17:18:20,500 [DEBUG] Merged segment 115: SRT entries [195] -> 'OK....'
2025-11-13 17:18:20,500 [DEBUG] Merged segment 116: SRT entries [196] -> 'Right....'
2025-11-13 17:18:20,500 [DEBUG] Merged segment 117: SRT entries [197, 198] -> 'And the bigger box that contains the smaller boxes...'
2025-11-13 17:18:20,500 [DEBUG] Merged segment 118: SRT entries [199] -> 'OK....'
2025-11-13 17:18:20,500 [DEBUG] Merged segment 119: SRT entries [200] -> 'OK....'
2025-11-13 17:18:20,501 [DEBUG] Merged segment 120: SRT entries [201, 202] -> 'So from the holographic perspective, you exist in ...'
2025-11-13 17:18:20,501 [DEBUG] Merged segment 121: SRT entries [203, 204, 205] -> 'And it's simply a matter of perspective about the ...'
2025-11-13 17:18:20,501 [DEBUG] Merged segment 122: SRT entries [206] -> 'But it is all simultaneous....'
2025-11-13 17:18:20,501 [DEBUG] Merged segment 123: SRT entries [207] -> 'So in that sense, there's no movement, linearly--...'
2025-11-13 17:18:20,501 [DEBUG] Merged segment 124: SRT entries [208] -> 'Right....'
2025-11-13 17:18:20,501 [DEBUG] Merged segment 125: SRT entries [209] -> '--from one density to another....'
2025-11-13 17:18:20,501 [DEBUG] Merged segment 126: SRT entries [210, 211] -> 'It's a complete expression, a complete experience ...'
2025-11-13 17:18:20,501 [DEBUG] Merged segment 127: SRT entries [212] -> 'Right....'
2025-11-13 17:18:20,501 [DEBUG] Merged segment 128: SRT entries [213, 214] -> 'I saw-- would that relate to platonic solids or ge...'
2025-11-13 17:18:20,501 [DEBUG] Merged segment 129: SRT entries [215] -> 'Exactly, yes....'
2025-11-13 17:18:20,501 [DEBUG] Merged segment 130: SRT entries [216] -> '--as well?...'
2025-11-13 17:18:20,501 [DEBUG] Merged segment 131: SRT entries [217, 218, 219] -> 'There's a great video I just saw online-- maybe I'...'
2025-11-13 17:18:20,501 [DEBUG] Merged segment 132: SRT entries [220] -> 'Exactly....'
2025-11-13 17:18:20,501 [DEBUG] Merged segment 133: SRT entries [221] -> 'And they sort of pull them apart....'
2025-11-13 17:18:20,501 [DEBUG] Merged segment 134: SRT entries [222] -> 'Exactly....'
2025-11-13 17:18:20,501 [DEBUG] Merged segment 135: SRT entries [223, 224, 225, 226] -> 'The platonic solids are a wonderful metaphor for t...'
2025-11-13 17:18:20,501 [DEBUG] Merged segment 136: SRT entries [227, 228] -> 'There is one workshop we do where we actually equa...'
2025-11-13 17:18:20,501 [DEBUG] Merged segment 137: SRT entries [229] -> 'Oh, perfect....'
2025-11-13 17:18:20,501 [DEBUG] Merged segment 138: SRT entries [230] -> 'OK....'
2025-11-13 17:18:20,501 [DEBUG] Merged segment 139: SRT entries [231] -> 'It's the same idea, yes....'
2025-11-13 17:18:20,501 [DEBUG] Merged segment 140: SRT entries [232] -> 'Oh, excellent....'
2025-11-13 17:18:20,501 [DEBUG] Merged segment 141: SRT entries [233, 234, 235] -> 'And would that mean, then, our first density miner...'
2025-11-13 17:18:20,501 [DEBUG] Merged segment 142: SRT entries [236] -> 'Yes....'
2025-11-13 17:18:20,501 [DEBUG] Merged segment 143: SRT entries [237] -> 'Yes....'
2025-11-13 17:18:20,501 [DEBUG] Merged segment 144: SRT entries [238, 239] -> 'Would-- would that sort of move into the second de...'
2025-11-13 17:18:20,501 [DEBUG] Merged segment 145: SRT entries [240, 241, 242] -> 'Well, the thing about first density-- again, we're...'
2025-11-13 17:18:20,501 [DEBUG] Merged segment 146: SRT entries [243] -> 'Right, I guess what I'm saying is in a linear sens...'
2025-11-13 17:18:20,501 [DEBUG] Merged segment 147: SRT entries [244] -> 'In a linear sense....'
2025-11-13 17:18:20,501 [DEBUG] Merged segment 148: SRT entries [245] -> 'Yeah....'
2025-11-13 17:18:20,501 [DEBUG] Merged segment 149: SRT entries [246, 247] -> 'In a linear sense, we have to say that the first d...'
2025-11-13 17:18:20,501 [DEBUG] Merged segment 150: SRT entries [248] -> 'OK....'
2025-11-13 17:18:20,501 [DEBUG] Merged segment 151: SRT entries [249, 250, 251] -> 'Because the first density consciousness, being the...'
2025-11-13 17:18:20,501 [DEBUG] Merged segment 152: SRT entries [252] -> 'So it's your periodic table of the elements....'
2025-11-13 17:18:20,501 [DEBUG] Merged segment 153: SRT entries [253] -> 'Mm-hmm....'
2025-11-13 17:18:20,501 [DEBUG] Merged segment 154: SRT entries [254] -> 'It's all those-- that stuff of creation....'
2025-11-13 17:18:20,501 [DEBUG] Merged segment 155: SRT entries [255] -> 'Right....'
2025-11-13 17:18:20,501 [DEBUG] Merged segment 156: SRT entries [256, 257] -> 'Now, the higher forms, then, like high first densi...'
2025-11-13 17:18:20,501 [DEBUG] Merged segment 157: SRT entries [258] -> 'Oh, I see....'
2025-11-13 17:18:20,501 [DEBUG] Merged segment 158: SRT entries [259] -> 'OK....'
2025-11-13 17:18:20,501 [DEBUG] Merged segment 159: SRT entries [260] -> 'And--...'
2025-11-13 17:18:20,501 [DEBUG] Merged segment 160: SRT entries [261] -> 'Oh, OK, OK....'
2025-11-13 17:18:20,501 [DEBUG] Merged segment 161: SRT entries [262] -> 'So-- >> Yes....'
2025-11-13 17:18:20,501 [DEBUG] Merged segment 162: SRT entries [263, 264, 265, 266] -> 'So just like with our-- for, like, you guys being ...'
2025-11-13 17:18:20,501 [DEBUG] Merged segment 163: SRT entries [267, 268, 269] -> 'The craft that you probably fly around in-- and wh...'
2025-11-13 17:18:20,501 [DEBUG] Merged segment 164: SRT entries [270] -> 'OK....'
2025-11-13 17:18:20,501 [DEBUG] Merged segment 165: SRT entries [271] -> 'So it's a spectrum....'
2025-11-13 17:18:20,501 [DEBUG] Merged segment 166: SRT entries [272] -> 'Right....'
2025-11-13 17:18:20,501 [DEBUG] Merged segment 167: SRT entries [273] -> 'It's an entire spectrum....'
2025-11-13 17:18:20,501 [DEBUG] Merged segment 168: SRT entries [274, 275, 276] -> 'But the difference you're gonna see-- because you ...'
2025-11-13 17:18:20,501 [DEBUG] Merged segment 169: SRT entries [277] -> 'Right....'
2025-11-13 17:18:20,501 [DEBUG] Merged segment 170: SRT entries [278] -> 'And we're toward the end....'
2025-11-13 17:18:20,501 [DEBUG] Merged segment 171: SRT entries [279, 280] -> 'The biggest difference you're going to see between...'
2025-11-13 17:18:20,501 [DEBUG] Merged segment 172: SRT entries [281] -> 'OK....'
2025-11-13 17:18:20,501 [DEBUG] Merged segment 173: SRT entries [282] -> 'So ours is not as heavy, so to speak....'
2025-11-13 17:18:20,501 [DEBUG] Merged segment 174: SRT entries [283, 284, 285, 286, 287] -> 'From your time of evolution, if you can remember t...'
2025-11-13 17:18:20,501 [DEBUG] Merged segment 175: SRT entries [288, 289, 290, 291, 292] -> 'Well, the-- our-- looking at it linearly, we went ...'
2025-11-13 17:18:20,501 [DEBUG] Merged segment 176: SRT entries [293, 294, 295, 296] -> 'So for us, a lot of our challenges had to do with ...'
2025-11-13 17:18:20,501 [DEBUG] Merged segment 177: SRT entries [297, 298, 299, 300, 301, 302, 303] -> 'And for a very, very long period of time, those ch...'
2025-11-13 17:18:20,501 [DEBUG] Merged segment 178: SRT entries [304] -> 'A plague, oh, wow....'
2025-11-13 17:18:20,501 [DEBUG] Merged segment 179: SRT entries [305] -> 'Plague, yes....'
2025-11-13 17:18:20,501 [DEBUG] Merged segment 180: SRT entries [306, 307, 308] -> 'Similar to what you might call an immune plague wh...'
2025-11-13 17:18:20,501 [DEBUG] Merged segment 181: SRT entries [309, 310, 311, 312] -> 'And we had to use our connections with, you might ...'
2025-11-13 17:18:20,501 [DEBUG] Merged segment 182: SRT entries [313, 314, 315] -> 'And what we found out was that our pattern, as a s...'
2025-11-13 17:18:20,501 [DEBUG] Merged segment 183: SRT entries [316] -> 'OK. Oh, I see....'
2025-11-13 17:18:20,501 [DEBUG] Merged segment 184: SRT entries [317] -> 'So we were keeping that separation....'
2025-11-13 17:18:20,502 [DEBUG] Merged segment 185: SRT entries [318, 319, 320, 321, 322] -> 'And once we could learn to integrate the shadow an...'
2025-11-13 17:18:20,502 [DEBUG] Merged segment 186: SRT entries [323, 324, 325] -> 'Once we were able to make that integration, then t...'
2025-11-13 17:18:20,502 [DEBUG] Merged segment 187: SRT entries [326] -> 'Into fourth density....'
2025-11-13 17:18:20,502 [DEBUG] Merged segment 188: SRT entries [327] -> 'Yes....'
2025-11-13 17:18:20,502 [DEBUG] Merged segment 189: SRT entries [328] -> 'And was that a long time ago?...'
2025-11-13 17:18:20,502 [DEBUG] Merged segment 190: SRT entries [329, 330] -> 'Or time wise, in a linear sense, are you able to p...'
2025-11-13 17:18:20,502 [DEBUG] Merged segment 191: SRT entries [331, 332] -> 'Oh, it's very difficult because, as you know, time...'
2025-11-13 17:18:20,502 [DEBUG] Merged segment 192: SRT entries [333] -> 'Sure....'
2025-11-13 17:18:20,502 [DEBUG] Merged segment 193: SRT entries [334, 335, 336] -> 'But it was long enough ago-- if we were to pinpoin...'
2025-11-13 17:18:20,502 [DEBUG] Merged segment 194: SRT entries [337] -> 'OK....'
2025-11-13 17:18:20,502 [DEBUG] Merged segment 195: SRT entries [338] -> 'So we're talking thousands of years....'
2025-11-13 17:18:20,502 [DEBUG] Merged segment 196: SRT entries [339] -> 'Millions....'
2025-11-13 17:18:20,502 [DEBUG] Merged segment 197: SRT entries [340] -> 'Millions of years....'
2025-11-13 17:18:20,502 [DEBUG] Merged segment 198: SRT entries [341] -> 'Yes....'
2025-11-13 17:18:20,502 [DEBUG] Merged segment 199: SRT entries [342] -> 'In fourth density, right now, since that evolution...'
2025-11-13 17:18:20,502 [DEBUG] Merged segment 200: SRT entries [343] -> 'Again, the timelines don't line up....'
2025-11-13 17:18:20,502 [DEBUG] Merged segment 201: SRT entries [344] -> 'OK....'
2025-11-13 17:18:20,502 [DEBUG] Merged segment 202: SRT entries [345] -> 'Right....'
2025-11-13 17:18:20,502 [DEBUG] Merged segment 203: SRT entries [346] -> 'Yeah, I understand....'
2025-11-13 17:18:20,502 [DEBUG] Merged segment 204: SRT entries [347] -> 'It's very-- it's really impossible to answer....'
2025-11-13 17:18:20,502 [DEBUG] Merged segment 205: SRT entries [348, 349, 350] -> 'The evolution-- generally speaking, the evolution ...'
2025-11-13 17:18:20,502 [DEBUG] Merged segment 206: SRT entries [351] -> 'Now, it depends on the species....'
2025-11-13 17:18:20,502 [DEBUG] Merged segment 207: SRT entries [352, 353] -> 'It depends on the genetic work that's been done on...'
2025-11-13 17:18:20,502 [DEBUG] Merged segment 208: SRT entries [354, 355] -> 'It depends on what they're holding on to, what the...'
2025-11-13 17:18:20,502 [DEBUG] Merged segment 209: SRT entries [356] -> 'So everyone's process is different....'
2025-11-13 17:18:20,502 [DEBUG] Merged segment 210: SRT entries [357] -> 'Right....'
2025-11-13 17:18:20,502 [DEBUG] Merged segment 211: SRT entries [358, 359] -> 'Through these interactions, I've learned that we a...'
2025-11-13 17:18:20,502 [DEBUG] Merged segment 212: SRT entries [360, 361, 362, 363] -> 'Is it possible for an individual to go into a time...'
2025-11-13 17:18:20,502 [DEBUG] Merged segment 213: SRT entries [364, 365, 366] -> 'And then-- and not bypass the collective, but go i...'
2025-11-13 17:18:20,502 [DEBUG] Merged segment 214: SRT entries [367] -> 'Well, that's really the only way to change timelin...'
2025-11-13 17:18:20,502 [DEBUG] Merged segment 215: SRT entries [368, 369] -> 'It's not-- as you said, it's not a matter of bypas...'
2025-11-13 17:18:20,502 [DEBUG] Merged segment 216: SRT entries [370] -> 'Right, OK....'
2025-11-13 17:18:20,502 [DEBUG] Merged segment 217: SRT entries [371, 372, 373, 374, 375] -> 'So we've given-- we believe you've heard it on tap...'
2025-11-13 17:18:20,502 [DEBUG] Merged segment 218: SRT entries [376] -> 'You don't notice your eyes are blinking all day....'
2025-11-13 17:18:20,502 [DEBUG] Merged segment 219: SRT entries [377] -> 'Right....'
2025-11-13 17:18:20,502 [DEBUG] Merged segment 220: SRT entries [378, 379, 380] -> 'But that is how the physical-- the physical univer...'
2025-11-13 17:18:20,502 [DEBUG] Merged segment 221: SRT entries [381] -> 'And each time-- it's like an in breath and an out ...'
2025-11-13 17:18:20,502 [DEBUG] Merged segment 222: SRT entries [382, 383, 384] -> 'So each time there is an in breath, which is like ...'
2025-11-13 17:18:20,502 [DEBUG] Merged segment 223: SRT entries [385, 386] -> 'And that's how time-- that's how you, in a sense, ...'
2025-11-13 17:18:20,502 [DEBUG] Merged segment 224: SRT entries [387, 388] -> 'We do have to say, though, that the ego cannot dir...'
2025-11-13 17:18:20,502 [DEBUG] Merged segment 225: SRT entries [389] -> 'Right....'
2025-11-13 17:18:20,502 [DEBUG] Merged segment 226: SRT entries [390] -> 'So....'
2025-11-13 17:18:20,502 [DEBUG] Merged segment 227: SRT entries [391] -> 'So, so it's a release of the ego in order to do th...'
2025-11-13 17:18:20,502 [DEBUG] Merged segment 228: SRT entries [392] -> 'Exactly....'
2025-11-13 17:18:20,502 [DEBUG] Merged segment 229: SRT entries [393] -> 'Right....'
2025-11-13 17:18:20,502 [DEBUG] Merged segment 230: SRT entries [394, 395, 396] -> 'So it's not-- and, consciously, there's almost-- i...'
2025-11-13 17:18:20,502 [DEBUG] Merged segment 231: SRT entries [397] -> 'Exactly....'
2025-11-13 17:18:20,502 [DEBUG] Merged segment 232: SRT entries [398] -> '--the ego is part of this conscious mental mind--...'
2025-11-13 17:18:20,502 [DEBUG] Merged segment 233: SRT entries [399] -> 'Exactly....'
2025-11-13 17:18:20,502 [DEBUG] Merged segment 234: SRT entries [400, 401] -> '--where we have-- where we're trying to guide, whe...'
2025-11-13 17:18:20,502 [DEBUG] Merged segment 235: SRT entries [402] -> 'Exactly....'
2025-11-13 17:18:20,502 [DEBUG] Merged segment 236: SRT entries [403, 404] -> 'And you have to sort of let go of the steering whe...'
2025-11-13 17:18:20,502 [DEBUG] Merged segment 237: SRT entries [405] -> 'The ego has-- it has very significant needs....'
2025-11-13 17:18:20,502 [DEBUG] Merged segment 238: SRT entries [406] -> 'Right....'
2025-11-13 17:18:20,502 [DEBUG] Merged segment 239: SRT entries [407] -> 'And it will always, let's say, default to those ne...'
2025-11-13 17:18:20,502 [DEBUG] Merged segment 240: SRT entries [408] -> 'Right....'
2025-11-13 17:18:20,502 [DEBUG] Merged segment 241: SRT entries [409] -> '--before it will default to the evolution of consc...'
2025-11-13 17:18:20,502 [DEBUG] Merged segment 242: SRT entries [410] -> 'Right....'
2025-11-13 17:18:20,502 [DEBUG] Merged segment 243: SRT entries [411] -> 'Because then it dies, so to speak....'
2025-11-13 17:18:20,502 [DEBUG] Merged segment 244: SRT entries [412] -> 'Yes....'
2025-11-13 17:18:20,502 [DEBUG] Merged segment 245: SRT entries [413, 414] -> 'It's almost like going to the mountain and doing t...'
2025-11-13 17:18:20,502 [DEBUG] Merged segment 246: SRT entries [415, 416, 417] -> 'And, then, you know, after all the hard training, ...'
2025-11-13 17:18:20,502 [DEBUG] Merged segment 247: SRT entries [418] -> 'Exactly, my dear....'
2025-11-13 17:18:20,502 [DEBUG] Merged segment 248: SRT entries [419] -> 'Exactly....'
2025-11-13 17:18:20,502 [DEBUG] Merged segment 249: SRT entries [420] -> 'Excellent....'
2025-11-13 17:18:20,502 [DEBUG] Merged segment 250: SRT entries [421, 422] -> 'So it-- I kind of want to go back to the Pleiades ...'
2025-11-13 17:18:20,502 [DEBUG] Merged segment 251: SRT entries [423] -> 'We have this definition of the Pleiades--...'
2025-11-13 17:18:20,502 [DEBUG] Merged segment 252: SRT entries [424] -> 'Yes....'
2025-11-13 17:18:20,503 [DEBUG] Merged segment 253: SRT entries [425] -> '--of, you know, the-- is it the Six Sisters?...'
2025-11-13 17:18:20,503 [DEBUG] Merged segment 254: SRT entries [426] -> 'Seven Sisters?...'
2025-11-13 17:18:20,503 [DEBUG] Merged segment 255: SRT entries [427] -> 'Seven Sisters, yes....'
2025-11-13 17:18:20,503 [DEBUG] Merged segment 256: SRT entries [428] -> 'Seven Sisters....'
2025-11-13 17:18:20,503 [DEBUG] Merged segment 257: SRT entries [429, 430, 431, 432] -> 'And there's obviously-- because if you look throug...'
2025-11-13 17:18:20,503 [DEBUG] Merged segment 258: SRT entries [433] -> 'Yes....'
2025-11-13 17:18:20,503 [DEBUG] Merged segment 259: SRT entries [434, 435] -> 'We-- we realize we did take a tangent off into som...'
2025-11-13 17:18:20,503 [DEBUG] Merged segment 260: SRT entries [436, 437, 438] -> 'Basically speaking, we're actually going to jump b...'
2025-11-13 17:18:20,503 [DEBUG] Merged segment 261: SRT entries [439, 440] -> 'Basically speaking, the beings that you know of as...'
2025-11-13 17:18:20,503 [DEBUG] Merged segment 262: SRT entries [441] -> 'All right....'
2025-11-13 17:18:20,503 [DEBUG] Merged segment 263: SRT entries [442] -> 'OK....'
2025-11-13 17:18:20,503 [DEBUG] Merged segment 264: SRT entries [443] -> 'So we have, basically, two genetic lines....'
2025-11-13 17:18:20,503 [DEBUG] Merged segment 265: SRT entries [444] -> 'One comes from the ancient Lyra....'
2025-11-13 17:18:20,503 [DEBUG] Merged segment 266: SRT entries [445] -> 'OK....'
2025-11-13 17:18:20,503 [DEBUG] Merged segment 267: SRT entries [446, 447] -> 'And one comes from the ancient Lyra combined with ...'
2025-11-13 17:18:20,503 [DEBUG] Merged segment 268: SRT entries [448] -> 'That's another story, perhaps for another time....'
2025-11-13 17:18:20,503 [DEBUG] Merged segment 269: SRT entries [449, 450] -> 'So there's two different lines that eventually col...'
2025-11-13 17:18:20,503 [DEBUG] Merged segment 270: SRT entries [451] -> 'So not really the Seven Sisters....'
2025-11-13 17:18:20,503 [DEBUG] Merged segment 271: SRT entries [452, 453, 454, 455] -> 'However, in the ancient days, when my people would...'
2025-11-13 17:18:20,503 [DEBUG] Merged segment 272: SRT entries [456] -> 'Right....'
2025-11-13 17:18:20,503 [DEBUG] Merged segment 273: SRT entries [457] -> '--in that direction, they got the point....'
2025-11-13 17:18:20,503 [DEBUG] Merged segment 274: SRT entries [458, 459, 460, 461] -> 'I see. now the idea of humanity being a mixture we...'
2025-11-13 17:18:20,503 [DEBUG] Merged segment 275: SRT entries [462] -> 'Yes....'
2025-11-13 17:18:20,503 [DEBUG] Merged segment 276: SRT entries [463, 464, 465, 466] -> 'And it comes from many, many different sources, so...'
2025-11-13 17:18:20,503 [DEBUG] Merged segment 277: SRT entries [467] -> 'And then, also, working with the genetics on Earth...'
2025-11-13 17:18:20,503 [DEBUG] Merged segment 278: SRT entries [468, 469, 470] -> 'But we find this idea of simply looking at it gene...'
2025-11-13 17:18:20,503 [DEBUG] Merged segment 279: SRT entries [471] -> 'You are originally one....'
2025-11-13 17:18:20,503 [DEBUG] Merged segment 280: SRT entries [472] -> 'Correct....'
2025-11-13 17:18:20,503 [DEBUG] Merged segment 281: SRT entries [473] -> 'So again, we have to use metaphor....'
2025-11-13 17:18:20,503 [DEBUG] Merged segment 282: SRT entries [474] -> 'Yes....'
2025-11-13 17:18:20,503 [DEBUG] Merged segment 283: SRT entries [475, 476, 477, 478, 479, 480] -> 'If you take holographic film-- and the nature of h...'
2025-11-13 17:18:20,503 [DEBUG] Merged segment 284: SRT entries [481] -> 'And it doesn't matter how small you cut those piec...'
2025-11-13 17:18:20,503 [DEBUG] Merged segment 285: SRT entries [482] -> 'Right....'
2025-11-13 17:18:20,503 [DEBUG] Merged segment 286: SRT entries [483] -> 'So consciousness is fractal in that way....'
2025-11-13 17:18:20,503 [DEBUG] Merged segment 287: SRT entries [484] -> 'Yes....'
2025-11-13 17:18:20,503 [DEBUG] Merged segment 288: SRT entries [485, 486, 487, 488] -> 'And therefore, no matter if you are a lowly human,...'
2025-11-13 17:18:20,503 [DEBUG] Merged segment 289: SRT entries [489] -> 'Correct....'
2025-11-13 17:18:20,503 [DEBUG] Merged segment 290: SRT entries [490, 491] -> 'So in that sense, then, the question is difficult ...'
2025-11-13 17:18:20,503 [DEBUG] Merged segment 291: SRT entries [492] -> 'Right....'
2025-11-13 17:18:20,503 [DEBUG] Merged segment 292: SRT entries [493] -> 'And yet language is linear....'
2025-11-13 17:18:20,503 [DEBUG] Merged segment 293: SRT entries [494, 495] -> 'So you mean the Pleiadian-- where you are in your ...'
2025-11-13 17:18:20,503 [DEBUG] Merged segment 294: SRT entries [496] -> 'Yes. >> --is not linear, correct?...'
2025-11-13 17:18:20,503 [DEBUG] Merged segment 295: SRT entries [497] -> 'Yes....'
2025-11-13 17:18:20,503 [DEBUG] Merged segment 296: SRT entries [498, 499] -> 'And in our human system, our human OS, is sort of ...'
2025-11-13 17:18:20,503 [DEBUG] Merged segment 297: SRT entries [500] -> 'Yes....'
2025-11-13 17:18:20,503 [DEBUG] Merged segment 298: SRT entries [501] -> 'So we're trying to match those....'
2025-11-13 17:18:20,503 [DEBUG] Merged segment 299: SRT entries [502] -> 'Yes....'
2025-11-13 17:18:20,503 [DEBUG] Merged segment 300: SRT entries [503] -> 'But you're really shifting....'
2025-11-13 17:18:20,503 [DEBUG] Merged segment 301: SRT entries [504] -> 'Yeah....'
2025-11-13 17:18:20,503 [DEBUG] Merged segment 302: SRT entries [505, 506] -> 'My understanding is that the Pleiadian is a very f...'
2025-11-13 17:18:20,503 [DEBUG] Merged segment 303: SRT entries [507] -> 'Is that correct?...'
2025-11-13 17:18:20,503 [DEBUG] Merged segment 304: SRT entries [508] -> 'Or is it very balanced, in that sense?...'
2025-11-13 17:18:20,503 [DEBUG] Merged segment 305: SRT entries [509, 510] -> 'I always perceived, or felt, more feminine energy,...'
2025-11-13 17:18:20,503 [DEBUG] Merged segment 306: SRT entries [511] -> 'Yes....'
2025-11-13 17:18:20,503 [DEBUG] Merged segment 307: SRT entries [512, 513, 514, 515, 516, 517] -> 'Well, what you're going to find with-- again, not ...'
2025-11-13 17:18:20,503 [DEBUG] Merged segment 308: SRT entries [518] -> 'The first era is more of the infant species....'
2025-11-13 17:18:20,503 [DEBUG] Merged segment 309: SRT entries [519, 520, 521] -> 'And it is in that first era where the issues, let'...'
2025-11-13 17:18:20,503 [DEBUG] Merged segment 310: SRT entries [522] -> 'All right....'
2025-11-13 17:18:20,503 [DEBUG] Merged segment 311: SRT entries [523, 524, 525] -> 'And then the second era tends to be the healing pe...'
2025-11-13 17:18:20,503 [DEBUG] Merged segment 312: SRT entries [526, 527] -> 'The third era, which is, of course, the mature era...'
2025-11-13 17:18:20,503 [DEBUG] Merged segment 313: SRT entries [528, 529] -> 'So my species, particularly, is felt as feminine i...'
2025-11-13 17:18:20,503 [DEBUG] Merged segment 314: SRT entries [530, 531] -> 'And it's kind of rare because many of the other sp...'
2025-11-13 17:18:20,503 [DEBUG] Merged segment 315: SRT entries [532] -> 'OK....'
2025-11-13 17:18:20,504 [DEBUG] Merged segment 316: SRT entries [533, 534] -> 'But the reason we are felt more feminine in all th...'
2025-11-13 17:18:20,504 [DEBUG] Merged segment 317: SRT entries [535, 536] -> 'First era, we already told you that the tendency f...'
2025-11-13 17:18:20,504 [DEBUG] Merged segment 318: SRT entries [537] -> 'So we were kind of floating around in the spiritua...'
2025-11-13 17:18:20,504 [DEBUG] Merged segment 319: SRT entries [538] -> 'Right....'
2025-11-13 17:18:20,504 [DEBUG] Merged segment 320: SRT entries [539] -> 'All right, which is actually an unbalanced feminin...'
2025-11-13 17:18:20,504 [DEBUG] Merged segment 321: SRT entries [540] -> 'Mm-hmm....'
2025-11-13 17:18:20,504 [DEBUG] Merged segment 322: SRT entries [541] -> 'OK....'
2025-11-13 17:18:20,504 [DEBUG] Merged segment 323: SRT entries [542, 543, 544, 545] -> 'Then, when you go to the second era, and the integ...'
2025-11-13 17:18:20,504 [DEBUG] Merged segment 324: SRT entries [546, 547] -> 'So all of that integration was creating a movement...'
2025-11-13 17:18:20,504 [DEBUG] Merged segment 325: SRT entries [548, 549, 550, 551] -> 'And then, of course, in the third era, which is th...'
2025-11-13 17:18:20,504 [DEBUG] Merged segment 326: SRT entries [552, 553] -> 'And to a separated consciousness on Earth, that st...'
2025-11-13 17:18:20,504 [DEBUG] Merged segment 327: SRT entries [554, 555] -> 'So that's why I-- we're-- you know, myself and oth...'
2025-11-13 17:18:20,504 [DEBUG] Merged segment 328: SRT entries [556] -> 'Exactly....'
2025-11-13 17:18:20,504 [DEBUG] Merged segment 329: SRT entries [557, 558, 559, 560] -> 'And-- and this is going into some other races, but...'
2025-11-13 17:18:20,504 [DEBUG] Merged segment 330: SRT entries [561] -> 'Is that-- do you see it from that perspective?...'
2025-11-13 17:18:20,504 [DEBUG] Merged segment 331: SRT entries [562] -> 'No....'
2025-11-13 17:18:20,504 [DEBUG] Merged segment 332: SRT entries [563] -> 'We're going to be a little bit of a rebel, here....'
2025-11-13 17:18:20,504 [DEBUG] Merged segment 333: SRT entries [564] -> 'Sure....'
2025-11-13 17:18:20,504 [DEBUG] Merged segment 334: SRT entries [565, 566, 567] -> 'Because the word Anunnaki in your Sumerian languag...'
2025-11-13 17:18:20,504 [DEBUG] Merged segment 335: SRT entries [568] -> 'OK....'
2025-11-13 17:18:20,504 [DEBUG] Merged segment 336: SRT entries [569, 570] -> 'So Anunnaki is meaning, basically, those who came ...'
2025-11-13 17:18:20,504 [DEBUG] Merged segment 337: SRT entries [571] -> 'OK....'
2025-11-13 17:18:20,504 [DEBUG] Merged segment 338: SRT entries [572] -> 'So they were not one species....'
2025-11-13 17:18:20,504 [DEBUG] Merged segment 339: SRT entries [573] -> 'I see....'
2025-11-13 17:18:20,504 [DEBUG] Merged segment 340: SRT entries [574] -> 'They were many....'
2025-11-13 17:18:20,504 [DEBUG] Merged segment 341: SRT entries [575] -> 'I see....'
2025-11-13 17:18:20,504 [DEBUG] Merged segment 342: SRT entries [576] -> 'Oh, OK....'
2025-11-13 17:18:20,504 [DEBUG] Merged segment 343: SRT entries [577] -> 'That-- well, that clears up a lot of stuff....'
2025-11-13 17:18:20,504 [DEBUG] Merged segment 344: SRT entries [578] -> 'A lot of questions I had....'
2025-11-13 17:18:20,504 [DEBUG] Merged segment 345: SRT entries [579] -> 'Yes....'
2025-11-13 17:18:20,504 [DEBUG] Merged segment 346: SRT entries [580] -> 'So that-- that is interesting....'
2025-11-13 17:18:20,504 [DEBUG] Merged segment 347: SRT entries [581, 582, 583] -> 'You know, we were trying to figure out why-- where...'
2025-11-13 17:18:20,504 [DEBUG] Merged segment 348: SRT entries [584] -> 'Yes....'
2025-11-13 17:18:20,504 [DEBUG] Merged segment 349: SRT entries [585] -> '--for mining gold....'
2025-11-13 17:18:20,504 [DEBUG] Merged segment 350: SRT entries [586, 587] -> 'And that was only one particular family that did t...'
2025-11-13 17:18:20,504 [DEBUG] Merged segment 351: SRT entries [588] -> 'OK....'
2025-11-13 17:18:20,504 [DEBUG] Merged segment 352: SRT entries [589] -> 'But as you know, they're the ones that get the bad...'
2025-11-13 17:18:20,504 [DEBUG] Merged segment 353: SRT entries [590] -> 'Right....'
2025-11-13 17:18:20,504 [DEBUG] Merged segment 354: SRT entries [591] -> 'Right....'
2025-11-13 17:18:20,504 [DEBUG] Merged segment 355: SRT entries [592] -> 'The rotten apple spoils the bunch....'
2025-11-13 17:18:20,504 [DEBUG] Merged segment 356: SRT entries [593] -> 'I see....'
2025-11-13 17:18:20,504 [DEBUG] Merged segment 357: SRT entries [594, 595, 596, 597] -> 'So speaking of DNA and when that race of beings, o...'
2025-11-13 17:18:20,504 [DEBUG] Merged segment 358: SRT entries [598, 599, 600] -> 'Or was there this-- again, this-- there had to be ...'
2025-11-13 17:18:20,504 [DEBUG] Merged segment 359: SRT entries [601] -> 'Of course, there's always an agreement....'
2025-11-13 17:18:20,504 [DEBUG] Merged segment 360: SRT entries [602] -> 'Yeah....'
2025-11-13 17:18:20,504 [DEBUG] Merged segment 361: SRT entries [603, 604] -> 'However, again, we have to say that-- we have to l...'
2025-11-13 17:18:20,504 [DEBUG] Merged segment 362: SRT entries [605, 606, 607, 608] -> 'Now, you're quite familiar with other channeled in...'
2025-11-13 17:18:20,504 [DEBUG] Merged segment 363: SRT entries [609] -> 'And that is not, in any way, meant to be a cop out...'
2025-11-13 17:18:20,504 [DEBUG] Merged segment 364: SRT entries [610] -> 'All right....'
2025-11-13 17:18:20,504 [DEBUG] Merged segment 365: SRT entries [611] -> 'It's simply the way the universe works....'
2025-11-13 17:18:20,504 [DEBUG] Merged segment 366: SRT entries [612] -> 'Sure....'
2025-11-13 17:18:20,504 [DEBUG] Merged segment 367: SRT entries [613] -> 'There is no mistakes--...'
2025-11-13 17:18:20,504 [DEBUG] Merged segment 368: SRT entries [614] -> 'Absolutely....'
2025-11-13 17:18:20,504 [DEBUG] Merged segment 369: SRT entries [615] -> '--in creation....'
2025-11-13 17:18:20,504 [DEBUG] Merged segment 370: SRT entries [616, 617, 618] -> 'Now, in those ancient days, we have to say that yo...'
2025-11-13 17:18:20,504 [DEBUG] Merged segment 371: SRT entries [619] -> 'Yeah....'
2025-11-13 17:18:20,504 [DEBUG] Merged segment 372: SRT entries [620] -> 'Feels like that today, still, but--...'
2025-11-13 17:18:20,504 [DEBUG] Merged segment 373: SRT entries [621] -> 'Well, yes, it is....'
2025-11-13 17:18:20,504 [DEBUG] Merged segment 374: SRT entries [622] -> 'It is....'
2025-11-13 17:18:20,504 [DEBUG] Merged segment 375: SRT entries [623] -> 'But it's a little bit more colonized now....'
2025-11-13 17:18:20,504 [DEBUG] Merged segment 376: SRT entries [624] -> 'Sure....'
2025-11-13 17:18:20,504 [DEBUG] Merged segment 377: SRT entries [625] -> 'So it was an isolated place....'
2025-11-13 17:18:20,504 [DEBUG] Merged segment 378: SRT entries [626, 627, 628, 629] -> 'And because of that isolation, a lot went on, that...'
2025-11-13 17:18:20,504 [DEBUG] Merged segment 379: SRT entries [630, 631] -> 'All because these forefathers of yours were a very...'
2025-11-13 17:18:20,504 [DEBUG] Merged segment 380: SRT entries [632] -> 'This doesn't happen with older species....'
2025-11-13 17:18:20,504 [DEBUG] Merged segment 381: SRT entries [633] -> 'Only with younger ones....'
2025-11-13 17:18:20,504 [DEBUG] Merged segment 382: SRT entries [634] -> 'I see....'
2025-11-13 17:18:20,504 [DEBUG] Merged segment 383: SRT entries [635, 636] -> 'So you sort of answered the question earlier, that...'
2025-11-13 17:18:20,505 [DEBUG] Merged segment 384: SRT entries [637, 638] -> 'And therefore, these other races sort of lend thei...'
2025-11-13 17:18:20,505 [DEBUG] Merged segment 385: SRT entries [639] -> 'Yes....'
2025-11-13 17:18:20,505 [DEBUG] Merged segment 386: SRT entries [640, 641, 642] -> 'It wasn't stolen or taken and put-- you know, I'm ...'
2025-11-13 17:18:20,505 [DEBUG] Merged segment 387: SRT entries [643] -> 'Yes....'
2025-11-13 17:18:20,505 [DEBUG] Merged segment 388: SRT entries [644] -> 'That makes a wonderful science fiction movie....'
2025-11-13 17:18:20,505 [DEBUG] Merged segment 389: SRT entries [645] -> 'Sure....'
2025-11-13 17:18:20,505 [DEBUG] Merged segment 390: SRT entries [646] -> 'But it's not quite the way things work....'
2025-11-13 17:18:20,505 [DEBUG] Merged segment 391: SRT entries [647] -> 'Sure....'
2025-11-13 17:18:20,505 [DEBUG] Merged segment 392: SRT entries [648, 649, 650, 651, 652, 653] -> 'One of the things that we've said to many people, ...'
2025-11-13 17:18:20,505 [DEBUG] Merged segment 393: SRT entries [654] -> 'It's kind of like pollination--...'
2025-11-13 17:18:20,505 [DEBUG] Merged segment 394: SRT entries [655] -> 'Right....'
2025-11-13 17:18:20,505 [DEBUG] Merged segment 395: SRT entries [656] -> '--on your world....'
2025-11-13 17:18:20,505 [DEBUG] Merged segment 396: SRT entries [657, 658] -> 'And when you look at it-- when you remove the vict...'
2025-11-13 17:18:20,505 [DEBUG] Merged segment 397: SRT entries [659] -> 'Right....'
2025-11-13 17:18:20,505 [DEBUG] Merged segment 398: SRT entries [660, 661, 662] -> '--which is really only applicable in a very polari...'
2025-11-13 17:18:20,505 [DEBUG] Merged segment 399: SRT entries [663] -> 'Right....'
2025-11-13 17:18:20,505 [DEBUG] Merged segment 400: SRT entries [664] -> 'But the question, then, is why?...'
2025-11-13 17:18:20,505 [DEBUG] Merged segment 401: SRT entries [665, 666] -> 'Why do people have these experiences of being a vi...'
2025-11-13 17:18:20,505 [DEBUG] Merged segment 402: SRT entries [667] -> 'Sure....'
2025-11-13 17:18:20,505 [DEBUG] Merged segment 403: SRT entries [668] -> 'Why do those buttons get pushed?...'
2025-11-13 17:18:20,505 [DEBUG] Merged segment 404: SRT entries [669, 670, 671, 672, 673] -> 'Well, when you are a third-density species, in a s...'
2025-11-13 17:18:20,505 [DEBUG] Merged segment 405: SRT entries [674, 675] -> 'One of those passages has to do with the healing o...'
2025-11-13 17:18:20,505 [DEBUG] Merged segment 406: SRT entries [676] -> 'And many civilizations get stuck there for millenn...'
2025-11-13 17:18:20,505 [DEBUG] Merged segment 407: SRT entries [677, 678] -> 'And so when you have-- well, we're bringing in ano...'
2025-11-13 17:18:20,505 [DEBUG] Merged segment 408: SRT entries [679] -> 'No, that's fine....'
2025-11-13 17:18:20,505 [DEBUG] Merged segment 409: SRT entries [680, 681, 682, 683] -> 'But when you have the situation with the Zetas and...'
2025-11-13 17:18:20,505 [DEBUG] Merged segment 410: SRT entries [684] -> 'Are there victims?...'
2025-11-13 17:18:20,505 [DEBUG] Merged segment 411: SRT entries [685] -> 'Are there perpetrators?...'
2025-11-13 17:18:20,505 [DEBUG] Merged segment 412: SRT entries [686, 687, 688, 689, 690] -> 'And on the individual level of those who were clai...'
2025-11-13 17:18:20,505 [DEBUG] Merged segment 413: SRT entries [691, 692, 693] -> 'And then, on a collective level, it happens on a c...'
2025-11-13 17:18:20,505 [DEBUG] Merged segment 414: SRT entries [694, 695] -> 'And therefore, a passage into fourth density can b...'
2025-11-13 17:18:20,505 [DEBUG] Merged segment 415: SRT entries [696, 697, 698, 699] -> 'So without the Zeta abduction, temporary detainmen...'
2025-11-13 17:18:20,505 [DEBUG] Merged segment 416: SRT entries [700] -> 'Exactly....'
2025-11-13 17:18:20,505 [DEBUG] Merged segment 417: SRT entries [701] -> 'Or you would have re-created something else....'
2025-11-13 17:18:20,505 [DEBUG] Merged segment 418: SRT entries [702] -> 'Some other scenario....'
2025-11-13 17:18:20,505 [DEBUG] Merged segment 419: SRT entries [703] -> 'Yes....'
2025-11-13 17:18:20,505 [DEBUG] Merged segment 420: SRT entries [704] -> 'Yeah, we would have....'
2025-11-13 17:18:20,505 [DEBUG] Merged segment 421: SRT entries [705, 706] -> 'But at least we got to have it in that way so we c...'
2025-11-13 17:18:20,505 [DEBUG] Merged segment 422: SRT entries [707] -> 'Exactly....'
2025-11-13 17:18:20,505 [DEBUG] Merged segment 423: SRT entries [708] -> 'As opposed to, you know, making another story on E...'
2025-11-13 17:18:20,505 [DEBUG] Merged segment 424: SRT entries [709, 710, 711] -> 'Yes, because in the Orion civilization, they didn'...'
2025-11-13 17:18:20,505 [DEBUG] Merged segment 425: SRT entries [712] -> 'They created it through a domineering empire....'
2025-11-13 17:18:20,505 [DEBUG] Merged segment 426: SRT entries [713] -> 'Right....'
2025-11-13 17:18:20,505 [DEBUG] Merged segment 427: SRT entries [714] -> 'And that was the Orion Wars?...'
2025-11-13 17:18:20,505 [DEBUG] Merged segment 428: SRT entries [715] -> 'Yes....'
2025-11-13 17:18:20,505 [DEBUG] Merged segment 429: SRT entries [716, 717] -> 'Was-- was the Pleiadian-- your society involved in...'
2025-11-13 17:18:20,505 [DEBUG] Merged segment 430: SRT entries [718] -> 'Shamefully, yes....'
2025-11-13 17:18:20,505 [DEBUG] Merged segment 431: SRT entries [719] -> 'We're making a joke....'
2025-11-13 17:18:20,505 [DEBUG] Merged segment 432: SRT entries [720] -> 'Right....'
2025-11-13 17:18:20,505 [DEBUG] Merged segment 433: SRT entries [721, 722] -> 'Now, again, those conflicts lasted for a very, ver...'
2025-11-13 17:18:20,505 [DEBUG] Merged segment 434: SRT entries [723, 724, 725] -> 'So there was a period of time, when my species was...'
2025-11-13 17:18:20,505 [DEBUG] Merged segment 435: SRT entries [726, 727] -> 'You know, gung ho, do this, jump in without thinki...'
2025-11-13 17:18:20,505 [DEBUG] Merged segment 436: SRT entries [728] -> 'Right....'
2025-11-13 17:18:20,505 [DEBUG] Merged segment 437: SRT entries [729] -> 'And so we did that....'
2025-11-13 17:18:20,505 [DEBUG] Merged segment 438: SRT entries [730, 731] -> 'And as you say in your vernacular, got our asses k...'
2025-11-13 17:18:20,505 [DEBUG] Merged segment 439: SRT entries [732, 733, 734] -> 'And that brought up the issues of the guilt and al...'
2025-11-13 17:18:20,505 [DEBUG] Merged segment 440: SRT entries [735] -> 'So in that way, there's nothing extraneous....'
2025-11-13 17:18:20,505 [DEBUG] Merged segment 441: SRT entries [736, 737, 738] -> 'So now, obviously, that period of time is over and...'
2025-11-13 17:18:20,505 [DEBUG] Merged segment 442: SRT entries [739, 740, 741] -> 'And obviously time-- and I guess, you know, I'm ju...'
2025-11-13 17:18:20,505 [DEBUG] Merged segment 443: SRT entries [742] -> 'You've been through that....'
2025-11-13 17:18:20,505 [DEBUG] Merged segment 444: SRT entries [743, 744, 745] -> 'You've had this-- we have the story of the Orion W...'
2025-11-13 17:18:20,505 [DEBUG] Merged segment 445: SRT entries [746] -> 'Yes....'
2025-11-13 17:18:20,505 [DEBUG] Merged segment 446: SRT entries [747] -> '--some future generations....'
2025-11-13 17:18:20,505 [DEBUG] Merged segment 447: SRT entries [748] -> 'Because hey, we've been there, we've done that....'
2025-11-13 17:18:20,505 [DEBUG] Merged segment 448: SRT entries [749] -> 'Yes....'
2025-11-13 17:18:20,506 [DEBUG] Merged segment 449: SRT entries [750, 751] -> 'And there are some residuals finishing up on your ...'
2025-11-13 17:18:20,506 [DEBUG] Merged segment 450: SRT entries [752] -> 'Right....'
2025-11-13 17:18:20,506 [DEBUG] Merged segment 451: SRT entries [753] -> 'With the Orion Wars....'
2025-11-13 17:18:20,506 [DEBUG] Merged segment 452: SRT entries [754] -> 'Yes....'
2025-11-13 17:18:20,506 [DEBUG] Merged segment 453: SRT entries [755] -> 'OK....'
2025-11-13 17:18:20,506 [DEBUG] Merged segment 454: SRT entries [756, 757, 758, 759] -> 'And because again-- so I've-- you know, I've heard...'
2025-11-13 17:18:20,506 [DEBUG] Merged segment 455: SRT entries [760] -> 'Yes....'
2025-11-13 17:18:20,506 [DEBUG] Merged segment 456: SRT entries [761, 762, 763] -> '--you know, if we go back just 20 years maybe in o...'
2025-11-13 17:18:20,506 [DEBUG] Merged segment 457: SRT entries [764, 765] -> 'It really depends on what you are connecting with,...'
2025-11-13 17:18:20,506 [DEBUG] Merged segment 458: SRT entries [766] -> 'Right....'
2025-11-13 17:18:20,506 [DEBUG] Merged segment 459: SRT entries [767, 768, 769, 770] -> 'And so that-- instead of looking at it from a line...'
2025-11-13 17:18:20,506 [DEBUG] Merged segment 460: SRT entries [771] -> 'Exactly....'
2025-11-13 17:18:20,506 [DEBUG] Merged segment 461: SRT entries [772] -> 'OK....'
2025-11-13 17:18:20,506 [DEBUG] Merged segment 462: SRT entries [773, 774, 775] -> 'For instance, people in your world who live in the...'
2025-11-13 17:18:20,506 [DEBUG] Merged segment 463: SRT entries [776] -> 'Yeah....'
2025-11-13 17:18:20,506 [DEBUG] Merged segment 464: SRT entries [777] -> '--are directly connecting, still, to that era of O...'
2025-11-13 17:18:20,506 [DEBUG] Merged segment 465: SRT entries [778] -> 'Right....'
2025-11-13 17:18:20,506 [DEBUG] Merged segment 466: SRT entries [779] -> 'Whereas, perhaps, you, in your daily life, are not...'
2025-11-13 17:18:20,506 [DEBUG] Merged segment 467: SRT entries [780] -> 'Correct....'
2025-11-13 17:18:20,506 [DEBUG] Merged segment 468: SRT entries [781] -> 'I see....'
2025-11-13 17:18:20,506 [DEBUG] Merged segment 469: SRT entries [782, 783] -> 'So instead of seeing time linearly in that sense, ...'
2025-11-13 17:18:20,506 [DEBUG] Merged segment 470: SRT entries [784] -> 'Yes, and it's very fluid....'
2025-11-13 17:18:20,506 [DEBUG] Merged segment 471: SRT entries [785] -> 'Right....'
2025-11-13 17:18:20,506 [DEBUG] Merged segment 472: SRT entries [786] -> 'And that-- so we can sort of see time in our daily...'
2025-11-13 17:18:20,506 [DEBUG] Merged segment 473: SRT entries [787, 788, 789] -> 'And if we can see everything as a vibrational freq...'
2025-11-13 17:18:20,506 [DEBUG] Merged segment 474: SRT entries [790] -> 'Yes....'
2025-11-13 17:18:20,506 [DEBUG] Merged segment 475: SRT entries [791, 792, 793, 794] -> 'You're in a very-- as you well know, you're in a v...'
2025-11-13 17:18:20,506 [DEBUG] Merged segment 476: SRT entries [795] -> 'You're taking the foot out of third density....'
2025-11-13 17:18:20,506 [DEBUG] Merged segment 477: SRT entries [796, 797, 798, 799, 800] -> 'But because it's a spectrum, and there's a gradati...'
2025-11-13 17:18:20,506 [DEBUG] Merged segment 478: SRT entries [801] -> 'Right....'
2025-11-13 17:18:20,506 [DEBUG] Merged segment 479: SRT entries [802, 803] -> 'So this is really the most tenuous time and also t...'
2025-11-13 17:18:20,506 [DEBUG] Merged segment 480: SRT entries [804] -> 'Right....'
2025-11-13 17:18:20,506 [DEBUG] Merged segment 481: SRT entries [805] -> 'But also the most--...'
2025-11-13 17:18:20,506 [DEBUG] Merged segment 482: SRT entries [806] -> 'Exciting....'
2025-11-13 17:18:20,506 [DEBUG] Merged segment 483: SRT entries [807, 808, 809] -> '--exciting because the shift, the daily shifts, ar...'
2025-11-13 17:18:20,506 [DEBUG] Merged segment 484: SRT entries [810] -> 'Yes....'
2025-11-13 17:18:20,506 [DEBUG] Merged segment 485: SRT entries [811] -> 'And see these changes....'
2025-11-13 17:18:20,506 [DEBUG] Merged segment 486: SRT entries [812] -> 'Yes....'
2025-11-13 17:18:20,506 [DEBUG] Merged segment 487: SRT entries [813] -> 'And that's exciting....'
2025-11-13 17:18:20,506 [DEBUG] Merged segment 488: SRT entries [814] -> 'Exactly, yes....'
2025-11-13 17:18:20,506 [DEBUG] Merged segment 489: SRT entries [815] -> 'Exciting....'
2025-11-13 17:18:20,506 [DEBUG] Merged segment 490: SRT entries [816] -> 'And it's exciting for us to watch, too....'
2025-11-13 17:18:20,506 [DEBUG] Merged segment 491: SRT entries [817] -> 'Right....'
2025-11-13 17:18:20,506 [DEBUG] Merged segment 492: SRT entries [818, 819, 820, 821, 822] -> 'Exactly. we're having this conversation with Lisa ...'
2025-11-13 17:18:20,506 [DEBUG] Merged segment 493: SRT entries [823] -> 'Yes....'
2025-11-13 17:18:20,506 [DEBUG] Merged segment 494: SRT entries [824] -> 'And it's almost now been labeled....'
2025-11-13 17:18:20,506 [DEBUG] Merged segment 495: SRT entries [825] -> 'Now, we have a collective name for it....'
2025-11-13 17:18:20,506 [DEBUG] Merged segment 496: SRT entries [826, 827] -> 'And we're seeing pieces in our history shifting fr...'
2025-11-13 17:18:20,506 [DEBUG] Merged segment 497: SRT entries [828] -> 'Yes....'
2025-11-13 17:18:20,506 [DEBUG] Merged segment 498: SRT entries [829, 830, 831] -> 'And we're going back and reviewing movies and tang...'
2025-11-13 17:18:20,506 [DEBUG] Merged segment 499: SRT entries [832] -> 'Yes....'
2025-11-13 17:18:20,506 [DEBUG] Merged segment 500: SRT entries [833] -> 'Is this the actual shifting of timelines?...'
2025-11-13 17:18:20,506 [DEBUG] Merged segment 501: SRT entries [834, 835] -> 'It is the you-- as we were just talking about a mo...'
2025-11-13 17:18:20,506 [DEBUG] Merged segment 502: SRT entries [836] -> 'Right....'
2025-11-13 17:18:20,506 [DEBUG] Merged segment 503: SRT entries [837, 838] -> 'When you are rooted, let's say, in third density, ...'
2025-11-13 17:18:20,506 [DEBUG] Merged segment 504: SRT entries [839] -> 'But now you're moving more into a fluid sense of t...'
2025-11-13 17:18:20,506 [DEBUG] Merged segment 505: SRT entries [840, 841] -> 'And that means, then, that you are-- again, it's a...'
2025-11-13 17:18:20,506 [DEBUG] Merged segment 506: SRT entries [842] -> 'It's the limit of the language....'
2025-11-13 17:18:20,506 [DEBUG] Merged segment 507: SRT entries [843] -> 'Sure....'
2025-11-13 17:18:20,506 [DEBUG] Merged segment 508: SRT entries [844, 845] -> 'You are spending more time in the quantum state of...'
2025-11-13 17:18:20,506 [DEBUG] Merged segment 509: SRT entries [846] -> 'Right....'
2025-11-13 17:18:20,506 [DEBUG] Merged segment 510: SRT entries [847, 848, 849] -> 'And you are, thus, able to-- remember, we were tal...'
2025-11-13 17:18:20,506 [DEBUG] Merged segment 511: SRT entries [850] -> 'Right....'
2025-11-13 17:18:20,506 [DEBUG] Merged segment 512: SRT entries [851] -> 'You are able to shift the timelines much more rapi...'
2025-11-13 17:18:20,506 [DEBUG] Merged segment 513: SRT entries [852, 853] -> 'But in the past when you did it, you didn't rememb...'
2025-11-13 17:18:20,507 [DEBUG] Merged segment 514: SRT entries [854, 855, 856, 857] -> 'But now, as you are spending more time in the quan...'
2025-11-13 17:18:20,507 [DEBUG] Merged segment 515: SRT entries [858, 859, 860] -> 'Not in a schizophrenic way, but in a way that's me...'
2025-11-13 17:18:20,507 [DEBUG] Merged segment 516: SRT entries [861] -> 'Right....'
2025-11-13 17:18:20,507 [DEBUG] Merged segment 517: SRT entries [862] -> '--look how fluid you are becoming, you are unlocki...'
2025-11-13 17:18:20,507 [DEBUG] Merged segment 518: SRT entries [863, 864] -> 'And that's where the excitement-- you know, this i...'
2025-11-13 17:18:20,507 [DEBUG] Merged segment 519: SRT entries [865, 866, 867] -> 'So now, you're beginning to see that the future-- ...'
2025-11-13 17:18:20,507 [DEBUG] Merged segment 520: SRT entries [868] -> 'Exactly....'
2025-11-13 17:18:20,507 [DEBUG] Merged segment 521: SRT entries [869] -> 'And-- and we can rewrite the story if we want to....'
2025-11-13 17:18:20,507 [DEBUG] Merged segment 522: SRT entries [870] -> 'Yes, but the ego can never rewrite anything....'
2025-11-13 17:18:20,507 [DEBUG] Merged segment 523: SRT entries [871] -> 'Ah, the ego....'
2025-11-13 17:18:20,507 [DEBUG] Merged segment 524: SRT entries [872] -> 'Yes....'
2025-11-13 17:18:20,507 [DEBUG] Merged segment 525: SRT entries [873] -> 'Yes, yes, ah, the ego....'
2025-11-13 17:18:20,507 [DEBUG] Merged segment 526: SRT entries [874] -> 'Interesting....'
2025-11-13 17:18:20,507 [DEBUG] Merged segment 527: SRT entries [875] -> 'This is where people who do manifestation work get...'
2025-11-13 17:18:20,507 [DEBUG] Merged segment 528: SRT entries [876] -> 'Ah, yes....'
2025-11-13 17:18:20,507 [DEBUG] Merged segment 529: SRT entries [877] -> 'Because the ego takes over the show....'
2025-11-13 17:18:20,507 [DEBUG] Merged segment 530: SRT entries [878] -> 'Right....'
2025-11-13 17:18:20,507 [DEBUG] Merged segment 531: SRT entries [879] -> 'I can see that....'
2025-11-13 17:18:20,507 [DEBUG] Merged segment 532: SRT entries [880] -> 'I can absolutely see that....'
2025-11-13 17:18:20,507 [DEBUG] Merged segment 533: SRT entries [881, 882] -> 'So we want to rewrite the story, but we can't real...'
2025-11-13 17:18:20,507 [DEBUG] Merged segment 534: SRT entries [883, 884, 885] -> 'We just have to-- we can't rewrite the past story,...'
2025-11-13 17:18:20,507 [DEBUG] Merged segment 535: SRT entries [886] -> 'Yes....'
2025-11-13 17:18:20,507 [DEBUG] Merged segment 536: SRT entries [887] -> 'You can rewrite the now story....'
2025-11-13 17:18:20,507 [DEBUG] Merged segment 537: SRT entries [888] -> 'Now, when we talk about now, we're talking about n...'
2025-11-13 17:18:20,507 [DEBUG] Merged segment 538: SRT entries [889] -> 'Right....'
2025-11-13 17:18:20,507 [DEBUG] Merged segment 539: SRT entries [890] -> 'And now....'
2025-11-13 17:18:20,507 [DEBUG] Merged segment 540: SRT entries [891] -> 'And now....'
2025-11-13 17:18:20,507 [DEBUG] Merged segment 541: SRT entries [892] -> 'We're not talking about one second from now....'
2025-11-13 17:18:20,507 [DEBUG] Merged segment 542: SRT entries [893] -> 'Sure....'
2025-11-13 17:18:20,507 [DEBUG] Merged segment 543: SRT entries [894] -> 'All right....'
2025-11-13 17:18:20,507 [DEBUG] Merged segment 544: SRT entries [895, 896] -> 'So the only thing, then, that you have in the now ...'
2025-11-13 17:18:20,507 [DEBUG] Merged segment 545: SRT entries [897] -> 'Right....'
2025-11-13 17:18:20,507 [DEBUG] Merged segment 546: SRT entries [898, 899] -> 'So therefore, what you are really rewriting is you...'
2025-11-13 17:18:20,507 [DEBUG] Merged segment 547: SRT entries [900] -> 'Right....'
2025-11-13 17:18:20,507 [DEBUG] Merged segment 548: SRT entries [901] -> '--which really has to do with your interpretation ...'
2025-11-13 17:18:20,507 [DEBUG] Merged segment 549: SRT entries [902, 903] -> 'And that, depending on that interpretation, will s...'
2025-11-13 17:18:20,507 [DEBUG] Merged segment 550: SRT entries [904] -> 'Exactly....'
2025-11-13 17:18:20,507 [DEBUG] Merged segment 551: SRT entries [905, 906] -> 'And then, depending on that vibrational frequency,...'
2025-11-13 17:18:20,507 [DEBUG] Merged segment 552: SRT entries [907] -> 'Exactly....'
2025-11-13 17:18:20,507 [DEBUG] Merged segment 553: SRT entries [908] -> 'So if your interpretation of the now is one of vic...'
2025-11-13 17:18:20,507 [DEBUG] Merged segment 554: SRT entries [909] -> 'Sure....'
2025-11-13 17:18:20,507 [DEBUG] Merged segment 555: SRT entries [910] -> '--guess what you're going to get....'
2025-11-13 17:18:20,507 [DEBUG] Merged segment 556: SRT entries [911, 912] -> 'We're going to get a past history of Zetas abducti...'
2025-11-13 17:18:20,507 [DEBUG] Merged segment 557: SRT entries [913] -> 'Yes....'
2025-11-13 17:18:20,507 [DEBUG] Merged segment 558: SRT entries [914, 915, 916, 917] -> 'And if you are at a vibrational frequency of non-v...'
2025-11-13 17:18:20,507 [DEBUG] Merged segment 559: SRT entries [918] -> 'Yes....'
2025-11-13 17:18:20,507 [DEBUG] Merged segment 560: SRT entries [919, 920, 921] -> 'And even-- getting out-- getting out of the ET stu...'
2025-11-13 17:18:20,507 [DEBUG] Merged segment 561: SRT entries [922] -> 'Sure....'
2025-11-13 17:18:20,507 [DEBUG] Merged segment 562: SRT entries [923] -> 'So we're even talking about the human stuff here....'
2025-11-13 17:18:20,507 [DEBUG] Merged segment 563: SRT entries [924] -> 'Right....'
2025-11-13 17:18:20,507 [DEBUG] Merged segment 564: SRT entries [925] -> 'Right....'
2025-11-13 17:18:20,507 [DEBUG] Merged segment 565: SRT entries [926, 927, 928, 929] -> 'And then, shifting that perspective, shifting that...'
2025-11-13 17:18:20,507 [DEBUG] Merged segment 566: SRT entries [930] -> 'Exactly....'
2025-11-13 17:18:20,507 [DEBUG] Merged segment 567: SRT entries [931, 932, 933, 934] -> 'And this brings in the whole other aspect of the e...'
2025-11-13 17:18:20,507 [DEBUG] Merged segment 568: SRT entries [935, 936, 937] -> 'But the insidious ego will continue its dialogue w...'
2025-11-13 17:18:20,507 [DEBUG] Merged segment 569: SRT entries [938] -> 'You're bad....'
2025-11-13 17:18:20,507 [DEBUG] Merged segment 570: SRT entries [939] -> 'You're failing....'
2025-11-13 17:18:20,507 [DEBUG] Merged segment 571: SRT entries [940] -> 'And that that just further entrenches--...'
2025-11-13 17:18:20,507 [DEBUG] Merged segment 572: SRT entries [941] -> 'Right....'
2025-11-13 17:18:20,507 [DEBUG] Merged segment 573: SRT entries [942] -> '--the anchor of the ego....'
2025-11-13 17:18:20,507 [DEBUG] Merged segment 574: SRT entries [943] -> 'So it's just a big lesson of allowance and accepta...'
2025-11-13 17:18:20,507 [DEBUG] Merged segment 575: SRT entries [944] -> 'Exactly....'
2025-11-13 17:18:20,507 [DEBUG] Merged segment 576: SRT entries [945] -> 'Exactly....'
2025-11-13 17:18:20,507 [DEBUG] Merged segment 577: SRT entries [946] -> 'And just being, really....'
2025-11-13 17:18:20,507 [DEBUG] Merged segment 578: SRT entries [947] -> 'And not the knee jerk reactions....'
2025-11-13 17:18:20,507 [DEBUG] Merged segment 579: SRT entries [948] -> 'Exactly....'
2025-11-13 17:18:20,507 [DEBUG] Merged segment 580: SRT entries [949, 950] -> 'And watching yourself so that you can see your hab...'
2025-11-13 17:18:20,508 [DEBUG] Merged segment 581: SRT entries [951] -> 'And that's the key to your freedom....'
2025-11-13 17:18:20,508 [DEBUG] Merged segment 582: SRT entries [952, 953] -> 'And by embracing those emotions when they come, as...'
2025-11-13 17:18:20,508 [DEBUG] Merged segment 583: SRT entries [954] -> 'Exactly....'
2025-11-13 17:18:20,508 [DEBUG] Merged segment 584: SRT entries [955] -> 'Ok....'
2025-11-13 17:18:20,508 [DEBUG] Merged segment 585: SRT entries [956, 957, 958, 959, 960] -> 'Now I've heard different stories on the Zeta race ...'
2025-11-13 17:18:20,508 [DEBUG] Merged segment 586: SRT entries [961, 962, 963, 964, 965] -> 'And I've heard other stories now that the Zetas ar...'
2025-11-13 17:18:20,508 [DEBUG] Merged segment 587: SRT entries [966, 967] -> 'And I don't know if they're back to reproducing, b...'
2025-11-13 17:18:20,508 [DEBUG] Merged segment 588: SRT entries [968, 969] -> 'And I'm assuming there's two different timelines t...'
2025-11-13 17:18:20,508 [DEBUG] Merged segment 589: SRT entries [970] -> 'How does this work?...'
2025-11-13 17:18:20,508 [DEBUG] Merged segment 590: SRT entries [971, 972, 973] -> 'Well, as with any species, if there is an aspect o...'
2025-11-13 17:18:20,508 [DEBUG] Merged segment 591: SRT entries [974] -> 'Okay....'
2025-11-13 17:18:20,508 [DEBUG] Merged segment 592: SRT entries [975] -> 'Alright?...'
2025-11-13 17:18:20,508 [DEBUG] Merged segment 593: SRT entries [976, 977, 978, 979] -> 'But, as we were talking about before, regarding th...'
2025-11-13 17:18:20,508 [DEBUG] Merged segment 594: SRT entries [980, 981, 982] -> 'So the first era was the era of their species cris...'
2025-11-13 17:18:20,508 [DEBUG] Merged segment 595: SRT entries [983, 984, 985, 986, 987] -> 'The second era started to take place as the intera...'
2025-11-13 17:18:20,508 [DEBUG] Merged segment 596: SRT entries [988, 989, 990, 991] -> 'But also through the creation of the hybrid specie...'
2025-11-13 17:18:20,508 [DEBUG] Merged segment 597: SRT entries [992] -> 'Right, yes....'
2025-11-13 17:18:20,508 [DEBUG] Merged segment 598: SRT entries [993, 994] -> 'And all of those challenges they had in the second...'
2025-11-13 17:18:20,508 [DEBUG] Merged segment 599: SRT entries [995, 996] -> 'Then the third era Zeta, we would call the awakene...'
2025-11-13 17:18:20,508 [DEBUG] Merged segment 600: SRT entries [997] -> 'Mmm hmm....'
2025-11-13 17:18:20,508 [DEBUG] Merged segment 601: SRT entries [998, 999, 1000, 1001, 1002, 1003, 1004] -> 'So this is a very, very high level Zeta consciousn...'
2025-11-13 17:18:20,508 [DEBUG] Merged segment 602: SRT entries [1005] -> 'Correct....'
2025-11-13 17:18:20,508 [DEBUG] Merged segment 603: SRT entries [1006, 1007, 1008, 1009, 1010] -> 'But we would say really beginning five to ten year...'
2025-11-13 17:18:20,508 [DEBUG] Merged segment 604: SRT entries [1011, 1012, 1013, 1014, 1015] -> 'So their emotional bodies, mental bodies, all of t...'
2025-11-13 17:18:20,508 [DEBUG] Merged segment 605: SRT entries [1016] -> 'Wow, how does that all work?...'
2025-11-13 17:18:20,508 [DEBUG] Merged segment 606: SRT entries [1017, 1018, 1019, 1020, 1021, 1022, 1023, 1024] -> 'I guess, to put it in a, in a linear... And again,...'
2025-11-13 17:18:20,508 [DEBUG] Merged segment 607: SRT entries [1025, 1026, 1027] -> 'And I'm assuming that they look up to the Zeta, th...'
2025-11-13 17:18:20,508 [DEBUG] Merged segment 608: SRT entries [1028, 1029, 1030, 1031, 1032, 1033] -> 'That they're interacting with them on that level. ...'
2025-11-13 17:18:20,508 [DEBUG] Merged segment 609: SRT entries [1034, 1035, 1036] -> 'Yes.  They didn't die off.  >>Yes.  >>And yet we'r...'
2025-11-13 17:18:20,508 [DEBUG] Merged segment 610: SRT entries [1037] -> 'Could you go into depth a little bit about that?...'
2025-11-13 17:18:20,508 [DEBUG] Merged segment 611: SRT entries [1038, 1039] -> 'My goodness, we're not sure exactly, because there...'
2025-11-13 17:18:20,508 [DEBUG] Merged segment 612: SRT entries [1040] -> 'Is there a specific curiosity and we can start the...'
2025-11-13 17:18:20,508 [DEBUG] Merged segment 613: SRT entries [1041, 1042, 1043, 1044, 1045] -> 'I... The... It's... It has to do with time and the...'
2025-11-13 17:18:20,508 [DEBUG] Merged segment 614: SRT entries [1046, 1047] -> 'And even the version of yourself, why not an earli...'
2025-11-13 17:18:20,508 [DEBUG] Merged segment 615: SRT entries [1048, 1049, 1050] -> 'Ah, all right.  >>And then we, and then we have hi...'
2025-11-13 17:18:20,508 [DEBUG] Merged segment 616: SRT entries [1051, 1052, 1053, 1054, 1055] -> 'Yes, well, it's back to what we were talking about...'
2025-11-13 17:18:20,508 [DEBUG] Merged segment 617: SRT entries [1056, 1057, 1058, 1059] -> 'Okay, I see.  >>So you have, you have one aspect t...'
2025-11-13 17:18:20,508 [WARNING] Reached safety limit (10) at segment_id=618, source_entries=[1060, 1061, 1062, 1063, 1064, 1065, 1066, 1067, 1068, 1069], stopping merge even though sentence may be incomplete
2025-11-13 17:18:20,508 [DEBUG] Merged segment 618: SRT entries [1060, 1061, 1062, 1063, 1064, 1065, 1066, 1067, 1068, 1069] -> 'Okay, so for instance, you on your world, you have...'
2025-11-13 17:18:20,508 [DEBUG] Merged segment 619: SRT entries [1070, 1071] -> 'in those Pleiadian contacts because that's what yo...'
2025-11-13 17:18:20,508 [WARNING] Reached safety limit (10) at segment_id=620, source_entries=[1072, 1073, 1074, 1075, 1076, 1077, 1078, 1079, 1080, 1081], stopping merge even though sentence may be incomplete
2025-11-13 17:18:20,508 [DEBUG] Merged segment 620: SRT entries [1072, 1073, 1074, 1075, 1076, 1077, 1078, 1079, 1080, 1081] -> 'I see.  >>Now you're pulling in different types of...'
2025-11-13 17:18:20,508 [DEBUG] Merged segment 621: SRT entries [1082] -> 'together to create a third idea.  >>Right....'
2025-11-13 17:18:20,508 [WARNING] Reached safety limit (10) at segment_id=622, source_entries=[1083, 1084, 1085, 1086, 1087, 1088, 1089, 1090, 1091, 1092], stopping merge even though sentence may be incomplete
2025-11-13 17:18:20,508 [DEBUG] Merged segment 622: SRT entries [1083, 1084, 1085, 1086, 1087, 1088, 1089, 1090, 1091, 1092] -> 'And this is, let's say, energy dynamics 101 in ter...'
2025-11-13 17:18:20,508 [DEBUG] Merged segment 623: SRT entries [1093, 1094, 1095, 1096, 1097, 1098] -> 'the combination of Zeta and human, but also throug...'
2025-11-13 17:18:20,508 [DEBUG] Merged segment 624: SRT entries [1099, 1100, 1101, 1102, 1103, 1104, 1105, 1106] -> 'Yes. ...in terms of Bashar, you will find that the...'
2025-11-13 17:18:20,508 [DEBUG] Merged segment 625: SRT entries [1107, 1108, 1109, 1110, 1111, 1112] -> 'And we would call that third era Sirian beings, ag...'
2025-11-13 17:18:20,508 [DEBUG] Merged segment 626: SRT entries [1113] -> 'Yes....'
2025-11-13 17:18:20,508 [DEBUG] Merged segment 627: SRT entries [1114, 1115, 1116, 1117, 1118, 1119] -> 'We can go towards the Sirian direction of evolutio...'
2025-11-13 17:18:20,508 [DEBUG] Merged segment 628: SRT entries [1120, 1121] -> 'Okay.  And its really up to us individually to see...'
2025-11-13 17:18:20,508 [DEBUG] Merged segment 629: SRT entries [1122, 1123] -> 'So we go back then to what we were talking about a...'
2025-11-13 17:18:20,508 [DEBUG] Merged segment 630: SRT entries [1124, 1125, 1126, 1127] -> 'Because the ego cannot control the trajectory, all...'
2025-11-13 17:18:20,508 [DEBUG] Merged segment 631: SRT entries [1128, 1129, 1130, 1131, 1132] -> 'So this is some work Lyssa, Germane and myself hav...'
2025-11-13 17:18:20,508 [DEBUG] Merged segment 632: SRT entries [1133, 1134, 1135, 1136, 1137, 1138, 1139, 1140, 1141] -> 'And lets say it's an emotional pattern that's more...'
2025-11-13 17:18:20,508 [DEBUG] Merged segment 633: SRT entries [1142, 1143, 1144, 1145, 1146] -> 'Again, going back to the seven rooms, seven concen...'
2025-11-13 17:18:20,508 [INFO] Merged 1146 segments into 633 final segments
2025-11-13 17:18:20,706 [INFO] Wrote 633 segments to data/S01-E19/main.yaml
2025-11-13 17:18:20,706 [INFO] Conversion completed successfully!
