2025-11-10 00:53:42,116 [INFO] Starting SRT to YAML conversion for episode S01-E30
2025-11-10 00:53:42,116 [INFO] SRT source resolved to: input/S01-E30/ENG-S01-E30 Ayako Sekino & The Sassani Teachings_English.srt
2025-11-10 00:53:42,118 [INFO] Parsed 906 SRT entries from input/S01-E30/ENG-S01-E30 Ayako Sekino & The Sassani Teachings_English.srt
2025-11-10 00:53:42,118 [DEBUG] Merged segment 1: SRT entries [1] -> 'It's exciting to go back to our original, infinite...'
2025-11-10 00:53:42,119 [DEBUG] Merged segment 2: SRT entries [2] -> 'We've been existing on Earth with limiting beliefs...'
2025-11-10 00:53:42,119 [DEBUG] Merged segment 3: SRT entries [3, 4] -> 'We've created a planet of separation and lifestyle...'
2025-11-10 00:53:42,119 [DEBUG] Merged segment 4: SRT entries [5] -> 'But from here on out, we'll truly begin to open an...'
2025-11-10 00:53:42,119 [DEBUG] Merged segment 5: SRT entries [6] -> 'Everyone will be able to access the information th...'
2025-11-10 00:53:42,119 [DEBUG] Merged segment 6: SRT entries [7] -> 'The realities we manifest will reflect that excite...'
2025-11-10 00:53:42,119 [DEBUG] Merged segment 7: SRT entries [8] -> 'When we know everything comes from within, frictio...'
2025-11-10 00:53:42,119 [DEBUG] Merged segment 8: SRT entries [9] -> 'We don't have to take things from others....'
2025-11-10 00:53:42,119 [DEBUG] Merged segment 9: SRT entries [10] -> 'We've remained asleep by focusing very strongly on...'
2025-11-10 00:53:42,119 [DEBUG] Merged segment 10: SRT entries [11] -> 'So the outside reality seems very tangible to us....'
2025-11-10 00:53:42,119 [DEBUG] Merged segment 11: SRT entries [12] -> 'It looks like it's really happening....'
2025-11-10 00:53:42,119 [DEBUG] Merged segment 12: SRT entries [13, 14] -> 'However, awakening means you start redirecting all...'
2025-11-10 00:53:42,119 [DEBUG] Merged segment 13: SRT entries [15, 16] -> 'As you do this your infinite consciousness becomes...'
2025-11-10 00:53:42,119 [DEBUG] Merged segment 14: SRT entries [17] -> 'And reality starts to become "soft"....'
2025-11-10 00:53:42,119 [DEBUG] Merged segment 15: SRT entries [18] -> 'We'll have nothing to cling on to, but that's part...'
2025-11-10 00:53:42,119 [DEBUG] Merged segment 16: SRT entries [19] -> 'Our old grab bars will start to fall apart....'
2025-11-10 00:53:42,119 [DEBUG] Merged segment 17: SRT entries [20] -> 'We'll learn that the ways we'd known don't functio...'
2025-11-10 00:53:42,119 [DEBUG] Merged segment 18: SRT entries [21, 22] -> 'That's when we stop and pause for the first time t...'
2025-11-10 00:53:42,119 [DEBUG] Merged segment 19: SRT entries [23] -> 'That's where you can start from zero again....'
2025-11-10 00:53:42,119 [DEBUG] Merged segment 20: SRT entries [24] -> 'Then you'll allow new perspectives....'
2025-11-10 00:53:42,119 [DEBUG] Merged segment 21: SRT entries [25] -> 'That's where we're headed....'
2025-11-10 00:53:42,119 [DEBUG] Merged segment 22: SRT entries [26] -> 'We're here with Ms. Ayako. Or is it Sekino?...'
2025-11-10 00:53:42,119 [DEBUG] Merged segment 23: SRT entries [27] -> 'Sekino Ayako....'
2025-11-10 00:53:42,119 [DEBUG] Merged segment 24: SRT entries [28] -> 'Right, Sekino Ayako because in Japanese it's flipp...'
2025-11-10 00:53:42,119 [DEBUG] Merged segment 25: SRT entries [29] -> 'In English we say Ayako Sekino....'
2025-11-10 00:53:42,119 [DEBUG] Merged segment 26: SRT entries [30] -> 'I'm planning to cover a number of topics with you ...'
2025-11-10 00:53:42,119 [DEBUG] Merged segment 27: SRT entries [31] -> 'Yes, I'm looking forward to it....'
2025-11-10 00:53:42,119 [DEBUG] Merged segment 28: SRT entries [32] -> 'Ok, first off, I wanted to ask this....'
2025-11-10 00:53:42,119 [DEBUG] Merged segment 29: SRT entries [33, 34] -> 'On the internet you can find a few videos of you a...'
2025-11-10 00:53:42,119 [DEBUG] Merged segment 30: SRT entries [35] -> 'I found out about you from those videos....'
2025-11-10 00:53:42,119 [DEBUG] Merged segment 31: SRT entries [36] -> 'What's the connection? Can you give us a brief exp...'
2025-11-10 00:53:42,119 [DEBUG] Merged segment 32: SRT entries [37] -> 'Darryl came to Japan to offer channeling sessions....'
2025-11-10 00:53:42,119 [DEBUG] Merged segment 33: SRT entries [38] -> 'I think it was around 1985....'
2025-11-10 00:53:42,119 [DEBUG] Merged segment 34: SRT entries [39] -> 'At that time I didn't believe in aliens. I had no ...'
2025-11-10 00:53:42,119 [DEBUG] Merged segment 35: SRT entries [40, 41] -> 'When I heard that somebody was going to channel an...'
2025-11-10 00:53:42,119 [DEBUG] Merged segment 36: SRT entries [42] -> 'It was a three-hour session where Darryl channeled...'
2025-11-10 00:53:42,119 [DEBUG] Merged segment 37: SRT entries [43] -> 'I had no idea what he was talking about....'
2025-11-10 00:53:42,119 [DEBUG] Merged segment 38: SRT entries [44] -> 'Because, you know, it was 30 years ago....'
2025-11-10 00:53:42,119 [DEBUG] Merged segment 39: SRT entries [45] -> 'Earth was still very much asleep and ensconced in ...'
2025-11-10 00:53:42,119 [DEBUG] Merged segment 40: SRT entries [46] -> 'Bashar's perspective was so revolutionary....'
2025-11-10 00:53:42,119 [DEBUG] Merged segment 41: SRT entries [47] -> 'It came from such a higher realm. It was so freein...'
2025-11-10 00:53:42,119 [DEBUG] Merged segment 42: SRT entries [48] -> 'His message was to follow our excitement....'
2025-11-10 00:53:42,119 [DEBUG] Merged segment 43: SRT entries [49] -> 'But the gap was too wide at that time. It just did...'
2025-11-10 00:53:42,119 [DEBUG] Merged segment 44: SRT entries [50, 51] -> 'But after that session, about a week later when I ...'
2025-11-10 00:53:42,119 [DEBUG] Merged segment 45: SRT entries [52] -> 'Now, looking back I know it wasn't a dream....'
2025-11-10 00:53:42,119 [DEBUG] Merged segment 46: SRT entries [53, 54] -> 'I was on Essassani. -The planet? -Yes....'
2025-11-10 00:53:42,119 [DEBUG] Merged segment 47: SRT entries [55] -> 'I believe I was on a mother ship....'
2025-11-10 00:53:42,119 [DEBUG] Merged segment 48: SRT entries [56] -> 'I was inside a spacecraft....'
2025-11-10 00:53:42,119 [DEBUG] Merged segment 49: SRT entries [57] -> 'And then I had the feeling that I wanted to go hom...'
2025-11-10 00:53:42,119 [DEBUG] Merged segment 50: SRT entries [58] -> 'I thought "I'd better keep my eyes closed."...'
2025-11-10 00:53:42,119 [DEBUG] Merged segment 51: SRT entries [59] -> 'Then I sensed a presence behind me....'
2025-11-10 00:53:42,119 [DEBUG] Merged segment 52: SRT entries [60, 61] -> 'I thought, "no matter what don't turn around." -We...'
2025-11-10 00:53:42,119 [DEBUG] Merged segment 53: SRT entries [62] -> 'I knew something very strange was happening....'
2025-11-10 00:53:42,119 [DEBUG] Merged segment 54: SRT entries [63] -> 'Then there was a glass in front of me....'
2025-11-10 00:53:42,119 [DEBUG] Merged segment 55: SRT entries [64] -> 'It curved and extended all around inside the space...'
2025-11-10 00:53:42,119 [DEBUG] Merged segment 56: SRT entries [65] -> 'I saw something flying outside....'
2025-11-10 00:53:42,119 [DEBUG] Merged segment 57: SRT entries [66] -> 'Were you aware that you were inside a spacecraft?...'
2025-11-10 00:53:42,119 [DEBUG] Merged segment 58: SRT entries [67, 68] -> 'No, the concept of a spacecraft was foreign to me....'
2025-11-10 00:53:42,119 [DEBUG] Merged segment 59: SRT entries [69, 70] -> 'I'd somehow landed in a very different space, and ...'
2025-11-10 00:53:42,119 [DEBUG] Merged segment 60: SRT entries [71] -> 'I went closer to the window, wondering what's goin...'
2025-11-10 00:53:42,119 [DEBUG] Merged segment 61: SRT entries [72, 73] -> 'It was then that I saw triangular shaped UFOs flyi...'
2025-11-10 00:53:42,120 [DEBUG] Merged segment 62: SRT entries [74, 75] -> 'There were so many. -Out in Space? -Yes, outside i...'
2025-11-10 00:53:42,120 [DEBUG] Merged segment 63: SRT entries [76] -> 'I was inside the spacecraft looking out of the win...'
2025-11-10 00:53:42,120 [DEBUG] Merged segment 64: SRT entries [77, 78] -> 'I could see triangular UFOs showing their undersid...'
2025-11-10 00:53:42,120 [DEBUG] Merged segment 65: SRT entries [79, 80] -> 'I'd never seen an UFO in my life, and in front of ...'
2025-11-10 00:53:42,120 [DEBUG] Merged segment 66: SRT entries [81] -> 'I was like "Wow! I saw UFOs!"...'
2025-11-10 00:53:42,120 [DEBUG] Merged segment 67: SRT entries [82] -> '"I have to tell all my friends!"...'
2025-11-10 00:53:42,120 [DEBUG] Merged segment 68: SRT entries [83] -> 'There was still this presence behind me and I didn...'
2025-11-10 00:53:42,120 [DEBUG] Merged segment 69: SRT entries [84] -> 'The window was all around inside and I saw a door ...'
2025-11-10 00:53:42,120 [DEBUG] Merged segment 70: SRT entries [85] -> 'A door to the outside....'
2025-11-10 00:53:42,120 [DEBUG] Merged segment 71: SRT entries [86] -> 'Making sure I didn't look behind me, I walked towa...'
2025-11-10 00:53:42,120 [DEBUG] Merged segment 72: SRT entries [87] -> 'There was a small flight of stairs, leading outsid...'
2025-11-10 00:53:42,120 [DEBUG] Merged segment 73: SRT entries [88] -> 'So I went out....'
2025-11-10 00:53:42,120 [DEBUG] Merged segment 74: SRT entries [89] -> 'And then......'
2025-11-10 00:53:42,120 [DEBUG] Merged segment 75: SRT entries [90] -> 'It was like a park....'
2025-11-10 00:53:42,120 [DEBUG] Merged segment 76: SRT entries [91] -> 'There was a lot of vegetation, like a grassy field...'
2025-11-10 00:53:42,120 [DEBUG] Merged segment 77: SRT entries [92] -> 'There was water too....'
2025-11-10 00:53:42,120 [DEBUG] Merged segment 78: SRT entries [93] -> 'In terms of what we know here on Earth, something ...'
2025-11-10 00:53:42,120 [DEBUG] Merged segment 79: SRT entries [94] -> 'The whole landscape radiated such incredible energ...'
2025-11-10 00:53:42,120 [DEBUG] Merged segment 80: SRT entries [95] -> 'It was so nice that my body felt it would melt int...'
2025-11-10 00:53:42,120 [DEBUG] Merged segment 81: SRT entries [96] -> 'There was an indescribable feeling of peace and ha...'
2025-11-10 00:53:42,120 [DEBUG] Merged segment 82: SRT entries [97] -> 'Not the sort we know on earth....'
2025-11-10 00:53:42,120 [DEBUG] Merged segment 83: SRT entries [98] -> 'True harmony and peace....'
2025-11-10 00:53:42,120 [DEBUG] Merged segment 84: SRT entries [99] -> 'All the anxiety in my body dissolved at once....'
2025-11-10 00:53:42,120 [DEBUG] Merged segment 85: SRT entries [100] -> 'That's when I turned around because I was feeling ...'
2025-11-10 00:53:42,120 [DEBUG] Merged segment 86: SRT entries [101] -> 'I saw a set of huge almond shaped eyes....'
2025-11-10 00:53:42,120 [DEBUG] Merged segment 87: SRT entries [102] -> 'It was Bashar....'
2025-11-10 00:53:42,120 [DEBUG] Merged segment 88: SRT entries [103, 104] -> 'What struck me the most were his almond shaped eye...'
2025-11-10 00:53:42,120 [DEBUG] Merged segment 89: SRT entries [105] -> 'You mean his head was really this big?...'
2025-11-10 00:53:42,120 [DEBUG] Merged segment 90: SRT entries [106] -> 'All I could focus on were those eyes. They were so...'
2025-11-10 00:53:42,120 [DEBUG] Merged segment 91: SRT entries [107] -> 'I was so surprised that I reacted like a child....'
2025-11-10 00:53:42,120 [DEBUG] Merged segment 92: SRT entries [108] -> 'Just like a scared child I jumped out of my skin!...'
2025-11-10 00:53:42,120 [DEBUG] Merged segment 93: SRT entries [109, 110] -> 'It was with that shock I found myself, back on Ear...'
2025-11-10 00:53:42,120 [DEBUG] Merged segment 94: SRT entries [111] -> 'I opened my eyes and saw the ceiling....'
2025-11-10 00:53:42,120 [DEBUG] Merged segment 95: SRT entries [112, 113] -> 'But I knew, in my heart, what I'd just experienced...'
2025-11-10 00:53:42,120 [DEBUG] Merged segment 96: SRT entries [114] -> '"It hadn't been a dream."...'
2025-11-10 00:53:42,120 [DEBUG] Merged segment 97: SRT entries [115, 116] -> '"There are things out there" "that we are never ta...'
2025-11-10 00:53:42,120 [DEBUG] Merged segment 98: SRT entries [117] -> 'This knowing was deep within me, and resonating in...'
2025-11-10 00:53:42,120 [DEBUG] Merged segment 99: SRT entries [118] -> 'My body wouldn't move....'
2025-11-10 00:53:42,120 [DEBUG] Merged segment 100: SRT entries [119] -> 'My energy hadn't fully returned to my body....'
2025-11-10 00:53:42,120 [DEBUG] Merged segment 101: SRT entries [120] -> 'But I knew......'
2025-11-10 00:53:42,120 [DEBUG] Merged segment 102: SRT entries [121] -> '"I'll get my energy back in ten minutes and be abl...'
2025-11-10 00:53:42,120 [DEBUG] Merged segment 103: SRT entries [122] -> '"This is not a dream."...'
2025-11-10 00:53:42,120 [DEBUG] Merged segment 104: SRT entries [123] -> '"My state of consciousness will expand."...'
2025-11-10 00:53:42,120 [DEBUG] Merged segment 105: SRT entries [124] -> '"There are all sorts of things that I'd never been...'
2025-11-10 00:53:42,120 [DEBUG] Merged segment 106: SRT entries [125] -> 'And I was allowing these things to happen. That's ...'
2025-11-10 00:53:42,120 [DEBUG] Merged segment 107: SRT entries [126] -> 'Then after ten minutes, I was able to move, and I ...'
2025-11-10 00:53:42,120 [DEBUG] Merged segment 108: SRT entries [127, 128] -> 'Once I was fully awake, I thought of these triangu...'
2025-11-10 00:53:42,120 [DEBUG] Merged segment 109: SRT entries [129] -> 'They would made a loop, showing me the pattern on ...'
2025-11-10 00:53:42,120 [DEBUG] Merged segment 110: SRT entries [130] -> 'There were thick lines drawn in....'
2025-11-10 00:53:42,120 [DEBUG] Merged segment 111: SRT entries [131] -> 'That left a strong impression on me....'
2025-11-10 00:53:42,120 [DEBUG] Merged segment 112: SRT entries [132, 133] -> 'Considering the level of the Earth's consciousness...'
2025-11-10 00:53:42,120 [DEBUG] Merged segment 113: SRT entries [134] -> 'I believed that people would think I was crazy....'
2025-11-10 00:53:42,120 [DEBUG] Merged segment 114: SRT entries [135] -> 'It's not my belief anymore....'
2025-11-10 00:53:42,120 [DEBUG] Merged segment 115: SRT entries [136] -> 'I called my now-husband, Naoyuki....'
2025-11-10 00:53:42,120 [DEBUG] Merged segment 116: SRT entries [137] -> 'At that time he was Darryl's Interpreter during Ba...'
2025-11-10 00:53:42,120 [DEBUG] Merged segment 117: SRT entries [138] -> 'I told him that I had seen UFOs....'
2025-11-10 00:53:42,120 [DEBUG] Merged segment 118: SRT entries [139, 140] -> 'He was amused and brought me a picture which showe...'
2025-11-10 00:53:42,120 [DEBUG] Merged segment 119: SRT entries [141] -> 'The picture he brought me was drawn by Bashar thro...'
2025-11-10 00:53:42,121 [DEBUG] Merged segment 120: SRT entries [142] -> 'It was exactly the same markings that I had seen o...'
2025-11-10 00:53:42,121 [DEBUG] Merged segment 121: SRT entries [143] -> 'It's hard to explain to anybody but myself....'
2025-11-10 00:53:42,121 [DEBUG] Merged segment 122: SRT entries [144] -> 'That experience really made me wonder about dreams...'
2025-11-10 00:53:42,121 [DEBUG] Merged segment 123: SRT entries [145, 146] -> 'Because the times were what they were, I didn't ta...'
2025-11-10 00:53:42,121 [DEBUG] Merged segment 124: SRT entries [147] -> 'You were leading the "normal" Japanese life....'
2025-11-10 00:53:42,121 [DEBUG] Merged segment 125: SRT entries [148] -> 'Yes, totally! I was really......'
2025-11-10 00:53:42,121 [DEBUG] Merged segment 126: SRT entries [149] -> 'A regular person....'
2025-11-10 00:53:42,121 [DEBUG] Merged segment 127: SRT entries [150] -> 'Even when I saw aliens on TV I had absolutely no i...'
2025-11-10 00:53:42,121 [DEBUG] Merged segment 128: SRT entries [151] -> 'Entertainment, right?...'
2025-11-10 00:53:42,121 [DEBUG] Merged segment 129: SRT entries [152] -> 'I didn't even care to know whether aliens existed ...'
2025-11-10 00:53:42,121 [DEBUG] Merged segment 130: SRT entries [153] -> 'But my consciousness was expanding through myself....'
2025-11-10 00:53:42,121 [DEBUG] Merged segment 131: SRT entries [154, 155] -> 'I was gaining new information with expanded consci...'
2025-11-10 00:53:42,121 [DEBUG] Merged segment 132: SRT entries [156, 157] -> 'It was a radical change. -So that was the trigger ...'
2025-11-10 00:53:42,121 [DEBUG] Merged segment 133: SRT entries [158] -> 'I knew that everything in my life would change....'
2025-11-10 00:53:42,121 [DEBUG] Merged segment 134: SRT entries [159] -> 'Things like common sense were important to me up t...'
2025-11-10 00:53:42,121 [DEBUG] Merged segment 135: SRT entries [160] -> 'I thought the collective opinion to be always corr...'
2025-11-10 00:53:42,121 [DEBUG] Merged segment 136: SRT entries [161, 162] -> 'That it was safest to align myself with what the m...'
2025-11-10 00:53:42,121 [DEBUG] Merged segment 137: SRT entries [163, 164] -> 'Your common sense had changed? -It broke. -Oh, tha...'
2025-11-10 00:53:42,121 [DEBUG] Merged segment 138: SRT entries [165] -> 'But for me, there was a certainty....'
2025-11-10 00:53:42,121 [DEBUG] Merged segment 139: SRT entries [166] -> '"I want to know," I thought....'
2025-11-10 00:53:42,121 [DEBUG] Merged segment 140: SRT entries [167] -> 'I couldn't dismiss my experience as just a dream....'
2025-11-10 00:53:42,121 [DEBUG] Merged segment 141: SRT entries [168] -> 'I wanted to know the truth of it....'
2025-11-10 00:53:42,121 [DEBUG] Merged segment 142: SRT entries [169, 170] -> 'So about a month after the event, I was gazing at ...'
2025-11-10 00:53:42,121 [DEBUG] Merged segment 143: SRT entries [171] -> 'I thought, "This is outer space" because there see...'
2025-11-10 00:53:42,121 [DEBUG] Merged segment 144: SRT entries [172, 173] -> 'But then, I understood that was just all my consci...'
2025-11-10 00:53:42,121 [DEBUG] Merged segment 145: SRT entries [174, 175] -> 'And I got a little scared because I'd been taught ...'
2025-11-10 00:53:42,121 [DEBUG] Merged segment 146: SRT entries [176] -> 'But I realized that my consciousness was as vast a...'
2025-11-10 00:53:42,121 [DEBUG] Merged segment 147: SRT entries [177] -> 'It was the first time I ever connected with it....'
2025-11-10 00:53:42,121 [DEBUG] Merged segment 148: SRT entries [178] -> 'It was so vast, so limitless....'
2025-11-10 00:53:42,121 [DEBUG] Merged segment 149: SRT entries [179] -> 'Because I had never experienced to feel limitless,...'
2025-11-10 00:53:42,121 [DEBUG] Merged segment 150: SRT entries [180] -> 'But then......'
2025-11-10 00:53:42,121 [DEBUG] Merged segment 151: SRT entries [181, 182] -> 'The knowledge that "everything is here" immediatel...'
2025-11-10 00:53:42,121 [DEBUG] Merged segment 152: SRT entries [183] -> 'What kind of peace?...'
2025-11-10 00:53:42,121 [DEBUG] Merged segment 153: SRT entries [184, 185] -> 'As I saw the true expanse of my consciousness as v...'
2025-11-10 00:53:42,121 [DEBUG] Merged segment 154: SRT entries [186, 187] -> 'That my true consciousness holds as much informati...'
2025-11-10 00:53:42,121 [DEBUG] Merged segment 155: SRT entries [188] -> 'All the information is there....'
2025-11-10 00:53:42,121 [DEBUG] Merged segment 156: SRT entries [189] -> 'Far beyond you learn just here on Earth....'
2025-11-10 00:53:42,121 [DEBUG] Merged segment 157: SRT entries [190] -> 'And knowing everything to be there was a source of...'
2025-11-10 00:53:42,121 [DEBUG] Merged segment 158: SRT entries [191] -> 'It was a peacefulness I'd never experienced....'
2025-11-10 00:53:42,121 [DEBUG] Merged segment 159: SRT entries [192] -> 'Even though the sense of having no limitation felt...'
2025-11-10 00:53:42,121 [DEBUG] Merged segment 160: SRT entries [193, 194, 195] -> 'So there is no need to search for answers outside ...'
2025-11-10 00:53:42,121 [DEBUG] Merged segment 161: SRT entries [196] -> 'It's as big as the Universe....'
2025-11-10 00:53:42,121 [DEBUG] Merged segment 162: SRT entries [197] -> 'That's the consciousness of my true self....'
2025-11-10 00:53:42,121 [DEBUG] Merged segment 163: SRT entries [198] -> 'I came to understand that....'
2025-11-10 00:53:42,121 [DEBUG] Merged segment 164: SRT entries [199, 200] -> 'Once I realized that, I wanted to exist here on Ea...'
2025-11-10 00:53:42,121 [DEBUG] Merged segment 165: SRT entries [201, 202] -> 'Not the Earthly consciousness I'd been using with ...'
2025-11-10 00:53:42,121 [DEBUG] Merged segment 166: SRT entries [203, 204] -> 'I wished to use the totality of my consciousness a...'
2025-11-10 00:53:42,121 [DEBUG] Merged segment 167: SRT entries [205] -> 'Knowing everything is here fills you with such pro...'
2025-11-10 00:53:42,121 [DEBUG] Merged segment 168: SRT entries [206, 207] -> 'That serenity and our true consciousness, that's w...'
2025-11-10 00:53:42,121 [DEBUG] Merged segment 169: SRT entries [208, 209] -> 'So from there, I... -You returned to the feeling b...'
2025-11-10 00:53:42,121 [DEBUG] Merged segment 170: SRT entries [210] -> 'I started to ask myself....'
2025-11-10 00:53:42,121 [DEBUG] Merged segment 171: SRT entries [211, 212] -> '"To what extent have I been using limitations," "p...'
2025-11-10 00:53:42,121 [DEBUG] Merged segment 172: SRT entries [213, 214] -> 'As I became aware of those layers, I began to let ...'
2025-11-10 00:53:42,121 [DEBUG] Merged segment 173: SRT entries [215] -> 'That was the beginning....'
2025-11-10 00:53:42,121 [DEBUG] Merged segment 174: SRT entries [216] -> 'From there, a lot of things began to crumble withi...'
2025-11-10 00:53:42,121 [DEBUG] Merged segment 175: SRT entries [217] -> 'When I thought "I can only go this far" I let go o...'
2025-11-10 00:53:42,121 [DEBUG] Merged segment 176: SRT entries [218] -> 'And I began to expand into the vastness of my univ...'
2025-11-10 00:53:42,121 [DEBUG] Merged segment 177: SRT entries [219] -> 'This went on 24/7, even during my sleep....'
2025-11-10 00:53:42,121 [DEBUG] Merged segment 178: SRT entries [220] -> 'There was this one particular incident....'
2025-11-10 00:53:42,121 [DEBUG] Merged segment 179: SRT entries [221] -> 'Do you know about the Akashic Records?...'
2025-11-10 00:53:42,121 [DEBUG] Merged segment 180: SRT entries [222] -> 'Yes....'
2025-11-10 00:53:42,121 [DEBUG] Merged segment 181: SRT entries [223] -> 'That information was somehow accessed and began fl...'
2025-11-10 00:53:42,121 [DEBUG] Merged segment 182: SRT entries [224, 225] -> 'And it was constantly coming from my mouth. -Speak...'
2025-11-10 00:53:42,121 [DEBUG] Merged segment 183: SRT entries [226] -> 'I was talking even during my sleep....'
2025-11-10 00:53:42,121 [DEBUG] Merged segment 184: SRT entries [227] -> 'It was so noisy that I'd wake myself up....'
2025-11-10 00:53:42,121 [DEBUG] Merged segment 185: SRT entries [228] -> 'And I'd realize it was only me so I'd go back to s...'
2025-11-10 00:53:42,122 [DEBUG] Merged segment 186: SRT entries [229] -> 'Many things within me were coming back online....'
2025-11-10 00:53:42,122 [DEBUG] Merged segment 187: SRT entries [230] -> 'Was it your own Akashic?...'
2025-11-10 00:53:42,122 [DEBUG] Merged segment 188: SRT entries [231] -> 'No, it was the Universe's Akashic Record, I think....'
2025-11-10 00:53:42,122 [DEBUG] Merged segment 189: SRT entries [232] -> 'Did you receive the information as images or feeli...'
2025-11-10 00:53:42,122 [DEBUG] Merged segment 190: SRT entries [233] -> 'Or did they come out in a combination?...'
2025-11-10 00:53:42,122 [DEBUG] Merged segment 191: SRT entries [234] -> 'Was one expression stronger? Mostly images?...'
2025-11-10 00:53:42,122 [DEBUG] Merged segment 192: SRT entries [235] -> 'Or mostly words?...'
2025-11-10 00:53:42,122 [DEBUG] Merged segment 193: SRT entries [236] -> 'I'd see images and that would be translated into w...'
2025-11-10 00:53:42,122 [DEBUG] Merged segment 194: SRT entries [237] -> 'Like in a movie, all this information would come a...'
2025-11-10 00:53:42,122 [DEBUG] Merged segment 195: SRT entries [238, 239] -> 'So as I watched the images I would translate them....'
2025-11-10 00:53:42,122 [DEBUG] Merged segment 196: SRT entries [240, 241] -> 'A part of me that is aware of what was taking plac...'
2025-11-10 00:53:42,122 [DEBUG] Merged segment 197: SRT entries [242] -> 'So the information was accessed through the part o...'
2025-11-10 00:53:42,122 [DEBUG] Merged segment 198: SRT entries [243] -> 'It was a restoration of sorts....'
2025-11-10 00:53:42,122 [DEBUG] Merged segment 199: SRT entries [244] -> 'There was the "limited me" who had been fast aslee...'
2025-11-10 00:53:42,122 [DEBUG] Merged segment 200: SRT entries [245] -> 'She'd forgotten that all the information was right...'
2025-11-10 00:53:42,122 [DEBUG] Merged segment 201: SRT entries [246] -> 'It was like remembering it through this process....'
2025-11-10 00:53:42,122 [DEBUG] Merged segment 202: SRT entries [247] -> 'Did you understand the images you were seeing?...'
2025-11-10 00:53:42,122 [DEBUG] Merged segment 203: SRT entries [248] -> 'No, there was no need for me to comprehend it....'
2025-11-10 00:53:42,122 [DEBUG] Merged segment 204: SRT entries [249] -> 'This was only happening to restore the knowing par...'
2025-11-10 00:53:42,122 [DEBUG] Merged segment 205: SRT entries [250] -> 'I was much too "asleep" then to comprehend what wa...'
2025-11-10 00:53:42,122 [DEBUG] Merged segment 206: SRT entries [251] -> 'I knew it was okay not to be able to understand ri...'
2025-11-10 00:53:42,122 [DEBUG] Merged segment 207: SRT entries [252] -> 'But I also knew that my "truth" was being download...'
2025-11-10 00:53:42,122 [DEBUG] Merged segment 208: SRT entries [253, 254] -> 'That the aspects of me that were preventing the tr...'
2025-11-10 00:53:42,122 [DEBUG] Merged segment 209: SRT entries [255] -> 'I was aware of that....'
2025-11-10 00:53:42,122 [DEBUG] Merged segment 210: SRT entries [256] -> 'But I knew I didn't need to understand the informa...'
2025-11-10 00:53:42,122 [DEBUG] Merged segment 211: SRT entries [257, 258] -> 'I knew that in time I'd come to understand what is...'
2025-11-10 00:53:42,122 [DEBUG] Merged segment 212: SRT entries [259] -> 'Clearing the pipe....'
2025-11-10 00:53:42,122 [DEBUG] Merged segment 213: SRT entries [260] -> 'Come to think of it, this was right before Bashar ...'
2025-11-10 00:53:42,122 [DEBUG] Merged segment 214: SRT entries [261, 262] -> 'I feel this was a step in preparation to become th...'
2025-11-10 00:53:42,122 [DEBUG] Merged segment 215: SRT entries [263, 264] -> 'So that the part of me who was asleep wouldn't get...'
2025-11-10 00:53:42,122 [DEBUG] Merged segment 216: SRT entries [265, 266] -> 'So in July 1987, when Bashar contacted me, it was ...'
2025-11-10 00:53:42,122 [DEBUG] Merged segment 217: SRT entries [267] -> 'I see....'
2025-11-10 00:53:42,122 [DEBUG] Merged segment 218: SRT entries [268] -> 'Did you say, it went on 24/7?...'
2025-11-10 00:53:42,122 [DEBUG] Merged segment 219: SRT entries [269] -> 'After the dream?...'
2025-11-10 00:53:42,122 [DEBUG] Merged segment 220: SRT entries [270] -> 'Yes, part of my consciousness that was asleep was ...'
2025-11-10 00:53:42,122 [DEBUG] Merged segment 221: SRT entries [271] -> 'And the downloading began to facilitate the higher...'
2025-11-10 00:53:42,122 [DEBUG] Merged segment 222: SRT entries [272] -> 'This process went on for days on end, for about a ...'
2025-11-10 00:53:42,122 [DEBUG] Merged segment 223: SRT entries [273, 274] -> 'Sometimes, I would just be sitting and I'd suddenl...'
2025-11-10 00:53:42,122 [DEBUG] Merged segment 224: SRT entries [275] -> 'For about five or ten minutes....'
2025-11-10 00:53:42,122 [DEBUG] Merged segment 225: SRT entries [276] -> 'And then I'd wake up just as quickly....'
2025-11-10 00:53:42,122 [DEBUG] Merged segment 226: SRT entries [277] -> 'This was so I didn't get in the way....'
2025-11-10 00:53:42,122 [DEBUG] Merged segment 227: SRT entries [278, 279] -> 'Since this incoming information was so different f...'
2025-11-10 00:53:42,122 [DEBUG] Merged segment 228: SRT entries [280] -> 'Makes it more accessible, I see....'
2025-11-10 00:53:42,122 [DEBUG] Merged segment 229: SRT entries [281] -> 'Without warning, I would slip into it and come bac...'
2025-11-10 00:53:42,122 [DEBUG] Merged segment 230: SRT entries [282, 283, 284] -> 'That went on for about a month. -I bet everyone wa...'
2025-11-10 00:53:42,122 [DEBUG] Merged segment 231: SRT entries [285] -> 'So you didn't pass out in front of anyone?...'
2025-11-10 00:53:42,122 [DEBUG] Merged segment 232: SRT entries [286, 287] -> 'No, there was none of that. -If that was the case....'
2025-11-10 00:53:42,122 [DEBUG] Merged segment 233: SRT entries [288] -> 'Whoever was doing it, he or she had consideration ...'
2025-11-10 00:53:42,122 [DEBUG] Merged segment 234: SRT entries [289] -> 'Did you ever think, "Oh no, I need to go to the ho...'
2025-11-10 00:53:42,122 [DEBUG] Merged segment 235: SRT entries [290, 291] -> 'Never. I was fine. -You knew. -I had extreme faith...'
2025-11-10 00:53:42,122 [DEBUG] Merged segment 236: SRT entries [292] -> 'I have a friend who had absolutely no interest in ...'
2025-11-10 00:53:42,122 [DEBUG] Merged segment 237: SRT entries [293] -> 'But she had a sudden download and contacted me, fr...'
2025-11-10 00:53:42,122 [DEBUG] Merged segment 238: SRT entries [294] -> 'She said, "I'm scared! Should I go to the hospital...'
2025-11-10 00:53:42,122 [DEBUG] Merged segment 239: SRT entries [295] -> 'People come to me like that....'
2025-11-10 00:53:42,122 [DEBUG] Merged segment 240: SRT entries [296] -> 'Soon we'll have the opposite reaction....'
2025-11-10 00:53:42,122 [DEBUG] Merged segment 241: SRT entries [297] -> 'Everyone's consciousness will start to expand....'
2025-11-10 00:53:42,122 [DEBUG] Merged segment 242: SRT entries [298] -> 'Our gaze will widen into space, giving ourselves p...'
2025-11-10 00:53:42,122 [DEBUG] Merged segment 243: SRT entries [299] -> 'I agree....'
2025-11-10 00:53:42,122 [DEBUG] Merged segment 244: SRT entries [300, 301] -> 'There are more and more people who are aware that ...'
2025-11-10 00:53:42,122 [DEBUG] Merged segment 245: SRT entries [302] -> 'It's exciting to go back to our original, infinite...'
2025-11-10 00:53:42,122 [DEBUG] Merged segment 246: SRT entries [303] -> 'We've been existing on Earth with limiting beliefs...'
2025-11-10 00:53:42,122 [DEBUG] Merged segment 247: SRT entries [304, 305] -> 'We've created a planet of separation and lifestyle...'
2025-11-10 00:53:42,123 [DEBUG] Merged segment 248: SRT entries [306] -> 'But from here on out, we'll truly begin to open an...'
2025-11-10 00:53:42,123 [DEBUG] Merged segment 249: SRT entries [307] -> 'Everyone will be able to access the information th...'
2025-11-10 00:53:42,123 [DEBUG] Merged segment 250: SRT entries [308] -> 'The realities we manifest will reflect that excite...'
2025-11-10 00:53:42,123 [DEBUG] Merged segment 251: SRT entries [309] -> 'When we know everything comes from within, frictio...'
2025-11-10 00:53:42,123 [DEBUG] Merged segment 252: SRT entries [310] -> 'We don't have to take things from others....'
2025-11-10 00:53:42,123 [DEBUG] Merged segment 253: SRT entries [311] -> 'Do you know about David Icke?...'
2025-11-10 00:53:42,123 [DEBUG] Merged segment 254: SRT entries [312] -> 'He's become famous within circles of people who fo...'
2025-11-10 00:53:42,123 [DEBUG] Merged segment 255: SRT entries [313] -> 'He speaks of lizard, no, I mean, reptilian....'
2025-11-10 00:53:42,123 [DEBUG] Merged segment 256: SRT entries [314] -> 'Reptilian way of doing things. The way of apprehen...'
2025-11-10 00:53:42,123 [DEBUG] Merged segment 257: SRT entries [315] -> 'Let's call it "Yakuza Mind."...'
2025-11-10 00:53:42,123 [DEBUG] Merged segment 258: SRT entries [316, 317] -> 'A pyramidal organization. People at the top of the...'
2025-11-10 00:53:42,123 [DEBUG] Merged segment 259: SRT entries [318] -> 'A few individuals maintaining their position at th...'
2025-11-10 00:53:42,123 [DEBUG] Merged segment 260: SRT entries [319] -> 'People fighting to get to the top. That idea or co...'
2025-11-10 00:53:42,123 [DEBUG] Merged segment 261: SRT entries [320, 321] -> 'It's a structure where everyone becomes a slave fo...'
2025-11-10 00:53:42,123 [DEBUG] Merged segment 262: SRT entries [322] -> 'Like the political system that we've been using....'
2025-11-10 00:53:42,123 [DEBUG] Merged segment 263: SRT entries [323] -> 'The system that has been running our planet....'
2025-11-10 00:53:42,123 [DEBUG] Merged segment 264: SRT entries [324] -> 'The top controls, the bottom follows....'
2025-11-10 00:53:42,123 [DEBUG] Merged segment 265: SRT entries [325] -> 'The top people are considered winners and the bott...'
2025-11-10 00:53:42,123 [DEBUG] Merged segment 266: SRT entries [326] -> 'And those who refuse to fit in that system are lab...'
2025-11-10 00:53:42,123 [DEBUG] Merged segment 267: SRT entries [327] -> 'This pyramidal structure will begin to shift into ...'
2025-11-10 00:53:42,123 [DEBUG] Merged segment 268: SRT entries [328, 329] -> 'I see it as a symphony where each individual contr...'
2025-11-10 00:53:42,123 [DEBUG] Merged segment 269: SRT entries [330, 331] -> 'There is the idea of equality that everybody stand...'
2025-11-10 00:53:42,123 [DEBUG] Merged segment 270: SRT entries [332, 333] -> 'Everyone is equal and equally important, in the va...'
2025-11-10 00:53:42,123 [DEBUG] Merged segment 271: SRT entries [334, 335] -> 'In schools and society the pyramidal structure has...'
2025-11-10 00:53:42,123 [DEBUG] Merged segment 272: SRT entries [336] -> 'You just followed that flow by default. That's how...'
2025-11-10 00:53:42,123 [DEBUG] Merged segment 273: SRT entries [337] -> 'Now it's crumbling apart fast....'
2025-11-10 00:53:42,123 [DEBUG] Merged segment 274: SRT entries [338] -> 'That's extremely positive!...'
2025-11-10 00:53:42,123 [DEBUG] Merged segment 275: SRT entries [339] -> 'It's fun for me. But it may be scary for others....'
2025-11-10 00:53:42,123 [DEBUG] Merged segment 276: SRT entries [340] -> 'We'll have nothing to cling on to, but that's part...'
2025-11-10 00:53:42,123 [DEBUG] Merged segment 277: SRT entries [341] -> 'Our old grab bars will start to fall apart....'
2025-11-10 00:53:42,123 [DEBUG] Merged segment 278: SRT entries [342] -> 'We'll learn that the ways we'd known don't functio...'
2025-11-10 00:53:42,123 [DEBUG] Merged segment 279: SRT entries [343, 344] -> 'That's when we stop and pause for the first time t...'
2025-11-10 00:53:42,123 [DEBUG] Merged segment 280: SRT entries [345] -> 'That's where you can start from zero again....'
2025-11-10 00:53:42,123 [DEBUG] Merged segment 281: SRT entries [346] -> 'Then you'll allow new perspectives....'
2025-11-10 00:53:42,123 [DEBUG] Merged segment 282: SRT entries [347] -> 'That's where we're headed....'
2025-11-10 00:53:42,123 [DEBUG] Merged segment 283: SRT entries [348] -> 'I agree. And that's fun and exciting....'
2025-11-10 00:53:42,123 [DEBUG] Merged segment 284: SRT entries [349] -> 'To me, anyway....'
2025-11-10 00:53:42,123 [DEBUG] Merged segment 285: SRT entries [350] -> 'For the majority, I think the excitement will come...'
2025-11-10 00:53:42,123 [DEBUG] Merged segment 286: SRT entries [351] -> 'Yes....'
2025-11-10 00:53:42,123 [DEBUG] Merged segment 287: SRT entries [352, 353] -> 'But like you already are, Reuben, and just as I ex...'
2025-11-10 00:53:42,123 [DEBUG] Merged segment 288: SRT entries [354] -> 'They've realized that it contains everything that ...'
2025-11-10 00:53:42,123 [DEBUG] Merged segment 289: SRT entries [355] -> 'Those people are grounded and don't waver....'
2025-11-10 00:53:42,123 [DEBUG] Merged segment 290: SRT entries [356, 357] -> 'For example, somebody might say "You believe in al...'
2025-11-10 00:53:42,123 [DEBUG] Merged segment 291: SRT entries [358] -> 'But they don't waver. There is no doubt in their h...'
2025-11-10 00:53:42,123 [DEBUG] Merged segment 292: SRT entries [359, 360] -> 'Thanks to the emergence of such individuals, other...'
2025-11-10 00:53:42,123 [DEBUG] Merged segment 293: SRT entries [361] -> 'But in the process of their awakening, one may beg...'
2025-11-10 00:53:42,123 [DEBUG] Merged segment 294: SRT entries [362, 363] -> 'When they are subjected to harsh criticism they wa...'
2025-11-10 00:53:42,123 [DEBUG] Merged segment 295: SRT entries [364] -> 'That makes others decide it's safer to remain wher...'
2025-11-10 00:53:42,123 [DEBUG] Merged segment 296: SRT entries [365, 366] -> 'There will come a time when there are so many peop...'
2025-11-10 00:53:42,123 [DEBUG] Merged segment 297: SRT entries [367] -> 'That's when grounding happens....'
2025-11-10 00:53:42,123 [DEBUG] Merged segment 298: SRT entries [368] -> 'They exist with a consciousness that's free of pre...'
2025-11-10 00:53:42,123 [DEBUG] Merged segment 299: SRT entries [369, 370] -> 'When those people begin to reveal themselves on th...'
2025-11-10 00:53:42,123 [DEBUG] Merged segment 300: SRT entries [371] -> 'Inventors and the like, there will be more and mor...'
2025-11-10 00:53:42,123 [DEBUG] Merged segment 301: SRT entries [372] -> 'Until now inventors were regarded as special....'
2025-11-10 00:53:42,123 [DEBUG] Merged segment 302: SRT entries [373] -> 'Now anyone can become one....'
2025-11-10 00:53:42,123 [DEBUG] Merged segment 303: SRT entries [374] -> 'These people will remain strongly grounded in thei...'
2025-11-10 00:53:42,123 [DEBUG] Merged segment 304: SRT entries [375] -> 'They don't waver when they are told that the mains...'
2025-11-10 00:53:42,123 [DEBUG] Merged segment 305: SRT entries [376] -> 'They know that anyone can become free....'
2025-11-10 00:53:42,123 [DEBUG] Merged segment 306: SRT entries [377] -> 'That anyone can return to their infinite conscious...'
2025-11-10 00:53:42,123 [DEBUG] Merged segment 307: SRT entries [378, 379] -> 'When they share that knowing with complete convict...'
2025-11-10 00:53:42,123 [DEBUG] Merged segment 308: SRT entries [380, 381] -> 'When you're in doubt, others will react as "This s...'
2025-11-10 00:53:42,123 [DEBUG] Merged segment 309: SRT entries [382] -> 'But there will be unwavered people who will show o...'
2025-11-10 00:53:42,124 [DEBUG] Merged segment 310: SRT entries [383] -> 'We'll see more of these people soon....'
2025-11-10 00:53:42,124 [DEBUG] Merged segment 311: SRT entries [384, 385] -> 'They'll become living examples for others to awake...'
2025-11-10 00:53:42,124 [DEBUG] Merged segment 312: SRT entries [386] -> 'And more and more people will also feel compelled ...'
2025-11-10 00:53:42,124 [DEBUG] Merged segment 313: SRT entries [387, 388] -> 'Also children who are being born now are beings fr...'
2025-11-10 00:53:42,124 [DEBUG] Merged segment 314: SRT entries [389] -> 'But they come with the knowing that they don't nee...'
2025-11-10 00:53:42,124 [DEBUG] Merged segment 315: SRT entries [390] -> 'They refuse regulations at school and don't let th...'
2025-11-10 00:53:42,124 [DEBUG] Merged segment 316: SRT entries [391] -> 'They'll show true ease and natural talent....'
2025-11-10 00:53:42,124 [DEBUG] Merged segment 317: SRT entries [392] -> 'For example, they might start drawing without taki...'
2025-11-10 00:53:42,124 [DEBUG] Merged segment 318: SRT entries [393, 394] -> 'Or start playing piano like Beethoven without trai...'
2025-11-10 00:53:42,124 [DEBUG] Merged segment 319: SRT entries [395] -> 'They'll start showing the adults what is now possi...'
2025-11-10 00:53:42,124 [DEBUG] Merged segment 320: SRT entries [396, 397] -> 'As I've said, these new children, Well, they aren'...'
2025-11-10 00:53:42,124 [DEBUG] Merged segment 321: SRT entries [398, 399] -> 'They're little people who know they don't need the...'
2025-11-10 00:53:42,124 [DEBUG] Merged segment 322: SRT entries [400, 401] -> 'They'll work hand in hand with adults to open the ...'
2025-11-10 00:53:42,124 [DEBUG] Merged segment 323: SRT entries [402] -> 'And re-integrate that sense of limitless possibili...'
2025-11-10 00:53:42,124 [DEBUG] Merged segment 324: SRT entries [403, 404] -> 'As they're grounded in that knowledge, they can of...'
2025-11-10 00:53:42,124 [DEBUG] Merged segment 325: SRT entries [405, 406] -> 'They'll get a sense of relief and the possibility ...'
2025-11-10 00:53:42,124 [DEBUG] Merged segment 326: SRT entries [407] -> 'They'll feel much more stable....'
2025-11-10 00:53:42,124 [DEBUG] Merged segment 327: SRT entries [408, 409] -> 'So you're supporting those who do not waver so tha...'
2025-11-10 00:53:42,124 [DEBUG] Merged segment 328: SRT entries [410] -> 'They're showing others that it's indeed safe to aw...'
2025-11-10 00:53:42,124 [DEBUG] Merged segment 329: SRT entries [411, 412] -> 'I offer classes called "Lessons from the Universe"...'
2025-11-10 00:53:42,124 [DEBUG] Merged segment 330: SRT entries [413, 414] -> 'As they reconnect to themselves, I back them up an...'
2025-11-10 00:53:42,124 [DEBUG] Merged segment 331: SRT entries [415, 416] -> 'Because those individuals will in turn contribute ...'
2025-11-10 00:53:42,124 [DEBUG] Merged segment 332: SRT entries [417] -> 'This is a truly important thing....'
2025-11-10 00:53:42,124 [DEBUG] Merged segment 333: SRT entries [418] -> 'What do you teach in the class?...'
2025-11-10 00:53:42,124 [DEBUG] Merged segment 334: SRT entries [419] -> 'Can you give me an example?...'
2025-11-10 00:53:42,124 [DEBUG] Merged segment 335: SRT entries [420] -> 'In our daily lives, we each create our own reality...'
2025-11-10 00:53:42,124 [DEBUG] Merged segment 336: SRT entries [421] -> 'For example, you manifest a situation wherein you ...'
2025-11-10 00:53:42,124 [DEBUG] Merged segment 337: SRT entries [422] -> 'But that "disappointment" is an Earth frequency wh...'
2025-11-10 00:53:42,124 [DEBUG] Merged segment 338: SRT entries [423] -> 'The frequency of our true nature is excitement....'
2025-11-10 00:53:42,124 [DEBUG] Merged segment 339: SRT entries [424, 425] -> 'When you were asleep here on Earth, just like I us...'
2025-11-10 00:53:42,124 [DEBUG] Merged segment 340: SRT entries [426] -> 'When it wasn't the case, you felt disappointed....'
2025-11-10 00:53:42,124 [DEBUG] Merged segment 341: SRT entries [427] -> 'Our emotions were focused on the external reality....'
2025-11-10 00:53:42,124 [DEBUG] Merged segment 342: SRT entries [428] -> 'As we awaken, we establish a different relationshi...'
2025-11-10 00:53:42,124 [DEBUG] Merged segment 343: SRT entries [429, 430] -> 'You project your own reality and experience the fe...'
2025-11-10 00:53:42,124 [DEBUG] Merged segment 344: SRT entries [431] -> 'Those are only frequencies and there is a way to s...'
2025-11-10 00:53:42,124 [DEBUG] Merged segment 345: SRT entries [432, 433] -> 'When you look at your reality that your everyday s...'
2025-11-10 00:53:42,124 [DEBUG] Merged segment 346: SRT entries [434] -> 'Then you remove them....'
2025-11-10 00:53:42,124 [DEBUG] Merged segment 347: SRT entries [435] -> 'Would that be image training and meditation?...'
2025-11-10 00:53:42,124 [DEBUG] Merged segment 348: SRT entries [436, 437] -> 'There is a method for turning those frequencies in...'
2025-11-10 00:53:42,124 [DEBUG] Merged segment 349: SRT entries [438] -> 'We've remained asleep by focusing very strongly on...'
2025-11-10 00:53:42,124 [DEBUG] Merged segment 350: SRT entries [439] -> 'So the outside reality seems very tangible to us....'
2025-11-10 00:53:42,124 [DEBUG] Merged segment 351: SRT entries [440] -> 'It looks like it's really happening....'
2025-11-10 00:53:42,124 [DEBUG] Merged segment 352: SRT entries [441, 442] -> 'However, awakening means you start redirecting all...'
2025-11-10 00:53:42,124 [DEBUG] Merged segment 353: SRT entries [443, 444] -> 'As you do this your infinite consciousness becomes...'
2025-11-10 00:53:42,124 [DEBUG] Merged segment 354: SRT entries [445] -> 'And reality starts to become "soft"....'
2025-11-10 00:53:42,124 [DEBUG] Merged segment 355: SRT entries [446] -> 'I agree....'
2025-11-10 00:53:42,124 [DEBUG] Merged segment 356: SRT entries [447, 448] -> 'That is how we can start using our day-to-day real...'
2025-11-10 00:53:42,124 [DEBUG] Merged segment 357: SRT entries [449] -> 'So that you can let go of them....'
2025-11-10 00:53:42,124 [DEBUG] Merged segment 358: SRT entries [450] -> 'There is usually a two-week period between each cl...'
2025-11-10 00:53:42,124 [DEBUG] Merged segment 359: SRT entries [451, 452] -> 'It's like a University course. -A cosmic Universit...'
2025-11-10 00:53:42,124 [DEBUG] Merged segment 360: SRT entries [453] -> 'Instead of teaching you limitations, it teaches yo...'
2025-11-10 00:53:42,124 [DEBUG] Merged segment 361: SRT entries [454] -> 'For my part, I've never attended a class like that...'
2025-11-10 00:53:42,124 [DEBUG] Merged segment 362: SRT entries [455, 456] -> 'But I've studied a lot on my own and received a lo...'
2025-11-10 00:53:42,124 [DEBUG] Merged segment 363: SRT entries [457, 458] -> 'That's how I started to see reality differently fr...'
2025-11-10 00:53:42,124 [DEBUG] Merged segment 364: SRT entries [459] -> 'The best practice for you is the one that you feel...'
2025-11-10 00:53:42,124 [DEBUG] Merged segment 365: SRT entries [460] -> 'And it's different depending on the circumstances....'
2025-11-10 00:53:42,124 [DEBUG] Merged segment 366: SRT entries [461] -> 'For example, feeling drawn to a place....'
2025-11-10 00:53:42,124 [DEBUG] Merged segment 367: SRT entries [462] -> 'If you feel like traveling to America, there's mea...'
2025-11-10 00:53:42,124 [DEBUG] Merged segment 368: SRT entries [463] -> 'If you feel like staying home that's meaningful to...'
2025-11-10 00:53:42,124 [DEBUG] Merged segment 369: SRT entries [464] -> 'That's why choosing what brings joy to your body a...'
2025-11-10 00:53:42,124 [DEBUG] Merged segment 370: SRT entries [465] -> 'That's how you come across information you need....'
2025-11-10 00:53:42,124 [DEBUG] Merged segment 371: SRT entries [466] -> 'There's this fairy tale....'
2025-11-10 00:53:42,125 [DEBUG] Merged segment 372: SRT entries [467] -> 'Are you familiar with the story of Hansel and Gret...'
2025-11-10 00:53:42,125 [DEBUG] Merged segment 373: SRT entries [468, 469] -> 'These two children leave pieces of bread behind in...'
2025-11-10 00:53:42,125 [DEBUG] Merged segment 374: SRT entries [470] -> 'This is the analogy I like referring to....'
2025-11-10 00:53:42,125 [DEBUG] Merged segment 375: SRT entries [471] -> 'My future self is leaving breadcrumbs for me, lini...'
2025-11-10 00:53:42,125 [DEBUG] Merged segment 376: SRT entries [472, 473] -> 'Guiding you to the path leading to yourself. -Anim...'
2025-11-10 00:53:42,125 [DEBUG] Merged segment 377: SRT entries [474] -> 'But if I'm attentive, I find it again....'
2025-11-10 00:53:42,125 [DEBUG] Merged segment 378: SRT entries [475] -> 'The next breadcrumb that my future self has left m...'
2025-11-10 00:53:42,125 [DEBUG] Merged segment 379: SRT entries [476] -> 'And that can be information. Or our interview toda...'
2025-11-10 00:53:42,125 [DEBUG] Merged segment 380: SRT entries [477] -> 'Everything that comes up shows me the path....'
2025-11-10 00:53:42,125 [DEBUG] Merged segment 381: SRT entries [478] -> 'Yes, listening to your own signs is so important....'
2025-11-10 00:53:42,125 [DEBUG] Merged segment 382: SRT entries [479, 480] -> 'Following your excitement is always meaningful and...'
2025-11-10 00:53:42,125 [DEBUG] Merged segment 383: SRT entries [481] -> 'The more you listen, the stronger the signs become...'
2025-11-10 00:53:42,125 [DEBUG] Merged segment 384: SRT entries [482, 483] -> 'If somebody offers you advice suggesting not to ac...'
2025-11-10 00:53:42,125 [DEBUG] Merged segment 385: SRT entries [484, 485] -> 'If it feels right to you and brings you excitement...'
2025-11-10 00:53:42,125 [DEBUG] Merged segment 386: SRT entries [486] -> 'Like you said, it guides you....'
2025-11-10 00:53:42,125 [DEBUG] Merged segment 387: SRT entries [487] -> 'Excitement is the sign....'
2025-11-10 00:53:42,125 [DEBUG] Merged segment 388: SRT entries [488] -> 'If you choose it, you'll be on the path to your tr...'
2025-11-10 00:53:42,125 [DEBUG] Merged segment 389: SRT entries [489, 490] -> 'When you listen to your true excitement and really...'
2025-11-10 00:53:42,125 [DEBUG] Merged segment 390: SRT entries [491] -> 'In doing so, your signs become stronger....'
2025-11-10 00:53:42,125 [DEBUG] Merged segment 391: SRT entries [492] -> 'Then you start to understand the different types o...'
2025-11-10 00:53:42,125 [DEBUG] Merged segment 392: SRT entries [493] -> 'You'll be able to tell if it's not right for you....'
2025-11-10 00:53:42,125 [DEBUG] Merged segment 393: SRT entries [494, 495] -> 'The true excitement contains joy, so you won't hur...'
2025-11-10 00:53:42,125 [DEBUG] Merged segment 394: SRT entries [496] -> 'We're experiencing a planet of separation....'
2025-11-10 00:53:42,125 [DEBUG] Merged segment 395: SRT entries [497, 498] -> 'When we see things through the filter of separatio...'
2025-11-10 00:53:42,125 [DEBUG] Merged segment 396: SRT entries [499] -> 'Then we'll have the sense of superiority and infer...'
2025-11-10 00:53:42,125 [DEBUG] Merged segment 397: SRT entries [500] -> 'The ruler and the oppressed. The pyramidal structu...'
2025-11-10 00:53:42,125 [DEBUG] Merged segment 398: SRT entries [501] -> 'The Yakuza Mindset....'
2025-11-10 00:53:42,125 [DEBUG] Merged segment 399: SRT entries [502] -> 'That's what leads up to wars....'
2025-11-10 00:53:42,125 [DEBUG] Merged segment 400: SRT entries [503, 504] -> 'But when everyone decides to return to that vast, ...'
2025-11-10 00:53:42,125 [DEBUG] Merged segment 401: SRT entries [505, 506] -> 'When everyone remembers their true self that is of...'
2025-11-10 00:53:42,125 [DEBUG] Merged segment 402: SRT entries [507, 508] -> 'They're not influenced by the outside reality but ...'
2025-11-10 00:53:42,125 [DEBUG] Merged segment 403: SRT entries [509] -> 'You can start with small things....'
2025-11-10 00:53:42,125 [DEBUG] Merged segment 404: SRT entries [510] -> 'Things like "What do I feel like eating?"...'
2025-11-10 00:53:42,125 [DEBUG] Merged segment 405: SRT entries [511, 512] -> 'Instead of saying "anything is fine" you can now r...'
2025-11-10 00:53:42,125 [DEBUG] Merged segment 406: SRT entries [513] -> 'As you make it a habit the signs you receive becom...'
2025-11-10 00:53:42,125 [DEBUG] Merged segment 407: SRT entries [514] -> 'Then you won't follow the excitement that is not o...'
2025-11-10 00:53:42,125 [DEBUG] Merged segment 408: SRT entries [515] -> 'I see....'
2025-11-10 00:53:42,125 [DEBUG] Merged segment 409: SRT entries [516, 517] -> 'Returning to my first topic, you and Darryl did so...'
2025-11-10 00:53:42,125 [DEBUG] Merged segment 410: SRT entries [518] -> 'What was the process leading up to that point?...'
2025-11-10 00:53:42,125 [DEBUG] Merged segment 411: SRT entries [519] -> 'It started in July of 1987, when Bashar first cont...'
2025-11-10 00:53:42,125 [DEBUG] Merged segment 412: SRT entries [520] -> 'For me this was the first time using telepathy....'
2025-11-10 00:53:42,125 [DEBUG] Merged segment 413: SRT entries [521] -> 'Bashar wanted me to channel him....'
2025-11-10 00:53:42,125 [DEBUG] Merged segment 414: SRT entries [522] -> 'He said, "The people of Earth are awakening."...'
2025-11-10 00:53:42,125 [DEBUG] Merged segment 415: SRT entries [523] -> '"We went through a similar experience. We wish to ...'
2025-11-10 00:53:42,125 [DEBUG] Merged segment 416: SRT entries [524] -> 'Bashar delivered this information to you directly?...'
2025-11-10 00:53:42,125 [DEBUG] Merged segment 417: SRT entries [525] -> 'Yes, it was from him directly....'
2025-11-10 00:53:42,125 [DEBUG] Merged segment 418: SRT entries [526] -> 'But I was still very much asleep at the time....'
2025-11-10 00:53:42,125 [DEBUG] Merged segment 419: SRT entries [527] -> 'I mean, channeling an extraterrestrial in public?...'
2025-11-10 00:53:42,125 [DEBUG] Merged segment 420: SRT entries [528] -> 'It was just unconceivable in our deeply asleep soc...'
2025-11-10 00:53:42,125 [DEBUG] Merged segment 421: SRT entries [529] -> 'But then Bashar said......'
2025-11-10 00:53:42,125 [DEBUG] Merged segment 422: SRT entries [530, 531] -> 'Well, at first, I was frightened by the whole orde...'
2025-11-10 00:53:42,125 [DEBUG] Merged segment 423: SRT entries [532, 533] -> 'So I traveled to the US, where I spoke with Bashar...'
2025-11-10 00:53:42,125 [DEBUG] Merged segment 424: SRT entries [534] -> 'He said "Are you afraid you are going to fail?"...'
2025-11-10 00:53:42,125 [DEBUG] Merged segment 425: SRT entries [535] -> 'I said, "That's exactly my fear."...'
2025-11-10 00:53:42,125 [DEBUG] Merged segment 426: SRT entries [536] -> 'Then he said "You have not failed in the past, nor...'
2025-11-10 00:53:42,125 [DEBUG] Merged segment 427: SRT entries [537] -> 'I didn't understand the meaning of it....'
2025-11-10 00:53:42,125 [DEBUG] Merged segment 428: SRT entries [538] -> 'But I thought "There is no use trying to run away ...'
2025-11-10 00:53:42,125 [DEBUG] Merged segment 429: SRT entries [539, 540] -> 'I was starting to become aware of my true self, an...'
2025-11-10 00:53:42,125 [DEBUG] Merged segment 430: SRT entries [541] -> 'And it was then I was ready to lose everything....'
2025-11-10 00:53:42,125 [DEBUG] Merged segment 431: SRT entries [542] -> 'Even if I lost it all, it was okay....'
2025-11-10 00:53:42,125 [DEBUG] Merged segment 432: SRT entries [543] -> 'Even though you risk losing friends, it still felt...'
2025-11-10 00:53:42,126 [DEBUG] Merged segment 433: SRT entries [544] -> 'Yes, I knew people would take their distance....'
2025-11-10 00:53:42,126 [DEBUG] Merged segment 434: SRT entries [545] -> 'But my conviction remained strong. I wanted to liv...'
2025-11-10 00:53:42,126 [DEBUG] Merged segment 435: SRT entries [546] -> 'The part that had come to life....'
2025-11-10 00:53:42,126 [DEBUG] Merged segment 436: SRT entries [547] -> 'The part who hadn't learnt limitations, my essence...'
2025-11-10 00:53:42,126 [DEBUG] Merged segment 437: SRT entries [548, 549] -> 'If that was indeed the "real me", then I really wa...'
2025-11-10 00:53:42,126 [DEBUG] Merged segment 438: SRT entries [550] -> 'This was the "truth" I kept returning to, no matte...'
2025-11-10 00:53:42,126 [DEBUG] Merged segment 439: SRT entries [551] -> 'That's how I overcame that period....'
2025-11-10 00:53:42,126 [DEBUG] Merged segment 440: SRT entries [552, 553] -> 'From that point on I officially started to channel...'
2025-11-10 00:53:42,126 [DEBUG] Merged segment 441: SRT entries [554] -> 'Did that take time?...'
2025-11-10 00:53:42,126 [DEBUG] Merged segment 442: SRT entries [555, 556, 557] -> 'To get familiar with channeling, did you have to t...'
2025-11-10 00:53:42,126 [DEBUG] Merged segment 443: SRT entries [558, 559] -> 'But when I decided to channel, knowing I could los...'
2025-11-10 00:53:42,126 [DEBUG] Merged segment 444: SRT entries [560] -> '"Yes" would come from up here, a "No" from below....'
2025-11-10 00:53:42,126 [DEBUG] Merged segment 445: SRT entries [561] -> 'We created rules, things to make it easy for me....'
2025-11-10 00:53:42,126 [DEBUG] Merged segment 446: SRT entries [562, 563] -> 'Also, as I mentioned earlier, there was that "prep...'
2025-11-10 00:53:42,126 [DEBUG] Merged segment 447: SRT entries [564] -> 'The pipe cleaning....'
2025-11-10 00:53:42,126 [DEBUG] Merged segment 448: SRT entries [565] -> 'It really was like cleaning, I think....'
2025-11-10 00:53:42,126 [DEBUG] Merged segment 449: SRT entries [566, 567] -> 'When I was channeling Bashar, I would put all that...'
2025-11-10 00:53:42,126 [DEBUG] Merged segment 450: SRT entries [568, 569] -> 'I would put aside all the laws and rules I had lea...'
2025-11-10 00:53:42,126 [DEBUG] Merged segment 451: SRT entries [570] -> 'I decided to be just a clear channel to let it flo...'
2025-11-10 00:53:42,126 [DEBUG] Merged segment 452: SRT entries [571] -> 'That's how I proceeded....'
2025-11-10 00:53:42,126 [DEBUG] Merged segment 453: SRT entries [572] -> 'At the time......'
2025-11-10 00:53:42,126 [DEBUG] Merged segment 454: SRT entries [573] -> 'We all have a Higher Self, right?...'
2025-11-10 00:53:42,126 [DEBUG] Merged segment 455: SRT entries [574] -> 'We just hadn't contacted it until now....'
2025-11-10 00:53:42,126 [DEBUG] Merged segment 456: SRT entries [575] -> 'I would connect to my Higher Self then tune into B...'
2025-11-10 00:53:42,126 [DEBUG] Merged segment 457: SRT entries [576, 577, 578] -> 'When you try and reach out to information from "hi...'
2025-11-10 00:53:42,126 [DEBUG] Merged segment 458: SRT entries [579] -> 'It's not just passive listening. You're using your...'
2025-11-10 00:53:42,126 [DEBUG] Merged segment 459: SRT entries [580] -> 'This is a great exercise....'
2025-11-10 00:53:42,126 [DEBUG] Merged segment 460: SRT entries [581] -> 'So then, I started channeling....'
2025-11-10 00:53:42,126 [DEBUG] Merged segment 461: SRT entries [582, 583] -> 'No matter how far Bashar was, on Essassani or on a...'
2025-11-10 00:53:42,126 [DEBUG] Merged segment 462: SRT entries [584, 585] -> 'He would send layers of information at once like p...'
2025-11-10 00:53:42,126 [DEBUG] Merged segment 463: SRT entries [586, 587] -> 'Since my physical mind didn't interfere, I was abl...'
2025-11-10 00:53:42,126 [DEBUG] Merged segment 464: SRT entries [588, 589] -> 'So at that time, when you put yourself aside, did ...'
2025-11-10 00:53:42,126 [DEBUG] Merged segment 465: SRT entries [590, 591] -> 'Or were you in a completely different space entire...'
2025-11-10 00:53:42,126 [DEBUG] Merged segment 466: SRT entries [592, 593] -> 'For me, since I was speaking with Bashar telepathi...'
2025-11-10 00:53:42,126 [DEBUG] Merged segment 467: SRT entries [594] -> 'I see, you clearly understood what you were saying...'
2025-11-10 00:53:42,126 [DEBUG] Merged segment 468: SRT entries [595, 596] -> 'I was fully aware and listening, just like the aud...'
2025-11-10 00:53:42,126 [DEBUG] Merged segment 469: SRT entries [597] -> 'That's convenient. It'd be a waste to lose it....'
2025-11-10 00:53:42,126 [DEBUG] Merged segment 470: SRT entries [598] -> 'You had an advantage compared to other channels wh...'
2025-11-10 00:53:42,126 [DEBUG] Merged segment 471: SRT entries [599] -> 'But nowadays there are fewer and fewer of trance c...'
2025-11-10 00:53:42,126 [DEBUG] Merged segment 472: SRT entries [600] -> 'Compared to previous years, or so I've heard....'
2025-11-10 00:53:42,126 [DEBUG] Merged segment 473: SRT entries [601, 602] -> 'This is only one perspective, but without going in...'
2025-11-10 00:53:42,126 [DEBUG] Merged segment 474: SRT entries [603] -> 'But now the collective consciousness is rising and...'
2025-11-10 00:53:42,126 [DEBUG] Merged segment 475: SRT entries [604] -> 'So we can access higher information without gettin...'
2025-11-10 00:53:42,126 [DEBUG] Merged segment 476: SRT entries [605] -> 'That's what's been said....'
2025-11-10 00:53:42,126 [DEBUG] Merged segment 477: SRT entries [606, 607] -> 'The signal generated by people's thoughts, which u...'
2025-11-10 00:53:42,126 [DEBUG] Merged segment 478: SRT entries [608] -> 'Yes, it's changed. It's really changed....'
2025-11-10 00:53:42,126 [DEBUG] Merged segment 479: SRT entries [609] -> 'So, to go back to those channeling years......'
2025-11-10 00:53:42,126 [DEBUG] Merged segment 480: SRT entries [610, 611] -> 'Two years. -In the 1980's? -Yes, it was in......'
2025-11-10 00:53:42,126 [DEBUG] Merged segment 481: SRT entries [612] -> 'I started channeling publicly in 1988....'
2025-11-10 00:53:42,126 [DEBUG] Merged segment 482: SRT entries [613] -> 'I met Bashar in 1987....'
2025-11-10 00:53:42,126 [DEBUG] Merged segment 483: SRT entries [614, 615] -> 'I spent two years channeling starting in 1988, so ...'
2025-11-10 00:53:42,126 [DEBUG] Merged segment 484: SRT entries [616] -> 'I channeled in 1988 and 1989. Then in 1990, I'd al...'
2025-11-10 00:53:42,126 [DEBUG] Merged segment 485: SRT entries [617, 618] -> 'That was Bashar's wish too because Sassanis share ...'
2025-11-10 00:53:42,126 [DEBUG] Merged segment 486: SRT entries [619, 620] -> 'They support us to not just being passive listener...'
2025-11-10 00:53:42,126 [DEBUG] Merged segment 487: SRT entries [621] -> 'Not just being a channel, but I reconnected with m...'
2025-11-10 00:53:42,126 [DEBUG] Merged segment 488: SRT entries [622] -> 'I was accessing more and more of that information ...'
2025-11-10 00:53:42,126 [DEBUG] Merged segment 489: SRT entries [623] -> 'He expressed deep joy at this....'
2025-11-10 00:53:42,126 [DEBUG] Merged segment 490: SRT entries [624] -> 'The more I reconnected with myself, the more my co...'
2025-11-10 00:53:42,126 [DEBUG] Merged segment 491: SRT entries [625] -> 'It made it easier for me to access different state...'
2025-11-10 00:53:42,126 [DEBUG] Merged segment 492: SRT entries [626] -> 'I then started using this stream of information to...'
2025-11-10 00:53:42,126 [DEBUG] Merged segment 493: SRT entries [627] -> 'Collaborating with Darryl was from 2008....'
2025-11-10 00:53:42,126 [DEBUG] Merged segment 494: SRT entries [628, 629] -> 'Oh, that's pretty recent. You, Darryl and Bashar. ...'
2025-11-10 00:53:42,126 [DEBUG] Merged segment 495: SRT entries [630, 631] -> 'When you're with Darryl, sharing the stage what's ...'
2025-11-10 00:53:42,126 [DEBUG] Merged segment 496: SRT entries [632] -> 'When we are collaborating? Let me see....'
2025-11-10 00:53:42,127 [DEBUG] Merged segment 497: SRT entries [633, 634, 635] -> 'It's always like this, but I'm always quite plain....'
2025-11-10 00:53:42,127 [DEBUG] Merged segment 498: SRT entries [636] -> 'When I take the next step, I don't hold onto anyth...'
2025-11-10 00:53:42,127 [DEBUG] Merged segment 499: SRT entries [637, 638] -> 'For example, when we collaborate, even more so tha...'
2025-11-10 00:53:42,127 [DEBUG] Merged segment 500: SRT entries [639, 640] -> 'There's some concerns like, "it's been so long sin...'
2025-11-10 00:53:42,127 [DEBUG] Merged segment 501: SRT entries [641] -> 'We've done channeling and communicated telepathica...'
2025-11-10 00:53:42,127 [DEBUG] Merged segment 502: SRT entries [642, 643] -> 'But having Darryl channeling Bashar and me there, ...'
2025-11-10 00:53:42,127 [DEBUG] Merged segment 503: SRT entries [644, 645] -> 'But for the most part, insecurity and fear are sig...'
2025-11-10 00:53:42,127 [DEBUG] Merged segment 504: SRT entries [646] -> 'These are opportunities for me to expand....'
2025-11-10 00:53:42,127 [DEBUG] Merged segment 505: SRT entries [647] -> 'These are doors to open....'
2025-11-10 00:53:42,127 [DEBUG] Merged segment 506: SRT entries [648] -> 'If there is fear and insecurities, I use that to p...'
2025-11-10 00:53:42,127 [DEBUG] Merged segment 507: SRT entries [649] -> 'So I exchanged fear for excitement and did the col...'
2025-11-10 00:53:42,127 [DEBUG] Merged segment 508: SRT entries [650, 651] -> 'With that in mind when we collaborated, it was lik...'
2025-11-10 00:53:42,127 [DEBUG] Merged segment 509: SRT entries [652] -> 'It was very exciting....'
2025-11-10 00:53:42,127 [DEBUG] Merged segment 510: SRT entries [653] -> 'So now, what do I say?...'
2025-11-10 00:53:42,127 [DEBUG] Merged segment 511: SRT entries [654] -> 'Bashar and I would talk back and forth....'
2025-11-10 00:53:42,127 [DEBUG] Merged segment 512: SRT entries [655] -> 'It was a grand transmission. It went across the st...'
2025-11-10 00:53:42,127 [DEBUG] Merged segment 513: SRT entries [656] -> 'It was so much fun....'
2025-11-10 00:53:42,127 [DEBUG] Merged segment 514: SRT entries [657] -> 'I knew Bashar was having fun too....'
2025-11-10 00:53:42,127 [DEBUG] Merged segment 515: SRT entries [658] -> 'I could tell....'
2025-11-10 00:53:42,127 [DEBUG] Merged segment 516: SRT entries [659, 660] -> 'So there was a first for Darryl when he was channe...'
2025-11-10 00:53:42,127 [DEBUG] Merged segment 517: SRT entries [661] -> 'Bashar was so into it, it was a sign of excitement...'
2025-11-10 00:53:42,127 [DEBUG] Merged segment 518: SRT entries [662] -> 'Oh, we see we just don't fit in again....'
2025-11-10 00:53:42,127 [DEBUG] Merged segment 519: SRT entries [663, 664] -> 'Around 1990 to 1991... -Do you know Andrew? -No....'
2025-11-10 00:53:42,127 [DEBUG] Merged segment 520: SRT entries [665] -> 'He also channeled with Bashar....'
2025-11-10 00:53:42,127 [DEBUG] Merged segment 521: SRT entries [666] -> 'Around 1992, 1991-ish. Maybe for three or four yea...'
2025-11-10 00:53:42,127 [DEBUG] Merged segment 522: SRT entries [667, 668] -> 'At that time, through Andrew, Bashar spoke of you....'
2025-11-10 00:53:42,127 [DEBUG] Merged segment 523: SRT entries [669, 670] -> 'He said, there will be three entities on Earth who...'
2025-11-10 00:53:42,127 [DEBUG] Merged segment 524: SRT entries [671] -> 'Ayako, Darryl and......'
2025-11-10 00:53:42,127 [DEBUG] Merged segment 525: SRT entries [672] -> 'Well, a number of people were channeling Bashar....'
2025-11-10 00:53:42,127 [DEBUG] Merged segment 526: SRT entries [673, 674, 675] -> 'But the names given, that'd be Ayako, Darryl, and ...'
2025-11-10 00:53:42,127 [DEBUG] Merged segment 527: SRT entries [676, 677] -> 'During an public event in America Bashar had said,...'
2025-11-10 00:53:42,127 [DEBUG] Merged segment 528: SRT entries [678] -> 'Darryl, Ayako, and an Australian dolphin who's nam...'
2025-11-10 00:53:42,127 [DEBUG] Merged segment 529: SRT entries [679] -> 'Dreamer. A dolphin called Dreamer....'
2025-11-10 00:53:42,127 [DEBUG] Merged segment 530: SRT entries [680] -> 'What's Dreamer up to?...'
2025-11-10 00:53:42,127 [DEBUG] Merged segment 531: SRT entries [681] -> 'That's something I don't know. I didn't have a cha...'
2025-11-10 00:53:42,127 [DEBUG] Merged segment 532: SRT entries [682] -> 'What a shame. He should come to Enoshima and visit...'
2025-11-10 00:53:42,127 [DEBUG] Merged segment 533: SRT entries [683] -> 'Dolphins generally have a higher consciousness....'
2025-11-10 00:53:42,127 [DEBUG] Merged segment 534: SRT entries [684, 685] -> 'They have a lot of information. -Next week I'm goi...'
2025-11-10 00:53:42,127 [DEBUG] Merged segment 535: SRT entries [686] -> 'I'll be swimming with dolphins....'
2025-11-10 00:53:42,127 [DEBUG] Merged segment 536: SRT entries [687] -> 'There's an amazing vibration....'
2025-11-10 00:53:42,127 [DEBUG] Merged segment 537: SRT entries [688] -> 'I too have swam with 50 wild dolphins....'
2025-11-10 00:53:42,127 [DEBUG] Merged segment 538: SRT entries [689] -> 'A long time ago....'
2025-11-10 00:53:42,127 [DEBUG] Merged segment 539: SRT entries [690] -> 'Even though I didn't know how to swim, I was with ...'
2025-11-10 00:53:42,127 [DEBUG] Merged segment 540: SRT entries [691] -> 'I got separated from the dock at about 500 meters ...'
2025-11-10 00:53:42,127 [DEBUG] Merged segment 541: SRT entries [692, 693] -> 'I ended up in a deep ocean because we found dolphi...'
2025-11-10 00:53:42,127 [DEBUG] Merged segment 542: SRT entries [694] -> 'When I realized I was a ways off from the beach....'
2025-11-10 00:53:42,127 [DEBUG] Merged segment 543: SRT entries [695] -> 'Hawaii's ocean was so clear, I could see into the ...'
2025-11-10 00:53:42,127 [DEBUG] Merged segment 544: SRT entries [696] -> 'Freezing up in fear, I started to sink....'
2025-11-10 00:53:42,127 [DEBUG] Merged segment 545: SRT entries [697] -> 'Blub, blub, blub, all the air came out of me....'
2025-11-10 00:53:42,127 [DEBUG] Merged segment 546: SRT entries [698] -> 'I thought, "Is this how I'm going to die?"...'
2025-11-10 00:53:42,127 [DEBUG] Merged segment 547: SRT entries [699] -> 'Then a dolphin's voice cut through the ocean....'
2025-11-10 00:53:42,127 [DEBUG] Merged segment 548: SRT entries [700] -> '"Oh, dolphins!" Excited, I saw a vision....'
2025-11-10 00:53:42,127 [DEBUG] Merged segment 549: SRT entries [701] -> 'I was wearing my diving mask. And there was a snor...'
2025-11-10 00:53:42,127 [DEBUG] Merged segment 550: SRT entries [702, 703] -> 'In this vision, I saw myself floating, looking dow...'
2025-11-10 00:53:42,127 [DEBUG] Merged segment 551: SRT entries [704] -> 'The dolphins were showing me that vision....'
2025-11-10 00:53:42,127 [DEBUG] Merged segment 552: SRT entries [705] -> 'I was sinking but realized, "That's what I need to...'
2025-11-10 00:53:42,127 [DEBUG] Merged segment 553: SRT entries [706] -> 'I floated like the image. That saved me....'
2025-11-10 00:53:42,127 [DEBUG] Merged segment 554: SRT entries [707] -> 'These dolphins came to get me and together we swam...'
2025-11-10 00:53:42,127 [DEBUG] Merged segment 555: SRT entries [708] -> 'From both sides, two dolphins held me between them...'
2025-11-10 00:53:42,127 [DEBUG] Merged segment 556: SRT entries [709] -> 'Then we teleported....'
2025-11-10 00:53:42,128 [DEBUG] Merged segment 557: SRT entries [710] -> 'With these two dolphins there was a child-like exc...'
2025-11-10 00:53:42,128 [DEBUG] Merged segment 558: SRT entries [711] -> 'When I said "We're friends!"...'
2025-11-10 00:53:42,128 [DEBUG] Merged segment 559: SRT entries [712] -> 'I found myself surrounded by about 50 dolphins all...'
2025-11-10 00:53:42,128 [DEBUG] Merged segment 560: SRT entries [713] -> 'We didn't swam into a school of dolphins. The two ...'
2025-11-10 00:53:42,128 [DEBUG] Merged segment 561: SRT entries [714] -> 'They played with me like that....'
2025-11-10 00:53:42,128 [DEBUG] Merged segment 562: SRT entries [715] -> 'It was such an amazing experience so you should tr...'
2025-11-10 00:53:42,128 [DEBUG] Merged segment 563: SRT entries [716] -> 'Dolphins will come to you when you're enjoying you...'
2025-11-10 00:53:42,128 [DEBUG] Merged segment 564: SRT entries [717] -> 'I'll have fun....'
2025-11-10 00:53:42,128 [DEBUG] Merged segment 565: SRT entries [718] -> 'By laughing you draw them near....'
2025-11-10 00:53:42,128 [DEBUG] Merged segment 566: SRT entries [719, 720] -> 'According to Bashar, in four years a great many pe...'
2025-11-10 00:53:42,128 [DEBUG] Merged segment 567: SRT entries [721, 722] -> 'When I heard that, I thought getting there in just...'
2025-11-10 00:53:42,128 [DEBUG] Merged segment 568: SRT entries [723] -> 'Right now I'm in that dream dimension. It IS my re...'
2025-11-10 00:53:42,128 [DEBUG] Merged segment 569: SRT entries [724] -> 'I wake up in the morning still in that dimension....'
2025-11-10 00:53:42,128 [DEBUG] Merged segment 570: SRT entries [725] -> 'Therefore I'm always in the state of being able to...'
2025-11-10 00:53:42,128 [DEBUG] Merged segment 571: SRT entries [726] -> 'I want to tell people about it. This is the real w...'
2025-11-10 00:53:42,128 [DEBUG] Merged segment 572: SRT entries [727, 728] -> 'As you connect to your true self and return to tha...'
2025-11-10 00:53:42,128 [DEBUG] Merged segment 573: SRT entries [729] -> 'With that awareness you're moving through parallel...'
2025-11-10 00:53:42,128 [DEBUG] Merged segment 574: SRT entries [730, 731] -> 'You can shift your reality freely. -It's like a ga...'
2025-11-10 00:53:42,128 [DEBUG] Merged segment 575: SRT entries [732, 733] -> 'When you understand the function and how to contro...'
2025-11-10 00:53:42,128 [DEBUG] Merged segment 576: SRT entries [734, 735] -> 'You can shift to the planet that reflects your sta...'
2025-11-10 00:53:42,128 [DEBUG] Merged segment 577: SRT entries [736] -> 'With open eyes, living in a dream. That's the era ...'
2025-11-10 00:53:42,128 [DEBUG] Merged segment 578: SRT entries [737] -> 'Everyone has forgotten that they're playing a game...'
2025-11-10 00:53:42,128 [DEBUG] Merged segment 579: SRT entries [738] -> 'We're playing a game of being asleep....'
2025-11-10 00:53:42,128 [DEBUG] Merged segment 580: SRT entries [739] -> 'We've gotten so involved into that game....'
2025-11-10 00:53:42,128 [DEBUG] Merged segment 581: SRT entries [740] -> 'But we're on the verge of realizing it's all a gam...'
2025-11-10 00:53:42,128 [DEBUG] Merged segment 582: SRT entries [741] -> 'You can choose your favorable frequency....'
2025-11-10 00:53:42,128 [DEBUG] Merged segment 583: SRT entries [742, 743] -> 'Gradually, as we connect to ourselves, we can zoom...'
2025-11-10 00:53:42,128 [DEBUG] Merged segment 584: SRT entries [744] -> 'Like the breadcrumbs we talked about earlier....'
2025-11-10 00:53:42,128 [DEBUG] Merged segment 585: SRT entries [745] -> 'If you look at a maze from above you can see the e...'
2025-11-10 00:53:42,128 [DEBUG] Merged segment 586: SRT entries [746] -> 'So you can guide yourself. It's the same idea....'
2025-11-10 00:53:42,128 [DEBUG] Merged segment 587: SRT entries [747, 748] -> 'When you see things from higher perspective you ca...'
2025-11-10 00:53:42,128 [DEBUG] Merged segment 588: SRT entries [749] -> 'Like, "Don't go that way. Go left."...'
2025-11-10 00:53:42,128 [DEBUG] Merged segment 589: SRT entries [750] -> 'Your Higher Self can call out to you....'
2025-11-10 00:53:42,128 [DEBUG] Merged segment 590: SRT entries [751] -> 'The other day in a class, the Galactic Council joi...'
2025-11-10 00:53:42,128 [DEBUG] Merged segment 591: SRT entries [752, 753] -> 'Bashar works with them. -The Council is a... -The ...'
2025-11-10 00:53:42,128 [DEBUG] Merged segment 592: SRT entries [754] -> 'It's a collective consciousness....'
2025-11-10 00:53:42,128 [DEBUG] Merged segment 593: SRT entries [755] -> 'How should I put it?...'
2025-11-10 00:53:42,128 [DEBUG] Merged segment 594: SRT entries [756] -> 'They're close to us....'
2025-11-10 00:53:42,128 [DEBUG] Merged segment 595: SRT entries [757] -> 'We can become one body and do many things together...'
2025-11-10 00:53:42,128 [DEBUG] Merged segment 596: SRT entries [758] -> 'We can give guidance to the people who are asleep ...'
2025-11-10 00:53:42,128 [DEBUG] Merged segment 597: SRT entries [759] -> 'The more I connect to myself, the more I can see w...'
2025-11-10 00:53:42,128 [DEBUG] Merged segment 598: SRT entries [760] -> 'So it's fun to work with them....'
2025-11-10 00:53:42,128 [DEBUG] Merged segment 599: SRT entries [761] -> 'This conversation made me remember that class....'
2025-11-10 00:53:42,128 [DEBUG] Merged segment 600: SRT entries [762] -> 'Gradually this non-physical collective will partic...'
2025-11-10 00:53:42,128 [DEBUG] Merged segment 601: SRT entries [763] -> 'There's a reason why many UFOs are seen but not la...'
2025-11-10 00:53:42,128 [DEBUG] Merged segment 602: SRT entries [764] -> 'Deep sleep creates separation....'
2025-11-10 00:53:42,128 [DEBUG] Merged segment 603: SRT entries [765] -> 'We're quick to fight because we use fear....'
2025-11-10 00:53:42,128 [DEBUG] Merged segment 604: SRT entries [766] -> 'If UFOs land and we start fighting, they'll have n...'
2025-11-10 00:53:42,128 [DEBUG] Merged segment 605: SRT entries [767] -> 'They don't want to scare us, that's why they conta...'
2025-11-10 00:53:42,128 [DEBUG] Merged segment 606: SRT entries [768] -> 'But gradually we're raising our frequencies....'
2025-11-10 00:53:42,128 [DEBUG] Merged segment 607: SRT entries [769] -> 'Now finally, we can see the possibility of joining...'
2025-11-10 00:53:42,128 [DEBUG] Merged segment 608: SRT entries [770] -> 'And the young ones will have been prepared for it....'
2025-11-10 00:53:42,128 [DEBUG] Merged segment 609: SRT entries [771] -> 'So the ETs are waiting for us to prepare....'
2025-11-10 00:53:42,128 [DEBUG] Merged segment 610: SRT entries [772] -> 'Yes, there's nothing they can do but wait....'
2025-11-10 00:53:42,128 [DEBUG] Merged segment 611: SRT entries [773] -> 'We're trying our best, but really, we have to wait...'
2025-11-10 00:53:42,128 [DEBUG] Merged segment 612: SRT entries [774] -> 'For the people on Earth to gain elevated awareness...'
2025-11-10 00:53:42,128 [DEBUG] Merged segment 613: SRT entries [775] -> 'But things have really sped up....'
2025-11-10 00:53:42,128 [DEBUG] Merged segment 614: SRT entries [776] -> 'If things keep accelerating, by next year the subj...'
2025-11-10 00:53:42,129 [DEBUG] Merged segment 615: SRT entries [777] -> 'In general, when I talk to people about it it's no...'
2025-11-10 00:53:42,129 [DEBUG] Merged segment 616: SRT entries [778] -> 'Yes, that's already happening....'
2025-11-10 00:53:42,129 [DEBUG] Merged segment 617: SRT entries [779] -> 'But once it's disclosed, the change accelerates....'
2025-11-10 00:53:42,129 [DEBUG] Merged segment 618: SRT entries [780] -> 'People suspect that aliens exist. They can accept ...'
2025-11-10 00:53:42,129 [DEBUG] Merged segment 619: SRT entries [781, 782] -> 'Once they know that aliens do exist, they reject t...'
2025-11-10 00:53:42,129 [DEBUG] Merged segment 620: SRT entries [783] -> 'Then everything you know collapses....'
2025-11-10 00:53:42,129 [DEBUG] Merged segment 621: SRT entries [784, 785] -> 'At the end, you'll shed yourself of separation to ...'
2025-11-10 00:53:42,129 [DEBUG] Merged segment 622: SRT entries [786] -> 'It'll be a shock to know that aliens exist....'
2025-11-10 00:53:42,129 [DEBUG] Merged segment 623: SRT entries [787, 788] -> 'But it's a good shock because you need to let go o...'
2025-11-10 00:53:42,129 [DEBUG] Merged segment 624: SRT entries [789] -> 'Once this happens, things will change very fast....'
2025-11-10 00:53:42,129 [DEBUG] Merged segment 625: SRT entries [790] -> 'It'll accelerate....'
2025-11-10 00:53:42,129 [DEBUG] Merged segment 626: SRT entries [791, 792] -> 'Speaking of shock, when you first saw Bashar the s...'
2025-11-10 00:53:42,129 [DEBUG] Merged segment 627: SRT entries [793] -> 'How many days or months would it take to recover f...'
2025-11-10 00:53:42,129 [DEBUG] Merged segment 628: SRT entries [794] -> 'In my case?...'
2025-11-10 00:53:42,129 [DEBUG] Merged segment 629: SRT entries [795, 796] -> 'When I went to the spacecraft and came back I had ...'
2025-11-10 00:53:42,129 [DEBUG] Merged segment 630: SRT entries [797] -> 'So there wasn't much of a shock....'
2025-11-10 00:53:42,129 [DEBUG] Merged segment 631: SRT entries [798] -> 'I think it's the same with everyone....'
2025-11-10 00:53:42,129 [DEBUG] Merged segment 632: SRT entries [799] -> 'It's for you to think "This is the truth."...'
2025-11-10 00:53:42,129 [DEBUG] Merged segment 633: SRT entries [800] -> 'It's different from accepting other people's idea ...'
2025-11-10 00:53:42,129 [DEBUG] Merged segment 634: SRT entries [801, 802] -> 'Once you know your own truth, you'll stop doubting...'
2025-11-10 00:53:42,129 [DEBUG] Merged segment 635: SRT entries [803] -> 'Then you'll start preparing to accept the truth....'
2025-11-10 00:53:42,129 [DEBUG] Merged segment 636: SRT entries [804] -> 'Of course, you're the protagonist of your story....'
2025-11-10 00:53:42,129 [DEBUG] Merged segment 637: SRT entries [805] -> 'You're the one to open the gate to let the informa...'
2025-11-10 00:53:42,129 [DEBUG] Merged segment 638: SRT entries [806, 807] -> 'Right now on this planet called Earth there will b...'
2025-11-10 00:53:42,129 [DEBUG] Merged segment 639: SRT entries [808] -> 'They'll become the majority....'
2025-11-10 00:53:42,129 [DEBUG] Merged segment 640: SRT entries [809, 810] -> 'From here on out, the changes will create some sho...'
2025-11-10 00:53:42,129 [DEBUG] Merged segment 641: SRT entries [811] -> 'But it'll be different from the shock that I exper...'
2025-11-10 00:53:42,129 [DEBUG] Merged segment 642: SRT entries [812] -> 'Somehow, I think the future will be extremely plea...'
2025-11-10 00:53:42,129 [DEBUG] Merged segment 643: SRT entries [813] -> 'Children and awake people are emitting that signal...'
2025-11-10 00:53:42,129 [DEBUG] Merged segment 644: SRT entries [814] -> 'So there's equilibrium....'
2025-11-10 00:53:42,129 [DEBUG] Merged segment 645: SRT entries [815] -> 'Without these people there will be just shock....'
2025-11-10 00:53:42,129 [DEBUG] Merged segment 646: SRT entries [816, 817] -> 'Thanks to those who are stable and don't waver, th...'
2025-11-10 00:53:42,129 [DEBUG] Merged segment 647: SRT entries [818] -> 'Others will quickly learn from them that there's n...'
2025-11-10 00:53:42,129 [DEBUG] Merged segment 648: SRT entries [819] -> 'But without those awakened people, things will be ...'
2025-11-10 00:53:42,129 [DEBUG] Merged segment 649: SRT entries [820] -> 'We are like an antenna, receiving signals....'
2025-11-10 00:53:42,129 [DEBUG] Merged segment 650: SRT entries [821] -> 'And we emit signals as well....'
2025-11-10 00:53:42,129 [DEBUG] Merged segment 651: SRT entries [822, 823] -> 'So, do you think when the time for "disclosure" co...'
2025-11-10 00:53:42,129 [DEBUG] Merged segment 652: SRT entries [824] -> 'For those in deep sleep, it will certainly come as...'
2025-11-10 00:53:42,129 [DEBUG] Merged segment 653: SRT entries [825] -> 'The extent is different....'
2025-11-10 00:53:42,129 [DEBUG] Merged segment 654: SRT entries [826] -> 'If you don't want to see the truth, you'll be hit ...'
2025-11-10 00:53:42,129 [DEBUG] Merged segment 655: SRT entries [827, 828] -> 'But if you're starting to awaken there will come a...'
2025-11-10 00:53:42,129 [DEBUG] Merged segment 656: SRT entries [829] -> 'You may be swaying between being awake and staying...'
2025-11-10 00:53:42,129 [DEBUG] Merged segment 657: SRT entries [830] -> 'For those who are swaying like that, this is a goo...'
2025-11-10 00:53:42,129 [DEBUG] Merged segment 658: SRT entries [831, 832, 833] -> 'Now they have to choose. -So they choose. -Yes, th...'
2025-11-10 00:53:42,129 [DEBUG] Merged segment 659: SRT entries [834] -> 'For example, people who are into the stock market ...'
2025-11-10 00:53:42,129 [DEBUG] Merged segment 660: SRT entries [835] -> 'The top brass, you mean....'
2025-11-10 00:53:42,129 [DEBUG] Merged segment 661: SRT entries [836] -> 'Like, people who make chemicals....'
2025-11-10 00:53:42,129 [DEBUG] Merged segment 662: SRT entries [837] -> 'What you do for work is separate from this deep sl...'
2025-11-10 00:53:42,129 [DEBUG] Merged segment 663: SRT entries [838] -> 'This is also a chance for those who are in deep sl...'
2025-11-10 00:53:42,129 [DEBUG] Merged segment 664: SRT entries [839] -> 'But disclosure may be a really big shock to them....'
2025-11-10 00:53:42,129 [DEBUG] Merged segment 665: SRT entries [840, 841] -> 'It might take a little time, but the awakened peop...'
2025-11-10 00:53:42,129 [DEBUG] Merged segment 666: SRT entries [842] -> 'A wave of them will come and show others the possi...'
2025-11-10 00:53:42,129 [DEBUG] Merged segment 667: SRT entries [843] -> 'So the sleepers will be afraid, but they'll gradua...'
2025-11-10 00:53:42,129 [DEBUG] Merged segment 668: SRT entries [844] -> 'It's like when you're on an airplane and there's t...'
2025-11-10 00:53:42,129 [DEBUG] Merged segment 669: SRT entries [845, 846] -> 'When it's really terrible, everyone's scared and l...'
2025-11-10 00:53:42,129 [DEBUG] Merged segment 670: SRT entries [847] -> 'When they see the flight attendants staying calm, ...'
2025-11-10 00:53:42,129 [DEBUG] Merged segment 671: SRT entries [848, 849] -> 'Just like that, when something out of control happ...'
2025-11-10 00:53:42,129 [DEBUG] Merged segment 672: SRT entries [850] -> 'The signal those people send out is an invitation....'
2025-11-10 00:53:42,129 [DEBUG] Merged segment 673: SRT entries [851] -> 'Not only that, our Galactic family are all support...'
2025-11-10 00:53:42,129 [DEBUG] Merged segment 674: SRT entries [852] -> 'There's stability....'
2025-11-10 00:53:42,129 [DEBUG] Merged segment 675: SRT entries [853] -> 'We already have those awakened people and children...'
2025-11-10 00:53:42,129 [DEBUG] Merged segment 676: SRT entries [854] -> 'Earth is ready. That's why disclosure happens....'
2025-11-10 00:53:42,129 [DEBUG] Merged segment 677: SRT entries [855] -> 'This is what I think....'
2025-11-10 00:53:42,130 [DEBUG] Merged segment 678: SRT entries [856] -> 'The sound of truth is different from the sound of ...'
2025-11-10 00:53:42,130 [DEBUG] Merged segment 679: SRT entries [857] -> 'You can say things just from knowledge "The future...'
2025-11-10 00:53:42,130 [DEBUG] Merged segment 680: SRT entries [858] -> '"Don't worry! You can be free!"...'
2025-11-10 00:53:42,130 [DEBUG] Merged segment 681: SRT entries [859] -> 'But if you don't believe in it, it's not convincin...'
2025-11-10 00:53:42,130 [DEBUG] Merged segment 682: SRT entries [860, 861] -> 'When you have the knowing, "Our future is bright" ...'
2025-11-10 00:53:42,130 [DEBUG] Merged segment 683: SRT entries [862] -> 'That creates stability....'
2025-11-10 00:53:42,130 [DEBUG] Merged segment 684: SRT entries [863, 864] -> 'Returning to the conversation about excitement, in...'
2025-11-10 00:53:42,130 [DEBUG] Merged segment 685: SRT entries [865, 866] -> 'There's no overthinking. A tree is as it is. -In t...'
2025-11-10 00:53:42,130 [DEBUG] Merged segment 686: SRT entries [867] -> 'Everyone seems to be excited all the time....'
2025-11-10 00:53:42,130 [DEBUG] Merged segment 687: SRT entries [868] -> 'They create and take on various forms without thin...'
2025-11-10 00:53:42,130 [DEBUG] Merged segment 688: SRT entries [869] -> 'If it hits a barrier or a block it redirects itsel...'
2025-11-10 00:53:42,130 [DEBUG] Merged segment 689: SRT entries [870] -> 'In regard to trees and grass?...'
2025-11-10 00:53:42,130 [DEBUG] Merged segment 690: SRT entries [871] -> 'Yes, similar to that....'
2025-11-10 00:53:42,130 [DEBUG] Merged segment 691: SRT entries [872] -> 'But this blooms through ideas....'
2025-11-10 00:53:42,130 [DEBUG] Merged segment 692: SRT entries [873] -> 'It thinks "I'm a lily", therefore brings out the l...'
2025-11-10 00:53:42,130 [DEBUG] Merged segment 693: SRT entries [874] -> 'Plants are not completely innocent nor without tho...'
2025-11-10 00:53:42,130 [DEBUG] Merged segment 694: SRT entries [875] -> 'Plants learn ideas. There are lots of ideas in the...'
2025-11-10 00:53:42,130 [DEBUG] Merged segment 695: SRT entries [876] -> 'Same around the Earth....'
2025-11-10 00:53:42,130 [DEBUG] Merged segment 696: SRT entries [877] -> 'Just like cell phone signals, there are lots of id...'
2025-11-10 00:53:42,130 [DEBUG] Merged segment 697: SRT entries [878] -> 'Plants pick up those ideas....'
2025-11-10 00:53:42,130 [DEBUG] Merged segment 698: SRT entries [879] -> 'One might pick up an idea of a tomato, producing t...'
2025-11-10 00:53:42,130 [DEBUG] Merged segment 699: SRT entries [880] -> 'That's how it works....'
2025-11-10 00:53:42,130 [DEBUG] Merged segment 700: SRT entries [881] -> 'Plants don't just bloom without any ideas....'
2025-11-10 00:53:42,130 [DEBUG] Merged segment 701: SRT entries [882] -> 'This is an Earth-based plant....'
2025-11-10 00:53:42,130 [DEBUG] Merged segment 702: SRT entries [883] -> 'It learns ideas in the soil and takes that shape....'
2025-11-10 00:53:42,130 [DEBUG] Merged segment 703: SRT entries [884, 885] -> 'When people of Earth return to the center the sign...'
2025-11-10 00:53:42,130 [DEBUG] Merged segment 704: SRT entries [886, 887] -> 'Up until now, we've created limitations and rules ...'
2025-11-10 00:53:42,130 [DEBUG] Merged segment 705: SRT entries [888] -> 'People have resonated in that idea and created thi...'
2025-11-10 00:53:42,130 [DEBUG] Merged segment 706: SRT entries [889, 890] -> 'But once people start to return to the center, tha...'
2025-11-10 00:53:42,130 [DEBUG] Merged segment 707: SRT entries [891, 892] -> 'When you know that you're perfect and you can be a...'
2025-11-10 00:53:42,130 [DEBUG] Merged segment 708: SRT entries [893] -> 'When bringing about this awareness, our civilizati...'
2025-11-10 00:53:42,130 [DEBUG] Merged segment 709: SRT entries [894] -> 'Also, the Earth's frequency will change....'
2025-11-10 00:53:42,130 [DEBUG] Merged segment 710: SRT entries [895] -> 'The harsh ideas will become softer....'
2025-11-10 00:53:42,130 [DEBUG] Merged segment 711: SRT entries [896, 897, 898] -> 'When the idea of "I can be anything" appears plant...'
2025-11-10 00:53:42,130 [DEBUG] Merged segment 712: SRT entries [899] -> 'Well, our interview became longer than expected....'
2025-11-10 00:53:42,130 [DEBUG] Merged segment 713: SRT entries [900, 901] -> 'It was fun. -Thank you for all the good informatio...'
2025-11-10 00:53:42,130 [DEBUG] Merged segment 714: SRT entries [902, 903] -> 'When you contacted me, it was perfect timing and I...'
2025-11-10 00:53:42,130 [DEBUG] Merged segment 715: SRT entries [904] -> 'Same. Thanks for letting me do this....'
2025-11-10 00:53:42,130 [DEBUG] Merged segment 716: SRT entries [905] -> 'What you're doing is wonderful, Reuben....'
2025-11-10 00:53:42,130 [DEBUG] Merged segment 717: SRT entries [906] -> 'Thank you....'
2025-11-10 00:53:42,130 [INFO] Merged 906 segments into 717 final segments
2025-11-10 00:53:42,346 [INFO] Wrote 717 segments to data/S01-E30/main.yaml
2025-11-10 00:53:42,346 [INFO] Conversion completed successfully!
