2025-11-02 19:40:47,855 [INFO] Starting SRT to YAML conversion for episode S01-E29
2025-11-02 19:40:47,855 [INFO] SRT source resolved to: input/S01-E29/ENG-S1EP29 Meet The Hybrids, Conversations with Mantis Beings - Part 2 ENGLISH.srt
2025-11-02 19:40:47,856 [INFO] Parsed 1161 SRT entries from input/S01-E29/ENG-S1EP29 Meet The Hybrids, Conversations with Mantis Beings - Part 2 ENGLISH.srt
2025-11-02 19:40:47,857 [DEBUG] Merged segment 1: SRT entries [1, 2] -> 'Animals are and have always been offering their lo...'
2025-11-02 19:40:47,857 [DEBUG] Merged segment 2: SRT entries [3, 4] -> 'They can show us how to love and how to live in ha...'
2025-11-02 19:40:47,857 [DEBUG] Merged segment 3: SRT entries [5, 6] -> 'The whales and the dolphins have been singing thei...'
2025-11-02 19:40:47,857 [DEBUG] Merged segment 4: SRT entries [7, 8] -> 'Also, our dogs, our cat friends, horse friends and...'
2025-11-02 19:40:47,857 [DEBUG] Merged segment 5: SRT entries [9] -> 'They teach us about unconditional love....'
2025-11-02 19:40:47,857 [DEBUG] Merged segment 6: SRT entries [10] -> 'Now, light language can uplift us during these cha...'
2025-11-02 19:40:47,857 [DEBUG] Merged segment 7: SRT entries [11] -> 'It bypasses the mind and the ego....'
2025-11-02 19:40:47,857 [DEBUG] Merged segment 8: SRT entries [12] -> 'It nourishes our mind, our body, our emotions, and...'
2025-11-02 19:40:47,857 [DEBUG] Merged segment 9: SRT entries [13, 14] -> 'It brings us back to our hearts, our body, our sou...'
2025-11-02 19:40:47,857 [DEBUG] Merged segment 10: SRT entries [15, 16, 17] -> 'We need to remember that we're all beautiful, amaz...'
2025-11-02 19:40:47,857 [DEBUG] Merged segment 11: SRT entries [18] -> 'And this is a profound period of awakening for hum...'
2025-11-02 19:40:47,857 [DEBUG] Merged segment 12: SRT entries [19] -> 'Ever wonder if there's intelligent life elsewhere ...'
2025-11-02 19:40:47,857 [DEBUG] Merged segment 13: SRT entries [20] -> 'Well, I have....'
2025-11-02 19:40:47,857 [DEBUG] Merged segment 14: SRT entries [21] -> 'I've been wondering since I was a kid....'
2025-11-02 19:40:47,857 [DEBUG] Merged segment 15: SRT entries [22] -> 'My name is Ruben Langdon. And on March 29th 2007, ...'
2025-11-02 19:40:47,857 [DEBUG] Merged segment 16: SRT entries [23, 24] -> 'I saw a number of strange objects in the sky....'
2025-11-02 19:40:47,857 [DEBUG] Merged segment 17: SRT entries [25, 26, 27] -> 'Coincidentally, I was working on the film Avatar a...'
2025-11-02 19:40:47,857 [DEBUG] Merged segment 18: SRT entries [28, 29, 30] -> 'If beings of higher intelligence are here, what is...'
2025-11-02 19:40:47,857 [DEBUG] Merged segment 19: SRT entries [31] -> 'Why don't they make themselves more known?...'
2025-11-02 19:40:47,857 [DEBUG] Merged segment 20: SRT entries [32] -> 'Why the secrecy?...'
2025-11-02 19:40:47,857 [DEBUG] Merged segment 21: SRT entries [33, 34] -> 'I've asked these questions to many experts, yet ea...'
2025-11-02 19:40:47,857 [DEBUG] Merged segment 22: SRT entries [35] -> 'So I thought to myself, why not ask the aliens dir...'
2025-11-02 19:40:47,858 [DEBUG] Merged segment 23: SRT entries [36] -> 'So that's what I set out to do....'
2025-11-02 19:40:47,858 [DEBUG] Merged segment 24: SRT entries [37] -> 'Well sort of......'
2025-11-02 19:40:47,858 [DEBUG] Merged segment 25: SRT entries [38, 39] -> 'Yeah, when I was one of the experiences I had one ...'
2025-11-02 19:40:47,858 [DEBUG] Merged segment 26: SRT entries [40] -> 'When I was waking up in before I was waking up at ...'
2025-11-02 19:40:47,858 [DEBUG] Merged segment 27: SRT entries [41] -> 'Really?...'
2025-11-02 19:40:47,858 [DEBUG] Merged segment 28: SRT entries [42] -> 'And at that point it was crazy cuz I was in the UF...'
2025-11-02 19:40:47,858 [DEBUG] Merged segment 29: SRT entries [43, 44] -> 'I'm going like, way back then there was like a UFO...'
2025-11-02 19:40:47,858 [DEBUG] Merged segment 30: SRT entries [45] -> 'And that was when Project Blue Book and... >>Yeah....'
2025-11-02 19:40:47,858 [DEBUG] Merged segment 31: SRT entries [46, 47] -> 'And when my childhood was not, we'll say idyllic a...'
2025-11-02 19:40:47,858 [DEBUG] Merged segment 32: SRT entries [48, 49] -> 'But I was sitting on my bed just yelling and sayin...'
2025-11-02 19:40:47,858 [DEBUG] Merged segment 33: SRT entries [50] -> 'I said, I wish you UFO would come and take me away...'
2025-11-02 19:40:47,858 [DEBUG] Merged segment 34: SRT entries [51] -> 'Not knowing at that time..  >>The connection....'
2025-11-02 19:40:47,858 [DEBUG] Merged segment 35: SRT entries [52, 53] -> 'Within a week I went in my backyard and above the ...'
2025-11-02 19:40:47,858 [DEBUG] Merged segment 36: SRT entries [54] -> 'That's how close it was....'
2025-11-02 19:40:47,858 [DEBUG] Merged segment 37: SRT entries [55] -> 'Wow....'
2025-11-02 19:40:47,858 [DEBUG] Merged segment 38: SRT entries [56] -> 'And it stayed there....'
2025-11-02 19:40:47,858 [DEBUG] Merged segment 39: SRT entries [57] -> 'And I'm go like, oh my God....'
2025-11-02 19:40:47,858 [DEBUG] Merged segment 40: SRT entries [58] -> 'I'm like, and it did all these angles, which has a...'
2025-11-02 19:40:47,858 [DEBUG] Merged segment 41: SRT entries [59] -> 'It did all these crosses and not crosses in the Ch...'
2025-11-02 19:40:47,858 [DEBUG] Merged segment 42: SRT entries [60, 61, 62, 63] -> 'But, and and then they had actually I didn't recal...'
2025-11-02 19:40:47,858 [DEBUG] Merged segment 43: SRT entries [64] -> 'I could see it, it was clear blue sky, and I went,...'
2025-11-02 19:40:47,858 [DEBUG] Merged segment 44: SRT entries [65] -> 'I called them in and what the heck did I really wa...'
2025-11-02 19:40:47,858 [DEBUG] Merged segment 45: SRT entries [66] -> 'And then I, maybe I need to change my mind here ri...'
2025-11-02 19:40:47,858 [DEBUG] Merged segment 46: SRT entries [67] -> 'Rethink this, yeah....'
2025-11-02 19:40:47,858 [DEBUG] Merged segment 47: SRT entries [68] -> 'But that was an amazing experience for me....'
2025-11-02 19:40:47,858 [DEBUG] Merged segment 48: SRT entries [69] -> 'Wow....'
2025-11-02 19:40:47,858 [DEBUG] Merged segment 49: SRT entries [70] -> 'Just amazing...'
2025-11-02 19:40:47,858 [DEBUG] Merged segment 50: SRT entries [71, 72] -> 'I'm sorry, how old were you at that time?...'
2025-11-02 19:40:47,858 [DEBUG] Merged segment 51: SRT entries [73] -> 'Four, fifteen....'
2025-11-02 19:40:47,858 [DEBUG] Merged segment 52: SRT entries [74] -> 'Fifteen?...'
2025-11-02 19:40:47,858 [DEBUG] Merged segment 53: SRT entries [75] -> 'Okay....'
2025-11-02 19:40:47,858 [DEBUG] Merged segment 54: SRT entries [76] -> 'Yeah....'
2025-11-02 19:40:47,858 [DEBUG] Merged segment 55: SRT entries [77] -> 'Amazing....'
2025-11-02 19:40:47,858 [DEBUG] Merged segment 56: SRT entries [78] -> 'Yeah....'
2025-11-02 19:40:47,858 [DEBUG] Merged segment 57: SRT entries [79] -> 'So that one really left its mark, and since then y...'
2025-11-02 19:40:47,858 [DEBUG] Merged segment 58: SRT entries [80] -> 'Ever since then I've been on the UFO track....'
2025-11-02 19:40:47,858 [DEBUG] Merged segment 59: SRT entries [81, 82] -> 'Really, yeah, definitely....'
2025-11-02 19:40:47,858 [DEBUG] Merged segment 60: SRT entries [83, 84, 85] -> 'Every book, every... just it's almost like an obse...'
2025-11-02 19:40:47,858 [DEBUG] Merged segment 61: SRT entries [86, 87] -> 'Yeah. >>Understand that that's where who we are....'
2025-11-02 19:40:47,858 [DEBUG] Merged segment 62: SRT entries [88, 89, 90] -> 'That's where I think where we come in....'
2025-11-02 19:40:47,858 [DEBUG] Merged segment 63: SRT entries [91] -> 'Because, when I first woke up there was this, I wa...'
2025-11-02 19:40:47,858 [DEBUG] Merged segment 64: SRT entries [92] -> 'I was at work, and this guy comes up to me, right?...'
2025-11-02 19:40:47,858 [DEBUG] Merged segment 65: SRT entries [93] -> 'And it's odd......'
2025-11-02 19:40:47,858 [DEBUG] Merged segment 66: SRT entries [94] -> 'This guy comes up to me and he has two pieces of p...'
2025-11-02 19:40:47,858 [DEBUG] Merged segment 67: SRT entries [95, 96, 97] -> 'They're like little, they're little tiny flyers wi...'
2025-11-02 19:40:47,858 [DEBUG] Merged segment 68: SRT entries [98] -> 'Yeah....'
2025-11-02 19:40:47,858 [DEBUG] Merged segment 69: SRT entries [99, 100] -> 'But anyways this guy comes in, he has two pieces o...'
2025-11-02 19:40:47,858 [DEBUG] Merged segment 70: SRT entries [101, 102] -> 'And he hands me this piece of paper and I look at ...'
2025-11-02 19:40:47,858 [DEBUG] Merged segment 71: SRT entries [103, 104] -> 'And he just smirks at me like, and then my coworke...'
2025-11-02 19:40:47,858 [DEBUG] Merged segment 72: SRT entries [105] -> 'So he's yeah, I do....'
2025-11-02 19:40:47,858 [DEBUG] Merged segment 73: SRT entries [106] -> 'Hands over the second paper, which is the exact sa...'
2025-11-02 19:40:47,858 [DEBUG] Merged segment 74: SRT entries [107] -> 'It's almost like he knew already that she was gonn...'
2025-11-02 19:40:47,858 [DEBUG] Merged segment 75: SRT entries [108] -> 'So he was ready, walks off....'
2025-11-02 19:40:47,858 [DEBUG] Merged segment 76: SRT entries [109] -> 'I never see or hear from him again....'
2025-11-02 19:40:47,858 [DEBUG] Merged segment 77: SRT entries [110] -> 'He just dis, he just walks off....'
2025-11-02 19:40:47,858 [DEBUG] Merged segment 78: SRT entries [111, 112, 113] -> 'And so I let it sit for a while and I thought, oka...'
2025-11-02 19:40:47,858 [DEBUG] Merged segment 79: SRT entries [114] -> 'There's something going on here....'
2025-11-02 19:40:47,858 [DEBUG] Merged segment 80: SRT entries [115, 116] -> 'And I remember just getting scared cuz when you st...'
2025-11-02 19:40:47,858 [DEBUG] Merged segment 81: SRT entries [117] -> 'All the world's going, Nibiru's coming and the wor...'
2025-11-02 19:40:47,858 [DEBUG] Merged segment 82: SRT entries [118] -> 'Yes....'
2025-11-02 19:40:47,858 [DEBUG] Merged segment 83: SRT entries [119] -> 'And earthquakes and volcanoes and all hell's gonna...'
2025-11-02 19:40:47,858 [DEBUG] Merged segment 84: SRT entries [120, 121] -> 'And I'm like, oh in 2012, cause this happened in 2...'
2025-11-02 19:40:47,858 [DEBUG] Merged segment 85: SRT entries [122] -> 'And I'm just like, oh my God....'
2025-11-02 19:40:47,859 [DEBUG] Merged segment 86: SRT entries [123] -> 'But then the first craft comes in Jan, oh, was it ...'
2025-11-02 19:40:47,859 [DEBUG] Merged segment 87: SRT entries [124] -> 'Yes, 4th of July....'
2025-11-02 19:40:47,859 [DEBUG] Merged segment 88: SRT entries [125] -> 'And I remember, seeing this little tiny satellite ...'
2025-11-02 19:40:47,859 [DEBUG] Merged segment 89: SRT entries [126] -> 'And I'm like going, okay, for something, zigzag, z...'
2025-11-02 19:40:47,859 [DEBUG] Merged segment 90: SRT entries [127, 128] -> 'Later that night, my wife and I go outside, oh, I ...'
2025-11-02 19:40:47,859 [DEBUG] Merged segment 91: SRT entries [129] -> 'Let's go out....'
2025-11-02 19:40:47,859 [DEBUG] Merged segment 92: SRT entries [130] -> 'It was like one in the morning....'
2025-11-02 19:40:47,859 [DEBUG] Merged segment 93: SRT entries [131] -> 'All the fireworks were done....'
2025-11-02 19:40:47,859 [DEBUG] Merged segment 94: SRT entries [132] -> 'Let's go out and smoke cigarette....'
2025-11-02 19:40:47,859 [DEBUG] Merged segment 95: SRT entries [133] -> 'And next thing we know here's that satellite again...'
2025-11-02 19:40:47,859 [DEBUG] Merged segment 96: SRT entries [134, 135] -> 'And next thing I know it's. 50 yards away from us,...'
2025-11-02 19:40:47,859 [DEBUG] Merged segment 97: SRT entries [136, 137, 138] -> 'And it'd play with us because when we wouldn't loo...'
2025-11-02 19:40:47,859 [DEBUG] Merged segment 98: SRT entries [139] -> 'What was that?...'
2025-11-02 19:40:47,859 [DEBUG] Merged segment 99: SRT entries [140] -> 'And then we'd look away....'
2025-11-02 19:40:47,859 [DEBUG] Merged segment 100: SRT entries [141, 142] -> 'It's like turns on goes and then turns, look, turn...'
2025-11-02 19:40:47,859 [DEBUG] Merged segment 101: SRT entries [143] -> 'I just saw, I was like, I just saw something, fina...'
2025-11-02 19:40:47,859 [DEBUG] Merged segment 102: SRT entries [144] -> 'Yeah....'
2025-11-02 19:40:47,859 [DEBUG] Merged segment 103: SRT entries [145] -> 'And at that moment, your life is completely change...'
2025-11-02 19:40:47,859 [DEBUG] Merged segment 104: SRT entries [146] -> 'It's, yeah......'
2025-11-02 19:40:47,859 [DEBUG] Merged segment 105: SRT entries [147] -> 'And I remember I just got obsessed at that moment....'
2025-11-02 19:40:47,859 [DEBUG] Merged segment 106: SRT entries [148, 149] -> 'I was obsessed like, okay, now I need to find out ...'
2025-11-02 19:40:47,859 [DEBUG] Merged segment 107: SRT entries [150] -> 'And I just re, I'd done thousands of hours of rese...'
2025-11-02 19:40:47,859 [DEBUG] Merged segment 108: SRT entries [151] -> 'It's you're just getting away too obsessed with th...'
2025-11-02 19:40:47,859 [DEBUG] Merged segment 109: SRT entries [152] -> 'Yeah....'
2025-11-02 19:40:47,859 [DEBUG] Merged segment 110: SRT entries [153] -> 'And that's when the experience started....'
2025-11-02 19:40:47,859 [DEBUG] Merged segment 111: SRT entries [154] -> 'My memory of experiences started happening....'
2025-11-02 19:40:47,859 [DEBUG] Merged segment 112: SRT entries [155] -> 'So I started saying, I need to see a ship....'
2025-11-02 19:40:47,859 [DEBUG] Merged segment 113: SRT entries [156] -> 'I need to see a ship....'
2025-11-02 19:40:47,859 [DEBUG] Merged segment 114: SRT entries [157] -> 'I need to see something....'
2025-11-02 19:40:47,859 [DEBUG] Merged segment 115: SRT entries [158] -> 'I need confirmation....'
2025-11-02 19:40:47,859 [DEBUG] Merged segment 116: SRT entries [159] -> 'This is happening to me....'
2025-11-02 19:40:47,859 [DEBUG] Merged segment 117: SRT entries [160] -> 'And then we have that 45 minute encounter....'
2025-11-02 19:40:47,859 [DEBUG] Merged segment 118: SRT entries [161] -> 'It was I'll give you just a brief....'
2025-11-02 19:40:47,859 [DEBUG] Merged segment 119: SRT entries [162, 163] -> 'My, my wife and I were sitting in the house her mo...'
2025-11-02 19:40:47,859 [DEBUG] Merged segment 120: SRT entries [164] -> 'Her mom goes to the grocery store....'
2025-11-02 19:40:47,859 [DEBUG] Merged segment 121: SRT entries [165] -> 'It was December 20th 2009....'
2025-11-02 19:40:47,859 [DEBUG] Merged segment 122: SRT entries [166] -> 'And it was about seven o'clock in the evening....'
2025-11-02 19:40:47,859 [DEBUG] Merged segment 123: SRT entries [167] -> 'So it was just dark, and her mom takes off....'
2025-11-02 19:40:47,859 [DEBUG] Merged segment 124: SRT entries [168] -> 'I go to make a phone call, the phones are dead and...'
2025-11-02 19:40:47,859 [DEBUG] Merged segment 125: SRT entries [169] -> 'Yeah, let's go outside....'
2025-11-02 19:40:47,859 [DEBUG] Merged segment 126: SRT entries [170] -> 'Smoke....'
2025-11-02 19:40:47,859 [DEBUG] Merged segment 127: SRT entries [171] -> 'Here's this smoking again....'
2025-11-02 19:40:47,859 [DEBUG] Merged segment 128: SRT entries [172] -> 'But I've quit since then....'
2025-11-02 19:40:47,859 [DEBUG] Merged segment 129: SRT entries [173] -> 'But I look up and here cuz this blue light just....'
2025-11-02 19:40:47,859 [DEBUG] Merged segment 130: SRT entries [174] -> 'Pops up in the sky, it looks like a bar of light....'
2025-11-02 19:40:47,859 [DEBUG] Merged segment 131: SRT entries [175, 176] -> 'And just neon blue, I can't even really describe i...'
2025-11-02 19:40:47,859 [DEBUG] Merged segment 132: SRT entries [177] -> 'And then another light turns on, so it's like this...'
2025-11-02 19:40:47,859 [DEBUG] Merged segment 133: SRT entries [178, 179] -> 'And it was a 45 minute in interaction, this thing ...'
2025-11-02 19:40:47,859 [DEBUG] Merged segment 134: SRT entries [180] -> 'Wow....'
2025-11-02 19:40:47,859 [DEBUG] Merged segment 135: SRT entries [181] -> 'And your wife's saw it as well?...'
2025-11-02 19:40:47,859 [DEBUG] Merged segment 136: SRT entries [182] -> 'Yeah, exactly....'
2025-11-02 19:40:47,859 [DEBUG] Merged segment 137: SRT entries [183] -> 'And like I was saying, I was freaked out....'
2025-11-02 19:40:47,859 [DEBUG] Merged segment 138: SRT entries [184] -> 'You like, oh my God, what is this thing?...'
2025-11-02 19:40:47,859 [DEBUG] Merged segment 139: SRT entries [185, 186] -> 'And it flies over us and this blue plasma turns of...'
2025-11-02 19:40:47,859 [DEBUG] Merged segment 140: SRT entries [187] -> 'It had three, like a triangle....'
2025-11-02 19:40:47,859 [DEBUG] Merged segment 141: SRT entries [188] -> 'Three....'
2025-11-02 19:40:47,859 [DEBUG] Merged segment 142: SRT entries [189] -> 'Okay....'
2025-11-02 19:40:47,859 [DEBUG] Merged segment 143: SRT entries [190] -> 'So 1, 2, 3 of them....'
2025-11-02 19:40:47,859 [DEBUG] Merged segment 144: SRT entries [191] -> 'It was a black triangle? >>Purple....'
2025-11-02 19:40:47,859 [DEBUG] Merged segment 145: SRT entries [192] -> 'Purple, okay....'
2025-11-02 19:40:47,859 [DEBUG] Merged segment 146: SRT entries [193] -> 'Purple....'
2025-11-02 19:40:47,859 [DEBUG] Merged segment 147: SRT entries [194] -> 'A dark purple....'
2025-11-02 19:40:47,859 [DEBUG] Merged segment 148: SRT entries [195] -> 'And then two two sets of three in the front....'
2025-11-02 19:40:47,859 [DEBUG] Merged segment 149: SRT entries [196] -> 'So two sets of three....'
2025-11-02 19:40:47,859 [DEBUG] Merged segment 150: SRT entries [197, 198] -> 'And three sets of three in the back....'
2025-11-02 19:40:47,859 [DEBUG] Merged segment 151: SRT entries [199] -> 'Inside the canister is a pyramid....'
2025-11-02 19:40:47,859 [DEBUG] Merged segment 152: SRT entries [200, 201] -> 'It's a black crystal pyramid with a, the best I ca...'
2025-11-02 19:40:47,860 [DEBUG] Merged segment 153: SRT entries [202, 203, 204] -> 'And then when they turn it on, all of a sudden thi...'
2025-11-02 19:40:47,860 [DEBUG] Merged segment 154: SRT entries [205] -> 'And it's like floating on this blue plasma....'
2025-11-02 19:40:47,860 [DEBUG] Merged segment 155: SRT entries [206] -> 'And when it flies over, it's like a, it was like a...'
2025-11-02 19:40:47,860 [DEBUG] Merged segment 156: SRT entries [207] -> 'It's seamless and had these just weird designs on ...'
2025-11-02 19:40:47,860 [DEBUG] Merged segment 157: SRT entries [208] -> 'And the things that it did was just mind numbing....'
2025-11-02 19:40:47,860 [DEBUG] Merged segment 158: SRT entries [209] -> 'It's amazing....'
2025-11-02 19:40:47,860 [DEBUG] Merged segment 159: SRT entries [210] -> 'It was an overcast sky....'
2025-11-02 19:40:47,860 [DEBUG] Merged segment 160: SRT entries [211, 212] -> 'At the end of the experience, it takes off and blo...'
2025-11-02 19:40:47,860 [DEBUG] Merged segment 161: SRT entries [213] -> 'So it was definitely of this density in that case,...'
2025-11-02 19:40:47,860 [DEBUG] Merged segment 162: SRT entries [214, 215] -> 'Yeah, >>because it had to have an effect on the cl...'
2025-11-02 19:40:47,860 [DEBUG] Merged segment 163: SRT entries [216] -> 'It wasn't just......'
2025-11-02 19:40:47,860 [DEBUG] Merged segment 164: SRT entries [217] -> 'I tried taking pictures of it....'
2025-11-02 19:40:47,860 [DEBUG] Merged segment 165: SRT entries [218] -> 'But every time I go take a picture the battery lif...'
2025-11-02 19:40:47,860 [DEBUG] Merged segment 166: SRT entries [219] -> 'Finally we got a shot and the flash goes off....'
2025-11-02 19:40:47,860 [DEBUG] Merged segment 167: SRT entries [220] -> 'I'll give you that picture....'
2025-11-02 19:40:47,860 [DEBUG] Merged segment 168: SRT entries [221] -> 'The flash goes off and the ship's about a couple, ...'
2025-11-02 19:40:47,860 [DEBUG] Merged segment 169: SRT entries [222] -> 'So you can only see the line....'
2025-11-02 19:40:47,860 [DEBUG] Merged segment 170: SRT entries [223] -> 'There were two beings across the street....'
2025-11-02 19:40:47,860 [DEBUG] Merged segment 171: SRT entries [224, 225] -> 'And when the flash went off, the being turned into...'
2025-11-02 19:40:47,860 [DEBUG] Merged segment 172: SRT entries [226, 227, 228] -> 'Yeah. >>And when you say they were across the stre...'
2025-11-02 19:40:47,860 [DEBUG] Merged segment 173: SRT entries [229] -> 'Okay so here's the being right, like a humanoid st...'
2025-11-02 19:40:47,860 [DEBUG] Merged segment 174: SRT entries [230] -> 'Here's those two humanoids standing there....'
2025-11-02 19:40:47,860 [DEBUG] Merged segment 175: SRT entries [231, 232] -> 'The flash goes off, this one turned into an orb an...'
2025-11-02 19:40:47,860 [DEBUG] Merged segment 176: SRT entries [233, 234] -> 'So I got the picture of the being materialized, de...'
2025-11-02 19:40:47,860 [DEBUG] Merged segment 177: SRT entries [235] -> 'Oh wow....'
2025-11-02 19:40:47,860 [DEBUG] Merged segment 178: SRT entries [236, 237] -> 'And then a being that is, dematerialized on the pr...'
2025-11-02 19:40:47,860 [DEBUG] Merged segment 179: SRT entries [238, 239] -> 'When you say humanoid, were they the Mantis humano...'
2025-11-02 19:40:47,860 [DEBUG] Merged segment 180: SRT entries [240] -> 'What were they?...'
2025-11-02 19:40:47,860 [DEBUG] Merged segment 181: SRT entries [241] -> 'No different being....'
2025-11-02 19:40:47,860 [DEBUG] Merged segment 182: SRT entries [242] -> 'I think they were more like a just a benevolent hu...'
2025-11-02 19:40:47,860 [DEBUG] Merged segment 183: SRT entries [243] -> 'There's so many....'
2025-11-02 19:40:47,860 [DEBUG] Merged segment 184: SRT entries [244] -> 'There's so many cultures, so many different races ...'
2025-11-02 19:40:47,860 [DEBUG] Merged segment 185: SRT entries [245, 246] -> 'I got ahold of MUFON cuz I was, damn who do you ge...'
2025-11-02 19:40:47,860 [DEBUG] Merged segment 186: SRT entries [247] -> 'So I went to MUFON, I was, Ahhh - you won't believ...'
2025-11-02 19:40:47,860 [DEBUG] Merged segment 187: SRT entries [248] -> 'And they sent their star level investigator....'
2025-11-02 19:40:47,860 [DEBUG] Merged segment 188: SRT entries [249] -> 'He was a nuclear physicist from Livermore Labs....'
2025-11-02 19:40:47,860 [DEBUG] Merged segment 189: SRT entries [250] -> 'Wow....'
2025-11-02 19:40:47,860 [DEBUG] Merged segment 190: SRT entries [251, 252] -> 'Yeah. and,...'
2025-11-02 19:40:47,860 [DEBUG] Merged segment 191: SRT entries [253] -> 'That's some interesting people....'
2025-11-02 19:40:47,860 [DEBUG] Merged segment 192: SRT entries [254] -> 'Yeah....'
2025-11-02 19:40:47,860 [DEBUG] Merged segment 193: SRT entries [255, 256] -> 'He went through, he said, oh we had a class level ...'
2025-11-02 19:40:47,860 [DEBUG] Merged segment 194: SRT entries [257] -> 'Then Bigelow Aerospace started calling and I'm lik...'
2025-11-02 19:40:47,860 [DEBUG] Merged segment 195: SRT entries [258] -> 'How do you help?...'
2025-11-02 19:40:47,860 [DEBUG] Merged segment 196: SRT entries [259] -> 'I need help....'
2025-11-02 19:40:47,860 [DEBUG] Merged segment 197: SRT entries [260] -> 'So wait, Bigelow Aerospace called you?...'
2025-11-02 19:40:47,860 [DEBUG] Merged segment 198: SRT entries [261] -> 'Yeah, Bigelow Aerospace called me and they were li...'
2025-11-02 19:40:47,860 [DEBUG] Merged segment 199: SRT entries [262] -> 'And what?...'
2025-11-02 19:40:47,860 [DEBUG] Merged segment 200: SRT entries [263] -> 'And because they read your MUFON report?...'
2025-11-02 19:40:47,860 [DEBUG] Merged segment 201: SRT entries [264, 265, 266, 267] -> 'Yeah, exactly. Well MUFON, I guess the guy that I ...'
2025-11-02 19:40:47,860 [DEBUG] Merged segment 202: SRT entries [268, 269] -> 'Why did he transfer, Did he say?...'
2025-11-02 19:40:47,860 [DEBUG] Merged segment 203: SRT entries [270] -> 'I have no idea....'
2025-11-02 19:40:47,860 [DEBUG] Merged segment 204: SRT entries [271] -> 'I have no idea....'
2025-11-02 19:40:47,860 [DEBUG] Merged segment 205: SRT entries [272] -> 'But the Bigelow guy was real pushy, he was like, I...'
2025-11-02 19:40:47,860 [DEBUG] Merged segment 206: SRT entries [273] -> 'You know who I am. Brrr, brrr, brr....'
2025-11-02 19:40:47,860 [DEBUG] Merged segment 207: SRT entries [274] -> 'I was like, alright, I'm done....'
2025-11-02 19:40:47,860 [DEBUG] Merged segment 208: SRT entries [275] -> 'I'm done....'
2025-11-02 19:40:47,860 [DEBUG] Merged segment 209: SRT entries [276] -> 'So I need to find help....'
2025-11-02 19:40:47,860 [DEBUG] Merged segment 210: SRT entries [277] -> 'And that's when finally, after a couple other expe...'
2025-11-02 19:40:47,860 [DEBUG] Merged segment 211: SRT entries [278, 279] -> 'More pieces of the puzzle, sorry, I know a lot abo...'
2025-11-02 19:40:47,860 [DEBUG] Merged segment 212: SRT entries [280] -> 'Yeah....'
2025-11-02 19:40:47,860 [DEBUG] Merged segment 213: SRT entries [281] -> 'Yeah, now I do....'
2025-11-02 19:40:47,860 [DEBUG] Merged segment 214: SRT entries [282] -> 'It's really, yeah, it's just really nice for......'
2025-11-02 19:40:47,860 [DEBUG] Merged segment 215: SRT entries [283, 284] -> 'Yeah, I got in touch with other contactees and oth...'
2025-11-02 19:40:47,860 [DEBUG] Merged segment 216: SRT entries [285] -> 'So everyone that's in, yeah, most people in Barbar...'
2025-11-02 19:40:47,860 [DEBUG] Merged segment 217: SRT entries [286] -> 'We've really.. >>We just help each other....'
2025-11-02 19:40:47,860 [DEBUG] Merged segment 218: SRT entries [287] -> 'And that's another point to this....'
2025-11-02 19:40:47,860 [DEBUG] Merged segment 219: SRT entries [288] -> 'We're... >>Right....'
2025-11-02 19:40:47,860 [DEBUG] Merged segment 220: SRT entries [289, 290] -> 'We wanna just help other people that are experienc...'
2025-11-02 19:40:47,861 [DEBUG] Merged segment 221: SRT entries [291, 292] -> 'And so that way we have someone to talk to and to ...'
2025-11-02 19:40:47,861 [DEBUG] Merged segment 222: SRT entries [293] -> 'Our connections, we are family....'
2025-11-02 19:40:47,861 [DEBUG] Merged segment 223: SRT entries [294, 295] -> 'We are family and when, and I wouldn't do very wel...'
2025-11-02 19:40:47,861 [DEBUG] Merged segment 224: SRT entries [296] -> 'Sure....'
2025-11-02 19:40:47,861 [DEBUG] Merged segment 225: SRT entries [297] -> 'It's just different....'
2025-11-02 19:40:47,861 [DEBUG] Merged segment 226: SRT entries [298] -> 'Yeah....'
2025-11-02 19:40:47,861 [DEBUG] Merged segment 227: SRT entries [299] -> 'It's not trying to look special or anything like t...'
2025-11-02 19:40:47,861 [DEBUG] Merged segment 228: SRT entries [300, 301] -> 'It's not about any of that because we're not, but ...'
2025-11-02 19:40:47,861 [DEBUG] Merged segment 229: SRT entries [302, 303, 304, 305] -> 'But we're here and it's really fun to share what w...'
2025-11-02 19:40:47,861 [DEBUG] Merged segment 230: SRT entries [306] -> 'And have come to meet these, some other hybrids co...'
2025-11-02 19:40:47,861 [DEBUG] Merged segment 231: SRT entries [307, 308] -> 'And then Barbara and Miguel have totally... respec...'
2025-11-02 19:40:47,861 [DEBUG] Merged segment 232: SRT entries [309] -> 'Yeah, great time....'
2025-11-02 19:40:47,861 [DEBUG] Merged segment 233: SRT entries [310] -> 'And that has been a huge gift for all of us....'
2025-11-02 19:40:47,861 [DEBUG] Merged segment 234: SRT entries [311] -> 'Yeah....'
2025-11-02 19:40:47,861 [DEBUG] Merged segment 235: SRT entries [312] -> 'They're amazing....'
2025-11-02 19:40:47,861 [DEBUG] Merged segment 236: SRT entries [313, 314, 315] -> 'I'd love to know a little bit more on how the idea...'
2025-11-02 19:40:47,861 [DEBUG] Merged segment 237: SRT entries [316, 317] -> 'Who contacted you and how did that work?...'
2025-11-02 19:40:47,861 [DEBUG] Merged segment 238: SRT entries [318] -> 'Miguel Mendonca from England....'
2025-11-02 19:40:47,861 [DEBUG] Merged segment 239: SRT entries [319] -> 'Had been contacting Barbara....'
2025-11-02 19:40:47,861 [DEBUG] Merged segment 240: SRT entries [320] -> 'So Barbara invited a number of us to be involved t...'
2025-11-02 19:40:47,861 [DEBUG] Merged segment 241: SRT entries [321] -> 'We spent many, many, many hours together on Skype ...'
2025-11-02 19:40:47,861 [DEBUG] Merged segment 242: SRT entries [322] -> 'How did you know, I guess Barbara put you guys tog...'
2025-11-02 19:40:47,861 [DEBUG] Merged segment 243: SRT entries [323] -> 'How did you know about Barbara's work?...'
2025-11-02 19:40:47,861 [DEBUG] Merged segment 244: SRT entries [324, 325] -> 'Or had you had done regression sessions with her?...'
2025-11-02 19:40:47,861 [DEBUG] Merged segment 245: SRT entries [326] -> 'I had met Barbara, actually....'
2025-11-02 19:40:47,861 [DEBUG] Merged segment 246: SRT entries [327, 328] -> 'I had known Barbara off and on here, meeting her a...'
2025-11-02 19:40:47,861 [DEBUG] Merged segment 247: SRT entries [329] -> 'Okay....'
2025-11-02 19:40:47,861 [DEBUG] Merged segment 248: SRT entries [330, 331, 332] -> 'And then she and I met at a separate meeting where...'
2025-11-02 19:40:47,861 [DEBUG] Merged segment 249: SRT entries [333] -> 'And and then she invited me....'
2025-11-02 19:40:47,861 [DEBUG] Merged segment 250: SRT entries [334] -> 'She said, Jacqueline I'd love to have you to be a ...'
2025-11-02 19:40:47,861 [DEBUG] Merged segment 251: SRT entries [335, 336] -> 'And I said, oh, I would love, be so honored to be ...'
2025-11-02 19:40:47,861 [DEBUG] Merged segment 252: SRT entries [337] -> 'Yeah....'
2025-11-02 19:40:47,861 [DEBUG] Merged segment 253: SRT entries [338] -> 'And it's been an incredible journey and we've all ...'
2025-11-02 19:40:47,861 [DEBUG] Merged segment 254: SRT entries [339] -> 'Yeah....'
2025-11-02 19:40:47,861 [DEBUG] Merged segment 255: SRT entries [340] -> 'Very close....'
2025-11-02 19:40:47,861 [DEBUG] Merged segment 256: SRT entries [341] -> 'Yeah....'
2025-11-02 19:40:47,861 [DEBUG] Merged segment 257: SRT entries [342] -> 'This is a door that's been needed to be open for a...'
2025-11-02 19:40:47,861 [DEBUG] Merged segment 258: SRT entries [343, 344] -> 'And the gift is that it's open now, and that Barba...'
2025-11-02 19:40:47,861 [DEBUG] Merged segment 259: SRT entries [345] -> 'It, it means more than I can even say....'
2025-11-02 19:40:47,861 [DEBUG] Merged segment 260: SRT entries [346] -> 'Yeah....'
2025-11-02 19:40:47,861 [DEBUG] Merged segment 261: SRT entries [347] -> 'Yeah....'
2025-11-02 19:40:47,861 [DEBUG] Merged segment 262: SRT entries [348] -> 'Yeah....'
2025-11-02 19:40:47,861 [DEBUG] Merged segment 263: SRT entries [349] -> 'Perfect....'
2025-11-02 19:40:47,861 [DEBUG] Merged segment 264: SRT entries [350, 351, 352, 353, 354] -> 'Have you come across, a lot of times in this world...'
2025-11-02 19:40:47,861 [DEBUG] Merged segment 265: SRT entries [355] -> 'Yes....'
2025-11-02 19:40:47,861 [DEBUG] Merged segment 266: SRT entries [356, 357] -> 'There's the full spectrum of beings of what humans...'
2025-11-02 19:40:47,861 [DEBUG] Merged segment 267: SRT entries [358] -> 'When I talk to the star beings, they present it in...'
2025-11-02 19:40:47,861 [DEBUG] Merged segment 268: SRT entries [359] -> 'They say this just is....'
2025-11-02 19:40:47,861 [DEBUG] Merged segment 269: SRT entries [360] -> 'We do not have the perspective of negative or posi...'
2025-11-02 19:40:47,861 [DEBUG] Merged segment 270: SRT entries [361, 362] -> 'So, but for us here, in terms of what we would lab...'
2025-11-02 19:40:47,861 [DEBUG] Merged segment 271: SRT entries [363] -> 'That's just a part of it....'
2025-11-02 19:40:47,861 [DEBUG] Merged segment 272: SRT entries [364] -> 'Yes....'
2025-11-02 19:40:47,861 [DEBUG] Merged segment 273: SRT entries [365] -> 'I've had actually many encounters with those kinds...'
2025-11-02 19:40:47,861 [DEBUG] Merged segment 274: SRT entries [366] -> 'Yes....'
2025-11-02 19:40:47,861 [DEBUG] Merged segment 275: SRT entries [367] -> 'There are star beings or ETs who have the darker e...'
2025-11-02 19:40:47,861 [DEBUG] Merged segment 276: SRT entries [368, 369] -> 'And I have had some encounters with them and it to...'
2025-11-02 19:40:47,861 [DEBUG] Merged segment 277: SRT entries [370, 371] -> 'And once I understood it, it became easy.  For me ...'
2025-11-02 19:40:47,861 [DEBUG] Merged segment 278: SRT entries [372, 373, 374] -> 'And when I send them love and light and I say to t...'
2025-11-02 19:40:47,861 [DEBUG] Merged segment 279: SRT entries [375] -> 'If you need to do that, but I am not going to choo...'
2025-11-02 19:40:47,861 [DEBUG] Merged segment 280: SRT entries [376, 377, 378, 379, 380, 381] -> 'I have worked with a number of people where I will...'
2025-11-02 19:40:47,861 [DEBUG] Merged segment 281: SRT entries [382, 383, 384, 385, 386] -> 'So there... so there are those beings, ET beings w...'
2025-11-02 19:40:47,861 [DEBUG] Merged segment 282: SRT entries [387] -> 'If we shine the love and light, they're not intere...'
2025-11-02 19:40:47,862 [DEBUG] Merged segment 283: SRT entries [388] -> 'They're not resonating with that....'
2025-11-02 19:40:47,862 [DEBUG] Merged segment 284: SRT entries [389] -> 'So they will go elsewhere....'
2025-11-02 19:40:47,862 [DEBUG] Merged segment 285: SRT entries [390, 391] -> 'And I do like to, when I'm working with other peop...'
2025-11-02 19:40:47,862 [DEBUG] Merged segment 286: SRT entries [392, 393] -> 'And my other star families who are very high love ...'
2025-11-02 19:40:47,862 [DEBUG] Merged segment 287: SRT entries [394] -> 'If that's appropriate, to take them where they nee...'
2025-11-02 19:40:47,862 [DEBUG] Merged segment 288: SRT entries [395] -> 'And I always say I release all of you with love an...'
2025-11-02 19:40:47,862 [DEBUG] Merged segment 289: SRT entries [396] -> 'I honor respect, honor respect your role....'
2025-11-02 19:40:47,862 [DEBUG] Merged segment 290: SRT entries [397] -> 'And I release you with love and light....'
2025-11-02 19:40:47,862 [DEBUG] Merged segment 291: SRT entries [398, 399, 400] -> 'I don't go in... >>And you say if that's appropria...'
2025-11-02 19:40:47,862 [DEBUG] Merged segment 292: SRT entries [401] -> 'Is that.. >>Correct...'
2025-11-02 19:40:47,862 [DEBUG] Merged segment 293: SRT entries [402] -> 'Is that fear and.. >>I leave that up to Archangel ...'
2025-11-02 19:40:47,862 [DEBUG] Merged segment 294: SRT entries [403, 404] -> 'And the other angels who are working with escortin...'
2025-11-02 19:40:47,862 [DEBUG] Merged segment 295: SRT entries [405, 406] -> 'And those angels, but, and once you learn that it'...'
2025-11-02 19:40:47,862 [DEBUG] Merged segment 296: SRT entries [407, 408, 409, 410] -> 'And my Qua Bar, my star being family, that's what ...'
2025-11-02 19:40:47,862 [DEBUG] Merged segment 297: SRT entries [411, 412, 413] -> 'So you're not necessarily putting up a wall or a s...'
2025-11-02 19:40:47,862 [DEBUG] Merged segment 298: SRT entries [414] -> 'It does put out love and light, and for me it does...'
2025-11-02 19:40:47,862 [DEBUG] Merged segment 299: SRT entries [415] -> 'And I do put love and light around me as a shield,...'
2025-11-02 19:40:47,862 [DEBUG] Merged segment 300: SRT entries [416] -> 'I mean everything....'
2025-11-02 19:40:47,862 [DEBUG] Merged segment 301: SRT entries [417] -> 'Yeah....'
2025-11-02 19:40:47,862 [DEBUG] Merged segment 302: SRT entries [418, 419] -> 'That's just for me that I like to love is, love an...'
2025-11-02 19:40:47,862 [DEBUG] Merged segment 303: SRT entries [420, 421, 422] -> 'But anything else is filtered because of I'm doing...'
2025-11-02 19:40:47,862 [DEBUG] Merged segment 304: SRT entries [423, 424] -> 'I guess when you say love and light shield, I gues...'
2025-11-02 19:40:47,862 [DEBUG] Merged segment 305: SRT entries [425, 426] -> 'actually attracts, but then if you're putting up a...'
2025-11-02 19:40:47,862 [DEBUG] Merged segment 306: SRT entries [427, 428] -> 'Usually when we put up the walls, it's a hate or a...'
2025-11-02 19:40:47,862 [DEBUG] Merged segment 307: SRT entries [429] -> 'It's out of fear....'
2025-11-02 19:40:47,862 [DEBUG] Merged segment 308: SRT entries [430] -> 'And then that wall is created of fear and then it ...'
2025-11-02 19:40:47,862 [DEBUG] Merged segment 309: SRT entries [431] -> 'Correct....'
2025-11-02 19:40:47,862 [DEBUG] Merged segment 310: SRT entries [432] -> 'And I don't create, it's not a wall....'
2025-11-02 19:40:47,862 [DEBUG] Merged segment 311: SRT entries [433] -> 'Maybe I shouldn't even call it a shield....'
2025-11-02 19:40:47,862 [DEBUG] Merged segment 312: SRT entries [434] -> 'I perceive it in that way....'
2025-11-02 19:40:47,862 [DEBUG] Merged segment 313: SRT entries [435] -> 'But it's just, I have certain boundaries....'
2025-11-02 19:40:47,862 [DEBUG] Merged segment 314: SRT entries [436, 437] -> 'I keep my psychic, I wanna keep my psychic boundar...'
2025-11-02 19:40:47,862 [DEBUG] Merged segment 315: SRT entries [438, 439] -> 'And that's how I learned too, cuz I didn't have an...'
2025-11-02 19:40:47,862 [DEBUG] Merged segment 316: SRT entries [440] -> 'And I learned some of it the hard way....'
2025-11-02 19:40:47,862 [DEBUG] Merged segment 317: SRT entries [441] -> 'Definitely hard....'
2025-11-02 19:40:47,862 [DEBUG] Merged segment 318: SRT entries [442] -> 'Yeah. >>Yeah, I did too....'
2025-11-02 19:40:47,862 [DEBUG] Merged segment 319: SRT entries [443] -> 'Yeah....'
2025-11-02 19:40:47,862 [DEBUG] Merged segment 320: SRT entries [444] -> 'I feel like, enough of this!...'
2025-11-02 19:40:47,862 [DEBUG] Merged segment 321: SRT entries [445, 446] -> 'For me, on the negative spectrum of things, I went...'
2025-11-02 19:40:47,862 [DEBUG] Merged segment 322: SRT entries [447] -> 'I felt like I had to physically combat these negat...'
2025-11-02 19:40:47,862 [DEBUG] Merged segment 323: SRT entries [448, 449] -> 'And I'll tell you in these physical forms, having ...'
2025-11-02 19:40:47,862 [DEBUG] Merged segment 324: SRT entries [450] -> 'It doesn't turn out good....'
2025-11-02 19:40:47,862 [DEBUG] Merged segment 325: SRT entries [451] -> 'Yeah.  I can imagine....'
2025-11-02 19:40:47,862 [DEBUG] Merged segment 326: SRT entries [452] -> 'Ever....'
2025-11-02 19:40:47,862 [DEBUG] Merged segment 327: SRT entries [453] -> 'You know and I just I was just always just, oh, I ...'
2025-11-02 19:40:47,862 [DEBUG] Merged segment 328: SRT entries [454] -> 'I need to fight....'
2025-11-02 19:40:47,862 [DEBUG] Merged segment 329: SRT entries [455, 456] -> 'I need to fight because these things are... and I ...'
2025-11-02 19:40:47,862 [DEBUG] Merged segment 330: SRT entries [457] -> 'And the more and more I just kept getting beat and...'
2025-11-02 19:40:47,862 [DEBUG] Merged segment 331: SRT entries [458] -> 'And I think that's the part where the sickness cam...'
2025-11-02 19:40:47,862 [DEBUG] Merged segment 332: SRT entries [459] -> 'OK, the physical sickness?...'
2025-11-02 19:40:47,862 [DEBUG] Merged segment 333: SRT entries [460] -> 'Yeah, the physical sickness....'
2025-11-02 19:40:47,862 [DEBUG] Merged segment 334: SRT entries [461] -> 'Cuz I was just Warrior Mode....'
2025-11-02 19:40:47,862 [DEBUG] Merged segment 335: SRT entries [462] -> 'I gotta be the most powerful light warrior I can....'
2025-11-02 19:40:47,862 [DEBUG] Merged segment 336: SRT entries [463] -> 'I need to save the world....'
2025-11-02 19:40:47,862 [DEBUG] Merged segment 337: SRT entries [464] -> 'Which is... the contradiction in that title....'
2025-11-02 19:40:47,862 [DEBUG] Merged segment 338: SRT entries [465] -> 'Yeah. It's great....'
2025-11-02 19:40:47,862 [DEBUG] Merged segment 339: SRT entries [466] -> 'I'm The Light Warrior!...'
2025-11-02 19:40:47,862 [DEBUG] Merged segment 340: SRT entries [467] -> 'Yeah....'
2025-11-02 19:40:47,862 [DEBUG] Merged segment 341: SRT entries [468] -> 'I love that....'
2025-11-02 19:40:47,862 [DEBUG] Merged segment 342: SRT entries [469] -> 'Yeah....'
2025-11-02 19:40:47,862 [DEBUG] Merged segment 343: SRT entries [470] -> 'And then when I finally discovered that, when I fi...'
2025-11-02 19:40:47,862 [DEBUG] Merged segment 344: SRT entries [471] -> 'I'm not gonna fight you anymore....'
2025-11-02 19:40:47,862 [DEBUG] Merged segment 345: SRT entries [472] -> 'I don't want to fight anymore....'
2025-11-02 19:40:47,862 [DEBUG] Merged segment 346: SRT entries [473] -> 'I'm tired of fighting....'
2025-11-02 19:40:47,862 [DEBUG] Merged segment 347: SRT entries [474] -> 'You know, I gotta....'
2025-11-02 19:40:47,862 [DEBUG] Merged segment 348: SRT entries [475, 476] -> 'I gotta leave what's back there in the past, it's ...'
2025-11-02 19:40:47,863 [DEBUG] Merged segment 349: SRT entries [477, 478, 479, 480] -> 'I had to learn to forgive myself and I noticed and...'
2025-11-02 19:40:47,863 [DEBUG] Merged segment 350: SRT entries [481] -> 'They stopped coming around cause I stopped giving ...'
2025-11-02 19:40:47,863 [DEBUG] Merged segment 351: SRT entries [482] -> 'I stopped feeding into them....'
2025-11-02 19:40:47,863 [DEBUG] Merged segment 352: SRT entries [483, 484] -> 'Cause that's what really what it is we, they we fe...'
2025-11-02 19:40:47,863 [DEBUG] Merged segment 353: SRT entries [485, 486] -> 'Right. >>Too, where, they're giving me what I want...'
2025-11-02 19:40:47,863 [DEBUG] Merged segment 354: SRT entries [487, 488] -> 'Because I'm, I want to fight them so they'll be mo...'
2025-11-02 19:40:47,863 [DEBUG] Merged segment 355: SRT entries [489] -> 'Come and fight....'
2025-11-02 19:40:47,863 [DEBUG] Merged segment 356: SRT entries [490] -> 'Yeah....'
2025-11-02 19:40:47,863 [DEBUG] Merged segment 357: SRT entries [491] -> 'So I'm giving them what they want....'
2025-11-02 19:40:47,863 [DEBUG] Merged segment 358: SRT entries [492] -> 'They're giving me what I want....'
2025-11-02 19:40:47,863 [DEBUG] Merged segment 359: SRT entries [493] -> 'Right....'
2025-11-02 19:40:47,863 [DEBUG] Merged segment 360: SRT entries [494] -> 'And I see that that's in a way, what, how the nega...'
2025-11-02 19:40:47,863 [DEBUG] Merged segment 361: SRT entries [495, 496] -> 'Is we ended up as a human species, we developed th...'
2025-11-02 19:40:47,863 [DEBUG] Merged segment 362: SRT entries [497, 498] -> 'And in all reality I feel that we, we brought 'em ...'
2025-11-02 19:40:47,863 [DEBUG] Merged segment 363: SRT entries [499] -> 'Yeah. >>over countless of eons....'
2025-11-02 19:40:47,863 [DEBUG] Merged segment 364: SRT entries [500] -> 'And so they're gladly come in and say, okay, you g...'
2025-11-02 19:40:47,863 [DEBUG] Merged segment 365: SRT entries [501] -> 'We'll give you war....'
2025-11-02 19:40:47,863 [DEBUG] Merged segment 366: SRT entries [502] -> 'You guys like, torturing each other....'
2025-11-02 19:40:47,863 [DEBUG] Merged segment 367: SRT entries [503] -> 'We will come and we'll give you that....'
2025-11-02 19:40:47,863 [DEBUG] Merged segment 368: SRT entries [504] -> 'We'll give you what you want....'
2025-11-02 19:40:47,863 [DEBUG] Merged segment 369: SRT entries [505] -> 'Well this is, I guess, these higher beings underst...'
2025-11-02 19:40:47,863 [DEBUG] Merged segment 370: SRT entries [506] -> 'So that's, they're this higher vibration....'
2025-11-02 19:40:47,863 [DEBUG] Merged segment 371: SRT entries [507, 508] -> 'But let's go to, I guess in your cases with the ma...'
2025-11-02 19:40:47,863 [DEBUG] Merged segment 372: SRT entries [509] -> 'Cuz this is - more people have had experience in t...'
2025-11-02 19:40:47,863 [DEBUG] Merged segment 373: SRT entries [510, 511, 512] -> 'They, even though they may be benevolent in their ...'
2025-11-02 19:40:47,863 [DEBUG] Merged segment 374: SRT entries [513, 514] -> 'Because the people who have these experiences and ...'
2025-11-02 19:40:47,863 [DEBUG] Merged segment 375: SRT entries [515] -> 'I'm, you've had these experiences and now you're g...'
2025-11-02 19:40:47,863 [DEBUG] Merged segment 376: SRT entries [516] -> 'And is that creating a negative... >>Sure....'
2025-11-02 19:40:47,863 [DEBUG] Merged segment 377: SRT entries [517, 518] -> 'reality here on Earth and aren't they aware of tha...'
2025-11-02 19:40:47,863 [DEBUG] Merged segment 378: SRT entries [519] -> 'And then it, all of that energy is in the collecti...'
2025-11-02 19:40:47,863 [DEBUG] Merged segment 379: SRT entries [520, 521] -> 'So that's what we're trying to help shift now, is ...'
2025-11-02 19:40:47,863 [DEBUG] Merged segment 380: SRT entries [522] -> 'And fear, again, wherever there is fear, it opens ...'
2025-11-02 19:40:47,863 [DEBUG] Merged segment 381: SRT entries [523] -> 'Right >>the, these other energies....'
2025-11-02 19:40:47,863 [DEBUG] Merged segment 382: SRT entries [524] -> 'Yeah. >>That and so it's, it is unfortunate....'
2025-11-02 19:40:47,863 [DEBUG] Merged segment 383: SRT entries [525, 526, 527] -> 'And then and people do often see that the grays an...'
2025-11-02 19:40:47,863 [DEBUG] Merged segment 384: SRT entries [528] -> 'It's about the perspective....'
2025-11-02 19:40:47,863 [DEBUG] Merged segment 385: SRT entries [529] -> 'It really is....'
2025-11-02 19:40:47,863 [DEBUG] Merged segment 386: SRT entries [530, 531] -> 'So what do these ETs, these higher ETs that are do...'
2025-11-02 19:40:47,863 [DEBUG] Merged segment 387: SRT entries [532, 533, 534] -> 'How do they, I don't wanna use the word combat, or...'
2025-11-02 19:40:47,863 [DEBUG] Merged segment 388: SRT entries [535, 536] -> 'Is there, do they just okay, that's that person's ...'
2025-11-02 19:40:47,863 [DEBUG] Merged segment 389: SRT entries [537] -> 'Or, but because that's very contradictory to what ...'
2025-11-02 19:40:47,863 [DEBUG] Merged segment 390: SRT entries [538] -> 'Yeah....'
2025-11-02 19:40:47,863 [DEBUG] Merged segment 391: SRT entries [539] -> 'Or is it?...'
2025-11-02 19:40:47,863 [DEBUG] Merged segment 392: SRT entries [540] -> 'It's a whole soul thing....'
2025-11-02 19:40:47,863 [DEBUG] Merged segment 393: SRT entries [541] -> 'We're living many lives at once....'
2025-11-02 19:40:47,863 [DEBUG] Merged segment 394: SRT entries [542] -> 'Right >>Simultaneously....'
2025-11-02 19:40:47,863 [DEBUG] Merged segment 395: SRT entries [543] -> 'So what might be going on in another aspect of the...'
2025-11-02 19:40:47,863 [DEBUG] Merged segment 396: SRT entries [544] -> 'Yeah....'
2025-11-02 19:40:47,863 [DEBUG] Merged segment 397: SRT entries [545, 546] -> 'the human part that's here on Earth in the moment....'
2025-11-02 19:40:47,863 [DEBUG] Merged segment 398: SRT entries [547] -> 'Yeah....'
2025-11-02 19:40:47,863 [DEBUG] Merged segment 399: SRT entries [548] -> 'from another aspect from the soul, it's so... >>Ye...'
2025-11-02 19:40:47,863 [DEBUG] Merged segment 400: SRT entries [549] -> 'Complex, but... >>Yeah....'
2025-11-02 19:40:47,863 [DEBUG] Merged segment 401: SRT entries [550] -> 'It's, but I hear what you're asking....'
2025-11-02 19:40:47,863 [DEBUG] Merged segment 402: SRT entries [551, 552] -> 'And the higher we call them, the higher beings of ...'
2025-11-02 19:40:47,863 [DEBUG] Merged segment 403: SRT entries [553] -> 'They're they just allow the scenario to play out i...'
2025-11-02 19:40:47,863 [DEBUG] Merged segment 404: SRT entries [554] -> 'Now if someone calls on the higher beings to come ...'
2025-11-02 19:40:47,863 [DEBUG] Merged segment 405: SRT entries [555] -> 'Yeah....'
2025-11-02 19:40:47,863 [DEBUG] Merged segment 406: SRT entries [556] -> 'And.. >>Yeah....'
2025-11-02 19:40:47,863 [DEBUG] Merged segment 407: SRT entries [557] -> 'and help but it's......'
2025-11-02 19:40:47,863 [DEBUG] Merged segment 408: SRT entries [558] -> 'Yeah....'
2025-11-02 19:40:47,863 [DEBUG] Merged segment 409: SRT entries [559] -> 'The interferencing is, ya know......'
2025-11-02 19:40:47,863 [DEBUG] Merged segment 410: SRT entries [560, 561, 562] -> 'Yeah, well like in in my case, in my experience, w...'
2025-11-02 19:40:47,863 [DEBUG] Merged segment 411: SRT entries [563, 564] -> 'Sorry, this is not the getting the toothpick out o...'
2025-11-02 19:40:47,863 [DEBUG] Merged segment 412: SRT entries [565] -> 'Yeah, that's when I grabbed that being....'
2025-11-02 19:40:47,863 [DEBUG] Merged segment 413: SRT entries [566, 567] -> 'But this is the whole, when I, my warrior time, I ...'
2025-11-02 19:40:47,863 [DEBUG] Merged segment 414: SRT entries [568] -> 'It's scary as shit, but, oh, yeah....'
2025-11-02 19:40:47,863 [DEBUG] Merged segment 415: SRT entries [569] -> 'Yeah....'
2025-11-02 19:40:47,864 [DEBUG] Merged segment 416: SRT entries [570] -> 'Looking back, the Mantis being has the ability to ...'
2025-11-02 19:40:47,864 [DEBUG] Merged segment 417: SRT entries [571] -> 'Yeah. Like the Jedi, just.....'
2025-11-02 19:40:47,864 [DEBUG] Merged segment 418: SRT entries [572] -> 'Yeah, exactly....'
2025-11-02 19:40:47,864 [DEBUG] Merged segment 419: SRT entries [573, 574] -> 'But they're, it's more for them, they're like you ...'
2025-11-02 19:40:47,864 [DEBUG] Merged segment 420: SRT entries [575] -> 'And it's not until you, you say, okay, please help...'
2025-11-02 19:40:47,864 [DEBUG] Merged segment 421: SRT entries [576] -> 'Then they come in and they do their Jedi stuff....'
2025-11-02 19:40:47,864 [DEBUG] Merged segment 422: SRT entries [577] -> 'Yeah. Then they go, okay....'
2025-11-02 19:40:47,864 [DEBUG] Merged segment 423: SRT entries [578] -> 'Yeah. >>Alright....'
2025-11-02 19:40:47,864 [DEBUG] Merged segment 424: SRT entries [579] -> 'And it's about us learning to be in our power here...'
2025-11-02 19:40:47,864 [DEBUG] Merged segment 425: SRT entries [580] -> 'So how do we learn, ya know....'
2025-11-02 19:40:47,864 [DEBUG] Merged segment 426: SRT entries [581] -> 'Yeah. >>We have different experiences....'
2025-11-02 19:40:47,864 [DEBUG] Merged segment 427: SRT entries [582] -> 'Yeah....'
2025-11-02 19:40:47,864 [DEBUG] Merged segment 428: SRT entries [583, 584, 585, 586] -> 'And I, yeah, because that's how I learned really s...'
2025-11-02 19:40:47,864 [DEBUG] Merged segment 429: SRT entries [587] -> 'But......'
2025-11-02 19:40:47,864 [DEBUG] Merged segment 430: SRT entries [588] -> 'Opportunities to learn. >>Opportunities....'
2025-11-02 19:40:47,864 [DEBUG] Merged segment 431: SRT entries [589] -> 'Opportunities to learn....'
2025-11-02 19:40:47,864 [DEBUG] Merged segment 432: SRT entries [590] -> 'If we all can take that perspective in the moment....'
2025-11-02 19:40:47,864 [DEBUG] Merged segment 433: SRT entries [591] -> 'That would......'
2025-11-02 19:40:47,864 [DEBUG] Merged segment 434: SRT entries [592] -> 'In the moment.. >>It's near impossible....'
2025-11-02 19:40:47,864 [DEBUG] Merged segment 435: SRT entries [593] -> 'Yeah....'
2025-11-02 19:40:47,864 [DEBUG] Merged segment 436: SRT entries [594, 595] -> 'Because it can be very very scary and that's what ...'
2025-11-02 19:40:47,864 [DEBUG] Merged segment 437: SRT entries [596] -> 'I've seen objects float across rooms....'
2025-11-02 19:40:47,864 [DEBUG] Merged segment 438: SRT entries [597] -> 'Yeah....'
2025-11-02 19:40:47,864 [DEBUG] Merged segment 439: SRT entries [598, 599] -> 'I've seen all kinds of things from..., and then I ...'
2025-11-02 19:40:47,864 [DEBUG] Merged segment 440: SRT entries [600] -> 'Cause I thought, I don't wanna be doing this any m...'
2025-11-02 19:40:47,864 [DEBUG] Merged segment 441: SRT entries [601] -> 'Yeah....'
2025-11-02 19:40:47,864 [DEBUG] Merged segment 442: SRT entries [602, 603] -> 'Well speaking of fear and the mantis being, so my ...'
2025-11-02 19:40:47,864 [DEBUG] Merged segment 443: SRT entries [604, 605] -> 'I had a meditation on a mountain and I was given t...'
2025-11-02 19:40:47,864 [DEBUG] Merged segment 444: SRT entries [606] -> 'Oh, and then I said, hello....'
2025-11-02 19:40:47,864 [DEBUG] Merged segment 445: SRT entries [607] -> 'And there wasn't, I didn't have any fear....'
2025-11-02 19:40:47,864 [DEBUG] Merged segment 446: SRT entries [608] -> 'I was like, oh, interesting....'
2025-11-02 19:40:47,864 [DEBUG] Merged segment 447: SRT entries [609] -> 'This is.. >>That's great....'
2025-11-02 19:40:47,864 [DEBUG] Merged segment 448: SRT entries [610] -> 'What is this here?...'
2025-11-02 19:40:47,864 [DEBUG] Merged segment 449: SRT entries [611, 612, 613] -> 'And then I'm connecting the dots and thinking that...'
2025-11-02 19:40:47,864 [DEBUG] Merged segment 450: SRT entries [614, 615, 616] -> 'I was like, oh that - this is interesting, who are...'
2025-11-02 19:40:47,864 [DEBUG] Merged segment 451: SRT entries [617] -> 'So I just acknowledged that....'
2025-11-02 19:40:47,864 [DEBUG] Merged segment 452: SRT entries [618] -> 'And then, a couple months later on the eclipse, I ...'
2025-11-02 19:40:47,864 [DEBUG] Merged segment 453: SRT entries [619, 620, 621] -> 'And then part of what I've been doing, my invest, ...'
2025-11-02 19:40:47,864 [DEBUG] Merged segment 454: SRT entries [622, 623] -> 'If someone's fearful of them, they'll all step bac...'
2025-11-02 19:40:47,864 [DEBUG] Merged segment 455: SRT entries [624] -> 'Yeah....'
2025-11-02 19:40:47,864 [DEBUG] Merged segment 456: SRT entries [625] -> 'But they know that I love them and I love seeing t...'
2025-11-02 19:40:47,864 [DEBUG] Merged segment 457: SRT entries [626] -> 'But yes, they'll, they're very respectful....'
2025-11-02 19:40:47,864 [DEBUG] Merged segment 458: SRT entries [627] -> 'They know how each person will handle it and what ...'
2025-11-02 19:40:47,864 [DEBUG] Merged segment 459: SRT entries [628, 629] -> 'So they already kind of,  they don't want, if peop...'
2025-11-02 19:40:47,864 [DEBUG] Merged segment 460: SRT entries [630] -> 'They don't, so then they......'
2025-11-02 19:40:47,864 [DEBUG] Merged segment 461: SRT entries [631] -> 'No, they're gone....'
2025-11-02 19:40:47,864 [DEBUG] Merged segment 462: SRT entries [632, 633, 634] -> 'And then, but they also know, maybe they know that...'
2025-11-02 19:40:47,864 [DEBUG] Merged segment 463: SRT entries [635] -> 'So they keep in the back a little bit?...'
2025-11-02 19:40:47,864 [DEBUG] Merged segment 464: SRT entries [636] -> 'Yeah....'
2025-11-02 19:40:47,864 [DEBUG] Merged segment 465: SRT entries [637] -> 'Yes, definitely....'
2025-11-02 19:40:47,864 [DEBUG] Merged segment 466: SRT entries [638, 639, 640] -> 'Oh yeah, I've had, if you imagine, where a seven f...'
2025-11-02 19:40:47,864 [DEBUG] Merged segment 467: SRT entries [641] -> 'Yeah....'
2025-11-02 19:40:47,864 [DEBUG] Merged segment 468: SRT entries [642, 643] -> 'If you can imagine a normal person that you know.....'
2025-11-02 19:40:47,864 [DEBUG] Merged segment 469: SRT entries [644] -> 'Someone who's not exposed to this.....'
2025-11-02 19:40:47,864 [DEBUG] Merged segment 470: SRT entries [645] -> 'Someone who's not exposed....'
2025-11-02 19:40:47,864 [DEBUG] Merged segment 471: SRT entries [646] -> 'And next thing you know, you got an eight foot tal...'
2025-11-02 19:40:47,864 [DEBUG] Merged segment 472: SRT entries [647] -> 'It's horrifying....'
2025-11-02 19:40:47,864 [DEBUG] Merged segment 473: SRT entries [648, 649, 650] -> 'It's the same thing as imagine if you're scared of...'
2025-11-02 19:40:47,864 [DEBUG] Merged segment 474: SRT entries [651] -> 'Yeah, exactly....'
2025-11-02 19:40:47,864 [DEBUG] Merged segment 475: SRT entries [652] -> 'Yeah....'
2025-11-02 19:40:47,864 [DEBUG] Merged segment 476: SRT entries [653] -> 'You're gonna freak out....'
2025-11-02 19:40:47,864 [DEBUG] Merged segment 477: SRT entries [654] -> 'Yeah....'
2025-11-02 19:40:47,864 [DEBUG] Merged segment 478: SRT entries [655, 656] -> 'And they, I was so happy when they, and they initi...'
2025-11-02 19:40:47,864 [DEBUG] Merged segment 479: SRT entries [657, 658] -> 'And they always come in my bedroom, I'm always, wh...'
2025-11-02 19:40:47,864 [DEBUG] Merged segment 480: SRT entries [659, 660] -> 'And there were eight of them around my bed with my...'
2025-11-02 19:40:47,864 [DEBUG] Merged segment 481: SRT entries [661] -> 'And I went....'
2025-11-02 19:40:47,865 [DEBUG] Merged segment 482: SRT entries [662] -> 'Yeah....'
2025-11-02 19:40:47,865 [DEBUG] Merged segment 483: SRT entries [663] -> 'Wow....'
2025-11-02 19:40:47,865 [DEBUG] Merged segment 484: SRT entries [664] -> 'You guys are the mantis....'
2025-11-02 19:40:47,865 [DEBUG] Merged segment 485: SRT entries [665] -> 'And I was like, so excited....'
2025-11-02 19:40:47,865 [DEBUG] Merged segment 486: SRT entries [666] -> 'Yeah....'
2025-11-02 19:40:47,865 [DEBUG] Merged segment 487: SRT entries [667, 668] -> 'And I said, welcome! Ya know it didn't, I was just...'
2025-11-02 19:40:47,865 [DEBUG] Merged segment 488: SRT entries [669] -> 'You just reminded me of something....'
2025-11-02 19:40:47,865 [DEBUG] Merged segment 489: SRT entries [670, 671] -> 'You know an important thing to know for everyone t...'
2025-11-02 19:40:47,865 [DEBUG] Merged segment 490: SRT entries [672] -> 'Okay....'
2025-11-02 19:40:47,865 [DEBUG] Merged segment 491: SRT entries [673, 674] -> 'Cause I, I come across this a lot, how to tell the...'
2025-11-02 19:40:47,865 [DEBUG] Merged segment 492: SRT entries [675] -> 'My, cuz I've had encounters with both, physical 3D...'
2025-11-02 19:40:47,865 [DEBUG] Merged segment 493: SRT entries [676, 677] -> 'I don't have, I don't have the ability, like some ...'
2025-11-02 19:40:47,865 [DEBUG] Merged segment 494: SRT entries [678] -> 'I don't see the ghost....'
2025-11-02 19:40:47,865 [DEBUG] Merged segment 495: SRT entries [679] -> 'I see full....'
2025-11-02 19:40:47,865 [DEBUG] Merged segment 496: SRT entries [680] -> 'It has to be a full 3D manifestation in order for ...'
2025-11-02 19:40:47,865 [DEBUG] Merged segment 497: SRT entries [681] -> 'I'm just like a everybody else....'
2025-11-02 19:40:47,865 [DEBUG] Merged segment 498: SRT entries [682, 683] -> 'I've had now the mantis beings, I've had them phys...'
2025-11-02 19:40:47,865 [DEBUG] Merged segment 499: SRT entries [684, 685] -> 'And that childhood friend, you grew up with that f...'
2025-11-02 19:40:47,865 [DEBUG] Merged segment 500: SRT entries [686] -> 'It's gonna be here in your heart....'
2025-11-02 19:40:47,865 [DEBUG] Merged segment 501: SRT entries [687] -> 'Yeah....'
2025-11-02 19:40:47,865 [DEBUG] Merged segment 502: SRT entries [688] -> 'You'll feel it right here....'
2025-11-02 19:40:47,865 [DEBUG] Merged segment 503: SRT entries [689] -> 'I know you....'
2025-11-02 19:40:47,865 [DEBUG] Merged segment 504: SRT entries [690] -> 'Yeah. >>You're so familiar to me....'
2025-11-02 19:40:47,865 [DEBUG] Merged segment 505: SRT entries [691] -> 'Why are you so familiar to me?...'
2025-11-02 19:40:47,865 [DEBUG] Merged segment 506: SRT entries [692, 693] -> 'My first encounter with a mantis being with just l...'
2025-11-02 19:40:47,865 [DEBUG] Merged segment 507: SRT entries [694] -> 'How do I know you?...'
2025-11-02 19:40:47,865 [DEBUG] Merged segment 508: SRT entries [695] -> 'And for the negative beings....'
2025-11-02 19:40:47,865 [DEBUG] Merged segment 509: SRT entries [696] -> 'It's here....'
2025-11-02 19:40:47,865 [DEBUG] Merged segment 510: SRT entries [697] -> 'Yes....'
2025-11-02 19:40:47,865 [DEBUG] Merged segment 511: SRT entries [698] -> 'In your stomach....'
2025-11-02 19:40:47,865 [DEBUG] Merged segment 512: SRT entries [699] -> 'There's a feeling you get right here in your gut....'
2025-11-02 19:40:47,865 [DEBUG] Merged segment 513: SRT entries [700] -> 'Something's not right....'
2025-11-02 19:40:47,865 [DEBUG] Merged segment 514: SRT entries [701] -> 'Something is not right here....'
2025-11-02 19:40:47,865 [DEBUG] Merged segment 515: SRT entries [702] -> 'When you get that feeling that something is not ri...'
2025-11-02 19:40:47,865 [DEBUG] Merged segment 516: SRT entries [703, 704] -> 'That's how you know, just, and you don't have to b...'
2025-11-02 19:40:47,865 [DEBUG] Merged segment 517: SRT entries [705] -> 'You don't have to fight 'em. >>Out comes the switc...'
2025-11-02 19:40:47,865 [DEBUG] Merged segment 518: SRT entries [706] -> 'Yeah, exactly....'
2025-11-02 19:40:47,865 [DEBUG] Merged segment 519: SRT entries [707, 708] -> 'So you know, you just leave 'em alone and you say,...'
2025-11-02 19:40:47,865 [DEBUG] Merged segment 520: SRT entries [709] -> 'I'm sure you get caught up the wrong way for a lon...'
2025-11-02 19:40:47,865 [DEBUG] Merged segment 521: SRT entries [710] -> 'But for the most part it's - you get that feeling ...'
2025-11-02 19:40:47,865 [DEBUG] Merged segment 522: SRT entries [711] -> 'You just say, just get out of my face....'
2025-11-02 19:40:47,865 [DEBUG] Merged segment 523: SRT entries [712] -> 'Yeah....'
2025-11-02 19:40:47,865 [DEBUG] Merged segment 524: SRT entries [713] -> 'To really trust that, and to really bless them and...'
2025-11-02 19:40:47,865 [DEBUG] Merged segment 525: SRT entries [714] -> 'Exactly. >>Because they don't want that....'
2025-11-02 19:40:47,865 [DEBUG] Merged segment 526: SRT entries [715, 716] -> 'That's, they're not resonating, so they're gonna l...'
2025-11-02 19:40:47,865 [DEBUG] Merged segment 527: SRT entries [717] -> 'yells and screams and... >>Right....'
2025-11-02 19:40:47,865 [DEBUG] Merged segment 528: SRT entries [718] -> 'Says, get outta here, then that.. >>That's what th...'
2025-11-02 19:40:47,865 [DEBUG] Merged segment 529: SRT entries [719] -> 'That starts to create the.....'
2025-11-02 19:40:47,865 [DEBUG] Merged segment 530: SRT entries [720, 721] -> 'There, another warning that I have there is a fals...'
2025-11-02 19:40:47,865 [DEBUG] Merged segment 531: SRT entries [722] -> 'There are what I call things that hide....'
2025-11-02 19:40:47,865 [DEBUG] Merged segment 532: SRT entries [723] -> 'Yeah, hide....'
2025-11-02 19:40:47,865 [DEBUG] Merged segment 533: SRT entries [724] -> 'I hear that a lot....'
2025-11-02 19:40:47,865 [DEBUG] Merged segment 534: SRT entries [725] -> 'Yeah....'
2025-11-02 19:40:47,865 [DEBUG] Merged segment 535: SRT entries [726] -> 'Oh, yeah....'
2025-11-02 19:40:47,865 [DEBUG] Merged segment 536: SRT entries [727] -> 'Yeah....'
2025-11-02 19:40:47,865 [DEBUG] Merged segment 537: SRT entries [728] -> 'I call 'em the dark ones that hide in the light....'
2025-11-02 19:40:47,865 [DEBUG] Merged segment 538: SRT entries [729] -> 'That's... >>Yes....'
2025-11-02 19:40:47,866 [DEBUG] Merged segment 539: SRT entries [730] -> 'That's kind the name I gave them because they do h...'
2025-11-02 19:40:47,866 [DEBUG] Merged segment 540: SRT entries [731] -> 'Oh hello....'
2025-11-02 19:40:47,866 [DEBUG] Merged segment 541: SRT entries [732] -> 'How are you?...'
2025-11-02 19:40:47,866 [DEBUG] Merged segment 542: SRT entries [733] -> 'Please come with me....'
2025-11-02 19:40:47,866 [DEBUG] Merged segment 543: SRT entries [734] -> 'I got something to show you....'
2025-11-02 19:40:47,866 [DEBUG] Merged segment 544: SRT entries [735, 736] -> 'Here's the ascension chamber you're gonna go into,...'
2025-11-02 19:40:47,866 [DEBUG] Merged segment 545: SRT entries [737] -> 'You'll become a beautiful being....'
2025-11-02 19:40:47,866 [DEBUG] Merged segment 546: SRT entries [738] -> 'But, and then, oh, here's our cloning chambers....'
2025-11-02 19:40:47,866 [DEBUG] Merged segment 547: SRT entries [739] -> 'Here's where we clone beings....'
2025-11-02 19:40:47,866 [DEBUG] Merged segment 548: SRT entries [740] -> 'And clone things, and this is so nice....'
2025-11-02 19:40:47,866 [DEBUG] Merged segment 549: SRT entries [741, 742, 743] -> 'And oh, and here's here's the controllers or these...'
2025-11-02 19:40:47,866 [DEBUG] Merged segment 550: SRT entries [744, 745] -> 'This doesn't feel right doesn't feel right....'
2025-11-02 19:40:47,866 [DEBUG] Merged segment 551: SRT entries [746, 747, 748] -> 'Yeah, and what I like to do is, I will always, thi...'
2025-11-02 19:40:47,866 [DEBUG] Merged segment 552: SRT entries [749] -> 'Yeah....'
2025-11-02 19:40:47,866 [DEBUG] Merged segment 553: SRT entries [750, 751] -> 'And right away, if they don't, I can see the light...'
2025-11-02 19:40:47,866 [DEBUG] Merged segment 554: SRT entries [752, 753, 754, 755, 756] -> 'Yeah. >>Usually, cuz I work with a lot of this, we...'
2025-11-02 19:40:47,866 [DEBUG] Merged segment 555: SRT entries [757] -> 'She said, I wasn't sure cuz it was a dim light....'
2025-11-02 19:40:47,866 [DEBUG] Merged segment 556: SRT entries [758] -> 'That for me, that was a red flag to hear dim light...'
2025-11-02 19:40:47,866 [DEBUG] Merged segment 557: SRT entries [759] -> 'And she said, and then they're, and she said, but ...'
2025-11-02 19:40:47,866 [DEBUG] Merged segment 558: SRT entries [760] -> 'And I said, oh, interesting....'
2025-11-02 19:40:47,866 [DEBUG] Merged segment 559: SRT entries [761, 762] -> 'So as we worked through some of that, these were b...'
2025-11-02 19:40:47,866 [DEBUG] Merged segment 560: SRT entries [763] -> 'And they were not cute little kitties....'
2025-11-02 19:40:47,866 [DEBUG] Merged segment 561: SRT entries [764] -> 'And because they can appear however the person - y...'
2025-11-02 19:40:47,866 [DEBUG] Merged segment 562: SRT entries [765] -> 'So and so I said, we need to release them and move...'
2025-11-02 19:40:47,866 [DEBUG] Merged segment 563: SRT entries [766, 767] -> 'And they were not kitties, so they, there's lots o...'
2025-11-02 19:40:47,866 [DEBUG] Merged segment 564: SRT entries [768] -> 'And what was the term that you said?...'
2025-11-02 19:40:47,866 [DEBUG] Merged segment 565: SRT entries [769] -> 'Do you? The question you asked? Do you serve the d...'
2025-11-02 19:40:47,866 [DEBUG] Merged segment 566: SRT entries [770] -> 'I ask them if they serve divine love and light....'
2025-11-02 19:40:47,866 [DEBUG] Merged segment 567: SRT entries [771] -> 'So I sort of, so I, as you're saying that I felt t...'
2025-11-02 19:40:47,866 [DEBUG] Merged segment 568: SRT entries [772] -> 'It's, I'm putting it out... >>You're putting that ...'
2025-11-02 19:40:47,866 [DEBUG] Merged segment 569: SRT entries [773] -> 'Even as I'm saying it right now, I'm putting it ou...'
2025-11-02 19:40:47,866 [DEBUG] Merged segment 570: SRT entries [774] -> 'So maybe that's for people watching that....'
2025-11-02 19:40:47,866 [DEBUG] Merged segment 571: SRT entries [775] -> 'Yeah. >>You can't just say the words....'
2025-11-02 19:40:47,866 [DEBUG] Merged segment 572: SRT entries [776] -> 'It's, you really have to feel into what the.....'
2025-11-02 19:40:47,866 [DEBUG] Merged segment 573: SRT entries [777] -> 'Right, I say it from my heart, from my soul....'
2025-11-02 19:40:47,866 [DEBUG] Merged segment 574: SRT entries [778] -> 'And yes....'
2025-11-02 19:40:47,866 [DEBUG] Merged segment 575: SRT entries [779, 780] -> 'You can't just say divine light, divine light, div...'
2025-11-02 19:40:47,866 [DEBUG] Merged segment 576: SRT entries [781, 782] -> 'No, it's like holding onto a cross and Jesus, Jesu...'
2025-11-02 19:40:47,866 [DEBUG] Merged segment 577: SRT entries [783] -> 'You're freaked and going, divine light....'
2025-11-02 19:40:47,866 [DEBUG] Merged segment 578: SRT entries [784] -> 'Divine light....'
2025-11-02 19:40:47,866 [DEBUG] Merged segment 579: SRT entries [785] -> 'Divine light....'
2025-11-02 19:40:47,866 [DEBUG] Merged segment 580: SRT entries [786] -> 'Exactly....'
2025-11-02 19:40:47,866 [DEBUG] Merged segment 581: SRT entries [787] -> 'It's not gonna work very well....'
2025-11-02 19:40:47,866 [DEBUG] Merged segment 582: SRT entries [788] -> 'It's centering and coming......'
2025-11-02 19:40:47,866 [DEBUG] Merged segment 583: SRT entries [789] -> 'Yeah....'
2025-11-02 19:40:47,866 [DEBUG] Merged segment 584: SRT entries [790] -> 'to the still point within the self, that quiet pla...'
2025-11-02 19:40:47,866 [DEBUG] Merged segment 585: SRT entries [791] -> 'That's the first thing to do....'
2025-11-02 19:40:47,866 [DEBUG] Merged segment 586: SRT entries [792] -> 'And then to feel the love and to really share that...'
2025-11-02 19:40:47,866 [DEBUG] Merged segment 587: SRT entries [793] -> 'Yeah, you know what?...'
2025-11-02 19:40:47,866 [DEBUG] Merged segment 588: SRT entries [794, 795] -> 'I've used when I, in my ignorant time, I was learn...'
2025-11-02 19:40:47,866 [DEBUG] Merged segment 589: SRT entries [796, 797, 798, 799] -> 'I gotta study all the different religions and no r...'
2025-11-02 19:40:47,866 [DEBUG] Merged segment 590: SRT entries [800, 801] -> 'I had this, the negative entity, pushing me down, ...'
2025-11-02 19:40:47,866 [DEBUG] Merged segment 591: SRT entries [802] -> 'Right, okay....'
2025-11-02 19:40:47,866 [DEBUG] Merged segment 592: SRT entries [803, 804] -> 'And nothing, it still kept...ya know I'm strugglin...'
2025-11-02 19:40:47,866 [DEBUG] Merged segment 593: SRT entries [805, 806] -> 'And it wasn't until I was able to break free and I...'
2025-11-02 19:40:47,866 [DEBUG] Merged segment 594: SRT entries [807] -> 'Yeah....'
2025-11-02 19:40:47,866 [DEBUG] Merged segment 595: SRT entries [808] -> 'It was all I had to do, was turn the light on....'
2025-11-02 19:40:47,866 [DEBUG] Merged segment 596: SRT entries [809] -> 'Wow....'
2025-11-02 19:40:47,866 [DEBUG] Merged segment 597: SRT entries [810] -> 'And if you think about this analogy here, if you g...'
2025-11-02 19:40:47,866 [DEBUG] Merged segment 598: SRT entries [811] -> 'Alls you have to do is turn the light on, right?...'
2025-11-02 19:40:47,866 [DEBUG] Merged segment 599: SRT entries [812] -> 'And all the darkness goes....'
2025-11-02 19:40:47,866 [DEBUG] Merged segment 600: SRT entries [813] -> 'Yeah. >>And you still have your shadows.  >> Right...'
2025-11-02 19:40:47,866 [DEBUG] Merged segment 601: SRT entries [814, 815] -> 'But all the darkness goes away and the brighter th...'
2025-11-02 19:40:47,866 [DEBUG] Merged segment 602: SRT entries [816] -> 'And I tell people to physically turn light on.   >...'
2025-11-02 19:40:47,866 [DEBUG] Merged segment 603: SRT entries [817, 818, 819, 820] -> 'Yeah, physically light a white candle, sometimes t...'
2025-11-02 19:40:47,867 [DEBUG] Merged segment 604: SRT entries [821] -> 'Wow....'
2025-11-02 19:40:47,867 [DEBUG] Merged segment 605: SRT entries [822, 823, 824] -> 'So it sounds like even though you've had all these...'
2025-11-02 19:40:47,867 [DEBUG] Merged segment 606: SRT entries [825] -> 'Absolutely....'
2025-11-02 19:40:47,867 [DEBUG] Merged segment 607: SRT entries [826, 827] -> 'And you say you don't see auras, but you still hav...'
2025-11-02 19:40:47,867 [DEBUG] Merged segment 608: SRT entries [828, 829, 830] -> 'Oh yeah. Oh yeah. >Oh, there's so many different w...'
2025-11-02 19:40:47,867 [DEBUG] Merged segment 609: SRT entries [831, 832] -> 'I've had lots of encounters with nature spirits, a...'
2025-11-02 19:40:47,867 [DEBUG] Merged segment 610: SRT entries [833] -> 'And......'
2025-11-02 19:40:47,867 [DEBUG] Merged segment 611: SRT entries [834, 835, 836] -> 'Would the experiences with ETs have opened, you th...'
2025-11-02 19:40:47,867 [DEBUG] Merged segment 612: SRT entries [837] -> 'It's always been that way for me for some reason, ...'
2025-11-02 19:40:47,867 [DEBUG] Merged segment 613: SRT entries [838] -> 'And that it's just part of it and it's just unfold...'
2025-11-02 19:40:47,867 [DEBUG] Merged segment 614: SRT entries [839] -> 'It's not one or the other....'
2025-11-02 19:40:47,867 [DEBUG] Merged segment 615: SRT entries [840] -> 'It's a package....'
2025-11-02 19:40:47,867 [DEBUG] Merged segment 616: SRT entries [841] -> 'It's, for me, it's been a total package deal....'
2025-11-02 19:40:47,867 [DEBUG] Merged segment 617: SRT entries [842] -> 'Awesome....'
2025-11-02 19:40:47,867 [DEBUG] Merged segment 618: SRT entries [843] -> 'I said, what was my soul thinking coming in here?...'
2025-11-02 19:40:47,867 [DEBUG] Merged segment 619: SRT entries [844] -> 'Had a lot more in mind, than not remembering what ...'
2025-11-02 19:40:47,867 [DEBUG] Merged segment 620: SRT entries [845] -> 'Right, we probably didn't realize it was gonna be ...'
2025-11-02 19:40:47,867 [DEBUG] Merged segment 621: SRT entries [846] -> 'It's so tough....'
2025-11-02 19:40:47,867 [DEBUG] Merged segment 622: SRT entries [847] -> 'Tough it is. >>Correct....'
2025-11-02 19:40:47,867 [DEBUG] Merged segment 623: SRT entries [848] -> 'Absolutely....'
2025-11-02 19:40:47,867 [DEBUG] Merged segment 624: SRT entries [849] -> 'Yeah....'
2025-11-02 19:40:47,867 [DEBUG] Merged segment 625: SRT entries [850] -> 'So different....'
2025-11-02 19:40:47,867 [DEBUG] Merged segment 626: SRT entries [851, 852, 853] -> 'It's oh yeah, piece of cake, not remembering that ...'
2025-11-02 19:40:47,867 [DEBUG] Merged segment 627: SRT entries [854] -> 'I got that....'
2025-11-02 19:40:47,867 [DEBUG] Merged segment 628: SRT entries [855] -> 'What it's like to be in density....'
2025-11-02 19:40:47,867 [DEBUG] Merged segment 629: SRT entries [856] -> 'Yeah....'
2025-11-02 19:40:47,867 [DEBUG] Merged segment 630: SRT entries [857] -> 'And yeah....'
2025-11-02 19:40:47,867 [DEBUG] Merged segment 631: SRT entries [858, 859, 860] -> 'Yeah, imagine a master of the universe, saying, lo...'
2025-11-02 19:40:47,867 [DEBUG] Merged segment 632: SRT entries [861] -> 'Piece of cake. And then I'm going, Oh, whoaaaa....'
2025-11-02 19:40:47,867 [DEBUG] Merged segment 633: SRT entries [862] -> 'And then we go through it, and then we die....'
2025-11-02 19:40:47,867 [DEBUG] Merged segment 634: SRT entries [863] -> 'And then we're like, oh that was kinda fun....'
2025-11-02 19:40:47,867 [DEBUG] Merged segment 635: SRT entries [864] -> 'Yeah....'
2025-11-02 19:40:47,867 [DEBUG] Merged segment 636: SRT entries [865] -> 'Maybe let's go back and do it again....'
2025-11-02 19:40:47,867 [DEBUG] Merged segment 637: SRT entries [866] -> 'Do again. >>Let's do it again....'
2025-11-02 19:40:47,867 [DEBUG] Merged segment 638: SRT entries [867] -> 'I got this this time....'
2025-11-02 19:40:47,867 [DEBUG] Merged segment 639: SRT entries [868] -> 'I got it....'
2025-11-02 19:40:47,867 [DEBUG] Merged segment 640: SRT entries [869] -> 'Exactly....'
2025-11-02 19:40:47,867 [DEBUG] Merged segment 641: SRT entries [870] -> 'That's right....'
2025-11-02 19:40:47,867 [DEBUG] Merged segment 642: SRT entries [871] -> 'Oh my goodness....'
2025-11-02 19:40:47,867 [DEBUG] Merged segment 643: SRT entries [872, 873, 874] -> 'But one thing the ETs have taught me or talked to ...'
2025-11-02 19:40:47,867 [DEBUG] Merged segment 644: SRT entries [875] -> 'We don't have to keep going round and round....'
2025-11-02 19:40:47,867 [DEBUG] Merged segment 645: SRT entries [876, 877] -> 'We can go beyond that....'
2025-11-02 19:40:47,867 [DEBUG] Merged segment 646: SRT entries [878] -> 'And make a choice to not do the looping....'
2025-11-02 19:40:47,867 [DEBUG] Merged segment 647: SRT entries [879] -> 'Honestly. >>Yeah....'
2025-11-02 19:40:47,867 [DEBUG] Merged segment 648: SRT entries [880] -> 'That there are other ways that we can choose to do...'
2025-11-02 19:40:47,867 [DEBUG] Merged segment 649: SRT entries [881] -> 'So I just wanted to......'
2025-11-02 19:40:47,867 [DEBUG] Merged segment 650: SRT entries [882, 883, 884] -> 'And speaking of that, it seems the message I've be...'
2025-11-02 19:40:47,867 [DEBUG] Merged segment 651: SRT entries [885] -> 'Or more, yeah, definitely....'
2025-11-02 19:40:47,867 [DEBUG] Merged segment 652: SRT entries [886, 887] -> 'But at least in this go around. That we're, we are...'
2025-11-02 19:40:47,867 [DEBUG] Merged segment 653: SRT entries [888] -> 'Yes....'
2025-11-02 19:40:47,867 [DEBUG] Merged segment 654: SRT entries [889] -> 'Yeah....'
2025-11-02 19:40:47,867 [DEBUG] Merged segment 655: SRT entries [890] -> 'Is that the messages you guys have been getting?...'
2025-11-02 19:40:47,867 [DEBUG] Merged segment 656: SRT entries [891, 892] -> 'The ascension event, that comes up the whole ascen...'
2025-11-02 19:40:47,867 [DEBUG] Merged segment 657: SRT entries [893] -> 'And what is the ascension event?...'
2025-11-02 19:40:47,867 [DEBUG] Merged segment 658: SRT entries [894, 895, 896] -> 'And it's funny that you say 25,000 years ago, cuz ...'
2025-11-02 19:40:47,867 [DEBUG] Merged segment 659: SRT entries [897] -> 'Oh, interesting....'
2025-11-02 19:40:47,867 [DEBUG] Merged segment 660: SRT entries [898] -> 'Okay....'
2025-11-02 19:40:47,867 [DEBUG] Merged segment 661: SRT entries [899, 900, 901] -> 'So on a physical level, from my understanding imag...'
2025-11-02 19:40:47,867 [DEBUG] Merged segment 662: SRT entries [902, 903] -> 'So about 25 to 26,000 years ago, a gas cloud came ...'
2025-11-02 19:40:47,867 [DEBUG] Merged segment 663: SRT entries [904, 905] -> 'And we really don't have any kind of as a species,...'
2025-11-02 19:40:47,867 [DEBUG] Merged segment 664: SRT entries [906, 907] -> 'When we need to fall, when the gas cloud falls int...'
2025-11-02 19:40:47,867 [DEBUG] Merged segment 665: SRT entries [908] -> 'And it pulses, it brings, pushes out this energeti...'
2025-11-02 19:40:47,867 [DEBUG] Merged segment 666: SRT entries [909, 910, 911] -> 'We see in other galaxies and our own galaxy before...'
2025-11-02 19:40:47,867 [DEBUG] Merged segment 667: SRT entries [912] -> 'One going up, one going down....'
2025-11-02 19:40:47,868 [DEBUG] Merged segment 668: SRT entries [913, 914] -> 'And so if you can imagine, that's a lot of energy....'
2025-11-02 19:40:47,868 [DEBUG] Merged segment 669: SRT entries [915, 916] -> 'So what happens is this energetic wave comes out f...'
2025-11-02 19:40:47,868 [DEBUG] Merged segment 670: SRT entries [917, 918] -> 'The light itself takes 25 - 26,000 years for astro...'
2025-11-02 19:40:47,868 [DEBUG] Merged segment 671: SRT entries [919] -> 'Right behind the light, here comes the energy of i...'
2025-11-02 19:40:47,868 [DEBUG] Merged segment 672: SRT entries [920] -> 'Just this wave....'
2025-11-02 19:40:47,868 [DEBUG] Merged segment 673: SRT entries [921] -> 'Coming outwards....'
2025-11-02 19:40:47,868 [DEBUG] Merged segment 674: SRT entries [922] -> 'And it changes everything....'
2025-11-02 19:40:47,868 [DEBUG] Merged segment 675: SRT entries [923] -> 'It changes everything....'
2025-11-02 19:40:47,868 [DEBUG] Merged segment 676: SRT entries [924, 925] -> 'Now that's, from what I understand, that's part of...'
2025-11-02 19:40:47,868 [DEBUG] Merged segment 677: SRT entries [926, 927] -> 'Cuz it's okay the negativity's getting outta hand ...'
2025-11-02 19:40:47,868 [DEBUG] Merged segment 678: SRT entries [928, 929] -> 'What happens when this, it's a frequency, what hap...'
2025-11-02 19:40:47,868 [DEBUG] Merged segment 679: SRT entries [930] -> 'Oh, okay....'
2025-11-02 19:40:47,868 [DEBUG] Merged segment 680: SRT entries [931] -> 'Clash....'
2025-11-02 19:40:47,868 [DEBUG] Merged segment 681: SRT entries [932] -> 'Chaos. >>Yeah, chaos....'
2025-11-02 19:40:47,868 [DEBUG] Merged segment 682: SRT entries [933] -> 'Okay. I see....'
2025-11-02 19:40:47,868 [DEBUG] Merged segment 683: SRT entries [934] -> 'Interesting....'
2025-11-02 19:40:47,868 [DEBUG] Merged segment 684: SRT entries [935] -> 'So if you look at things.. >>A storm?...'
2025-11-02 19:40:47,868 [DEBUG] Merged segment 685: SRT entries [936, 937] -> 'A storm, exactly....'
2025-11-02 19:40:47,868 [DEBUG] Merged segment 686: SRT entries [938, 939] -> 'So when this wave gets here, they want to help try...'
2025-11-02 19:40:47,868 [DEBUG] Merged segment 687: SRT entries [940] -> 'So this galactic wave doesn't hurt Earth, hurt us....'
2025-11-02 19:40:47,868 [DEBUG] Merged segment 688: SRT entries [941] -> 'It just evolved......'
2025-11-02 19:40:47,868 [DEBUG] Merged segment 689: SRT entries [942] -> 'The hot and cold pressures....'
2025-11-02 19:40:47,868 [DEBUG] Merged segment 690: SRT entries [943] -> 'Exactly....'
2025-11-02 19:40:47,868 [DEBUG] Merged segment 691: SRT entries [944] -> 'Don't collide as hard....'
2025-11-02 19:40:47,868 [DEBUG] Merged segment 692: SRT entries [945] -> 'So you don't get a hurricane, you get just a few r...'
2025-11-02 19:40:47,868 [DEBUG] Merged segment 693: SRT entries [946] -> 'They took me that ship that that I witnessed, they...'
2025-11-02 19:40:47,868 [DEBUG] Merged segment 694: SRT entries [947] -> 'The triangle ship?...'
2025-11-02 19:40:47,868 [DEBUG] Merged segment 695: SRT entries [948] -> 'Yeah....'
2025-11-02 19:40:47,868 [DEBUG] Merged segment 696: SRT entries [949] -> 'Okay....'
2025-11-02 19:40:47,868 [DEBUG] Merged segment 697: SRT entries [950] -> 'With these beings that you don't even know who the...'
2025-11-02 19:40:47,868 [DEBUG] Merged segment 698: SRT entries [951, 952] -> 'Yeah but the mantis be the mantis, there was a man...'
2025-11-02 19:40:47,868 [DEBUG] Merged segment 699: SRT entries [953, 954, 955] -> 'Okay. >>The experience was, ya know, these beings,...'
2025-11-02 19:40:47,868 [DEBUG] Merged segment 700: SRT entries [956] -> 'It goes in the back and there's a tall white zeta,...'
2025-11-02 19:40:47,868 [DEBUG] Merged segment 701: SRT entries [957] -> 'And he says, hey let me in....'
2025-11-02 19:40:47,868 [DEBUG] Merged segment 702: SRT entries [958] -> 'I said, oh, I ain't gonna let you in, man....'
2025-11-02 19:40:47,868 [DEBUG] Merged segment 703: SRT entries [959] -> 'There's no way....'
2025-11-02 19:40:47,868 [DEBUG] Merged segment 704: SRT entries [960] -> 'So it says, okay, we're gonna do this every night ...'
2025-11-02 19:40:47,868 [DEBUG] Merged segment 705: SRT entries [961] -> 'And so I pass out, wake up next night, same thing....'
2025-11-02 19:40:47,868 [DEBUG] Merged segment 706: SRT entries [962] -> 'Let me in....'
2025-11-02 19:40:47,868 [DEBUG] Merged segment 707: SRT entries [963] -> 'Alright, I'll let you in....'
2025-11-02 19:40:47,868 [DEBUG] Merged segment 708: SRT entries [964] -> 'I crack the door open, it sticks it's hand through...'
2025-11-02 19:40:47,868 [DEBUG] Merged segment 709: SRT entries [965] -> 'It's fighting, and pulls away....'
2025-11-02 19:40:47,868 [DEBUG] Merged segment 710: SRT entries [966] -> 'It's rubbing its hand....'
2025-11-02 19:40:47,868 [DEBUG] Merged segment 711: SRT entries [967] -> 'It sits down....'
2025-11-02 19:40:47,868 [DEBUG] Merged segment 712: SRT entries [968, 969] -> 'I sit down, we stare at each other, and he is it's...'
2025-11-02 19:40:47,868 [DEBUG] Merged segment 713: SRT entries [970] -> 'And finally the third night, I let him in and, all...'
2025-11-02 19:40:47,868 [DEBUG] Merged segment 714: SRT entries [971] -> 'And he's like, all right, follow me....'
2025-11-02 19:40:47,868 [DEBUG] Merged segment 715: SRT entries [972] -> 'I go up with him, and there's that....'
2025-11-02 19:40:47,868 [DEBUG] Merged segment 716: SRT entries [973] -> 'Triangle craft floating above me and it pulls me u...'
2025-11-02 19:40:47,868 [DEBUG] Merged segment 717: SRT entries [974] -> 'And next thing I know, he's standing in front of t...'
2025-11-02 19:40:47,868 [DEBUG] Merged segment 718: SRT entries [975] -> 'It's like view screen....'
2025-11-02 19:40:47,868 [DEBUG] Merged segment 719: SRT entries [976] -> 'And he's - come here....'
2025-11-02 19:40:47,868 [DEBUG] Merged segment 720: SRT entries [977] -> 'Look at this....'
2025-11-02 19:40:47,868 [DEBUG] Merged segment 721: SRT entries [978] -> 'And I, okay....'
2025-11-02 19:40:47,868 [DEBUG] Merged segment 722: SRT entries [979] -> 'I walk and it's all telepathy....'
2025-11-02 19:40:47,868 [DEBUG] Merged segment 723: SRT entries [980] -> 'Okay?...'
2025-11-02 19:40:47,868 [DEBUG] Merged segment 724: SRT entries [981, 982, 983] -> 'So I walk up and we're over the valley, where I li...'
2025-11-02 19:40:47,868 [DEBUG] Merged segment 725: SRT entries [984, 985] -> 'But red and orange, just like translucent energy, ...'
2025-11-02 19:40:47,868 [DEBUG] Merged segment 726: SRT entries [986, 987, 988] -> 'And I remember going, oh yeah, I'm just seeing the...'
2025-11-02 19:40:47,868 [DEBUG] Merged segment 727: SRT entries [989] -> 'Oh, Ed Dames?...'
2025-11-02 19:40:47,868 [DEBUG] Merged segment 728: SRT entries [990] -> 'Yeah. >>Oh don't listen to Ed Dames....'
2025-11-02 19:40:47,868 [DEBUG] Merged segment 729: SRT entries [991] -> 'I thought for sure that's what I saw....'
2025-11-02 19:40:47,868 [DEBUG] Merged segment 730: SRT entries [992, 993] -> 'I thought, I was like, oh my God, you guys are sho...'
2025-11-02 19:40:47,868 [DEBUG] Merged segment 731: SRT entries [994] -> 'Don't be silly....'
2025-11-02 19:40:47,868 [DEBUG] Merged segment 732: SRT entries [995] -> 'That's not what this is....'
2025-11-02 19:40:47,869 [DEBUG] Merged segment 733: SRT entries [996] -> 'That's not what this, what they showed me....'
2025-11-02 19:40:47,869 [DEBUG] Merged segment 734: SRT entries [997] -> 'It's this energetic wave that comes from the centr...'
2025-11-02 19:40:47,869 [DEBUG] Merged segment 735: SRT entries [998] -> 'And it's more of a hug from the creator....'
2025-11-02 19:40:47,869 [DEBUG] Merged segment 736: SRT entries [999] -> 'Yeah. >>The best way I can put it....'
2025-11-02 19:40:47,869 [DEBUG] Merged segment 737: SRT entries [1000, 1001] -> 'Hopefully it snaps the minds of humanity up to be ...'
2025-11-02 19:40:47,869 [DEBUG] Merged segment 738: SRT entries [1002] -> 'And just humans....'
2025-11-02 19:40:47,869 [DEBUG] Merged segment 739: SRT entries [1003] -> 'and the couch, there's more to it....'
2025-11-02 19:40:47,869 [DEBUG] Merged segment 740: SRT entries [1004] -> 'Yeah....'
2025-11-02 19:40:47,869 [DEBUG] Merged segment 741: SRT entries [1005] -> 'And, but it goes, it even goes further than that t...'
2025-11-02 19:40:47,869 [DEBUG] Merged segment 742: SRT entries [1006] -> 'How would I describe this?...'
2025-11-02 19:40:47,869 [DEBUG] Merged segment 743: SRT entries [1007] -> 'Imagine yourself as you are now, right?...'
2025-11-02 19:40:47,869 [DEBUG] Merged segment 744: SRT entries [1008] -> 'And you look forward, you look backwards, right?...'
2025-11-02 19:40:47,869 [DEBUG] Merged segment 745: SRT entries [1009, 1010, 1011] -> 'If, imagine all these different strings, they come...'
2025-11-02 19:40:47,869 [DEBUG] Merged segment 746: SRT entries [1012, 1013] -> 'That is what that is, is represents at this point,...'
2025-11-02 19:40:47,869 [DEBUG] Merged segment 747: SRT entries [1014] -> 'An infinite amount of possibilities. Behind me is ...'
2025-11-02 19:40:47,869 [DEBUG] Merged segment 748: SRT entries [1015] -> 'There's an infinite amount of possibilities that g...'
2025-11-02 19:40:47,869 [DEBUG] Merged segment 749: SRT entries [1016, 1017] -> 'So an infinite amount of possibilities that got me...'
2025-11-02 19:40:47,869 [DEBUG] Merged segment 750: SRT entries [1018] -> 'Okay....'
2025-11-02 19:40:47,869 [DEBUG] Merged segment 751: SRT entries [1019] -> 'We experience these possibilities simultaneously....'
2025-11-02 19:40:47,869 [DEBUG] Merged segment 752: SRT entries [1020, 1021] -> 'The thing that my little spark is, is kinda like a...'
2025-11-02 19:40:47,869 [DEBUG] Merged segment 753: SRT entries [1022, 1023, 1024] -> 'The singularity if you will, pulls all these exper...'
2025-11-02 19:40:47,869 [DEBUG] Merged segment 754: SRT entries [1025, 1026] -> 'Yeah. >>Of course it's hard for me to jump from, c...'
2025-11-02 19:40:47,869 [DEBUG] Merged segment 755: SRT entries [1027] -> 'I can't just jump to this spectrum, I have to navi...'
2025-11-02 19:40:47,869 [DEBUG] Merged segment 756: SRT entries [1028] -> 'Yeah....'
2025-11-02 19:40:47,869 [DEBUG] Merged segment 757: SRT entries [1029, 1030] -> 'Okay, so but we split, we're constantly splitting....'
2025-11-02 19:40:47,869 [DEBUG] Merged segment 758: SRT entries [1031] -> 'And we're experiencing every possibility....'
2025-11-02 19:40:47,869 [DEBUG] Merged segment 759: SRT entries [1032] -> 'Now what happens when this happens over countless ...'
2025-11-02 19:40:47,869 [DEBUG] Merged segment 760: SRT entries [1033] -> 'Now if we go back to, everything's a fractal of it...'
2025-11-02 19:40:47,869 [DEBUG] Merged segment 761: SRT entries [1034, 1035] -> 'What happens in our universe as far as we know, wh...'
2025-11-02 19:40:47,869 [DEBUG] Merged segment 762: SRT entries [1036] -> 'When a star gets too big, it collapses in on itsel...'
2025-11-02 19:40:47,869 [DEBUG] Merged segment 763: SRT entries [1037] -> 'Becomes a supernova black hole, a white dwarf, wha...'
2025-11-02 19:40:47,869 [DEBUG] Merged segment 764: SRT entries [1038] -> 'But it's becoming a new,it's becoming a new divine...'
2025-11-02 19:40:47,869 [DEBUG] Merged segment 765: SRT entries [1039] -> 'It wants to experience, oh, I'm too big....'
2025-11-02 19:40:47,869 [DEBUG] Merged segment 766: SRT entries [1040] -> 'Let's experience something new....'
2025-11-02 19:40:47,869 [DEBUG] Merged segment 767: SRT entries [1041] -> 'So we have all these lines that go out and we've g...'
2025-11-02 19:40:47,869 [DEBUG] Merged segment 768: SRT entries [1042] -> 'On this planet, we've exhausted all the possibilit...'
2025-11-02 19:40:47,869 [DEBUG] Merged segment 769: SRT entries [1043] -> 'So now it's gotten too big....'
2025-11-02 19:40:47,869 [DEBUG] Merged segment 770: SRT entries [1044, 1045] -> 'So it's like now our possibilities are collapsing ...'
2025-11-02 19:40:47,869 [DEBUG] Merged segment 771: SRT entries [1046] -> 'It's just one big... >> The timelines. >>compressi...'
2025-11-02 19:40:47,869 [DEBUG] Merged segment 772: SRT entries [1047] -> 'Yeah, the timelines and everything....'
2025-11-02 19:40:47,869 [DEBUG] Merged segment 773: SRT entries [1048] -> 'It's a compression....'
2025-11-02 19:40:47,869 [DEBUG] Merged segment 774: SRT entries [1049] -> 'So we're experiencing all these possible realities...'
2025-11-02 19:40:47,869 [DEBUG] Merged segment 775: SRT entries [1050] -> 'And now they're......'
2025-11-02 19:40:47,869 [DEBUG] Merged segment 776: SRT entries [1051] -> 'Within the limitations of the third density....'
2025-11-02 19:40:47,869 [DEBUG] Merged segment 777: SRT entries [1052] -> 'Exactly....'
2025-11-02 19:40:47,869 [DEBUG] Merged segment 778: SRT entries [1053] -> 'Okay....'
2025-11-02 19:40:47,869 [DEBUG] Merged segment 779: SRT entries [1054, 1055] -> 'And now they're collapsing in on themselves and we...'
2025-11-02 19:40:47,869 [DEBUG] Merged segment 780: SRT entries [1056] -> 'Fourth density consciousness....'
2025-11-02 19:40:47,869 [DEBUG] Merged segment 781: SRT entries [1057, 1058] -> 'And how do you want to experience that event is up...'
2025-11-02 19:40:47,869 [DEBUG] Merged segment 782: SRT entries [1059] -> 'Gotcha....'
2025-11-02 19:40:47,869 [DEBUG] Merged segment 783: SRT entries [1060, 1061] -> 'If it's gonna be a world ending event, then that's...'
2025-11-02 19:40:47,869 [DEBUG] Merged segment 784: SRT entries [1062] -> 'You hear about the collapse of the economy, the co...'
2025-11-02 19:40:47,869 [DEBUG] Merged segment 785: SRT entries [1063] -> 'Yeah....'
2025-11-02 19:40:47,869 [DEBUG] Merged segment 786: SRT entries [1064] -> 'Collapse, collapse, collapse....'
2025-11-02 19:40:47,869 [DEBUG] Merged segment 787: SRT entries [1065] -> 'So it's a collapse of possible possibility......'
2025-11-02 19:40:47,869 [DEBUG] Merged segment 788: SRT entries [1066] -> 'Of that those old paradigm ways of doing things....'
2025-11-02 19:40:47,869 [DEBUG] Merged segment 789: SRT entries [1067] -> 'Because we've exhausted the, we cannot continue to...'
2025-11-02 19:40:47,869 [DEBUG] Merged segment 790: SRT entries [1068, 1069] -> 'And somehow the trigger is this energetic wave fro...'
2025-11-02 19:40:47,869 [DEBUG] Merged segment 791: SRT entries [1070] -> 'That's what triggers the collapse....'
2025-11-02 19:40:47,869 [DEBUG] Merged segment 792: SRT entries [1071, 1072] -> 'It aligns right with all the other teachings and s...'
2025-11-02 19:40:47,869 [DEBUG] Merged segment 793: SRT entries [1073, 1074] -> 'And yeah, there are so many potential people will ...'
2025-11-02 19:40:47,869 [DEBUG] Merged segment 794: SRT entries [1075] -> 'There are so many possibilities....'
2025-11-02 19:40:47,869 [DEBUG] Merged segment 795: SRT entries [1076, 1077, 1078] -> 'I'm just saying this a little different way, but k...'
2025-11-02 19:40:47,869 [DEBUG] Merged segment 796: SRT entries [1079] -> 'Also collectively....'
2025-11-02 19:40:47,870 [DEBUG] Merged segment 797: SRT entries [1080] -> 'Yeah....'
2025-11-02 19:40:47,870 [DEBUG] Merged segment 798: SRT entries [1081, 1082] -> 'And but each soul gets to choose their journey, jo...'
2025-11-02 19:40:47,870 [DEBUG] Merged segment 799: SRT entries [1083, 1084, 1085] -> 'For me, a very key message of what we term ascensi...'
2025-11-02 19:40:47,870 [DEBUG] Merged segment 800: SRT entries [1086] -> 'We are all one....'
2025-11-02 19:40:47,870 [DEBUG] Merged segment 801: SRT entries [1087] -> 'That we are cosmic citizens....'
2025-11-02 19:40:47,870 [DEBUG] Merged segment 802: SRT entries [1088, 1089] -> 'And that expansion in consciousness and that on Ea...'
2025-11-02 19:40:47,870 [DEBUG] Merged segment 803: SRT entries [1090] -> 'And to live from our hearts....'
2025-11-02 19:40:47,870 [DEBUG] Merged segment 804: SRT entries [1091, 1092] -> 'And in doing that, then there is no need for the g...'
2025-11-02 19:40:47,870 [DEBUG] Merged segment 805: SRT entries [1093] -> 'If we all come to that remembrance that we are div...'
2025-11-02 19:40:47,870 [DEBUG] Merged segment 806: SRT entries [1094] -> 'That, that we are all divine....'
2025-11-02 19:40:47,870 [DEBUG] Merged segment 807: SRT entries [1095, 1096] -> 'So in the end it's, for me that is a big part of o...'
2025-11-02 19:40:47,870 [DEBUG] Merged segment 808: SRT entries [1097, 1098] -> 'And but the message I think is being a hybrid is r...'
2025-11-02 19:40:47,870 [DEBUG] Merged segment 809: SRT entries [1099] -> 'They are family....'
2025-11-02 19:40:47,870 [DEBUG] Merged segment 810: SRT entries [1100] -> 'Really they are us and we are them....'
2025-11-02 19:40:47,870 [DEBUG] Merged segment 811: SRT entries [1101] -> 'And they are evolving just as we are evolving....'
2025-11-02 19:40:47,870 [DEBUG] Merged segment 812: SRT entries [1102] -> 'They've told me this over and over....'
2025-11-02 19:40:47,870 [DEBUG] Merged segment 813: SRT entries [1103] -> 'You think you're the only ones going through......'
2025-11-02 19:40:47,870 [DEBUG] Merged segment 814: SRT entries [1104] -> 'Yeah....'
2025-11-02 19:40:47,870 [DEBUG] Merged segment 815: SRT entries [1105, 1106] -> 'the process, they go, we're going through this pro...'
2025-11-02 19:40:47,870 [DEBUG] Merged segment 816: SRT entries [1107] -> 'It's all of creation....'
2025-11-02 19:40:47,870 [DEBUG] Merged segment 817: SRT entries [1108, 1109] -> 'Moving through this incredible process that is jus...'
2025-11-02 19:40:47,870 [DEBUG] Merged segment 818: SRT entries [1110, 1111] -> 'And I like to talk about the new human....'
2025-11-02 19:40:47,870 [DEBUG] Merged segment 819: SRT entries [1112, 1113] -> 'That's why I call it the new human awakening and c...'
2025-11-02 19:40:47,870 [DEBUG] Merged segment 820: SRT entries [1114, 1115, 1116] -> 'And so I think, and that's what we're, that's what...'
2025-11-02 19:40:47,870 [DEBUG] Merged segment 821: SRT entries [1117] -> 'Absolutely....'
2025-11-02 19:40:47,870 [DEBUG] Merged segment 822: SRT entries [1118, 1119] -> 'The DNA shift, and and all of that is, is happenin...'
2025-11-02 19:40:47,870 [DEBUG] Merged segment 823: SRT entries [1120] -> 'Yeah....'
2025-11-02 19:40:47,870 [DEBUG] Merged segment 824: SRT entries [1121, 1122] -> 'It, the creations where all the creations expressi...'
2025-11-02 19:40:47,870 [DEBUG] Merged segment 825: SRT entries [1123, 1124, 1125] -> 'And so we're in an opportunity, this is a period o...'
2025-11-02 19:40:47,870 [DEBUG] Merged segment 826: SRT entries [1126, 1127] -> 'We're not these bodies, we're not Joe Accountant o...'
2025-11-02 19:40:47,870 [DEBUG] Merged segment 827: SRT entries [1128] -> 'That is not our main I identity or the car, the, a...'
2025-11-02 19:40:47,870 [DEBUG] Merged segment 828: SRT entries [1129] -> 'That's the whole illusion that we're evolving out ...'
2025-11-02 19:40:47,870 [DEBUG] Merged segment 829: SRT entries [1130] -> 'I'll give you this real quick....'
2025-11-02 19:40:47,870 [DEBUG] Merged segment 830: SRT entries [1131, 1132, 1133] -> 'Our scientists actually have, and they, most peopl...'
2025-11-02 19:40:47,870 [DEBUG] Merged segment 831: SRT entries [1134] -> 'Yeah. >>Think about this....'
2025-11-02 19:40:47,870 [DEBUG] Merged segment 832: SRT entries [1135] -> 'They say that all matter originated from a single ...'
2025-11-02 19:40:47,870 [DEBUG] Merged segment 833: SRT entries [1136] -> 'If you put your finger out for me, Jacqueline, rig...'
2025-11-02 19:40:47,870 [DEBUG] Merged segment 834: SRT entries [1137] -> 'So imagine this....'
2025-11-02 19:40:47,870 [DEBUG] Merged segment 835: SRT entries [1138, 1139] -> 'It took, as far as scientists know, 14.5 billion y...'
2025-11-02 19:40:47,870 [DEBUG] Merged segment 836: SRT entries [1140, 1141] -> 'So if you imagine not only is it a physical, not o...'
2025-11-02 19:40:47,870 [DEBUG] Merged segment 837: SRT entries [1142] -> 'Imagine that singularity is also consciousness and...'
2025-11-02 19:40:47,870 [DEBUG] Merged segment 838: SRT entries [1143] -> 'And now it took 14.5 billion years for me to meet ...'
2025-11-02 19:40:47,870 [DEBUG] Merged segment 839: SRT entries [1144] -> 'The same as this atom here was in a star....'
2025-11-02 19:40:47,870 [DEBUG] Merged segment 840: SRT entries [1145] -> 'And it's going back the other direction, but it's ...'
2025-11-02 19:40:47,870 [DEBUG] Merged segment 841: SRT entries [1146] -> 'So it's expanding and contracting at the same time...'
2025-11-02 19:40:47,870 [DEBUG] Merged segment 842: SRT entries [1147] -> 'Yeah. >>Yes....'
2025-11-02 19:40:47,870 [DEBUG] Merged segment 843: SRT entries [1148] -> 'It's pretty, yeah....'
2025-11-02 19:40:47,870 [DEBUG] Merged segment 844: SRT entries [1149, 1150] -> 'Separating and coming together for all of eternity...'
2025-11-02 19:40:47,870 [DEBUG] Merged segment 845: SRT entries [1151] -> 'And yeah....'
2025-11-02 19:40:47,870 [DEBUG] Merged segment 846: SRT entries [1152] -> 'It's beautiful....'
2025-11-02 19:40:47,870 [DEBUG] Merged segment 847: SRT entries [1153] -> 'Thank you so much....'
2025-11-02 19:40:47,870 [DEBUG] Merged segment 848: SRT entries [1154] -> 'This has been a very enlightening interview and th...'
2025-11-02 19:40:47,870 [DEBUG] Merged segment 849: SRT entries [1155] -> 'Thank you for sharing....'
2025-11-02 19:40:47,870 [DEBUG] Merged segment 850: SRT entries [1156, 1157, 1158] -> 'And I thank the mantis beings for providing an opp...'
2025-11-02 19:40:47,870 [DEBUG] Merged segment 851: SRT entries [1159] -> 'Definitely get this out....'
2025-11-02 19:40:47,870 [DEBUG] Merged segment 852: SRT entries [1160] -> 'We love it....'
2025-11-02 19:40:47,870 [DEBUG] Merged segment 853: SRT entries [1161] -> 'Yeah....'
2025-11-02 19:40:47,870 [INFO] Merged 1161 segments into 853 final segments
2025-11-02 19:40:48,115 [INFO] Wrote 853 segments to data/S01-E29/main.yaml
2025-11-02 19:40:48,115 [INFO] Conversion completed successfully!
