2025-11-09 17:17:51,221 [INFO] Starting SRT to YAML conversion for episode S01-E25
2025-11-09 17:17:51,221 [INFO] SRT source resolved to: input/S01-E25/ENG-S01-E25 Orion Council of Light.srt
2025-11-09 17:17:51,223 [INFO] Parsed 1406 SRT entries from input/S01-E25/ENG-S01-E25 Orion Council of Light.srt
2025-11-09 17:17:51,224 [DEBUG] Merged segment 1: SRT entries [1] -> 'It is the idea of many of our species......'
2025-11-09 17:17:51,224 [DEBUG] Merged segment 2: SRT entries [2, 3, 4, 5] -> 'What we would say in other star systems coming int...'
2025-11-09 17:17:51,224 [DEBUG] Merged segment 3: SRT entries [6, 7] -> 'Otherwise we ourselves cannot expand if we do not ...'
2025-11-09 17:17:51,224 [DEBUG] Merged segment 4: SRT entries [8, 9, 10, 11] -> 'We, or the Anunnaki the creators, are expanding in...'
2025-11-09 17:17:51,224 [DEBUG] Merged segment 5: SRT entries [12, 13, 14, 15, 16, 17, 18] -> 'Living in this third density has been beneficial f...'
2025-11-09 17:17:51,224 [DEBUG] Merged segment 6: SRT entries [19, 20, 21, 22, 23, 24] -> 'Because you see that there is a paradigm allowed h...'
2025-11-09 17:17:51,224 [DEBUG] Merged segment 7: SRT entries [25, 26, 27, 28, 29] -> 'There are others elsewhere that have fairly simila...'
2025-11-09 17:17:51,224 [DEBUG] Merged segment 8: SRT entries [30, 31] -> 'Ever wonder if there's intelligent life elsewhere ...'
2025-11-09 17:17:51,224 [DEBUG] Merged segment 9: SRT entries [32] -> 'Well, I have....I've been wondering since I was a ...'
2025-11-09 17:17:51,224 [DEBUG] Merged segment 10: SRT entries [33] -> 'My name is Reuben Langdon....'
2025-11-09 17:17:51,224 [DEBUG] Merged segment 11: SRT entries [34, 35] -> 'And on March 29th 2007, in the middle of the day, ...'
2025-11-09 17:17:51,224 [DEBUG] Merged segment 12: SRT entries [36, 37] -> 'Coincidentally, I was working on the film Avatar a...'
2025-11-09 17:17:51,224 [DEBUG] Merged segment 13: SRT entries [38] -> 'And ever since then I've been on a quest......'
2025-11-09 17:17:51,224 [DEBUG] Merged segment 14: SRT entries [39, 40] -> 'A quest to find out if aliens really do exist and ...'
2025-11-09 17:17:51,224 [DEBUG] Merged segment 15: SRT entries [41, 42] -> 'If beings of higher intelligence are here... ...wh...'
2025-11-09 17:17:51,224 [DEBUG] Merged segment 16: SRT entries [43] -> 'Why don't they make themselves more known?...'
2025-11-09 17:17:51,224 [DEBUG] Merged segment 17: SRT entries [44] -> 'Why the secrecy?...'
2025-11-09 17:17:51,224 [DEBUG] Merged segment 18: SRT entries [45, 46] -> 'I've asked these questions to many experts, yet ea...'
2025-11-09 17:17:51,224 [DEBUG] Merged segment 19: SRT entries [47, 48] -> 'So I thought to myself, why not ask the aliens dir...'
2025-11-09 17:17:51,224 [DEBUG] Merged segment 20: SRT entries [49] -> 'So that's what I set out to do!...'
2025-11-09 17:17:51,225 [DEBUG] Merged segment 21: SRT entries [50] -> 'Well, sort of......'
2025-11-09 17:17:51,225 [DEBUG] Merged segment 22: SRT entries [51] -> 'OK....'
2025-11-09 17:17:51,225 [DEBUG] Merged segment 23: SRT entries [52] -> 'So I have a few visuals....'
2025-11-09 17:17:51,225 [DEBUG] Merged segment 24: SRT entries [53, 54] -> 'I feel like my strongest one is a woman from the c...'
2025-11-09 17:17:51,225 [DEBUG] Merged segment 25: SRT entries [55] -> 'OK....'
2025-11-09 17:17:51,225 [DEBUG] Merged segment 26: SRT entries [56, 57, 58] -> 'I would say Gray, but it's tall, skinny, and it ha...'
2025-11-09 17:17:51,225 [DEBUG] Merged segment 27: SRT entries [59] -> 'Mm-hm....'
2025-11-09 17:17:51,225 [DEBUG] Merged segment 28: SRT entries [60] -> 'Maybe closer to a Mantis?...'
2025-11-09 17:17:51,225 [DEBUG] Merged segment 29: SRT entries [61, 62] -> 'Yeah, similar to that type of breed, or if that's ...'
2025-11-09 17:17:51,225 [DEBUG] Merged segment 30: SRT entries [63, 64] -> 'So depending on the question, those are the two co...'
2025-11-09 17:17:51,225 [DEBUG] Merged segment 31: SRT entries [65, 66] -> 'OK, so depending on how far back or what question,...'
2025-11-09 17:17:51,225 [DEBUG] Merged segment 32: SRT entries [67, 68, 69, 70] -> 'He says, most particularly, if he references the s...'
2025-11-09 17:17:51,225 [DEBUG] Merged segment 33: SRT entries [71] -> 'OK....'
2025-11-09 17:17:51,225 [DEBUG] Merged segment 34: SRT entries [72] -> 'Well, let's start with Atlantis....'
2025-11-09 17:17:51,225 [DEBUG] Merged segment 35: SRT entries [73] -> 'OK....'
2025-11-09 17:17:51,225 [DEBUG] Merged segment 36: SRT entries [74, 75] -> 'And I hate to put a timeline on things, but I'm gu...'
2025-11-09 17:17:51,225 [DEBUG] Merged segment 37: SRT entries [76] -> 'OK....'
2025-11-09 17:17:51,225 [DEBUG] Merged segment 38: SRT entries [77, 78] -> 'OK, so the woman says further back than that, my l...'
2025-11-09 17:17:51,225 [DEBUG] Merged segment 39: SRT entries [79] -> 'A very special time period indeed....'
2025-11-09 17:17:51,225 [DEBUG] Merged segment 40: SRT entries [80] -> 'What is it that you would like to know?...'
2025-11-09 17:17:51,225 [DEBUG] Merged segment 41: SRT entries [81, 82, 83] -> 'Is that-- because I've heard from other channels a...'
2025-11-09 17:17:51,225 [DEBUG] Merged segment 42: SRT entries [84, 85, 86] -> 'So I guess my question would be, is much of what w...'
2025-11-09 17:17:51,225 [DEBUG] Merged segment 43: SRT entries [87, 88, 89, 90] -> 'She says, I'm not sure if I would call it traumas,...'
2025-11-09 17:17:51,225 [DEBUG] Merged segment 44: SRT entries [91, 92, 93] -> 'She says, you see, during the Atlantean time perio...'
2025-11-09 17:17:51,225 [DEBUG] Merged segment 45: SRT entries [94, 95, 96] -> 'And yes, humanity as well as other species had to ...'
2025-11-09 17:17:51,225 [DEBUG] Merged segment 46: SRT entries [97, 98, 99, 100] -> 'So those that understood this opted into a alterna...'
2025-11-09 17:17:51,225 [DEBUG] Merged segment 47: SRT entries [101, 102, 103, 104] -> 'So you may call it traumatic in the sense that wha...'
2025-11-09 17:17:51,225 [DEBUG] Merged segment 48: SRT entries [105, 106] -> 'Was the Annunaki DNA injection, was that prior or ...'
2025-11-09 17:17:51,225 [DEBUG] Merged segment 49: SRT entries [107] -> 'In our linear sense of time....'
2025-11-09 17:17:51,225 [DEBUG] Merged segment 50: SRT entries [108, 109, 110] -> 'She says, right prior to the diluvian time period ...'
2025-11-09 17:17:51,225 [DEBUG] Merged segment 51: SRT entries [111] -> 'I'm seeing if she can use verbals....'
2025-11-09 17:17:51,225 [DEBUG] Merged segment 52: SRT entries [112, 113, 114] -> 'Basically, there seemed to be an Atlantean time pe...'
2025-11-09 17:17:51,225 [DEBUG] Merged segment 53: SRT entries [115, 116] -> 'And then she's showing me that, with the diluvian ...'
2025-11-09 17:17:51,225 [DEBUG] Merged segment 54: SRT entries [117, 118] -> 'But some Annunaki saved some of the humanoid to ca...'
2025-11-09 17:17:51,225 [DEBUG] Merged segment 55: SRT entries [119, 120] -> 'When you say "diluvian," can you go into more deta...'
2025-11-09 17:17:51,225 [DEBUG] Merged segment 56: SRT entries [121] -> 'What does that mean?...'
2025-11-09 17:17:51,225 [DEBUG] Merged segment 57: SRT entries [122, 123] -> 'She says the great flood that we have known to be ...'
2025-11-09 17:17:51,225 [DEBUG] Merged segment 58: SRT entries [124, 125, 126, 127] -> 'She says, this is a common misconception in unders...'
2025-11-09 17:17:51,225 [DEBUG] Merged segment 59: SRT entries [128] -> 'They were not essentially what the human is today....'
2025-11-09 17:17:51,225 [DEBUG] Merged segment 60: SRT entries [129, 130] -> 'That human is the creation of what the Annunaki cr...'
2025-11-09 17:17:51,225 [DEBUG] Merged segment 61: SRT entries [131, 132] -> 'But the Annunaki borrowed some DNA from that time ...'
2025-11-09 17:17:51,225 [DEBUG] Merged segment 62: SRT entries [133, 134] -> 'Or is that just, I guess, the Atlantean karma that...'
2025-11-09 17:17:51,225 [DEBUG] Merged segment 63: SRT entries [135] -> 'OK....'
2025-11-09 17:17:51,225 [DEBUG] Merged segment 64: SRT entries [136] -> 'That's a good question....'
2025-11-09 17:17:51,225 [DEBUG] Merged segment 65: SRT entries [137, 138] -> 'She says, with reference to your question, I would...'
2025-11-09 17:17:51,225 [DEBUG] Merged segment 66: SRT entries [139, 140] -> 'It is a consciousness that was tampered with in or...'
2025-11-09 17:17:51,225 [DEBUG] Merged segment 67: SRT entries [141, 142] -> 'She says, once again, the Atlanteans were, she say...'
2025-11-09 17:17:51,225 [DEBUG] Merged segment 68: SRT entries [143, 144, 145] -> 'But they-- she's saying they're not what you exact...'
2025-11-09 17:17:51,225 [DEBUG] Merged segment 69: SRT entries [146] -> 'She says, basically, it's a different type of huma...'
2025-11-09 17:17:51,225 [DEBUG] Merged segment 70: SRT entries [147] -> 'It's a higher-evolved human conscience that was th...'
2025-11-09 17:17:51,225 [DEBUG] Merged segment 71: SRT entries [148] -> 'It's different than what the Annunaki created....'
2025-11-09 17:17:51,225 [DEBUG] Merged segment 72: SRT entries [149] -> 'Is it a mixture of different beings?...'
2025-11-09 17:17:51,225 [DEBUG] Merged segment 73: SRT entries [150] -> 'Where there Pleiadians, and Mantoids, and--...'
2025-11-09 17:17:51,225 [DEBUG] Merged segment 74: SRT entries [151] -> 'She says yes....'
2025-11-09 17:17:51,225 [DEBUG] Merged segment 75: SRT entries [152] -> '--Lyrans, and they were all just having a big part...'
2025-11-09 17:17:51,225 [DEBUG] Merged segment 76: SRT entries [153, 154] -> 'She says yes, but there were also very select that...'
2025-11-09 17:17:51,225 [DEBUG] Merged segment 77: SRT entries [155, 156] -> 'But then things started to get mixed in an experim...'
2025-11-09 17:17:51,225 [DEBUG] Merged segment 78: SRT entries [157, 158] -> 'The Annunaki efforts evolved into a mating energet...'
2025-11-09 17:17:51,225 [DEBUG] Merged segment 79: SRT entries [159, 160] -> 'So did the Annunaki come after the Atlantean destr...'
2025-11-09 17:17:51,225 [DEBUG] Merged segment 80: SRT entries [161, 162] -> 'Was this great diluvian flood, was that a reaction...'
2025-11-09 17:17:51,225 [DEBUG] Merged segment 81: SRT entries [163, 164, 165] -> 'She's saying we think the Atlantean happened befor...'
2025-11-09 17:17:51,225 [DEBUG] Merged segment 82: SRT entries [166, 167, 168] -> 'And there seems to be a disconnect with the human ...'
2025-11-09 17:17:51,226 [DEBUG] Merged segment 83: SRT entries [169] -> 'There's a little bit different--...'
2025-11-09 17:17:51,226 [DEBUG] Merged segment 84: SRT entries [170] -> 'Energy?...'
2025-11-09 17:17:51,226 [DEBUG] Merged segment 85: SRT entries [171, 172] -> '--energy, and the dimensional frequency that that ...'
2025-11-09 17:17:51,226 [DEBUG] Merged segment 86: SRT entries [173, 174] -> 'What density was the Atlantean experience?...'
2025-11-09 17:17:51,226 [DEBUG] Merged segment 87: SRT entries [175] -> 'OK....'
2025-11-09 17:17:51,226 [DEBUG] Merged segment 88: SRT entries [176] -> 'She says it's the fifth dimension, fourth density....'
2025-11-09 17:17:51,226 [DEBUG] Merged segment 89: SRT entries [177] -> 'OK....'
2025-11-09 17:17:51,226 [DEBUG] Merged segment 90: SRT entries [178, 179] -> 'She's saying, part of the confusion could be the s...'
2025-11-09 17:17:51,226 [DEBUG] Merged segment 91: SRT entries [180, 181, 182] -> 'She's saying that the flood that we're speaking of...'
2025-11-09 17:17:51,226 [DEBUG] Merged segment 92: SRT entries [183] -> 'Oh, this is a second flood....'
2025-11-09 17:17:51,226 [DEBUG] Merged segment 93: SRT entries [184] -> 'There seems to be different floodings....'
2025-11-09 17:17:51,226 [DEBUG] Merged segment 94: SRT entries [185] -> 'The great deluge, she's saying, was intentional....'
2025-11-09 17:17:51,226 [DEBUG] Merged segment 95: SRT entries [186, 187] -> 'The flood that took out Atlantis, she's saying, wa...'
2025-11-09 17:17:51,226 [DEBUG] Merged segment 96: SRT entries [188, 189] -> 'And then there was another shifting later down the...'
2025-11-09 17:17:51,226 [DEBUG] Merged segment 97: SRT entries [190] -> 'Yeah....'
2025-11-09 17:17:51,226 [DEBUG] Merged segment 98: SRT entries [191, 192] -> 'She's just basically apologizing for the timelines...'
2025-11-09 17:17:51,226 [DEBUG] Merged segment 99: SRT entries [193, 194] -> 'But she understands it with the evolution of how t...'
2025-11-09 17:17:51,226 [DEBUG] Merged segment 100: SRT entries [195, 196, 197] -> 'She's saying that there were other things that hap...'
2025-11-09 17:17:51,226 [DEBUG] Merged segment 101: SRT entries [198] -> 'Chemical warfare, wars....'
2025-11-09 17:17:51,226 [DEBUG] Merged segment 102: SRT entries [199, 200, 201, 202, 203] -> 'The waters could be manipulated, but they weren't ...'
2025-11-09 17:17:51,226 [DEBUG] Merged segment 103: SRT entries [204, 205, 206] -> 'She says, in a linear format, it would be Atlantea...'
2025-11-09 17:17:51,226 [DEBUG] Merged segment 104: SRT entries [207] -> 'And the Earth changed and shifted accordingly....'
2025-11-09 17:17:51,226 [DEBUG] Merged segment 105: SRT entries [208] -> 'And the waters rose, and even the land shifted and...'
2025-11-09 17:17:51,226 [DEBUG] Merged segment 106: SRT entries [209] -> 'And then we could say that, for some time, Earth w...'
2025-11-09 17:17:51,226 [DEBUG] Merged segment 107: SRT entries [210] -> 'And that's when the Annunaki came....'
2025-11-09 17:17:51,226 [DEBUG] Merged segment 108: SRT entries [211] -> 'And they created the humanoid based on their needs...'
2025-11-09 17:17:51,226 [DEBUG] Merged segment 109: SRT entries [212, 213, 214, 215, 216, 217] -> 'And she says things began to spiral out of control...'
2025-11-09 17:17:51,226 [DEBUG] Merged segment 110: SRT entries [218] -> 'Mm-hm....'
2025-11-09 17:17:51,226 [DEBUG] Merged segment 111: SRT entries [219] -> 'So the Annunaki actually created the flood....'
2025-11-09 17:17:51,226 [DEBUG] Merged segment 112: SRT entries [220] -> 'She says yes....'
2025-11-09 17:17:51,226 [DEBUG] Merged segment 113: SRT entries [221, 222] -> 'Was this coming from the higher-ups because they S...'
2025-11-09 17:17:51,226 [DEBUG] Merged segment 114: SRT entries [223, 224] -> 'She says they didn't-- it was not an order....'
2025-11-09 17:17:51,226 [DEBUG] Merged segment 115: SRT entries [225, 226] -> 'They felt that a reset was necessary in order to u...'
2025-11-09 17:17:51,226 [DEBUG] Merged segment 116: SRT entries [227, 228, 229, 230] -> 'She's bringing me back to Atlantis, which is telli...'
2025-11-09 17:17:51,226 [DEBUG] Merged segment 117: SRT entries [231, 232] -> 'They didn't want to do that, so they decided, let'...'
2025-11-09 17:17:51,226 [DEBUG] Merged segment 118: SRT entries [233] -> 'And so they created this flooding area....'
2025-11-09 17:17:51,226 [DEBUG] Merged segment 119: SRT entries [234] -> 'OK, sorry....'
2025-11-09 17:17:51,226 [DEBUG] Merged segment 120: SRT entries [235] -> 'She's doing a lot more visuals than verbals....'
2025-11-09 17:17:51,226 [DEBUG] Merged segment 121: SRT entries [236, 237] -> 'She's showing me, though, that many were actually ...'
2025-11-09 17:17:51,226 [DEBUG] Merged segment 122: SRT entries [238, 239, 240] -> 'But they also felt like they were getting outnumbe...'
2025-11-09 17:17:51,226 [DEBUG] Merged segment 123: SRT entries [241, 242, 243] -> 'She says it basically, in their minds, was a reset...'
2025-11-09 17:17:51,226 [DEBUG] Merged segment 124: SRT entries [244, 245] -> 'But it still sounds like we're repeating ourselves...'
2025-11-09 17:17:51,226 [DEBUG] Merged segment 125: SRT entries [246] -> 'Yeah....'
2025-11-09 17:17:51,226 [DEBUG] Merged segment 126: SRT entries [247, 248] -> 'She says it's been very-- she says karmic....'
2025-11-09 17:17:51,226 [DEBUG] Merged segment 127: SRT entries [249] -> 'It's been very karmic....'
2025-11-09 17:17:51,226 [DEBUG] Merged segment 128: SRT entries [250] -> 'It sounds almost like "Groundhog Day."...'
2025-11-09 17:17:51,226 [DEBUG] Merged segment 129: SRT entries [251, 252] -> 'She says you cannot create a species and say, oh, ...'
2025-11-09 17:17:51,226 [DEBUG] Merged segment 130: SRT entries [253] -> 'Let's reset....'
2025-11-09 17:17:51,226 [DEBUG] Merged segment 131: SRT entries [254] -> 'She says, you cannot do this....'
2025-11-09 17:17:51,226 [DEBUG] Merged segment 132: SRT entries [255, 256, 257, 258] -> 'And so the creators-- the Annunaki that you call t...'
2025-11-09 17:17:51,226 [DEBUG] Merged segment 133: SRT entries [259] -> 'They must help them into higher consciousness....'
2025-11-09 17:17:51,226 [DEBUG] Merged segment 134: SRT entries [260] -> 'So they're our guides now....'
2025-11-09 17:17:51,226 [DEBUG] Merged segment 135: SRT entries [261] -> 'She says, many have stepped forward to try to help...'
2025-11-09 17:17:51,226 [DEBUG] Merged segment 136: SRT entries [262] -> 'Mm-hm....'
2025-11-09 17:17:51,226 [DEBUG] Merged segment 137: SRT entries [263, 264, 265] -> 'Does the Annunaki civilization that came initially...'
2025-11-09 17:17:51,226 [DEBUG] Merged segment 138: SRT entries [266] -> 'Fourth or fifth?...'
2025-11-09 17:17:51,226 [DEBUG] Merged segment 139: SRT entries [267] -> 'She says, not in the way that you would understand...'
2025-11-09 17:17:51,226 [DEBUG] Merged segment 140: SRT entries [268] -> 'It has surpassed....'
2025-11-09 17:17:51,226 [DEBUG] Merged segment 141: SRT entries [269] -> 'They have, she says, tried to help in many instanc...'
2025-11-09 17:17:51,226 [DEBUG] Merged segment 142: SRT entries [270] -> 'And they have evolved to be more light beings, in ...'
2025-11-09 17:17:51,226 [DEBUG] Merged segment 143: SRT entries [271, 272] -> 'They have stood by humanity on a larger scale, and...'
2025-11-09 17:17:51,226 [DEBUG] Merged segment 144: SRT entries [273] -> 'And for this, they have evolved greatly....'
2025-11-09 17:17:51,226 [DEBUG] Merged segment 145: SRT entries [274, 275] -> 'We would say that they are further in dimension th...'
2025-11-09 17:17:51,226 [DEBUG] Merged segment 146: SRT entries [276] -> 'Almost a collective?...'
2025-11-09 17:17:51,227 [DEBUG] Merged segment 147: SRT entries [277, 278] -> 'She says yes, but they still desire to help humani...'
2025-11-09 17:17:51,227 [DEBUG] Merged segment 148: SRT entries [279] -> 'Because their greatest desire is expansion as well...'
2025-11-09 17:17:51,227 [DEBUG] Merged segment 149: SRT entries [280, 281] -> 'It's been said that we have DNA from various speci...'
2025-11-09 17:17:51,227 [DEBUG] Merged segment 150: SRT entries [282] -> 'I'm sure there's many more....'
2025-11-09 17:17:51,227 [DEBUG] Merged segment 151: SRT entries [283, 284] -> 'Even Arcturian, and-- are all of these different t...'
2025-11-09 17:17:51,227 [DEBUG] Merged segment 152: SRT entries [285] -> 'Is that where we get it from?...'
2025-11-09 17:17:51,227 [DEBUG] Merged segment 153: SRT entries [286] -> 'Or did they take from these other--...'
2025-11-09 17:17:51,227 [DEBUG] Merged segment 154: SRT entries [287] -> 'She says they didn't take....'
2025-11-09 17:17:51,227 [DEBUG] Merged segment 155: SRT entries [288] -> 'Borrowed for other trades....'
2025-11-09 17:17:51,227 [DEBUG] Merged segment 156: SRT entries [289] -> 'Their DNA is not 100% your DNA....'
2025-11-09 17:17:51,227 [DEBUG] Merged segment 157: SRT entries [290, 291] -> 'Your DNA is unique in the fact that it comes from ...'
2025-11-09 17:17:51,227 [DEBUG] Merged segment 158: SRT entries [292, 293] -> 'And they knew that in order to create the perfect ...'
2025-11-09 17:17:51,227 [DEBUG] Merged segment 159: SRT entries [294] -> 'What was their goal?...'
2025-11-09 17:17:51,227 [DEBUG] Merged segment 160: SRT entries [295, 296] -> 'I keep hearing it sounds like it was more complica...'
2025-11-09 17:17:51,227 [DEBUG] Merged segment 161: SRT entries [297] -> 'She's saying conquering other worlds....'
2025-11-09 17:17:51,227 [DEBUG] Merged segment 162: SRT entries [298] -> 'I'm asking her to clarify what she means by that....'
2025-11-09 17:17:51,227 [DEBUG] Merged segment 163: SRT entries [299, 300, 301, 302] -> 'Being able to inhabit this world, and to conquer i...'
2025-11-09 17:17:51,227 [DEBUG] Merged segment 164: SRT entries [303] -> 'She says it wasn't meant to be negative....'
2025-11-09 17:17:51,227 [DEBUG] Merged segment 165: SRT entries [304, 305, 306] -> 'It's just to have a planet-- a dominionship, and t...'
2025-11-09 17:17:51,227 [DEBUG] Merged segment 166: SRT entries [307] -> 'It sounds almost Reptilian....'
2025-11-09 17:17:51,227 [DEBUG] Merged segment 167: SRT entries [308] -> 'Is that consciousness prevalent in the Anunnaki?...'
2025-11-09 17:17:51,227 [DEBUG] Merged segment 168: SRT entries [309] -> 'She's smiling....'
2025-11-09 17:17:51,227 [DEBUG] Merged segment 169: SRT entries [310] -> 'She says, it's not only Reptilian, but yes, you ar...'
2025-11-09 17:17:51,227 [DEBUG] Merged segment 170: SRT entries [311, 312] -> 'The Anunnaki are very-- kinship?...'
2025-11-09 17:17:51,227 [DEBUG] Merged segment 171: SRT entries [313] -> 'Very ruling-ship type....'
2025-11-09 17:17:51,227 [DEBUG] Merged segment 172: SRT entries [314, 315, 316] -> 'And they create and procreate based on the fact th...'
2025-11-09 17:17:51,227 [DEBUG] Merged segment 173: SRT entries [317] -> 'Heirs....'
2025-11-09 17:17:51,227 [DEBUG] Merged segment 174: SRT entries [318] -> 'Heirs to the kingdom....'
2025-11-09 17:17:51,227 [DEBUG] Merged segment 175: SRT entries [319] -> 'Yeah, in regions....'
2025-11-09 17:17:51,227 [DEBUG] Merged segment 176: SRT entries [320] -> 'And in this case, it was a planet....'
2025-11-09 17:17:51,227 [DEBUG] Merged segment 177: SRT entries [321] -> 'Mm-hm....'
2025-11-09 17:17:51,227 [DEBUG] Merged segment 178: SRT entries [322, 323] -> 'It sounds-- because that still has a hierarchy-typ...'
2025-11-09 17:17:51,227 [DEBUG] Merged segment 179: SRT entries [324, 325] -> 'It sounds like maybe the Anunnaki have moved beyon...'
2025-11-09 17:17:51,227 [DEBUG] Merged segment 180: SRT entries [326] -> 'She says we believe that they have....'
2025-11-09 17:17:51,227 [DEBUG] Merged segment 181: SRT entries [327, 328, 329] -> 'They are working hard to undo the mindsets and the...'
2025-11-09 17:17:51,227 [DEBUG] Merged segment 182: SRT entries [330, 331] -> 'She says, you do see yourselves often as hierarchi...'
2025-11-09 17:17:51,227 [DEBUG] Merged segment 183: SRT entries [332, 333] -> 'This comes from the Anunnaki, and they understand ...'
2025-11-09 17:17:51,227 [DEBUG] Merged segment 184: SRT entries [334, 335] -> 'She says, but there are benefits to having a hiera...'
2025-11-09 17:17:51,227 [DEBUG] Merged segment 185: SRT entries [336, 337] -> 'The key is to maintain that we are all unified, an...'
2025-11-09 17:17:51,227 [DEBUG] Merged segment 186: SRT entries [338, 339, 340] -> 'It sounds like, maybe because we have this Anunnak...'
2025-11-09 17:17:51,227 [DEBUG] Merged segment 187: SRT entries [341] -> 'She says you are very correct in believing this....'
2025-11-09 17:17:51,227 [DEBUG] Merged segment 188: SRT entries [342, 343] -> 'The Reptilians have a very compassionless perspect...'
2025-11-09 17:17:51,227 [DEBUG] Merged segment 189: SRT entries [344, 345] -> 'But keep in mind that the Anunnaki as a whole is n...'
2025-11-09 17:17:51,227 [DEBUG] Merged segment 190: SRT entries [346] -> 'They are-- she's saying a unique species....'
2025-11-09 17:17:51,227 [DEBUG] Merged segment 191: SRT entries [347] -> 'I'm asking her to pinpoint if I can get a region....'
2025-11-09 17:17:51,227 [DEBUG] Merged segment 192: SRT entries [348] -> 'Sounds almost Orion....'
2025-11-09 17:17:51,227 [DEBUG] Merged segment 193: SRT entries [349, 350, 351] -> 'I'm getting like a conglomerate of maybe just-- I ...'
2025-11-09 17:17:51,227 [DEBUG] Merged segment 194: SRT entries [352] -> 'Pleiadians....'
2025-11-09 17:17:51,227 [DEBUG] Merged segment 195: SRT entries [353] -> 'Yeah....'
2025-11-09 17:17:51,227 [DEBUG] Merged segment 196: SRT entries [354, 355] -> 'And I feel like they're working together, and that...'
2025-11-09 17:17:51,227 [DEBUG] Merged segment 197: SRT entries [356] -> 'And I even feel like there's Insectoids involved w...'
2025-11-09 17:17:51,227 [DEBUG] Merged segment 198: SRT entries [357, 358] -> 'So we have Reptilian, Insectoids, and the Humanoid...'
2025-11-09 17:17:51,227 [DEBUG] Merged segment 199: SRT entries [359] -> 'What are the Insectoids' roles in this mix?...'
2025-11-09 17:17:51,227 [DEBUG] Merged segment 200: SRT entries [360] -> 'Donating DNA....'
2025-11-09 17:17:51,227 [DEBUG] Merged segment 201: SRT entries [361] -> 'They helped with constructing the genome....'
2025-11-09 17:17:51,227 [DEBUG] Merged segment 202: SRT entries [362] -> 'They help with intuitive abilities....'
2025-11-09 17:17:51,227 [DEBUG] Merged segment 203: SRT entries [363, 364] -> 'The empathic and intuitive side of the human comes...'
2025-11-09 17:17:51,227 [DEBUG] Merged segment 204: SRT entries [365] -> 'The survival skills often come from the Reptoids....'
2025-11-09 17:17:51,227 [DEBUG] Merged segment 205: SRT entries [366, 367] -> 'And being able to, she says survive under harsh co...'
2025-11-09 17:17:51,227 [DEBUG] Merged segment 206: SRT entries [368] -> 'You need these things....'
2025-11-09 17:17:51,227 [DEBUG] Merged segment 207: SRT entries [369, 370] -> 'Even though they can often feel dense, you need th...'
2025-11-09 17:17:51,227 [DEBUG] Merged segment 208: SRT entries [371, 372] -> 'She's bringing me back to part of the question ear...'
2025-11-09 17:17:51,227 [DEBUG] Merged segment 209: SRT entries [373] -> 'When did they come in?...'
2025-11-09 17:17:51,227 [DEBUG] Merged segment 210: SRT entries [374, 375] -> 'At what point in our history did we allow that ene...'
2025-11-09 17:17:51,227 [DEBUG] Merged segment 211: SRT entries [376] -> 'OK....'
2025-11-09 17:17:51,228 [DEBUG] Merged segment 212: SRT entries [377, 378] -> 'OK, so she wants to talk about the hierarchy, beca...'
2025-11-09 17:17:51,228 [DEBUG] Merged segment 213: SRT entries [379] -> 'She's saying that all these beings understand hier...'
2025-11-09 17:17:51,228 [DEBUG] Merged segment 214: SRT entries [380] -> 'It's not just the Reptoid....'
2025-11-09 17:17:51,228 [DEBUG] Merged segment 215: SRT entries [381, 382, 383] -> 'Even the Pleiades understand that there must be so...'
2025-11-09 17:17:51,228 [DEBUG] Merged segment 216: SRT entries [384] -> 'Structure....'
2025-11-09 17:17:51,228 [DEBUG] Merged segment 217: SRT entries [385] -> 'Yeah....'
2025-11-09 17:17:51,228 [DEBUG] Merged segment 218: SRT entries [386, 387] -> 'She says it's not saying that others are greater o...'
2025-11-09 17:17:51,228 [DEBUG] Merged segment 219: SRT entries [388] -> 'It's just the way to keep organization....'
2025-11-09 17:17:51,228 [DEBUG] Merged segment 220: SRT entries [389, 390, 391, 392] -> 'She says, now, that being said, if the higher look...'
2025-11-09 17:17:51,228 [DEBUG] Merged segment 221: SRT entries [393, 394, 395, 396] -> 'But let me talk about timeline first, and then I c...'
2025-11-09 17:17:51,228 [DEBUG] Merged segment 222: SRT entries [397] -> 'Mm-hm....'
2025-11-09 17:17:51,228 [DEBUG] Merged segment 223: SRT entries [398] -> 'She says, let's call them the serpent species....'
2025-11-09 17:17:51,228 [DEBUG] Merged segment 224: SRT entries [399] -> 'Yes....'
2025-11-09 17:17:51,228 [DEBUG] Merged segment 225: SRT entries [400] -> 'OK....'
2025-11-09 17:17:51,228 [DEBUG] Merged segment 226: SRT entries [401, 402] -> 'But this doesn't necessarily mean that they are Re...'
2025-11-09 17:17:51,228 [DEBUG] Merged segment 227: SRT entries [403] -> 'It means that they are of the serpent star system....'
2025-11-09 17:17:51,228 [DEBUG] Merged segment 228: SRT entries [404] -> 'I'm asking her if it's like that Alpha Draconis....'
2025-11-09 17:17:51,228 [DEBUG] Merged segment 229: SRT entries [405] -> 'Right....'
2025-11-09 17:17:51,228 [DEBUG] Merged segment 230: SRT entries [406] -> 'She says yes, but it's also bigger....'
2025-11-09 17:17:51,228 [DEBUG] Merged segment 231: SRT entries [407] -> 'Something that the ancients knew of....'
2025-11-09 17:17:51,228 [DEBUG] Merged segment 232: SRT entries [408] -> 'They called it the serpent star system, basically....'
2025-11-09 17:17:51,228 [DEBUG] Merged segment 233: SRT entries [409, 410] -> 'And there was a serpent species because they came ...'
2025-11-09 17:17:51,228 [DEBUG] Merged segment 234: SRT entries [411, 412] -> 'I'm asking her to give me a linear time of when th...'
2025-11-09 17:17:51,228 [DEBUG] Merged segment 235: SRT entries [413, 414] -> 'And she's just showing me a lot of dragon stuff, a...'
2025-11-09 17:17:51,228 [DEBUG] Merged segment 236: SRT entries [415] -> 'Let's see if I can get her to give me numbers....'
2025-11-09 17:17:51,228 [DEBUG] Merged segment 237: SRT entries [416, 417] -> 'She's not giving me a time period of when consciou...'
2025-11-09 17:17:51,228 [DEBUG] Merged segment 238: SRT entries [418, 419] -> 'I feel like it might be such a slow process that i...'
2025-11-09 17:17:51,228 [DEBUG] Merged segment 239: SRT entries [420] -> 'Sure, sure....'
2025-11-09 17:17:51,228 [DEBUG] Merged segment 240: SRT entries [421] -> 'Was the Annunaki intervention pre-dinosaur era, or...'
2025-11-09 17:17:51,228 [DEBUG] Merged segment 241: SRT entries [422] -> 'I want to say pre....'
2025-11-09 17:17:51,228 [DEBUG] Merged segment 242: SRT entries [423] -> 'She says, but it also depends on the regions....'
2025-11-09 17:17:51,228 [DEBUG] Merged segment 243: SRT entries [424, 425, 426] -> 'Some regions didn't inhabit the beings-- and she's...'
2025-11-09 17:17:51,228 [DEBUG] Merged segment 244: SRT entries [427, 428] -> 'And even then, more humans were able to occupy the...'
2025-11-09 17:17:51,228 [DEBUG] Merged segment 245: SRT entries [429] -> 'Mm-hm....'
2025-11-09 17:17:51,228 [DEBUG] Merged segment 246: SRT entries [430] -> 'So were dinosaurs more of human's natural evolutio...'
2025-11-09 17:17:51,228 [DEBUG] Merged segment 247: SRT entries [431, 432] -> 'Or was their genetic manipulation with the dinosau...'
2025-11-09 17:17:51,228 [DEBUG] Merged segment 248: SRT entries [433] -> 'OK, I'm asking her to slow down....'
2025-11-09 17:17:51,228 [DEBUG] Merged segment 249: SRT entries [434, 435, 436, 437, 438, 439] -> 'There was some natural evolution process with the ...'
2025-11-09 17:17:51,228 [DEBUG] Merged segment 250: SRT entries [440, 441, 442, 443] -> 'She says, and this is why we say that time periods...'
2025-11-09 17:17:51,228 [DEBUG] Merged segment 251: SRT entries [444, 445] -> 'And so the areas and the regions helped dictate th...'
2025-11-09 17:17:51,228 [DEBUG] Merged segment 252: SRT entries [446] -> 'Mm-hm....'
2025-11-09 17:17:51,228 [DEBUG] Merged segment 253: SRT entries [447] -> 'And I assume that's the same for humans too....'
2025-11-09 17:17:51,228 [DEBUG] Merged segment 254: SRT entries [448, 449] -> 'Different pockets of humans, different areas, coul...'
2025-11-09 17:17:51,228 [DEBUG] Merged segment 255: SRT entries [450] -> 'She says yes....'
2025-11-09 17:17:51,228 [DEBUG] Merged segment 256: SRT entries [451, 452, 453] -> 'That's very good to think that, because in differe...'
2025-11-09 17:17:51,228 [DEBUG] Merged segment 257: SRT entries [454, 455] -> 'In order for you to think, or to have the ability ...'
2025-11-09 17:17:51,228 [DEBUG] Merged segment 258: SRT entries [456] -> 'Mm-hm....'
2025-11-09 17:17:51,228 [DEBUG] Merged segment 259: SRT entries [457, 458, 459, 460, 461] -> 'So getting back to the Atlantean Annunaki karma, t...'
2025-11-09 17:17:51,228 [DEBUG] Merged segment 260: SRT entries [462] -> 'She says, we think that they are on the right path...'
2025-11-09 17:17:51,228 [DEBUG] Merged segment 261: SRT entries [463] -> 'Obviously, there is a little bit more to it....'
2025-11-09 17:17:51,228 [DEBUG] Merged segment 262: SRT entries [464, 465, 466] -> 'There were chemicals that were set forth to create...'
2025-11-09 17:17:51,228 [DEBUG] Merged segment 263: SRT entries [467] -> 'OK....'
2025-11-09 17:17:51,228 [DEBUG] Merged segment 264: SRT entries [468] -> '--in order to offset the species....'
2025-11-09 17:17:51,228 [DEBUG] Merged segment 265: SRT entries [469] -> 'To reset things a little bit?...'
2025-11-09 17:17:51,228 [DEBUG] Merged segment 266: SRT entries [470, 471] -> 'With the dinosaurs specifically is what she's show...'
2025-11-09 17:17:51,228 [DEBUG] Merged segment 267: SRT entries [472, 473] -> 'I feel like there's a couple different times when ...'
2025-11-09 17:17:51,228 [DEBUG] Merged segment 268: SRT entries [474] -> 'So maybe more than one extinction event....'
2025-11-09 17:17:51,228 [DEBUG] Merged segment 269: SRT entries [475] -> 'Yes....'
2025-11-09 17:17:51,228 [DEBUG] Merged segment 270: SRT entries [476] -> 'And this one doesn't seem to do with water....'
2025-11-09 17:17:51,228 [DEBUG] Merged segment 271: SRT entries [477] -> 'It seems to do more with gases and fire....'
2025-11-09 17:17:51,228 [DEBUG] Merged segment 272: SRT entries [478, 479] -> 'There's a lot of burning around the regions that s...'
2025-11-09 17:17:51,228 [DEBUG] Merged segment 273: SRT entries [480, 481, 482, 483] -> 'And I understand that all this is for different ev...'
2025-11-09 17:17:51,228 [DEBUG] Merged segment 274: SRT entries [484, 485] -> 'Why does the Earth itself need to have all this st...'
2025-11-09 17:17:51,228 [DEBUG] Merged segment 275: SRT entries [486] -> 'What is it getting out of all this?...'
2025-11-09 17:17:51,229 [DEBUG] Merged segment 276: SRT entries [487, 488, 489, 490] -> 'She's saying that it just has to go through its ow...'
2025-11-09 17:17:51,229 [DEBUG] Merged segment 277: SRT entries [491, 492] -> 'Strain and division, these kind of things, it's ju...'
2025-11-09 17:17:51,229 [DEBUG] Merged segment 278: SRT entries [493] -> 'Sure....'
2025-11-09 17:17:51,229 [DEBUG] Merged segment 279: SRT entries [494] -> 'It isn't to hurt Gaia, she says....'
2025-11-09 17:17:51,229 [DEBUG] Merged segment 280: SRT entries [495, 496] -> 'It's to help it transition, and to reach into high...'
2025-11-09 17:17:51,229 [DEBUG] Merged segment 281: SRT entries [497] -> 'Many of other planets do the same....'
2025-11-09 17:17:51,229 [DEBUG] Merged segment 282: SRT entries [498] -> 'Mm-hm....'
2025-11-09 17:17:51,229 [DEBUG] Merged segment 283: SRT entries [499, 500, 501, 502] -> 'Just to go back to our history a little bit more, ...'
2025-11-09 17:17:51,229 [DEBUG] Merged segment 284: SRT entries [503] -> 'Loaning their DNA....'
2025-11-09 17:17:51,229 [DEBUG] Merged segment 285: SRT entries [504] -> 'What was their intention?...'
2025-11-09 17:17:51,229 [DEBUG] Merged segment 286: SRT entries [505, 506] -> 'What were, say, the Pleiades' intention, and Repti...'
2025-11-09 17:17:51,229 [DEBUG] Merged segment 287: SRT entries [507] -> 'Or Zeta....'
2025-11-09 17:17:51,229 [DEBUG] Merged segment 288: SRT entries [508] -> 'Do we have Zeta DNA?...'
2025-11-09 17:17:51,229 [DEBUG] Merged segment 289: SRT entries [509] -> 'She's saying no, not the Annunaki creation....'
2025-11-09 17:17:51,229 [DEBUG] Merged segment 290: SRT entries [510, 511] -> 'Perhaps in a roundabout way, as Zeta DNA can be sh...'
2025-11-09 17:17:51,229 [DEBUG] Merged segment 291: SRT entries [512, 513] -> 'But you have not been transplanted with their dire...'
2025-11-09 17:17:51,229 [DEBUG] Merged segment 292: SRT entries [514, 515] -> 'But there had been multiple experimentations on th...'
2025-11-09 17:17:51,229 [DEBUG] Merged segment 293: SRT entries [516] -> 'Oh, interesting....'
2025-11-09 17:17:51,229 [DEBUG] Merged segment 294: SRT entries [517, 518, 519, 520] -> 'She says, to answer the question about the DNA exc...'
2025-11-09 17:17:51,229 [DEBUG] Merged segment 295: SRT entries [521, 522, 523] -> 'For example, let's say that a family from the Plei...'
2025-11-09 17:17:51,229 [DEBUG] Merged segment 296: SRT entries [524] -> 'And a Reptilian would have an area....'
2025-11-09 17:17:51,229 [DEBUG] Merged segment 297: SRT entries [525] -> 'She says the Insectoids that we speak of, they wer...'
2025-11-09 17:17:51,229 [DEBUG] Merged segment 298: SRT entries [526] -> 'There was a mixture....'
2025-11-09 17:17:51,229 [DEBUG] Merged segment 299: SRT entries [527, 528] -> 'They were in agreement to divide, dominate, and to...'
2025-11-09 17:17:51,229 [DEBUG] Merged segment 300: SRT entries [529, 530] -> 'And this also remains still up into the galaxies a...'
2025-11-09 17:17:51,229 [DEBUG] Merged segment 301: SRT entries [531] -> 'It was a contract for, she says, like the souls....'
2025-11-09 17:17:51,229 [DEBUG] Merged segment 302: SRT entries [532] -> 'They agreed upon it....'
2025-11-09 17:17:51,229 [DEBUG] Merged segment 303: SRT entries [533] -> 'There was no good or bad....'
2025-11-09 17:17:51,229 [DEBUG] Merged segment 304: SRT entries [534] -> 'There was just-- she says it was almost like a big...'
2025-11-09 17:17:51,229 [DEBUG] Merged segment 305: SRT entries [535] -> 'Mm-hm....'
2025-11-09 17:17:51,229 [DEBUG] Merged segment 306: SRT entries [536, 537] -> 'So to create a place, a meeting ground to mix the ...'
2025-11-09 17:17:51,229 [DEBUG] Merged segment 307: SRT entries [538] -> 'Yeah, well, what's the intent?...'
2025-11-09 17:17:51,229 [DEBUG] Merged segment 308: SRT entries [539] -> 'The intent, she says, to create....'
2025-11-09 17:17:51,229 [DEBUG] Merged segment 309: SRT entries [540] -> 'Just to create....'
2025-11-09 17:17:51,229 [DEBUG] Merged segment 310: SRT entries [541] -> 'Just to be godlike, to create something....'
2025-11-09 17:17:51,229 [DEBUG] Merged segment 311: SRT entries [542] -> 'But they needed other DNA....'
2025-11-09 17:17:51,229 [DEBUG] Merged segment 312: SRT entries [543, 544] -> 'They couldn't do it solely with one DNA on the sur...'
2025-11-09 17:17:51,229 [DEBUG] Merged segment 313: SRT entries [545] -> 'It wasn't applicable....'
2025-11-09 17:17:51,229 [DEBUG] Merged segment 314: SRT entries [546, 547] -> 'So the Earth environment itself is pretty unique, ...'
2025-11-09 17:17:51,229 [DEBUG] Merged segment 315: SRT entries [548] -> 'She says, in this instance, yes....'
2025-11-09 17:17:51,229 [DEBUG] Merged segment 316: SRT entries [549] -> 'They needed multiple types of DNA....'
2025-11-09 17:17:51,229 [DEBUG] Merged segment 317: SRT entries [550] -> 'Even mammalian....'
2025-11-09 17:17:51,229 [DEBUG] Merged segment 318: SRT entries [551] -> 'Mammalian was used....'
2025-11-09 17:17:51,229 [DEBUG] Merged segment 319: SRT entries [552, 553] -> 'But it was understood that only-- she's showing me...'
2025-11-09 17:17:51,229 [DEBUG] Merged segment 320: SRT entries [554, 555] -> 'That there would only be a certain group of leader...'
2025-11-09 17:17:51,229 [DEBUG] Merged segment 321: SRT entries [556] -> 'So they did the exchange accordingly....'
2025-11-09 17:17:51,229 [DEBUG] Merged segment 322: SRT entries [557, 558, 559, 560] -> 'She's saying that part of also the exchange was fo...'
2025-11-09 17:17:51,229 [DEBUG] Merged segment 323: SRT entries [561] -> 'The regions would be protected....'
2025-11-09 17:17:51,229 [DEBUG] Merged segment 324: SRT entries [562] -> 'Yeah....'
2025-11-09 17:17:51,229 [DEBUG] Merged segment 325: SRT entries [563] -> 'Right....'
2025-11-09 17:17:51,229 [DEBUG] Merged segment 326: SRT entries [564, 565] -> 'I feel like I-- she's showing me a lot of dolphins...'
2025-11-09 17:17:51,229 [DEBUG] Merged segment 327: SRT entries [566, 567] -> 'They were not to dominate the waters in the way th...'
2025-11-09 17:17:51,229 [DEBUG] Merged segment 328: SRT entries [568] -> 'And for that, they could exchange DNA....'
2025-11-09 17:17:51,229 [DEBUG] Merged segment 329: SRT entries [569] -> 'So there were these contracts and agreements....'
2025-11-09 17:17:51,229 [DEBUG] Merged segment 330: SRT entries [570] -> 'So that would be the Sirian energy?...'
2025-11-09 17:17:51,229 [DEBUG] Merged segment 331: SRT entries [571] -> 'She says yes....'
2025-11-09 17:17:51,229 [DEBUG] Merged segment 332: SRT entries [572] -> 'OK....'
2025-11-09 17:17:51,229 [DEBUG] Merged segment 333: SRT entries [573] -> 'So where are we going with all this?...'
2025-11-09 17:17:51,229 [DEBUG] Merged segment 334: SRT entries [574, 575] -> '[CHUCKLES] What's next?...'
2025-11-09 17:17:51,229 [DEBUG] Merged segment 335: SRT entries [576] -> 'So why is this so important?...'
2025-11-09 17:17:51,229 [DEBUG] Merged segment 336: SRT entries [577, 578] -> 'Why is it so important that we have this galactic ...'
2025-11-09 17:17:51,229 [DEBUG] Merged segment 337: SRT entries [579, 580, 581] -> 'She says, well, for one case, for one thing that w...'
2025-11-09 17:17:51,229 [DEBUG] Merged segment 338: SRT entries [582, 583, 584] -> 'The serpent species has been termed as the evil, t...'
2025-11-09 17:17:51,229 [DEBUG] Merged segment 339: SRT entries [585, 586, 587] -> 'She says, but what you have are individual conscio...'
2025-11-09 17:17:51,229 [DEBUG] Merged segment 340: SRT entries [588] -> 'And they get blamed for--...'
2025-11-09 17:17:51,229 [DEBUG] Merged segment 341: SRT entries [589] -> 'She says yes....'
2025-11-09 17:17:51,229 [DEBUG] Merged segment 342: SRT entries [590, 591, 592] -> 'Basically to-- she says, we want to go back to the...'
2025-11-09 17:17:51,230 [DEBUG] Merged segment 343: SRT entries [593, 594, 595] -> 'The serpent species also has beings that have used...'
2025-11-09 17:17:51,230 [DEBUG] Merged segment 344: SRT entries [596] -> 'But they don't look like reptiles....'
2025-11-09 17:17:51,230 [DEBUG] Merged segment 345: SRT entries [597, 598] -> 'So basically, we've pinned the reptile as the bad,...'
2025-11-09 17:17:51,230 [DEBUG] Merged segment 346: SRT entries [599] -> 'Of course, because that's what we look like....'
2025-11-09 17:17:51,230 [DEBUG] Merged segment 347: SRT entries [600] -> 'Yeah....'
2025-11-09 17:17:51,230 [DEBUG] Merged segment 348: SRT entries [601] -> '[CHUCKLING] We're good, you're bad....'
2025-11-09 17:17:51,230 [DEBUG] Merged segment 349: SRT entries [602] -> 'Anything that looks different....'
2025-11-09 17:17:51,230 [DEBUG] Merged segment 350: SRT entries [603] -> 'But I almost feel like they were good, so to speak...'
2025-11-09 17:17:51,230 [DEBUG] Merged segment 351: SRT entries [604] -> 'They were trying to be creator gods....'
2025-11-09 17:17:51,230 [DEBUG] Merged segment 352: SRT entries [605, 606, 607] -> 'And other species from the serpent species used th...'
2025-11-09 17:17:51,230 [DEBUG] Merged segment 353: SRT entries [608] -> 'Using an archetype is only going back so far....'
2025-11-09 17:17:51,230 [DEBUG] Merged segment 354: SRT entries [609] -> 'It sounds like there's more to the story than just...'
2025-11-09 17:17:51,230 [DEBUG] Merged segment 355: SRT entries [610] -> 'She says yes....'
2025-11-09 17:17:51,230 [DEBUG] Merged segment 356: SRT entries [611, 612] -> 'Consider once again the part of your question wher...'
2025-11-09 17:17:51,230 [DEBUG] Merged segment 357: SRT entries [613, 614] -> 'They are survival, but their DNA is key in the pla...'
2025-11-09 17:17:51,230 [DEBUG] Merged segment 358: SRT entries [615, 616, 617] -> 'And so when you consider this, you consider that t...'
2025-11-09 17:17:51,230 [DEBUG] Merged segment 359: SRT entries [618] -> 'Absolutely....'
2025-11-09 17:17:51,230 [DEBUG] Merged segment 360: SRT entries [619, 620] -> 'She's saying, also consider what we speak of the s...'
2025-11-09 17:17:51,230 [DEBUG] Merged segment 361: SRT entries [621, 622, 623, 624] -> 'And also, when you do your research, go back and f...'
2025-11-09 17:17:51,230 [DEBUG] Merged segment 362: SRT entries [625, 626] -> 'She says, see if you can't tap in and see the visu...'
2025-11-09 17:17:51,230 [DEBUG] Merged segment 363: SRT entries [627] -> 'Some look, she says, more mammalian....'
2025-11-09 17:17:51,230 [DEBUG] Merged segment 364: SRT entries [628] -> 'All kinds....'
2025-11-09 17:17:51,230 [DEBUG] Merged segment 365: SRT entries [629] -> 'All kinds, she says....'
2025-11-09 17:17:51,230 [DEBUG] Merged segment 366: SRT entries [630] -> 'Even some bird....'
2025-11-09 17:17:51,230 [DEBUG] Merged segment 367: SRT entries [631] -> 'Yeah....'
2025-11-09 17:17:51,230 [DEBUG] Merged segment 368: SRT entries [632, 633] -> 'They represent the Reptilian agenda that you now r...'
2025-11-09 17:17:51,230 [DEBUG] Merged segment 369: SRT entries [634] -> 'The conquering the human consciousness....'
2025-11-09 17:17:51,230 [DEBUG] Merged segment 370: SRT entries [635] -> 'And so when you hear Reptilian, this is what you t...'
2025-11-09 17:17:51,230 [DEBUG] Merged segment 371: SRT entries [636, 637] -> 'When you hear serpent, you think, oh, the Reptilia...'
2025-11-09 17:17:51,230 [DEBUG] Merged segment 372: SRT entries [638] -> 'But the serpent species is actually a broader idea...'
2025-11-09 17:17:51,230 [DEBUG] Merged segment 373: SRT entries [639, 640] -> 'Well, we do know, in our own evolution, how birds ...'
2025-11-09 17:17:51,230 [DEBUG] Merged segment 374: SRT entries [641] -> 'The Avians are quite close in the family....'
2025-11-09 17:17:51,230 [DEBUG] Merged segment 375: SRT entries [642, 643, 644] -> 'But my understanding is that the Pleiadians have a...'
2025-11-09 17:17:51,230 [DEBUG] Merged segment 376: SRT entries [645] -> 'She says they do....'
2025-11-09 17:17:51,230 [DEBUG] Merged segment 377: SRT entries [646] -> 'They do....'
2025-11-09 17:17:51,230 [DEBUG] Merged segment 378: SRT entries [647] -> 'And remember, they work together....'
2025-11-09 17:17:51,230 [DEBUG] Merged segment 379: SRT entries [648] -> 'They understand one another....'
2025-11-09 17:17:51,230 [DEBUG] Merged segment 380: SRT entries [649, 650] -> 'OK, so she's showing me some visuals of the Pleiad...'
2025-11-09 17:17:51,230 [DEBUG] Merged segment 381: SRT entries [651, 652, 653] -> 'They sort of-- I'm getting spacey because-- OK, sh...'
2025-11-09 17:17:51,230 [DEBUG] Merged segment 382: SRT entries [654] -> 'Hold on....'
2025-11-09 17:17:51,230 [DEBUG] Merged segment 383: SRT entries [655] -> 'Mm-hm....'
2025-11-09 17:17:51,230 [DEBUG] Merged segment 384: SRT entries [656, 657, 658] -> 'They were the first advocates of one male, several...'
2025-11-09 17:17:51,230 [DEBUG] Merged segment 385: SRT entries [659, 660] -> 'This came from your Orion star system, but it has ...'
2025-11-09 17:17:51,230 [DEBUG] Merged segment 386: SRT entries [661, 662, 663] -> 'But that which you call God came from this sort of...'
2025-11-09 17:17:51,230 [DEBUG] Merged segment 387: SRT entries [664] -> 'Can you back up and explain that what we call God?...'
2025-11-09 17:17:51,230 [DEBUG] Merged segment 388: SRT entries [665] -> 'You mean the male figure of God?...'
2025-11-09 17:17:51,230 [DEBUG] Merged segment 389: SRT entries [666] -> 'Yes....'
2025-11-09 17:17:51,230 [DEBUG] Merged segment 390: SRT entries [667] -> 'OK....'
2025-11-09 17:17:51,230 [DEBUG] Merged segment 391: SRT entries [668] -> 'Basically, she says, like, Abrahamic covenant....'
2025-11-09 17:17:51,230 [DEBUG] Merged segment 392: SRT entries [669] -> 'OK....'
2025-11-09 17:17:51,230 [DEBUG] Merged segment 393: SRT entries [670, 671, 672, 673, 674] -> 'That idea of God, the image of God, she's saying t...'
2025-11-09 17:17:51,230 [DEBUG] Merged segment 394: SRT entries [675, 676] -> 'The rulingship of the man, basically, and passing ...'
2025-11-09 17:17:51,230 [DEBUG] Merged segment 395: SRT entries [677, 678, 679, 680] -> 'She says, mainly, though, because also, a man can ...'
2025-11-09 17:17:51,230 [DEBUG] Merged segment 396: SRT entries [681] -> 'And he can pass down his lineage and his ideas tha...'
2025-11-09 17:17:51,230 [DEBUG] Merged segment 397: SRT entries [682] -> 'But that comes from not necessarily Reptilian....'
2025-11-09 17:17:51,230 [DEBUG] Merged segment 398: SRT entries [683] -> 'She's saying, that's an Orion energy....'
2025-11-09 17:17:51,230 [DEBUG] Merged segment 399: SRT entries [684] -> 'She says, not saying that we live like that here....'
2025-11-09 17:17:51,230 [DEBUG] Merged segment 400: SRT entries [685, 686] -> 'We're just saying that that was incorporated with ...'
2025-11-09 17:17:51,230 [DEBUG] Merged segment 401: SRT entries [687] -> 'It was part of our DNA....'
2025-11-09 17:17:51,230 [DEBUG] Merged segment 402: SRT entries [688] -> 'Yeah....'
2025-11-09 17:17:51,230 [DEBUG] Merged segment 403: SRT entries [689] -> 'That we carry that energy....'
2025-11-09 17:17:51,230 [DEBUG] Merged segment 404: SRT entries [690] -> 'And I guess we're working through that....'
2025-11-09 17:17:51,230 [DEBUG] Merged segment 405: SRT entries [691, 692, 693] -> 'And it's not serving us anymore, so we're evolving...'
2025-11-09 17:17:51,230 [DEBUG] Merged segment 406: SRT entries [694] -> '[CHUCKLES]...'
2025-11-09 17:17:51,230 [DEBUG] Merged segment 407: SRT entries [695] -> 'She says you're moving past the rulingship....'
2025-11-09 17:17:51,230 [DEBUG] Merged segment 408: SRT entries [696, 697, 698, 699, 700] -> 'There is still the idea behind a man being able to...'
2025-11-09 17:17:51,231 [DEBUG] Merged segment 409: SRT entries [701, 702, 703, 704, 705] -> 'She's saying, but it also all goes back to your or...'
2025-11-09 17:17:51,231 [DEBUG] Merged segment 410: SRT entries [706] -> 'She says it's not necessarily--...'
2025-11-09 17:17:51,231 [DEBUG] Merged segment 411: SRT entries [707] -> 'OK....'
2025-11-09 17:17:51,231 [DEBUG] Merged segment 412: SRT entries [708, 709, 710] -> 'Yeah, I understand now what she's trying to convey...'
2025-11-09 17:17:51,231 [DEBUG] Merged segment 413: SRT entries [711, 712, 713, 714] -> 'And sounds like that's-- there's some aspects of t...'
2025-11-09 17:17:51,231 [DEBUG] Merged segment 414: SRT entries [715, 716] -> 'But my understanding of that Reptilian archetype a...'
2025-11-09 17:17:51,231 [DEBUG] Merged segment 415: SRT entries [717, 718] -> 'And then I've also understood that the Pleiadians ...'
2025-11-09 17:17:51,231 [DEBUG] Merged segment 416: SRT entries [719, 720] -> 'And the merging of the two, the Annunaki, and then...'
2025-11-09 17:17:51,231 [DEBUG] Merged segment 417: SRT entries [721] -> 'She says, that is true....'
2025-11-09 17:17:51,231 [DEBUG] Merged segment 418: SRT entries [722, 723, 724] -> 'One thing to note, though, is that the male side i...'
2025-11-09 17:17:51,231 [DEBUG] Merged segment 419: SRT entries [725, 726] -> 'And that can take on that feminine side, but also ...'
2025-11-09 17:17:51,231 [DEBUG] Merged segment 420: SRT entries [727, 728, 729] -> 'The feminine side of the Reptilian, she says, is g...'
2025-11-09 17:17:51,231 [DEBUG] Merged segment 421: SRT entries [730] -> 'Those type of things....'
2025-11-09 17:17:51,231 [DEBUG] Merged segment 422: SRT entries [731, 732] -> 'Creating a better lifestyle for communities with t...'
2025-11-09 17:17:51,231 [DEBUG] Merged segment 423: SRT entries [733] -> 'So there is a little bit of both that is different...'
2025-11-09 17:17:51,231 [DEBUG] Merged segment 424: SRT entries [734, 735, 736] -> 'But we have interpreted the male energy is dominan...'
2025-11-09 17:17:51,231 [DEBUG] Merged segment 425: SRT entries [737] -> 'It's what we experienced here....'
2025-11-09 17:17:51,231 [DEBUG] Merged segment 426: SRT entries [738] -> 'Or at least our history and what we remember so fa...'
2025-11-09 17:17:51,231 [DEBUG] Merged segment 427: SRT entries [739, 740, 741] -> 'So I'm assuming as we uncover our history, we can ...'
2025-11-09 17:17:51,231 [DEBUG] Merged segment 428: SRT entries [742] -> 'She says yes....'
2025-11-09 17:17:51,231 [DEBUG] Merged segment 429: SRT entries [743, 744, 745] -> 'She says, one more thing to add is the serpent spe...'
2025-11-09 17:17:51,231 [DEBUG] Merged segment 430: SRT entries [746, 747] -> 'The Orion side, they understand that, and they all...'
2025-11-09 17:17:51,231 [DEBUG] Merged segment 431: SRT entries [748, 749] -> 'But they also know how to-- she says mask it in a ...'
2025-11-09 17:17:51,231 [DEBUG] Merged segment 432: SRT entries [750, 751, 752] -> 'But there still is a bit of a masculine side that ...'
2025-11-09 17:17:51,231 [DEBUG] Merged segment 433: SRT entries [753, 754, 755, 756] -> 'Again, where we're going with all this, getting ba...'
2025-11-09 17:17:51,231 [DEBUG] Merged segment 434: SRT entries [757] -> 'She says yes....'
2025-11-09 17:17:51,231 [DEBUG] Merged segment 435: SRT entries [758, 759, 760] -> 'That is key to, say, teaching, because you have en...'
2025-11-09 17:17:51,231 [DEBUG] Merged segment 436: SRT entries [761, 762, 763] -> 'And now that you are fully awakening and becoming ...'
2025-11-09 17:17:51,231 [DEBUG] Merged segment 437: SRT entries [764, 765] -> 'So in a sense, it has been very beneficial for you...'
2025-11-09 17:17:51,231 [DEBUG] Merged segment 438: SRT entries [766, 767] -> 'It has been-- she says, what we have called an exc...'
2025-11-09 17:17:51,231 [DEBUG] Merged segment 439: SRT entries [768] -> 'Mm....'
2025-11-09 17:17:51,231 [DEBUG] Merged segment 440: SRT entries [769, 770, 771, 772] -> 'And these other races that are part of us that are...'
2025-11-09 17:17:51,231 [DEBUG] Merged segment 441: SRT entries [773] -> 'She says yes....'
2025-11-09 17:17:51,231 [DEBUG] Merged segment 442: SRT entries [774] -> 'Yes....'
2025-11-09 17:17:51,231 [DEBUG] Merged segment 443: SRT entries [775, 776] -> 'They've realized a lot of their mistakes because o...'
2025-11-09 17:17:51,231 [DEBUG] Merged segment 444: SRT entries [777, 778, 779] -> 'And they have evolved because of it, because they ...'
2025-11-09 17:17:51,231 [DEBUG] Merged segment 445: SRT entries [780, 781, 782, 783] -> 'She says, initially, it was done to protect the hu...'
2025-11-09 17:17:51,231 [DEBUG] Merged segment 446: SRT entries [784, 785] -> 'But of course, things transpired the way they did,...'
2025-11-09 17:17:51,231 [DEBUG] Merged segment 447: SRT entries [786] -> 'And they see both perspectives....'
2025-11-09 17:17:51,231 [DEBUG] Merged segment 448: SRT entries [787] -> 'And that is important in expansion....'
2025-11-09 17:17:51,231 [DEBUG] Merged segment 449: SRT entries [788, 789] -> 'When you say beings took over consciousness, is th...'
2025-11-09 17:17:51,231 [DEBUG] Merged segment 450: SRT entries [790] -> 'Yes....'
2025-11-09 17:17:51,231 [DEBUG] Merged segment 451: SRT entries [791, 792, 793] -> 'She says it's back into the serpent race, which is...'
2025-11-09 17:17:51,231 [DEBUG] Merged segment 452: SRT entries [794, 795] -> 'And then now you have lower dimensional Reptilians...'
2025-11-09 17:17:51,231 [DEBUG] Merged segment 453: SRT entries [796] -> 'She didn't want me to limit it to that....'
2025-11-09 17:17:51,231 [DEBUG] Merged segment 454: SRT entries [797] -> 'But others that like to maintain control over the ...'
2025-11-09 17:17:51,231 [DEBUG] Merged segment 455: SRT entries [798, 799, 800] -> 'And because of the energy where we're at in our ev...'
2025-11-09 17:17:51,231 [DEBUG] Merged segment 456: SRT entries [801] -> 'She says yes....'
2025-11-09 17:17:51,231 [DEBUG] Merged segment 457: SRT entries [802] -> 'They understood the cycle of the planet....'
2025-11-09 17:17:51,231 [DEBUG] Merged segment 458: SRT entries [803, 804, 805] -> 'They understood that when the planet cycled in a p...'
2025-11-09 17:17:51,231 [DEBUG] Merged segment 459: SRT entries [806, 807, 808, 809, 810] -> 'And the Annunaki and higher beings of dimensions w...'
2025-11-09 17:17:51,231 [DEBUG] Merged segment 460: SRT entries [811] -> 'Everything was subconscious, she said, at that poi...'
2025-11-09 17:17:51,231 [DEBUG] Merged segment 461: SRT entries [812, 813] -> 'So almost like getting contact now, for many of us...'
2025-11-09 17:17:51,231 [DEBUG] Merged segment 462: SRT entries [814, 815] -> 'When things become too dense, then that's really t...'
2025-11-09 17:17:51,231 [DEBUG] Merged segment 463: SRT entries [816, 817, 818, 819] -> 'Where, maybe on some parts of the Earth, where the...'
2025-11-09 17:17:51,231 [DEBUG] Merged segment 464: SRT entries [820] -> 'She says yes....'
2025-11-09 17:17:51,231 [DEBUG] Merged segment 465: SRT entries [821, 822, 823, 824, 825] -> 'And also consider, there were several attempts bef...'
2025-11-09 17:17:51,231 [DEBUG] Merged segment 466: SRT entries [826] -> 'But the humans wouldn't allow it....'
2025-11-09 17:17:51,231 [DEBUG] Merged segment 467: SRT entries [827, 828] -> 'They still worshipped the gods that led them into ...'
2025-11-09 17:17:51,231 [DEBUG] Merged segment 468: SRT entries [829, 830] -> 'They still desired trade and money over spiritual ...'
2025-11-09 17:17:51,231 [DEBUG] Merged segment 469: SRT entries [831, 832] -> 'She says, so we were asked to leave by the conscio...'
2025-11-09 17:17:51,231 [DEBUG] Merged segment 470: SRT entries [833] -> 'So it was our own doing....'
2025-11-09 17:17:51,231 [DEBUG] Merged segment 471: SRT entries [834] -> 'Wasn't an outside source....'
2025-11-09 17:17:51,231 [DEBUG] Merged segment 472: SRT entries [835] -> 'I mean, it wasn't out--...'
2025-11-09 17:17:51,231 [DEBUG] Merged segment 473: SRT entries [836] -> 'She says, in a sense, but you had helped to push y...'
2025-11-09 17:17:51,231 [DEBUG] Merged segment 474: SRT entries [837] -> 'You had the choice all along, though....'
2025-11-09 17:17:51,232 [DEBUG] Merged segment 475: SRT entries [838] -> 'Sure....'
2025-11-09 17:17:51,232 [DEBUG] Merged segment 476: SRT entries [839, 840] -> 'Do we always have-- we always have that choice ini...'
2025-11-09 17:17:51,232 [DEBUG] Merged segment 477: SRT entries [841] -> 'She says yes, but it can be very, very difficult....'
2025-11-09 17:17:51,232 [DEBUG] Merged segment 478: SRT entries [842, 843, 844, 845, 846] -> 'But now, it seems the choice-- that doorway has co...'
2025-11-09 17:17:51,232 [DEBUG] Merged segment 479: SRT entries [847] -> 'She says yes....'
2025-11-09 17:17:51,232 [DEBUG] Merged segment 480: SRT entries [848, 849] -> '--and make the shift the other direction, because ...'
2025-11-09 17:17:51,232 [DEBUG] Merged segment 481: SRT entries [850, 851] -> 'She says many of us are wanting and hoping to come...'
2025-11-09 17:17:51,232 [DEBUG] Merged segment 482: SRT entries [852, 853, 854, 855] -> 'And we're hoping that you remember that some part ...'
2025-11-09 17:17:51,232 [DEBUG] Merged segment 483: SRT entries [856, 857] -> 'Was the last gateway for this energy, was this bac...'
2025-11-09 17:17:51,232 [DEBUG] Merged segment 484: SRT entries [858] -> 'I feel like she's showing me Rome....'
2025-11-09 17:17:51,232 [DEBUG] Merged segment 485: SRT entries [859] -> 'There was a gateway in Rome, and--...'
2025-11-09 17:17:51,232 [DEBUG] Merged segment 486: SRT entries [860] -> 'In Rome....'
2025-11-09 17:17:51,232 [DEBUG] Merged segment 487: SRT entries [861] -> 'OK....'
2025-11-09 17:17:51,232 [DEBUG] Merged segment 488: SRT entries [862] -> 'Yeah....'
2025-11-09 17:17:51,232 [DEBUG] Merged segment 489: SRT entries [863, 864] -> 'I don't know what year's the are, but I feel like ...'
2025-11-09 17:17:51,232 [DEBUG] Merged segment 490: SRT entries [865] -> 'Brutus and Augustus, I think....'
2025-11-09 17:17:51,232 [DEBUG] Merged segment 491: SRT entries [866] -> 'Which is--...'
2025-11-09 17:17:51,232 [DEBUG] Merged segment 492: SRT entries [867] -> 'By the way, I totally failed history....'
2025-11-09 17:17:51,232 [DEBUG] Merged segment 493: SRT entries [868] -> '[CHUCKLING]...'
2025-11-09 17:17:51,232 [DEBUG] Merged segment 494: SRT entries [869] -> 'It's like 100 AD....'
2025-11-09 17:17:51,232 [DEBUG] Merged segment 495: SRT entries [870, 871] -> 'I think I know why I too, because I was just not i...'
2025-11-09 17:17:51,232 [DEBUG] Merged segment 496: SRT entries [872] -> 'Now it's interesting....'
2025-11-09 17:17:51,232 [DEBUG] Merged segment 497: SRT entries [873, 874, 875, 876, 877] -> 'I think, though, based on other channelings-- I'm ...'
2025-11-09 17:17:51,232 [DEBUG] Merged segment 498: SRT entries [878] -> 'Oh, OK. I see....'
2025-11-09 17:17:51,232 [DEBUG] Merged segment 499: SRT entries [879] -> 'Right....'
2025-11-09 17:17:51,232 [DEBUG] Merged segment 500: SRT entries [880, 881] -> 'And there was a lot of ET interaction at the time,...'
2025-11-09 17:17:51,232 [DEBUG] Merged segment 501: SRT entries [882, 883] -> 'And then shortly after that, there was the close o...'
2025-11-09 17:17:51,232 [DEBUG] Merged segment 502: SRT entries [884] -> 'Right....'
2025-11-09 17:17:51,232 [DEBUG] Merged segment 503: SRT entries [885, 886] -> 'And then probably prior to that would have been Eg...'
2025-11-09 17:17:51,232 [DEBUG] Merged segment 504: SRT entries [887] -> 'Yeah....'
2025-11-09 17:17:51,232 [DEBUG] Merged segment 505: SRT entries [888] -> 'And what role did the Buddha energy on the planet ...'
2025-11-09 17:17:51,232 [DEBUG] Merged segment 506: SRT entries [889, 890] -> 'Because that was slightly before Christ, but after...'
2025-11-09 17:17:51,232 [DEBUG] Merged segment 507: SRT entries [891] -> 'She says to bring peace....'
2025-11-09 17:17:51,232 [DEBUG] Merged segment 508: SRT entries [892] -> 'Peace within the self....'
2025-11-09 17:17:51,232 [DEBUG] Merged segment 509: SRT entries [893] -> 'Connection within the self....'
2025-11-09 17:17:51,232 [DEBUG] Merged segment 510: SRT entries [894] -> 'Also a preparation for what was to come....'
2025-11-09 17:17:51,232 [DEBUG] Merged segment 511: SRT entries [895, 896, 897] -> 'To be able to match up to what not only Christ con...'
2025-11-09 17:17:51,232 [DEBUG] Merged segment 512: SRT entries [898] -> 'Mm-hm....'
2025-11-09 17:17:51,232 [DEBUG] Merged segment 513: SRT entries [899] -> 'The one last loop....'
2025-11-09 17:17:51,232 [DEBUG] Merged segment 514: SRT entries [900] -> 'Could you--...'
2025-11-09 17:17:51,232 [DEBUG] Merged segment 515: SRT entries [901] -> 'She says like what we spoke of before....'
2025-11-09 17:17:51,232 [DEBUG] Merged segment 516: SRT entries [902, 903] -> 'Before that gateway was closing, they anticipated ...'
2025-11-09 17:17:51,232 [DEBUG] Merged segment 517: SRT entries [904, 905] -> 'So this was so-- it was like a pre-dimensional doo...'
2025-11-09 17:17:51,232 [DEBUG] Merged segment 518: SRT entries [906] -> 'Mm-hm....'
2025-11-09 17:17:51,232 [DEBUG] Merged segment 519: SRT entries [907] -> 'It sounds like it was a time for peace, and to pre...'
2025-11-09 17:17:51,232 [DEBUG] Merged segment 520: SRT entries [908] -> 'I see....'
2025-11-09 17:17:51,232 [DEBUG] Merged segment 521: SRT entries [909, 910] -> 'She says, to help turn off the program for moments...'
2025-11-09 17:17:51,232 [DEBUG] Merged segment 522: SRT entries [911] -> 'Mm....'
2025-11-09 17:17:51,232 [DEBUG] Merged segment 523: SRT entries [912, 913] -> 'And in the Tibetan energy, there's the Buddhist in...'
2025-11-09 17:17:51,232 [DEBUG] Merged segment 524: SRT entries [914, 915] -> 'But it seems like there's more ancient stuff going...'
2025-11-09 17:17:51,232 [DEBUG] Merged segment 525: SRT entries [916] -> 'What kind of gateway are we looking at there?...'
2025-11-09 17:17:51,232 [DEBUG] Merged segment 526: SRT entries [917] -> 'She's just showing me a lot of visuals with Africa...'
2025-11-09 17:17:51,232 [DEBUG] Merged segment 527: SRT entries [918] -> 'Oh, OK....'
2025-11-09 17:17:51,232 [DEBUG] Merged segment 528: SRT entries [919] -> 'I don't know how that correlates....'
2025-11-09 17:17:51,232 [DEBUG] Merged segment 529: SRT entries [920] -> 'Let me see if I can get her to just tell me....'
2025-11-09 17:17:51,232 [DEBUG] Merged segment 530: SRT entries [921, 922, 923] -> 'There just seems to be a correlation with some typ...'
2025-11-09 17:17:51,232 [DEBUG] Merged segment 531: SRT entries [924] -> 'I don't know....'
2025-11-09 17:17:51,232 [DEBUG] Merged segment 532: SRT entries [925] -> 'It might be beyond my library of understanding....'
2025-11-09 17:17:51,232 [DEBUG] Merged segment 533: SRT entries [926] -> 'Sure....'
2025-11-09 17:17:51,232 [DEBUG] Merged segment 534: SRT entries [927] -> 'Recently, we've uncovered the big temple in Gobekl...'
2025-11-09 17:17:51,232 [DEBUG] Merged segment 535: SRT entries [928] -> 'Turkey, I believe....'
2025-11-09 17:17:51,232 [DEBUG] Merged segment 536: SRT entries [929] -> 'Seems to be predating the Egyptian civilization....'
2025-11-09 17:17:51,232 [DEBUG] Merged segment 537: SRT entries [930] -> 'Where did that civilization go?...'
2025-11-09 17:17:51,232 [DEBUG] Merged segment 538: SRT entries [931] -> 'OK....'
2025-11-09 17:17:51,232 [DEBUG] Merged segment 539: SRT entries [932, 933] -> 'OK, so I got a lot of Grays, actually, that she's ...'
2025-11-09 17:17:51,232 [DEBUG] Merged segment 540: SRT entries [934, 935] -> 'There are reptilian-type beings that she's also sh...'
2025-11-09 17:17:51,232 [DEBUG] Merged segment 541: SRT entries [936] -> 'Very ancient....'
2025-11-09 17:17:51,232 [DEBUG] Merged segment 542: SRT entries [937, 938] -> 'The beings that she's showing me, they almost look...'
2025-11-09 17:17:51,233 [DEBUG] Merged segment 543: SRT entries [939, 940] -> 'Let's see if she can give me any other information...'
2025-11-09 17:17:51,233 [DEBUG] Merged segment 544: SRT entries [941] -> 'I heard-- she said something about facilitating co...'
2025-11-09 17:17:51,233 [DEBUG] Merged segment 545: SRT entries [942] -> 'Pyramids sit there--...'
2025-11-09 17:17:51,233 [DEBUG] Merged segment 546: SRT entries [943] -> 'That's what she said....'
2025-11-09 17:17:51,233 [DEBUG] Merged segment 547: SRT entries [944] -> 'I asked her, what was it for?...'
2025-11-09 17:17:51,233 [DEBUG] Merged segment 548: SRT entries [945] -> 'What was it?...'
2025-11-09 17:17:51,233 [DEBUG] Merged segment 549: SRT entries [946] -> 'A facilitating compound....'
2025-11-09 17:17:51,233 [DEBUG] Merged segment 550: SRT entries [947] -> 'I feel like they're trying to build something ther...'
2025-11-09 17:17:51,233 [DEBUG] Merged segment 551: SRT entries [948, 949] -> 'She's showing me that these beings are-- OK, so ho...'
2025-11-09 17:17:51,233 [DEBUG] Merged segment 552: SRT entries [950, 951] -> 'They are meeting together at this temple, and they...'
2025-11-09 17:17:51,233 [DEBUG] Merged segment 553: SRT entries [952] -> 'Almost like a meeting place....'
2025-11-09 17:17:51,233 [DEBUG] Merged segment 554: SRT entries [953] -> 'Very ancient....'
2025-11-09 17:17:51,233 [DEBUG] Merged segment 555: SRT entries [954] -> 'The beings are very ancient....'
2025-11-09 17:17:51,233 [DEBUG] Merged segment 556: SRT entries [955] -> 'You said it was pre-Egyptian?...'
2025-11-09 17:17:51,233 [DEBUG] Merged segment 557: SRT entries [956] -> 'Mm-hm....'
2025-11-09 17:17:51,233 [DEBUG] Merged segment 558: SRT entries [957] -> 'OK, that makes sense....'
2025-11-09 17:17:51,233 [DEBUG] Merged segment 559: SRT entries [958] -> 'Let's see if she can give me anything else about t...'
2025-11-09 17:17:51,233 [DEBUG] Merged segment 560: SRT entries [959, 960, 961] -> '[INDISTINCT WHISPERING] So facilitating with the c...'
2025-11-09 17:17:51,233 [DEBUG] Merged segment 561: SRT entries [962, 963, 964] -> 'Basically designed as almost a loop to gain cleare...'
2025-11-09 17:17:51,233 [DEBUG] Merged segment 562: SRT entries [965] -> 'A way of life....'
2025-11-09 17:17:51,233 [DEBUG] Merged segment 563: SRT entries [966] -> 'Even some mining, she's saying....'
2025-11-09 17:17:51,233 [DEBUG] Merged segment 564: SRT entries [967] -> 'It's using for mining....'
2025-11-09 17:17:51,233 [DEBUG] Merged segment 565: SRT entries [968, 969, 970] -> 'OK, so she's showing me that some animals were bro...'
2025-11-09 17:17:51,233 [DEBUG] Merged segment 566: SRT entries [971] -> 'She says, all kinds of things....'
2025-11-09 17:17:51,233 [DEBUG] Merged segment 567: SRT entries [972] -> 'This temple's very old....'
2025-11-09 17:17:51,233 [DEBUG] Merged segment 568: SRT entries [973] -> 'I asked if it was a spaceport of any kind....'
2025-11-09 17:17:51,233 [DEBUG] Merged segment 569: SRT entries [974, 975] -> 'She's saying no, that it was more of a place of co...'
2025-11-09 17:17:51,233 [DEBUG] Merged segment 570: SRT entries [976] -> 'I don't see any spacecrafts landing....'
2025-11-09 17:17:51,233 [DEBUG] Merged segment 571: SRT entries [977, 978] -> 'Was the Giza pyramid area, was that more of a star...'
2025-11-09 17:17:51,233 [DEBUG] Merged segment 572: SRT entries [979] -> 'She says yes....'
2025-11-09 17:17:51,233 [DEBUG] Merged segment 573: SRT entries [980] -> 'That's an energy gateway....'
2025-11-09 17:17:51,233 [DEBUG] Merged segment 574: SRT entries [981] -> 'OK....'
2025-11-09 17:17:51,233 [DEBUG] Merged segment 575: SRT entries [982] -> 'Different species coming in, and going, and doing ...'
2025-11-09 17:17:51,233 [DEBUG] Merged segment 576: SRT entries [983] -> 'She's saying one thing different....'
2025-11-09 17:17:51,233 [DEBUG] Merged segment 577: SRT entries [984] -> 'The pyramids had to interact and line up a certain...'
2025-11-09 17:17:51,233 [DEBUG] Merged segment 578: SRT entries [985] -> 'The one that you're speaking of--...'
2025-11-09 17:17:51,233 [DEBUG] Merged segment 579: SRT entries [986] -> 'Gobekli Tepe....'
2025-11-09 17:17:51,233 [DEBUG] Merged segment 580: SRT entries [987] -> 'Yeah....'
2025-11-09 17:17:51,233 [DEBUG] Merged segment 581: SRT entries [988] -> 'That didn't have to align perfectly....'
2025-11-09 17:17:51,233 [DEBUG] Merged segment 582: SRT entries [989] -> 'It was designed to be almost a direct communicatio...'
2025-11-09 17:17:51,233 [DEBUG] Merged segment 583: SRT entries [990] -> 'OK....'
2025-11-09 17:17:51,233 [DEBUG] Merged segment 584: SRT entries [991, 992] -> 'A communication device, but not a portal for physi...'
2025-11-09 17:17:51,233 [DEBUG] Merged segment 585: SRT entries [993, 994] -> 'She says it did have portal capabilities, but it w...'
2025-11-09 17:17:51,233 [DEBUG] Merged segment 586: SRT entries [995] -> 'Transcription device....'
2025-11-09 17:17:51,233 [DEBUG] Merged segment 587: SRT entries [996] -> 'Is transcription writing?...'
2025-11-09 17:17:51,233 [DEBUG] Merged segment 588: SRT entries [997] -> 'Yeah....'
2025-11-09 17:17:51,233 [DEBUG] Merged segment 589: SRT entries [998] -> 'I have transcribed....'
2025-11-09 17:17:51,233 [DEBUG] Merged segment 590: SRT entries [999] -> 'Yeah, to describe....'
2025-11-09 17:17:51,233 [DEBUG] Merged segment 591: SRT entries [1000] -> 'So they were probably getting information, and usi...'
2025-11-09 17:17:51,233 [DEBUG] Merged segment 592: SRT entries [1001] -> 'She's just showing me visuals....'
2025-11-09 17:17:51,233 [DEBUG] Merged segment 593: SRT entries [1002] -> 'There's not much else....'
2025-11-09 17:17:51,233 [DEBUG] Merged segment 594: SRT entries [1003] -> 'There's a big light coming from it, but....'
2025-11-09 17:17:51,233 [DEBUG] Merged segment 595: SRT entries [1004] -> 'Hm....'
2025-11-09 17:17:51,233 [DEBUG] Merged segment 596: SRT entries [1005] -> 'How about the Nazca South American area?...'
2025-11-09 17:17:51,233 [DEBUG] Merged segment 597: SRT entries [1006, 1007, 1008] -> 'We recently exca-- there's been some excavations a...'
2025-11-09 17:17:51,233 [DEBUG] Merged segment 598: SRT entries [1009] -> 'OK....'
2025-11-09 17:17:51,233 [DEBUG] Merged segment 599: SRT entries [1010, 1011] -> 'I'm asking if she can-- or if there's a being that...'
2025-11-09 17:17:51,233 [DEBUG] Merged segment 600: SRT entries [1012, 1013] -> 'Basically, the visuals that she was showing me wer...'
2025-11-09 17:17:51,233 [DEBUG] Merged segment 601: SRT entries [1014] -> 'And then beings were able to come through that....'
2025-11-09 17:17:51,234 [DEBUG] Merged segment 602: SRT entries [1015, 1016] -> 'OK, so she said they were also-- I feel like she's...'
2025-11-09 17:17:51,234 [DEBUG] Merged segment 603: SRT entries [1017] -> 'Back in the Annunaki days?...'
2025-11-09 17:17:51,234 [DEBUG] Merged segment 604: SRT entries [1018] -> 'Mm, that's not clear....'
2025-11-09 17:17:51,234 [DEBUG] Merged segment 605: SRT entries [1019] -> 'OK....'
2025-11-09 17:17:51,234 [DEBUG] Merged segment 606: SRT entries [1020, 1021, 1022] -> 'Based on what she was saying, there's something to...'
2025-11-09 17:17:51,234 [DEBUG] Merged segment 607: SRT entries [1023] -> 'Timelines, I'm not sure about....'
2025-11-09 17:17:51,234 [DEBUG] Merged segment 608: SRT entries [1024, 1025] -> 'I feel like they're earlier than-- she's showing m...'
2025-11-09 17:17:51,234 [DEBUG] Merged segment 609: SRT entries [1026, 1027] -> 'So there was different timelines for Aztec people,...'
2025-11-09 17:17:51,234 [DEBUG] Merged segment 610: SRT entries [1028] -> 'So I don't know how that all plays in to history....'
2025-11-09 17:17:51,234 [DEBUG] Merged segment 611: SRT entries [1029, 1030] -> 'I feel like she's even showing me that it's even b...'
2025-11-09 17:17:51,234 [DEBUG] Merged segment 612: SRT entries [1031] -> 'I feel like it's before-- yeah....'
2025-11-09 17:17:51,234 [DEBUG] Merged segment 613: SRT entries [1032] -> 'Even before the Annunaki came through?...'
2025-11-09 17:17:51,234 [DEBUG] Merged segment 614: SRT entries [1033] -> 'She says no....'
2025-11-09 17:17:51,234 [DEBUG] Merged segment 615: SRT entries [1034] -> 'Oh, OK....'
2025-11-09 17:17:51,234 [DEBUG] Merged segment 616: SRT entries [1035] -> 'Just right after, to assist the teleportation devi...'
2025-11-09 17:17:51,234 [DEBUG] Merged segment 617: SRT entries [1036] -> 'They were assisting the Annunaki?...'
2025-11-09 17:17:51,234 [DEBUG] Merged segment 618: SRT entries [1037] -> 'She says yes....'
2025-11-09 17:17:51,234 [DEBUG] Merged segment 619: SRT entries [1038, 1039, 1040] -> 'They were given land rights for assistance because...'
2025-11-09 17:17:51,234 [DEBUG] Merged segment 620: SRT entries [1041, 1042, 1043] -> 'She says, or we could even just say beings on the ...'
2025-11-09 17:17:51,234 [DEBUG] Merged segment 621: SRT entries [1044, 1045, 1046, 1047] -> 'There were other beings that could come, but the A...'
2025-11-09 17:17:51,234 [DEBUG] Merged segment 622: SRT entries [1048, 1049] -> 'But other beings were coming and going at that tim...'
2025-11-09 17:17:51,234 [DEBUG] Merged segment 623: SRT entries [1050, 1051, 1052] -> 'When did the quote unquote quarantine-- that, let'...'
2025-11-09 17:17:51,234 [DEBUG] Merged segment 624: SRT entries [1053] -> 'So she says that there are two parts to that quest...'
2025-11-09 17:17:51,234 [DEBUG] Merged segment 625: SRT entries [1054, 1055, 1056] -> 'She's saying that she's giving me the 1950s, 1960s...'
2025-11-09 17:17:51,234 [DEBUG] Merged segment 626: SRT entries [1057, 1058, 1059] -> 'But then, going back to where we could physically ...'
2025-11-09 17:17:51,234 [DEBUG] Merged segment 627: SRT entries [1060] -> 'Oh, so prior to the Roman era, there was more ET--...'
2025-11-09 17:17:51,234 [DEBUG] Merged segment 628: SRT entries [1061] -> 'Yeah....'
2025-11-09 17:17:51,234 [DEBUG] Merged segment 629: SRT entries [1062] -> 'So-- >> --traffic?...'
2025-11-09 17:17:51,234 [DEBUG] Merged segment 630: SRT entries [1063] -> 'Yeah....'
2025-11-09 17:17:51,234 [DEBUG] Merged segment 631: SRT entries [1064, 1065, 1066, 1067, 1068, 1069] -> '[CHUCKLING] So let me see if I can get her to-- ab...'
2025-11-09 17:17:51,234 [DEBUG] Merged segment 632: SRT entries [1070, 1071, 1072, 1073, 1074] -> 'She says, but when you speak of visitations from o...'
2025-11-09 17:17:51,234 [DEBUG] Merged segment 633: SRT entries [1075, 1076] -> 'Is that because we had such a flux of ET activity ...'
2025-11-09 17:17:51,234 [DEBUG] Merged segment 634: SRT entries [1077, 1078] -> 'I'm asking her why that is and she's showing me th...'
2025-11-09 17:17:51,234 [DEBUG] Merged segment 635: SRT entries [1079, 1080] -> 'She's showing me the president had some-- OK, ther...'
2025-11-09 17:17:51,234 [DEBUG] Merged segment 636: SRT entries [1081, 1082, 1083] -> 'She's showing me they basically-- I don't know how...'
2025-11-09 17:17:51,234 [DEBUG] Merged segment 637: SRT entries [1084, 1085] -> 'She's saying that Earth has been quarantined in di...'
2025-11-09 17:17:51,234 [DEBUG] Merged segment 638: SRT entries [1086, 1087, 1088, 1089] -> 'And because of what we spoke of prior, the light b...'
2025-11-09 17:17:51,234 [DEBUG] Merged segment 639: SRT entries [1090, 1091, 1092] -> 'And then, as you speak of other density beings tha...'
2025-11-09 17:17:51,234 [DEBUG] Merged segment 640: SRT entries [1093, 1094] -> 'And the threat was, if they continued, more chemic...'
2025-11-09 17:17:51,234 [DEBUG] Merged segment 641: SRT entries [1095, 1096] -> 'So it's kind of been a trade, then, on both sides ...'
2025-11-09 17:17:51,234 [DEBUG] Merged segment 642: SRT entries [1097] -> '[CHUCKLES]...'
2025-11-09 17:17:51,234 [DEBUG] Merged segment 643: SRT entries [1098] -> 'Mm-hm....'
2025-11-09 17:17:51,234 [DEBUG] Merged segment 644: SRT entries [1099] -> 'Interesting....'
2025-11-09 17:17:51,234 [DEBUG] Merged segment 645: SRT entries [1100] -> 'She says it was like, don't bother us....'
2025-11-09 17:17:51,234 [DEBUG] Merged segment 646: SRT entries [1101] -> 'If you do, more chemicals will be expelled....'
2025-11-09 17:17:51,234 [DEBUG] Merged segment 647: SRT entries [1102] -> 'I'm asking her how did that happen, though....'
2025-11-09 17:17:51,234 [DEBUG] Merged segment 648: SRT entries [1103] -> 'She just said communication lines....'
2025-11-09 17:17:51,234 [DEBUG] Merged segment 649: SRT entries [1104] -> 'However they're communicating....'
2025-11-09 17:17:51,234 [DEBUG] Merged segment 650: SRT entries [1105] -> 'You mean, how did these agreements come through?...'
2025-11-09 17:17:51,234 [DEBUG] Merged segment 651: SRT entries [1106] -> 'Yeah, as far as with our governments....'
2025-11-09 17:17:51,234 [DEBUG] Merged segment 652: SRT entries [1107] -> 'How did that all happen?...'
2025-11-09 17:17:51,234 [DEBUG] Merged segment 653: SRT entries [1108] -> 'She says through communication lines....'
2025-11-09 17:17:51,234 [DEBUG] Merged segment 654: SRT entries [1109, 1110] -> 'So I would assume that might not be face to face, ...'
2025-11-09 17:17:51,234 [DEBUG] Merged segment 655: SRT entries [1111] -> 'Sure, sure....'
2025-11-09 17:17:51,234 [DEBUG] Merged segment 656: SRT entries [1112, 1113] -> 'Now, more people are having experiences, and inter...'
2025-11-09 17:17:51,234 [DEBUG] Merged segment 657: SRT entries [1114] -> 'Are we at another gateway, or was 2012 one of thes...'
2025-11-09 17:17:51,234 [DEBUG] Merged segment 658: SRT entries [1115] -> 'OK, so she's nodding yes to 2012....'
2025-11-09 17:17:51,234 [DEBUG] Merged segment 659: SRT entries [1116] -> 'It was the start of the opening, she says....'
2025-11-09 17:17:51,235 [DEBUG] Merged segment 660: SRT entries [1117] -> 'The door knob turning and opening was what 2012 wa...'
2025-11-09 17:17:51,235 [DEBUG] Merged segment 661: SRT entries [1118] -> 'And now we are slowly pushing that door open more ...'
2025-11-09 17:17:51,235 [DEBUG] Merged segment 662: SRT entries [1119, 1120, 1121, 1122, 1123] -> 'And then she visually showed me the door opening w...'
2025-11-09 17:17:51,235 [DEBUG] Merged segment 663: SRT entries [1124, 1125] -> 'She says, and have contact and visual experiences ...'
2025-11-09 17:17:51,235 [DEBUG] Merged segment 664: SRT entries [1126] -> 'Can see tell us about the hybrid children?...'
2025-11-09 17:17:51,235 [DEBUG] Merged segment 665: SRT entries [1127, 1128, 1129] -> 'She says there are several different programs of h...'
2025-11-09 17:17:51,235 [DEBUG] Merged segment 666: SRT entries [1130] -> 'The Zetas?...'
2025-11-09 17:17:51,235 [DEBUG] Merged segment 667: SRT entries [1131, 1132] -> 'She says the Zeta star system has been incorporate...'
2025-11-09 17:17:51,235 [DEBUG] Merged segment 668: SRT entries [1133] -> 'They have not been so benevolent....'
2025-11-09 17:17:51,235 [DEBUG] Merged segment 669: SRT entries [1134, 1135, 1136, 1137, 1138, 1139, 1140] -> 'But yet they have brought many benefits to the hum...'
2025-11-09 17:17:51,235 [DEBUG] Merged segment 670: SRT entries [1141, 1142, 1143] -> 'What we have found is they are unable to reproduce...'
2025-11-09 17:17:51,235 [DEBUG] Merged segment 671: SRT entries [1144, 1145, 1146, 1147, 1148, 1149, 1150] -> 'In the future the exchange will also occur where.....'
2025-11-09 17:17:51,235 [DEBUG] Merged segment 672: SRT entries [1151, 1152] -> 'They don't understand the joy that humans can feel...'
2025-11-09 17:17:51,235 [DEBUG] Merged segment 673: SRT entries [1153, 1154] -> 'And in order to incorporate it they are using the ...'
2025-11-09 17:17:51,235 [DEBUG] Merged segment 674: SRT entries [1155] -> 'And that's the hybrid children?...'
2025-11-09 17:17:51,235 [DEBUG] Merged segment 675: SRT entries [1156] -> 'This is what the hybrid children will be like....'
2025-11-09 17:17:51,235 [DEBUG] Merged segment 676: SRT entries [1157, 1158, 1159, 1160] -> 'They she's saying they all they have done several ...'
2025-11-09 17:17:51,235 [DEBUG] Merged segment 677: SRT entries [1161, 1162, 1163] -> 'Initially, it wasn't so they were still trying to ...'
2025-11-09 17:17:51,235 [DEBUG] Merged segment 678: SRT entries [1164, 1165] -> 'They have established it now where they are able t...'
2025-11-09 17:17:51,235 [DEBUG] Merged segment 679: SRT entries [1166, 1167] -> 'So the human DNA was sort of a facilitator to conn...'
2025-11-09 17:17:51,235 [DEBUG] Merged segment 680: SRT entries [1168, 1169] -> 'She says, yes big time, because we have such a var...'
2025-11-09 17:17:51,235 [DEBUG] Merged segment 681: SRT entries [1170] -> 'Yeah....'
2025-11-09 17:17:51,235 [DEBUG] Merged segment 682: SRT entries [1171] -> 'But it always is in exchange for something....'
2025-11-09 17:17:51,235 [DEBUG] Merged segment 683: SRT entries [1172, 1173] -> 'She says we never will take unless there is a... ....'
2025-11-09 17:17:51,235 [DEBUG] Merged segment 684: SRT entries [1174] -> 'Sure, yeah, energy exchange....'
2025-11-09 17:17:51,235 [DEBUG] Merged segment 685: SRT entries [1175] -> 'Yeah....'
2025-11-09 17:17:51,235 [DEBUG] Merged segment 686: SRT entries [1176, 1177, 1178, 1179, 1180, 1181, 1182] -> 'Many people now claim to have interactions with th...'
2025-11-09 17:17:51,235 [DEBUG] Merged segment 687: SRT entries [1183, 1184] -> 'So and further our future, these type of interacti...'
2025-11-09 17:17:51,235 [DEBUG] Merged segment 688: SRT entries [1185, 1186, 1187, 1188, 1189, 1190] -> 'She's saying right now it is done consciously such...'
2025-11-09 17:17:51,235 [DEBUG] Merged segment 689: SRT entries [1191, 1192, 1193, 1194] -> 'This is partially why the hybridization program be...'
2025-11-09 17:17:51,235 [DEBUG] Merged segment 690: SRT entries [1195, 1196] -> 'How the timelines pan out - that is difficult to e...'
2025-11-09 17:17:51,235 [DEBUG] Merged segment 691: SRT entries [1197, 1198, 1199] -> 'What is it they perceive the quote Zetas to be lik...'
2025-11-09 17:17:51,235 [DEBUG] Merged segment 692: SRT entries [1200, 1201, 1202] -> 'If they can learn to trust more freely and open th...'
2025-11-09 17:17:51,235 [DEBUG] Merged segment 693: SRT entries [1203, 1204] -> 'Then we see this happening more sooner than later,...'
2025-11-09 17:17:51,235 [DEBUG] Merged segment 694: SRT entries [1205, 1206, 1207, 1208, 1209, 1210, 1211] -> 'It's my understanding the Zetas were interested in...'
2025-11-09 17:17:51,235 [DEBUG] Merged segment 695: SRT entries [1212] -> 'Can you elaborate on that a little bit?...'
2025-11-09 17:17:51,235 [DEBUG] Merged segment 696: SRT entries [1213, 1214, 1215, 1216] -> 'In order to answer this question, she says I want ...'
2025-11-09 17:17:51,235 [DEBUG] Merged segment 697: SRT entries [1217, 1218, 1219, 1220] -> 'Because they understand how physics, mathematical ...'
2025-11-09 17:17:51,235 [DEBUG] Merged segment 698: SRT entries [1221, 1222] -> 'You have to have two together sort of idea....'
2025-11-09 17:17:51,235 [DEBUG] Merged segment 699: SRT entries [1223, 1224, 1225] -> 'There is no concept in the logical mind of that si...'
2025-11-09 17:17:51,235 [DEBUG] Merged segment 700: SRT entries [1226, 1227, 1228, 1229] -> 'It typically will always have a combating or anoth...'
2025-11-09 17:17:51,235 [DEBUG] Merged segment 701: SRT entries [1230, 1231, 1232, 1233, 1234] -> 'But what they are finding is that in expansion, th...'
2025-11-09 17:17:51,235 [DEBUG] Merged segment 702: SRT entries [1235, 1236] -> 'Understanding that the human is a break off of man...'
2025-11-09 17:17:51,235 [DEBUG] Merged segment 703: SRT entries [1237] -> 'Mm-hmm....'
2025-11-09 17:17:51,235 [DEBUG] Merged segment 704: SRT entries [1238, 1239] -> 'It can split into many and this is what they are v...'
2025-11-09 17:17:51,236 [DEBUG] Merged segment 705: SRT entries [1240, 1241, 1242, 1243, 1244, 1245, 1246, 1247, 1248] -> 'If you cannot logically in a sense think that it i...'
2025-11-09 17:17:51,236 [DEBUG] Merged segment 706: SRT entries [1249, 1250, 1251, 1252] -> 'So in other words we can learn from the Zeta exper...'
2025-11-09 17:17:51,236 [DEBUG] Merged segment 707: SRT entries [1253, 1254] -> 'Yes, she says most definitely yes, thank you,....'
2025-11-09 17:17:51,236 [DEBUG] Merged segment 708: SRT entries [1255, 1256, 1257, 1258, 1259] -> 'It is the idea of many of our species, what we wou...'
2025-11-09 17:17:51,236 [DEBUG] Merged segment 709: SRT entries [1260, 1261] -> 'Otherwise we ourselves cannot expand if we do not ...'
2025-11-09 17:17:51,236 [DEBUG] Merged segment 710: SRT entries [1262, 1263, 1264, 1265, 1266] -> 'So getting back to our history, it just sounds lik...'
2025-11-09 17:17:51,236 [DEBUG] Merged segment 711: SRT entries [1267] -> 'She likes that you say the evolutionary experiment...'
2025-11-09 17:17:51,236 [DEBUG] Merged segment 712: SRT entries [1268, 1269, 1270, 1271] -> 'Yes, because we-- or the Annunaki, the creators-- ...'
2025-11-09 17:17:51,236 [DEBUG] Merged segment 713: SRT entries [1272] -> 'And that was previously misunderstood....'
2025-11-09 17:17:51,236 [DEBUG] Merged segment 714: SRT entries [1273, 1274, 1275] -> 'And I guess, ultimately, the goal of all of this, ...'
2025-11-09 17:17:51,236 [DEBUG] Merged segment 715: SRT entries [1276] -> 'She says yes....'
2025-11-09 17:17:51,236 [DEBUG] Merged segment 716: SRT entries [1277, 1278, 1279, 1280, 1281, 1282] -> 'And with that, to understand that living in this t...'
2025-11-09 17:17:51,236 [DEBUG] Merged segment 717: SRT entries [1283] -> 'So kind of like an Alcoholics Anonymous....'
2025-11-09 17:17:51,236 [DEBUG] Merged segment 718: SRT entries [1284, 1285, 1286] -> 'It takes the former alcoholic to help teach the ot...'
2025-11-09 17:17:51,236 [DEBUG] Merged segment 719: SRT entries [1287] -> 'She says yes....'
2025-11-09 17:17:51,236 [DEBUG] Merged segment 720: SRT entries [1288, 1289, 1290, 1291, 1292] -> 'And because you see that there is a paradigm allow...'
2025-11-09 17:17:51,236 [DEBUG] Merged segment 721: SRT entries [1293] -> 'The enslavement programs....'
2025-11-09 17:17:51,236 [DEBUG] Merged segment 722: SRT entries [1294] -> 'Yes....'
2025-11-09 17:17:51,236 [DEBUG] Merged segment 723: SRT entries [1295, 1296] -> 'She says, there are others elsewhere that have fai...'
2025-11-09 17:17:51,236 [DEBUG] Merged segment 724: SRT entries [1297, 1298, 1299] -> 'Perhaps you can be their guides and teach them way...'
2025-11-09 17:17:51,236 [DEBUG] Merged segment 725: SRT entries [1300] -> 'Right....'
2025-11-09 17:17:51,236 [DEBUG] Merged segment 726: SRT entries [1301, 1302] -> 'But how would you know if you hadn't had some of t...'
2025-11-09 17:17:51,236 [DEBUG] Merged segment 727: SRT entries [1303] -> 'Sure....'
2025-11-09 17:17:51,236 [DEBUG] Merged segment 728: SRT entries [1304, 1305, 1306, 1307, 1308] -> 'And is that why-- I'm sure the Pleiadians, and we ...'
2025-11-09 17:17:51,236 [DEBUG] Merged segment 729: SRT entries [1309] -> 'She said, I will agree for the most part, yes....'
2025-11-09 17:17:51,236 [DEBUG] Merged segment 730: SRT entries [1310] -> 'But lastly, Antarctica....'
2025-11-09 17:17:51,236 [DEBUG] Merged segment 731: SRT entries [1311] -> 'Antarctica, OK....'
2025-11-09 17:17:51,236 [DEBUG] Merged segment 732: SRT entries [1312] -> 'Pyramids being discovered in Antarctica....'
2025-11-09 17:17:51,236 [DEBUG] Merged segment 733: SRT entries [1313] -> 'I have a feeling this is a huge piece of our histo...'
2025-11-09 17:17:51,236 [DEBUG] Merged segment 734: SRT entries [1314] -> 'OK, so she's nodding yes....'
2025-11-09 17:17:51,236 [DEBUG] Merged segment 735: SRT entries [1315] -> 'And she says, this is about to be revealed....'
2025-11-09 17:17:51,236 [DEBUG] Merged segment 736: SRT entries [1316] -> 'It has been quarantined in a sense for a reason....'
2025-11-09 17:17:51,236 [DEBUG] Merged segment 737: SRT entries [1317] -> 'Notice it has no dominion over it....'
2025-11-09 17:17:51,236 [DEBUG] Merged segment 738: SRT entries [1318] -> 'It is a free-for-all peaceful state....'
2025-11-09 17:17:51,236 [DEBUG] Merged segment 739: SRT entries [1319, 1320] -> 'This has been arranged for a very special reason--...'
2025-11-09 17:17:51,236 [DEBUG] Merged segment 740: SRT entries [1321] -> 'We are very excited for this....'
2025-11-09 17:17:51,236 [DEBUG] Merged segment 741: SRT entries [1322] -> 'Yes, give it time, and more and more can be reveal...'
2025-11-09 17:17:51,236 [DEBUG] Merged segment 742: SRT entries [1323] -> 'And sorry, one last thing....'
2025-11-09 17:17:51,236 [DEBUG] Merged segment 743: SRT entries [1324, 1325] -> 'Our Inner Earth families, our ancient civilization...'
2025-11-09 17:17:51,236 [DEBUG] Merged segment 744: SRT entries [1326, 1327] -> 'She says this is partially why this area was quara...'
2025-11-09 17:17:51,236 [DEBUG] Merged segment 745: SRT entries [1328] -> 'This is a gateway to a lot of those regions....'
2025-11-09 17:17:51,236 [DEBUG] Merged segment 746: SRT entries [1329] -> 'It has been revealed to some....'
2025-11-09 17:17:51,236 [DEBUG] Merged segment 747: SRT entries [1330] -> 'Some have had physical contact....'
2025-11-09 17:17:51,236 [DEBUG] Merged segment 748: SRT entries [1331, 1332, 1333] -> 'But believe this is true, she says. valid in the s...'
2025-11-09 17:17:51,236 [DEBUG] Merged segment 749: SRT entries [1334] -> 'Believe in your hearts that that is true, she says...'
2025-11-09 17:17:51,236 [DEBUG] Merged segment 750: SRT entries [1335, 1336, 1337] -> 'When you believe and are open to it, you can match...'
2025-11-09 17:17:51,236 [DEBUG] Merged segment 751: SRT entries [1338] -> 'Right....'
2025-11-09 17:17:51,236 [DEBUG] Merged segment 752: SRT entries [1339] -> 'It's all about belief that brings in that--...'
2025-11-09 17:17:51,236 [DEBUG] Merged segment 753: SRT entries [1340] -> 'And welcomeness, she says....'
2025-11-09 17:17:51,236 [DEBUG] Merged segment 754: SRT entries [1341] -> 'And welcomeness, yeah....'
2025-11-09 17:17:51,236 [DEBUG] Merged segment 755: SRT entries [1342] -> 'I do feel like they're related somehow....'
2025-11-09 17:17:51,236 [DEBUG] Merged segment 756: SRT entries [1343] -> 'Mm-hm....'
2025-11-09 17:17:51,236 [DEBUG] Merged segment 757: SRT entries [1344] -> 'Can I ask where your lineages come from?...'
2025-11-09 17:17:51,236 [DEBUG] Merged segment 758: SRT entries [1345] -> 'She says, I am from the Orion as well....'
2025-11-09 17:17:51,236 [DEBUG] Merged segment 759: SRT entries [1346] -> 'I work heavily with the humans at this time....'
2025-11-09 17:17:51,236 [DEBUG] Merged segment 760: SRT entries [1347, 1348] -> 'They are going through some great shifting, and I ...'
2025-11-09 17:17:51,237 [DEBUG] Merged segment 761: SRT entries [1349, 1350] -> 'I help as a translator to help your human mind und...'
2025-11-09 17:17:51,237 [DEBUG] Merged segment 762: SRT entries [1351, 1352, 1353, 1354, 1355, 1356, 1357] -> 'Forgive me, for I am trying to learn how to commun...'
2025-11-09 17:17:51,237 [DEBUG] Merged segment 763: SRT entries [1358] -> 'I think you're doing a great job....'
2025-11-09 17:17:51,237 [DEBUG] Merged segment 764: SRT entries [1359] -> 'Thank you very much....'
2025-11-09 17:17:51,237 [DEBUG] Merged segment 765: SRT entries [1360] -> '[CHUCKLES] I'm definitely getting it....'
2025-11-09 17:17:51,237 [DEBUG] Merged segment 766: SRT entries [1361, 1362, 1363] -> 'And I'm sure the people watching here will better ...'
2025-11-09 17:17:51,237 [DEBUG] Merged segment 767: SRT entries [1364, 1365, 1366, 1367] -> 'She says, thank you so much, and know that you can...'
2025-11-09 17:17:51,237 [DEBUG] Merged segment 768: SRT entries [1368, 1369] -> 'We do hear what you might call a prayer, or an int...'
2025-11-09 17:17:51,237 [DEBUG] Merged segment 769: SRT entries [1370, 1371, 1372, 1373] -> 'Let us guide you into the path that can help you a...'
2025-11-09 17:17:51,237 [DEBUG] Merged segment 770: SRT entries [1374, 1375, 1376] -> 'It is not us to tell you which way to choose, but ...'
2025-11-09 17:17:51,237 [DEBUG] Merged segment 771: SRT entries [1377, 1378, 1379] -> 'She says, this is what we are very excited for you...'
2025-11-09 17:17:51,237 [DEBUG] Merged segment 772: SRT entries [1380, 1381] -> 'You will have many doors, but you get to choose wh...'
2025-11-09 17:17:51,237 [DEBUG] Merged segment 773: SRT entries [1382] -> 'Some of them, she says, could be lighter than othe...'
2025-11-09 17:17:51,237 [DEBUG] Merged segment 774: SRT entries [1383] -> 'Know this....'
2025-11-09 17:17:51,237 [DEBUG] Merged segment 775: SRT entries [1384, 1385] -> 'And that is when perhaps the intent would be of my...'
2025-11-09 17:17:51,237 [DEBUG] Merged segment 776: SRT entries [1386, 1387, 1388] -> 'Well I hope we can continue these conversation in ...'
2025-11-09 17:17:51,237 [DEBUG] Merged segment 777: SRT entries [1389] -> 'It sounds like we're just on the tip of the iceber...'
2025-11-09 17:17:51,237 [DEBUG] Merged segment 778: SRT entries [1390] -> 'Yeah....'
2025-11-09 17:17:51,237 [DEBUG] Merged segment 779: SRT entries [1391, 1392, 1393, 1394] -> 'She actually-- when you were talking, she picked u...'
2025-11-09 17:17:51,237 [DEBUG] Merged segment 780: SRT entries [1395] -> 'But she says, we have outlined the most important ...'
2025-11-09 17:17:51,237 [DEBUG] Merged segment 781: SRT entries [1396, 1397, 1398, 1399, 1400] -> 'The details can come later as long as you understa...'
2025-11-09 17:17:51,237 [DEBUG] Merged segment 782: SRT entries [1401, 1402] -> 'Yeah, I was actually surprised that she came throu...'
2025-11-09 17:17:51,237 [DEBUG] Merged segment 783: SRT entries [1403, 1404] -> 'I was a little bit hoping for the reptile, but did...'
2025-11-09 17:17:51,237 [DEBUG] Merged segment 784: SRT entries [1405] -> 'He wasn't necessary in this conversation....'
2025-11-09 17:17:51,237 [DEBUG] Merged segment 785: SRT entries [1406] -> '[CHUCKLES] He was not in the conversation....'
2025-11-09 17:17:51,237 [INFO] Merged 1406 segments into 785 final segments
2025-11-09 17:17:51,468 [INFO] Wrote 785 segments to data/S01-E25/main.yaml
2025-11-09 17:17:51,468 [INFO] Conversion completed successfully!
