2025-10-31 19:46:08,184 [INFO] Starting SRT to YAML conversion for episode S01-E27
2025-10-31 19:46:08,184 [INFO] SRT source resolved to: input/S01-E27/ENG_S01-E27 Ishuwa of the Yahyel_SRT_English.srt
2025-10-31 19:46:08,186 [INFO] Parsed 1140 SRT entries from input/S01-E27/ENG_S01-E27 Ishuwa of the Yahyel_SRT_English.srt
2025-10-31 19:46:08,187 [DEBUG] Merged segment 1: SRT entries [1, 2, 3, 4] -> 'I have been exploring and traveling through what y...'
2025-10-31 19:46:08,187 [DEBUG] Merged segment 2: SRT entries [5, 6, 7, 8, 9, 10, 11, 12, 13] -> 'And in doing this type of exploration, it allows m...'
2025-10-31 19:46:08,187 [DEBUG] Merged segment 3: SRT entries [14, 15, 16, 17] -> 'I, in doing this, have developed the type of trans...'
2025-10-31 19:46:08,187 [DEBUG] Merged segment 4: SRT entries [18, 19, 20, 21] -> 'These are some, then, of the activities and functi...'
2025-10-31 19:46:08,187 [DEBUG] Merged segment 5: SRT entries [22, 23] -> 'Ever wonder if there's intelligent life elsewhere ...'
2025-10-31 19:46:08,187 [DEBUG] Merged segment 6: SRT entries [24] -> 'Well, I have....I've been wondering since I was a ...'
2025-10-31 19:46:08,187 [DEBUG] Merged segment 7: SRT entries [25] -> 'My name is Reuben Langdon....'
2025-10-31 19:46:08,187 [DEBUG] Merged segment 8: SRT entries [26, 27] -> 'And on March 29th 2007, in the middle of the day, ...'
2025-10-31 19:46:08,187 [DEBUG] Merged segment 9: SRT entries [28, 29] -> 'Coincidentally, I was working on the film Avatar a...'
2025-10-31 19:46:08,187 [DEBUG] Merged segment 10: SRT entries [30] -> 'And ever since then I've been on a quest......'
2025-10-31 19:46:08,187 [DEBUG] Merged segment 11: SRT entries [31, 32] -> 'A quest to find out if aliens really do exist and ...'
2025-10-31 19:46:08,187 [DEBUG] Merged segment 12: SRT entries [33, 34] -> 'If beings of higher intelligence are here... ...wh...'
2025-10-31 19:46:08,187 [DEBUG] Merged segment 13: SRT entries [35] -> 'Why don't they make themselves more known?...'
2025-10-31 19:46:08,187 [DEBUG] Merged segment 14: SRT entries [36] -> 'Why the secrecy?...'
2025-10-31 19:46:08,187 [DEBUG] Merged segment 15: SRT entries [37, 38] -> 'I've asked these questions to many experts, yet ea...'
2025-10-31 19:46:08,187 [DEBUG] Merged segment 16: SRT entries [39, 40] -> 'So I thought to myself, why not ask the aliens dir...'
2025-10-31 19:46:08,187 [DEBUG] Merged segment 17: SRT entries [41] -> 'So that's what I set out to do!...'
2025-10-31 19:46:08,187 [DEBUG] Merged segment 18: SRT entries [42] -> 'Well, sort of......'
2025-10-31 19:46:08,187 [DEBUG] Merged segment 19: SRT entries [43, 44, 45, 46] -> 'Wonderful to be here with you in these blending mo...'
2025-10-31 19:46:08,187 [DEBUG] Merged segment 20: SRT entries [47, 48] -> 'And with this in heart and mind, in what way would...'
2025-10-31 19:46:08,187 [DEBUG] Merged segment 21: SRT entries [49] -> 'Oh....'
2025-10-31 19:46:08,188 [DEBUG] Merged segment 22: SRT entries [50] -> 'Hi, Ishuwa....'
2025-10-31 19:46:08,188 [DEBUG] Merged segment 23: SRT entries [51] -> 'I'd like to ask a few questions....'
2025-10-31 19:46:08,188 [DEBUG] Merged segment 24: SRT entries [52] -> 'Very well....'
2025-10-31 19:46:08,188 [DEBUG] Merged segment 25: SRT entries [53, 54] -> 'First of all, I'd like to know a little bit more a...'
2025-10-31 19:46:08,188 [DEBUG] Merged segment 26: SRT entries [55] -> 'Very well....'
2025-10-31 19:46:08,188 [DEBUG] Merged segment 27: SRT entries [56] -> 'I am Ishuwa--...'
2025-10-31 19:46:08,188 [DEBUG] Merged segment 28: SRT entries [57] -> 'Yes....'
2025-10-31 19:46:08,188 [DEBUG] Merged segment 29: SRT entries [58] -> '--of the Yahyel civilization....'
2025-10-31 19:46:08,188 [DEBUG] Merged segment 30: SRT entries [59, 60, 61] -> 'The idea, then, in brief brevity-- your and our ci...'
2025-10-31 19:46:08,188 [DEBUG] Merged segment 31: SRT entries [62, 63, 64, 65] -> 'There were some in our world who chose to step out...'
2025-10-31 19:46:08,188 [WARNING] Reached safety limit (10) at segment_id=32, source_entries=[66, 67, 68, 69, 70, 71, 72, 73, 74, 75], stopping merge even though sentence may be incomplete
2025-10-31 19:46:08,188 [DEBUG] Merged segment 32: SRT entries [66, 67, 68, 69, 70, 71, 72, 73, 74, 75] -> 'And some of those who embarked on that co-creation...'
2025-10-31 19:46:08,188 [DEBUG] Merged segment 33: SRT entries [76, 77, 78, 79, 80] -> 'all of you without exception born here on Earth ha...'
2025-10-31 19:46:08,188 [DEBUG] Merged segment 34: SRT entries [81] -> 'So in that sense we are family....'
2025-10-31 19:46:08,188 [DEBUG] Merged segment 35: SRT entries [82] -> 'We are human as you are....'
2025-10-31 19:46:08,188 [DEBUG] Merged segment 36: SRT entries [83, 84] -> 'There are variations in our physical appearance fr...'
2025-10-31 19:46:08,188 [DEBUG] Merged segment 37: SRT entries [85, 86, 87, 88] -> 'We could walk amongst you and the variations would...'
2025-10-31 19:46:08,188 [DEBUG] Merged segment 38: SRT entries [89, 90] -> 'We are very different in our vibration, our consci...'
2025-10-31 19:46:08,188 [DEBUG] Merged segment 39: SRT entries [91, 92] -> 'Our knowingness of existence is quite different th...'
2025-10-31 19:46:08,188 [DEBUG] Merged segment 40: SRT entries [93] -> 'We all know in that sense who we are....'
2025-10-31 19:46:08,188 [DEBUG] Merged segment 41: SRT entries [94, 95] -> 'We all support one another in all moments without ...'
2025-10-31 19:46:08,188 [DEBUG] Merged segment 42: SRT entries [96, 97] -> 'We are then supported by ourself and by all others...'
2025-10-31 19:46:08,188 [DEBUG] Merged segment 43: SRT entries [98, 99, 100] -> 'This is a wonderful-- a wonderment, a wondrous exp...'
2025-10-31 19:46:08,188 [DEBUG] Merged segment 44: SRT entries [101, 102] -> 'This simply is the way we have chosen to co-create...'
2025-10-31 19:46:08,188 [DEBUG] Merged segment 45: SRT entries [103, 104, 105, 106] -> 'So it is no less or greater than that in your worl...'
2025-10-31 19:46:08,188 [DEBUG] Merged segment 46: SRT entries [107, 108, 109, 110, 111] -> 'So the idea then-- I have been exploring and trave...'
2025-10-31 19:46:08,188 [DEBUG] Merged segment 47: SRT entries [112, 113, 114, 115] -> 'But it isn't all that long in my experiencing, for...'
2025-10-31 19:46:08,188 [DEBUG] Merged segment 48: SRT entries [116, 117, 118, 119, 120, 121, 122] -> 'And in doing this type of exploration, it allows m...'
2025-10-31 19:46:08,188 [DEBUG] Merged segment 49: SRT entries [123, 124, 125, 126, 127] -> 'This, then, for me is a great joy to explore, and ...'
2025-10-31 19:46:08,188 [DEBUG] Merged segment 50: SRT entries [128] -> 'This is of great excitement and fulfillment for me...'
2025-10-31 19:46:08,188 [DEBUG] Merged segment 51: SRT entries [129, 130, 131, 132] -> 'I, in doing this, have developed the type of trans...'
2025-10-31 19:46:08,188 [DEBUG] Merged segment 52: SRT entries [133, 134, 135] -> 'It is as though I am a translator in a sense for s...'
2025-10-31 19:46:08,188 [DEBUG] Merged segment 53: SRT entries [136, 137, 138, 139] -> 'These are some, then, of the activities and functi...'
2025-10-31 19:46:08,188 [DEBUG] Merged segment 54: SRT entries [140, 141, 142, 143, 144] -> 'It is always a great joy to have opportunity to in...'
2025-10-31 19:46:08,188 [DEBUG] Merged segment 55: SRT entries [145] -> 'There's a great joy for me to be able to interact ...'
2025-10-31 19:46:08,188 [DEBUG] Merged segment 56: SRT entries [146] -> 'So that is a little about me and the Yahyel civili...'
2025-10-31 19:46:08,188 [DEBUG] Merged segment 57: SRT entries [147] -> 'Did you have more around that-- you wanted to ask ...'
2025-10-31 19:46:08,188 [DEBUG] Merged segment 58: SRT entries [148] -> 'Or was there another direction you would like to e...'
2025-10-31 19:46:08,188 [DEBUG] Merged segment 59: SRT entries [149] -> 'A few more questions in regard to this....'
2025-10-31 19:46:08,188 [DEBUG] Merged segment 60: SRT entries [150, 151, 152, 153, 154, 155] -> 'For when-- for interacting with other civilization...'
2025-10-31 19:46:08,188 [DEBUG] Merged segment 61: SRT entries [156, 157] -> 'Some other civilizations do this, yes....'
2025-10-31 19:46:08,188 [DEBUG] Merged segment 62: SRT entries [158] -> 'It is part, in a sense, of human biological abilit...'
2025-10-31 19:46:08,188 [DEBUG] Merged segment 63: SRT entries [159, 160, 161] -> 'There are different ways that the channeling can b...'
2025-10-31 19:46:08,188 [DEBUG] Merged segment 64: SRT entries [162, 163, 164] -> 'But those will be more evident in time as those ty...'
2025-10-31 19:46:08,188 [DEBUG] Merged segment 65: SRT entries [165, 166] -> 'There are then other civilizations that simply cho...'
2025-10-31 19:46:08,188 [DEBUG] Merged segment 66: SRT entries [167, 168, 169] -> 'What would be-- if it's OK to share, what would be...'
2025-10-31 19:46:08,188 [DEBUG] Merged segment 67: SRT entries [170] -> 'Some do not speak at all....'
2025-10-31 19:46:08,188 [DEBUG] Merged segment 68: SRT entries [171] -> 'Some are entirely, let's say, telepathic in a sens...'
2025-10-31 19:46:08,188 [DEBUG] Merged segment 69: SRT entries [172] -> 'Some do not do that at all....'
2025-10-31 19:46:08,188 [DEBUG] Merged segment 70: SRT entries [173] -> 'Some are very vocal....'
2025-10-31 19:46:08,188 [DEBUG] Merged segment 71: SRT entries [174] -> 'They are very behavioral in their communication....'
2025-10-31 19:46:08,188 [DEBUG] Merged segment 72: SRT entries [175, 176] -> 'It is then to learn what their behavior is communi...'
2025-10-31 19:46:08,188 [DEBUG] Merged segment 73: SRT entries [177] -> 'That then is a very different type of communicatio...'
2025-10-31 19:46:08,188 [DEBUG] Merged segment 74: SRT entries [178, 179] -> 'It isn't necessarily as specific as words in telep...'
2025-10-31 19:46:08,188 [DEBUG] Merged segment 75: SRT entries [180, 181, 182, 183] -> 'In those types of transactions, interactions, comm...'
2025-10-31 19:46:08,188 [DEBUG] Merged segment 76: SRT entries [184] -> 'Not much one can learn from that type of interacti...'
2025-10-31 19:46:08,188 [DEBUG] Merged segment 77: SRT entries [185, 186, 187] -> 'However, giving it time, behavioral communication ...'
2025-10-31 19:46:08,188 [DEBUG] Merged segment 78: SRT entries [188, 189, 190] -> 'And so it can get to be very useful, very meaningf...'
2025-10-31 19:46:08,188 [DEBUG] Merged segment 79: SRT entries [191, 192, 193] -> 'And so that is another type of communication where...'
2025-10-31 19:46:08,188 [DEBUG] Merged segment 80: SRT entries [194] -> 'Almost like how we interact with some animal speci...'
2025-10-31 19:46:08,189 [DEBUG] Merged segment 81: SRT entries [195] -> 'Yes....'
2025-10-31 19:46:08,189 [DEBUG] Merged segment 82: SRT entries [196] -> '--on our planet....'
2025-10-31 19:46:08,189 [DEBUG] Merged segment 83: SRT entries [197] -> 'And there are then-- many of your animals do more ...'
2025-10-31 19:46:08,189 [DEBUG] Merged segment 84: SRT entries [198] -> 'Specific, like dolphins and apes?...'
2025-10-31 19:46:08,189 [DEBUG] Merged segment 85: SRT entries [199, 200] -> 'And some people have telepathic communication with...'
2025-10-31 19:46:08,189 [DEBUG] Merged segment 86: SRT entries [201] -> 'They can with themselves as well....'
2025-10-31 19:46:08,189 [DEBUG] Merged segment 87: SRT entries [202] -> 'Yeah....'
2025-10-31 19:46:08,189 [DEBUG] Merged segment 88: SRT entries [203] -> 'I see....'
2025-10-31 19:46:08,189 [DEBUG] Merged segment 89: SRT entries [204] -> 'I see....'
2025-10-31 19:46:08,189 [DEBUG] Merged segment 90: SRT entries [205] -> 'Fascinating....'
2025-10-31 19:46:08,189 [DEBUG] Merged segment 91: SRT entries [206, 207] -> 'Is there any sort of technology, how we understand...'
2025-10-31 19:46:08,189 [DEBUG] Merged segment 92: SRT entries [208, 209] -> 'Is there any kind of gadget communication with oth...'
2025-10-31 19:46:08,189 [DEBUG] Merged segment 93: SRT entries [210] -> 'Or is it more biological?...'
2025-10-31 19:46:08,189 [DEBUG] Merged segment 94: SRT entries [211, 212] -> 'We do have some artificial constructs that in that...'
2025-10-31 19:46:08,189 [DEBUG] Merged segment 95: SRT entries [213] -> 'Yes....'
2025-10-31 19:46:08,189 [DEBUG] Merged segment 96: SRT entries [214] -> 'I see....'
2025-10-31 19:46:08,189 [DEBUG] Merged segment 97: SRT entries [215, 216, 217, 218, 219, 220] -> 'We recently had in our collective consciousness-- ...'
2025-10-31 19:46:08,189 [DEBUG] Merged segment 98: SRT entries [221, 222, 223] -> 'I wanted to ask how you-- from your perspective, h...'
2025-10-31 19:46:08,189 [DEBUG] Merged segment 99: SRT entries [224, 225, 226] -> 'It can facilitate more of those in your world's wi...'
2025-10-31 19:46:08,189 [DEBUG] Merged segment 100: SRT entries [227] -> 'Has it sped timelines up?...'
2025-10-31 19:46:08,189 [DEBUG] Merged segment 101: SRT entries [228] -> 'Or is it early?...'
2025-10-31 19:46:08,189 [DEBUG] Merged segment 102: SRT entries [229] -> 'It can....'
2025-10-31 19:46:08,189 [DEBUG] Merged segment 103: SRT entries [230] -> 'Yes, jump a little bit ahead, so to speak--...'
2025-10-31 19:46:08,189 [DEBUG] Merged segment 104: SRT entries [231] -> 'I see....'
2025-10-31 19:46:08,189 [DEBUG] Merged segment 105: SRT entries [232] -> 'I see....'
2025-10-31 19:46:08,189 [DEBUG] Merged segment 106: SRT entries [233, 234] -> '--in the way that is supported, so it can still be...'
2025-10-31 19:46:08,189 [DEBUG] Merged segment 107: SRT entries [235] -> 'Right....'
2025-10-31 19:46:08,189 [DEBUG] Merged segment 108: SRT entries [236] -> 'Many, many people on our planet say it's not enoug...'
2025-10-31 19:46:08,189 [DEBUG] Merged segment 109: SRT entries [237] -> 'They need to disclose more....'
2025-10-31 19:46:08,189 [DEBUG] Merged segment 110: SRT entries [238] -> 'It has to come from within the individuals more, r...'
2025-10-31 19:46:08,189 [DEBUG] Merged segment 111: SRT entries [239, 240] -> 'And then they can feel more comfortable, in a sens...'
2025-10-31 19:46:08,189 [DEBUG] Merged segment 112: SRT entries [241, 242, 243] -> 'They don't fully understand it themselves at this ...'
2025-10-31 19:46:08,189 [DEBUG] Merged segment 113: SRT entries [244, 245] -> 'Not many of you have accessed to it yet, acknowled...'
2025-10-31 19:46:08,189 [DEBUG] Merged segment 114: SRT entries [246, 247] -> 'If it were to happen too fast, it would almost be ...'
2025-10-31 19:46:08,189 [DEBUG] Merged segment 115: SRT entries [248, 249, 250, 251] -> 'Yes, it is happening on a very organic rate in a s...'
2025-10-31 19:46:08,189 [DEBUG] Merged segment 116: SRT entries [252, 253, 254, 255, 256, 257, 258, 259] -> 'And there are many factors involved in facilitatin...'
2025-10-31 19:46:08,189 [DEBUG] Merged segment 117: SRT entries [260, 261] -> 'And in a sense, that is about as far as you've got...'
2025-10-31 19:46:08,189 [DEBUG] Merged segment 118: SRT entries [262, 263, 264] -> 'Beginning to break the surface, the seed of a plan...'
2025-10-31 19:46:08,189 [DEBUG] Merged segment 119: SRT entries [265, 266] -> 'Well usually when we plant seeds, before it sprout...'
2025-10-31 19:46:08,189 [DEBUG] Merged segment 120: SRT entries [267, 268] -> 'But once it starts to sprout, it comes very fast, ...'
2025-10-31 19:46:08,189 [DEBUG] Merged segment 121: SRT entries [269, 270, 271, 272] -> 'And in a sense, as more of you embrace this, you a...'
2025-10-31 19:46:08,189 [DEBUG] Merged segment 122: SRT entries [273] -> 'It will not grow faster than it can....'
2025-10-31 19:46:08,189 [DEBUG] Merged segment 123: SRT entries [274, 275, 276, 277, 278] -> 'There are times in your plant world, there are tho...'
2025-10-31 19:46:08,189 [DEBUG] Merged segment 124: SRT entries [279, 280, 281, 282, 283, 284] -> 'And there are then those in your world who do at t...'
2025-10-31 19:46:08,189 [DEBUG] Merged segment 125: SRT entries [285, 286] -> 'So there are some who would have an idea to try an...'
2025-10-31 19:46:08,189 [DEBUG] Merged segment 126: SRT entries [287, 288, 289, 290, 291, 292] -> 'Again, there are many forces, factors, beings of h...'
2025-10-31 19:46:08,189 [DEBUG] Merged segment 127: SRT entries [293, 294, 295, 296] -> 'And so that what is the final and in a sense resul...'
2025-10-31 19:46:08,189 [DEBUG] Merged segment 128: SRT entries [297, 298] -> 'For there are many that are part of the one that w...'
2025-10-31 19:46:08,189 [DEBUG] Merged segment 129: SRT entries [299] -> 'So many factors that we maybe can't quite understa...'
2025-10-31 19:46:08,189 [DEBUG] Merged segment 130: SRT entries [300] -> 'So we should just--...'
2025-10-31 19:46:08,189 [DEBUG] Merged segment 131: SRT entries [301, 302, 303] -> 'You can open-- invite to learn more about them-- w...'
2025-10-31 19:46:08,189 [DEBUG] Merged segment 132: SRT entries [304] -> 'Some will be very helpful to learn about....'
2025-10-31 19:46:08,189 [DEBUG] Merged segment 133: SRT entries [305] -> 'Yeah, some very exciting to know about....'
2025-10-31 19:46:08,189 [DEBUG] Merged segment 134: SRT entries [306, 307, 308] -> 'Some that you can, in a sense, stand beside and gr...'
2025-10-31 19:46:08,189 [DEBUG] Merged segment 135: SRT entries [309] -> 'Well, these interactions are quite informative....'
2025-10-31 19:46:08,189 [DEBUG] Merged segment 136: SRT entries [310] -> 'So this is one way, I suppose....'
2025-10-31 19:46:08,189 [DEBUG] Merged segment 137: SRT entries [311] -> 'Certainly....'
2025-10-31 19:46:08,189 [DEBUG] Merged segment 138: SRT entries [312] -> 'You described earlier....'
2025-10-31 19:46:08,189 [DEBUG] Merged segment 139: SRT entries [313, 314, 315] -> 'You described your civilization's physical appeara...'
2025-10-31 19:46:08,189 [DEBUG] Merged segment 140: SRT entries [316, 317, 318] -> 'The human physical appearance is so wide in its sp...'
2025-10-31 19:46:08,189 [DEBUG] Merged segment 141: SRT entries [319] -> 'We have such a wide variety....'
2025-10-31 19:46:08,189 [DEBUG] Merged segment 142: SRT entries [320] -> 'Is there such a variety in your civilization?...'
2025-10-31 19:46:08,189 [DEBUG] Merged segment 143: SRT entries [321, 322] -> 'There is a variety potentially as wide, but genera...'
2025-10-31 19:46:08,190 [DEBUG] Merged segment 144: SRT entries [323] -> 'But the potential is within the genetic framework....'
2025-10-31 19:46:08,190 [DEBUG] Merged segment 145: SRT entries [324] -> 'Oh, I see....'
2025-10-31 19:46:08,190 [DEBUG] Merged segment 146: SRT entries [325, 326] -> 'We can mirror, given the characteristics of our ph...'
2025-10-31 19:46:08,190 [DEBUG] Merged segment 147: SRT entries [327, 328] -> 'Would there be a density level that we could class...'
2025-10-31 19:46:08,190 [DEBUG] Merged segment 148: SRT entries [329, 330] -> 'Fourth, fifth, and sixth, primarily, in interactin...'
2025-10-31 19:46:08,190 [DEBUG] Merged segment 149: SRT entries [331, 332, 333] -> 'OK, so for-- my understanding from that would be v...'
2025-10-31 19:46:08,190 [DEBUG] Merged segment 150: SRT entries [334, 335] -> 'Different than vibration of your physiology yes. P...'
2025-10-31 19:46:08,190 [DEBUG] Merged segment 151: SRT entries [336] -> 'And in that sense, you can easily adapt to our lik...'
2025-10-31 19:46:08,190 [DEBUG] Merged segment 152: SRT entries [337] -> 'Or other -- to adapt your physicality....'
2025-10-31 19:46:08,190 [DEBUG] Merged segment 153: SRT entries [338] -> 'Is that sort of when you say you are mirroring?...'
2025-10-31 19:46:08,190 [DEBUG] Merged segment 154: SRT entries [339, 340, 341] -> 'There are those who are similar in physical charac...'
2025-10-31 19:46:08,190 [DEBUG] Merged segment 155: SRT entries [342, 343] -> 'So those from Asia-- we have some in our world sim...'
2025-10-31 19:46:08,190 [DEBUG] Merged segment 156: SRT entries [344] -> 'They would then mirror one another in that respect...'
2025-10-31 19:46:08,190 [DEBUG] Merged segment 157: SRT entries [345, 346] -> 'If they were in the presence of one another, they ...'
2025-10-31 19:46:08,190 [DEBUG] Merged segment 158: SRT entries [347] -> 'I see....'
2025-10-31 19:46:08,190 [DEBUG] Merged segment 159: SRT entries [348, 349, 350] -> 'There are those in your South America, in your con...'
2025-10-31 19:46:08,190 [DEBUG] Merged segment 160: SRT entries [351, 352] -> 'We have those in our world who would mirror those ...'
2025-10-31 19:46:08,190 [DEBUG] Merged segment 161: SRT entries [353] -> 'I see....'
2025-10-31 19:46:08,190 [DEBUG] Merged segment 162: SRT entries [354] -> '--that the mirroring is the idea....'
2025-10-31 19:46:08,190 [DEBUG] Merged segment 163: SRT entries [355] -> 'I see....'
2025-10-31 19:46:08,190 [DEBUG] Merged segment 164: SRT entries [356] -> 'I see....'
2025-10-31 19:46:08,190 [DEBUG] Merged segment 165: SRT entries [357] -> 'Similar....'
2025-10-31 19:46:08,190 [DEBUG] Merged segment 166: SRT entries [358, 359, 360] -> 'We've heard a lot about the Yahyel civilization ha...'
2025-10-31 19:46:08,190 [DEBUG] Merged segment 167: SRT entries [361, 362] -> 'Is there a relationship with what humans know as G...'
2025-10-31 19:46:08,190 [DEBUG] Merged segment 168: SRT entries [363] -> 'To my civilization?...'
2025-10-31 19:46:08,190 [DEBUG] Merged segment 169: SRT entries [364] -> 'Yes, to the Yahyel civilization....'
2025-10-31 19:46:08,190 [DEBUG] Merged segment 170: SRT entries [365, 366] -> 'There are some of our DNA within that, that you wo...'
2025-10-31 19:46:08,190 [DEBUG] Merged segment 171: SRT entries [367] -> 'Not necessarily all of them contain some of our DN...'
2025-10-31 19:46:08,190 [DEBUG] Merged segment 172: SRT entries [368, 369] -> 'They have varieties as well-- hybrid....'
2025-10-31 19:46:08,190 [DEBUG] Merged segment 173: SRT entries [370] -> 'They have moved out and have some variation as wel...'
2025-10-31 19:46:08,190 [DEBUG] Merged segment 174: SRT entries [371, 372] -> 'So many people have talked about interactions with...'
2025-10-31 19:46:08,190 [DEBUG] Merged segment 175: SRT entries [373, 374] -> 'And they talk in the sense of their understanding ...'
2025-10-31 19:46:08,190 [DEBUG] Merged segment 176: SRT entries [375] -> 'They can be....'
2025-10-31 19:46:08,190 [DEBUG] Merged segment 177: SRT entries [376, 377] -> 'Are there Yahyel-human hybrids?...'
2025-10-31 19:46:08,190 [DEBUG] Merged segment 178: SRT entries [378] -> 'Yes....'
2025-10-31 19:46:08,190 [DEBUG] Merged segment 179: SRT entries [379] -> 'Oh, OK....'
2025-10-31 19:46:08,190 [DEBUG] Merged segment 180: SRT entries [380, 381, 382, 383, 384, 385] -> 'The Yahyel and the Earth humans-- one civilization...'
2025-10-31 19:46:08,190 [DEBUG] Merged segment 181: SRT entries [386] -> 'Yauaney....'
2025-10-31 19:46:08,190 [DEBUG] Merged segment 182: SRT entries [387] -> 'The Yauaney....'
2025-10-31 19:46:08,190 [DEBUG] Merged segment 183: SRT entries [388] -> 'Some Earth humans have hybrids in a sense that are...'
2025-10-31 19:46:08,190 [DEBUG] Merged segment 184: SRT entries [389, 390] -> 'So would that be what collectively we're starting ...'
2025-10-31 19:46:08,190 [DEBUG] Merged segment 185: SRT entries [391] -> 'Would that be a name of this race?...'
2025-10-31 19:46:08,190 [DEBUG] Merged segment 186: SRT entries [392] -> 'The Yauaney would be our--...'
2025-10-31 19:46:08,190 [DEBUG] Merged segment 187: SRT entries [393] -> 'Some of them are Yauaney...'
2025-10-31 19:46:08,190 [DEBUG] Merged segment 188: SRT entries [394] -> 'Yauaney....'
2025-10-31 19:46:08,190 [DEBUG] Merged segment 189: SRT entries [395] -> 'Yauaney....'
2025-10-31 19:46:08,190 [DEBUG] Merged segment 190: SRT entries [396] -> 'Some are....'
2025-10-31 19:46:08,190 [DEBUG] Merged segment 191: SRT entries [397] -> 'Not all are....'
2025-10-31 19:46:08,190 [DEBUG] Merged segment 192: SRT entries [398, 399, 400] -> 'There are then Earth humans who have connections t...'
2025-10-31 19:46:08,190 [DEBUG] Merged segment 193: SRT entries [401, 402] -> 'And then they can have created some hybrid childre...'
2025-10-31 19:46:08,190 [DEBUG] Merged segment 194: SRT entries [403, 404] -> 'So we are not the only one interacting with Earth ...'
2025-10-31 19:46:08,190 [DEBUG] Merged segment 195: SRT entries [405] -> 'Not just Zetas, not just Yahyel....'
2025-10-31 19:46:08,190 [DEBUG] Merged segment 196: SRT entries [406] -> 'But we have Pleiadians....'
2025-10-31 19:46:08,190 [DEBUG] Merged segment 197: SRT entries [407] -> 'We have Dracos....'
2025-10-31 19:46:08,190 [DEBUG] Merged segment 198: SRT entries [408] -> 'We have Arcturians....'
2025-10-31 19:46:08,190 [DEBUG] Merged segment 199: SRT entries [409, 410] -> 'We have a whole big cosmic family and lots of offs...'
2025-10-31 19:46:08,190 [DEBUG] Merged segment 200: SRT entries [411] -> 'Family....'
2025-10-31 19:46:08,190 [DEBUG] Merged segment 201: SRT entries [412] -> 'Exactly....'
2025-10-31 19:46:08,190 [DEBUG] Merged segment 202: SRT entries [413] -> 'Galactic family....'
2025-10-31 19:46:08,190 [DEBUG] Merged segment 203: SRT entries [414] -> 'Yes, a variety of hybrid children are a part of th...'
2025-10-31 19:46:08,190 [DEBUG] Merged segment 204: SRT entries [415, 416, 417] -> 'Do these children play together-- different races,...'
2025-10-31 19:46:08,190 [DEBUG] Merged segment 205: SRT entries [418] -> 'This can and does occur....'
2025-10-31 19:46:08,190 [DEBUG] Merged segment 206: SRT entries [419] -> 'OK....'
2025-10-31 19:46:08,190 [DEBUG] Merged segment 207: SRT entries [420] -> 'Does it--...'
2025-10-31 19:46:08,190 [DEBUG] Merged segment 208: SRT entries [421, 422] -> 'Not to say that they are all aware of one another ...'
2025-10-31 19:46:08,191 [DEBUG] Merged segment 209: SRT entries [423] -> 'Oh, OK....'
2025-10-31 19:46:08,191 [DEBUG] Merged segment 210: SRT entries [424, 425] -> 'It said that the Phoenix Lights-- the big ship tha...'
2025-10-31 19:46:08,191 [DEBUG] Merged segment 211: SRT entries [426] -> 'A variety....'
2025-10-31 19:46:08,191 [DEBUG] Merged segment 212: SRT entries [427] -> 'Yes, there were more than one....'
2025-10-31 19:46:08,191 [DEBUG] Merged segment 213: SRT entries [428] -> 'Yes....'
2025-10-31 19:46:08,191 [DEBUG] Merged segment 214: SRT entries [429] -> 'Oh, OK....'
2025-10-31 19:46:08,191 [DEBUG] Merged segment 215: SRT entries [430] -> 'And I think it was in 1997 was --...'
2025-10-31 19:46:08,191 [DEBUG] Merged segment 216: SRT entries [431] -> 'Very powerful visual contact....'
2025-10-31 19:46:08,191 [DEBUG] Merged segment 217: SRT entries [432] -> 'Yes....'
2025-10-31 19:46:08,191 [DEBUG] Merged segment 218: SRT entries [433] -> 'Yes....'
2025-10-31 19:46:08,191 [DEBUG] Merged segment 219: SRT entries [434] -> 'In a boomerang shape, isn't it?...'
2025-10-31 19:46:08,191 [DEBUG] Merged segment 220: SRT entries [435] -> 'Yes....'
2025-10-31 19:46:08,191 [DEBUG] Merged segment 221: SRT entries [436] -> 'And a visual contact occurred....'
2025-10-31 19:46:08,191 [DEBUG] Merged segment 222: SRT entries [437] -> 'And is this Yahyel civilization?...'
2025-10-31 19:46:08,191 [DEBUG] Merged segment 223: SRT entries [438, 439, 440] -> 'Primarily, this was of our co-creation with your c...'
2025-10-31 19:46:08,191 [WARNING] Reached safety limit (10) at segment_id=224, source_entries=[441, 442, 443, 444, 445, 446, 447, 448, 449, 450], stopping merge even though sentence may be incomplete
2025-10-31 19:46:08,191 [DEBUG] Merged segment 224: SRT entries [441, 442, 443, 444, 445, 446, 447, 448, 449, 450] -> 'But it was primarily our civilization bringing a l...'
2025-10-31 19:46:08,191 [DEBUG] Merged segment 225: SRT entries [451] -> 'develop in that way....'
2025-10-31 19:46:08,191 [DEBUG] Merged segment 226: SRT entries [452] -> 'Yeah....'
2025-10-31 19:46:08,191 [DEBUG] Merged segment 227: SRT entries [453, 454, 455] -> 'Well, it still is a large imprint on the collectiv...'
2025-10-31 19:46:08,191 [DEBUG] Merged segment 228: SRT entries [456] -> 'Yes....'
2025-10-31 19:46:08,191 [DEBUG] Merged segment 229: SRT entries [457] -> 'And there were others before, perhaps not as highl...'
2025-10-31 19:46:08,191 [DEBUG] Merged segment 230: SRT entries [458] -> 'There were others since....'
2025-10-31 19:46:08,191 [DEBUG] Merged segment 231: SRT entries [459] -> 'And there will be a variety of other ones coming....'
2025-10-31 19:46:08,191 [DEBUG] Merged segment 232: SRT entries [460] -> 'The light forms will vary....'
2025-10-31 19:46:08,191 [DEBUG] Merged segment 233: SRT entries [461] -> 'At times, they will not seem to come from a craft....'
2025-10-31 19:46:08,191 [DEBUG] Merged segment 234: SRT entries [462, 463, 464] -> 'They will seem to be very organic in form, and sha...'
2025-10-31 19:46:08,191 [DEBUG] Merged segment 235: SRT entries [465] -> 'Yes....'
2025-10-31 19:46:08,191 [DEBUG] Merged segment 236: SRT entries [466, 467] -> 'Would you be able to name some of these other civi...'
2025-10-31 19:46:08,191 [DEBUG] Merged segment 237: SRT entries [468, 469] -> 'They are those you are most familiar with at this ...'
2025-10-31 19:46:08,191 [DEBUG] Merged segment 238: SRT entries [470] -> 'There are others....'
2025-10-31 19:46:08,191 [DEBUG] Merged segment 239: SRT entries [471, 472, 473, 474, 475, 476] -> 'Yes, but not to come through at this time, simply ...'
2025-10-31 19:46:08,191 [DEBUG] Merged segment 240: SRT entries [477] -> 'Pleiadians-- yes....'
2025-10-31 19:46:08,191 [DEBUG] Merged segment 241: SRT entries [478, 479, 480] -> 'There are certainly a variety of Pleiadian civiliz...'
2025-10-31 19:46:08,191 [DEBUG] Merged segment 242: SRT entries [481, 482] -> 'Do you also share DNA from the Pleiadian civilizat...'
2025-10-31 19:46:08,191 [DEBUG] Merged segment 243: SRT entries [483] -> 'There are-- yes....'
2025-10-31 19:46:08,191 [DEBUG] Merged segment 244: SRT entries [484] -> 'In a sense, there is no end to this....'
2025-10-31 19:46:08,191 [DEBUG] Merged segment 245: SRT entries [485] -> 'Yeah, it just goes forever....'
2025-10-31 19:46:08,191 [DEBUG] Merged segment 246: SRT entries [486, 487, 488, 489] -> 'Learning which then will be most applicable for yo...'
2025-10-31 19:46:08,191 [DEBUG] Merged segment 247: SRT entries [490, 491, 492] -> 'Understand, then, to know that there are in a sens...'
2025-10-31 19:46:08,191 [DEBUG] Merged segment 248: SRT entries [493] -> 'To know that there are an infinite number....'
2025-10-31 19:46:08,191 [DEBUG] Merged segment 249: SRT entries [494, 495, 496] -> 'And in this physical embodiment, your awareness wi...'
2025-10-31 19:46:08,191 [DEBUG] Merged segment 250: SRT entries [497, 498, 499] -> 'Allow, then, to focus, to know the ones that are o...'
2025-10-31 19:46:08,191 [DEBUG] Merged segment 251: SRT entries [500, 501] -> 'But reaching out to uncover new ones can be a joy ...'
2025-10-31 19:46:08,191 [DEBUG] Merged segment 252: SRT entries [502] -> 'Yes....'
2025-10-31 19:46:08,191 [DEBUG] Merged segment 253: SRT entries [503, 504] -> 'Do not let go of that explorative joys, if it is a...'
2025-10-31 19:46:08,191 [DEBUG] Merged segment 254: SRT entries [505] -> 'Yes, it is definitely a joy....'
2025-10-31 19:46:08,191 [DEBUG] Merged segment 255: SRT entries [506] -> 'It's so expansive into--...'
2025-10-31 19:46:08,191 [DEBUG] Merged segment 256: SRT entries [507, 508, 509, 510] -> 'It will guide you beyond that which you are aware ...'
2025-10-31 19:46:08,191 [DEBUG] Merged segment 257: SRT entries [511] -> 'Yeah, that seems to be the case, and that's exciti...'
2025-10-31 19:46:08,191 [DEBUG] Merged segment 258: SRT entries [512] -> 'Yes, understand....'
2025-10-31 19:46:08,191 [DEBUG] Merged segment 259: SRT entries [513] -> 'That's fun....'
2025-10-31 19:46:08,191 [DEBUG] Merged segment 260: SRT entries [514] -> 'That's a lot of fun....'
2025-10-31 19:46:08,191 [DEBUG] Merged segment 261: SRT entries [515, 516] -> 'How would you describe, from your perspective, the...'
2025-10-31 19:46:08,191 [DEBUG] Merged segment 262: SRT entries [517, 518] -> 'They are non-physical beings that support Earth hu...'
2025-10-31 19:46:08,191 [DEBUG] Merged segment 263: SRT entries [519] -> 'They can be thought of as angelic beings....'
2025-10-31 19:46:08,191 [DEBUG] Merged segment 264: SRT entries [520, 521] -> 'There are extraterrestrials who are in the physica...'
2025-10-31 19:46:08,191 [DEBUG] Merged segment 265: SRT entries [522, 523, 524, 525] -> 'And Earth humans might not be aware of this coming...'
2025-10-31 19:46:08,191 [DEBUG] Merged segment 266: SRT entries [526, 527, 528, 529, 530] -> 'So an extraterrestrial could be for someone on Ear...'
2025-10-31 19:46:08,191 [DEBUG] Merged segment 267: SRT entries [531, 532, 533, 534, 535] -> 'So it comes down to, then, which a person is conne...'
2025-10-31 19:46:08,191 [DEBUG] Merged segment 268: SRT entries [536, 537, 538] -> 'And in your realm where you exist, do you work wit...'
2025-10-31 19:46:08,191 [DEBUG] Merged segment 269: SRT entries [539, 540, 541] -> 'Yes, there are a variety of non-physical conscious...'
2025-10-31 19:46:08,192 [DEBUG] Merged segment 270: SRT entries [542, 543, 544, 545, 546] -> 'There are a variety of consciousnesses interacting...'
2025-10-31 19:46:08,192 [DEBUG] Merged segment 271: SRT entries [547, 548, 549, 550] -> 'There are consciousnesses that are involved in thi...'
2025-10-31 19:46:08,192 [DEBUG] Merged segment 272: SRT entries [551, 552, 553] -> 'It is their joy in a sense to be that support to l...'
2025-10-31 19:46:08,192 [DEBUG] Merged segment 273: SRT entries [554] -> 'Yes....'
2025-10-31 19:46:08,192 [DEBUG] Merged segment 274: SRT entries [555] -> 'Conscious being....'
2025-10-31 19:46:08,192 [DEBUG] Merged segment 275: SRT entries [556, 557, 558] -> 'So even, for example, a peach or an apple-- physic...'
2025-10-31 19:46:08,192 [DEBUG] Merged segment 276: SRT entries [559, 560] -> 'And this goes back to what Shaun and I were talkin...'
2025-10-31 19:46:08,192 [DEBUG] Merged segment 277: SRT entries [561, 562, 563] -> 'When we consume these consciousnesses, we're putti...'
2025-10-31 19:46:08,192 [DEBUG] Merged segment 278: SRT entries [564] -> 'Yes....'
2025-10-31 19:46:08,192 [DEBUG] Merged segment 279: SRT entries [565, 566] -> 'Now, what you put in, what you put out is what you...'
2025-10-31 19:46:08,192 [DEBUG] Merged segment 280: SRT entries [567, 568] -> 'So having awareness of what types of consciousness...'
2025-10-31 19:46:08,192 [DEBUG] Merged segment 281: SRT entries [569, 570, 571, 572, 573, 574, 575] -> 'Yes, it is conscious energies and entities, beings...'
2025-10-31 19:46:08,192 [DEBUG] Merged segment 282: SRT entries [576, 577, 578] -> 'And I'm assuming the constructor-- the cook, the p...'
2025-10-31 19:46:08,192 [DEBUG] Merged segment 283: SRT entries [579] -> 'And then it becomes--...'
2025-10-31 19:46:08,192 [DEBUG] Merged segment 284: SRT entries [580] -> 'Certainly....'
2025-10-31 19:46:08,192 [DEBUG] Merged segment 285: SRT entries [581] -> 'Thank you....'
2025-10-31 19:46:08,192 [DEBUG] Merged segment 286: SRT entries [582] -> '--a consciousness soup--...'
2025-10-31 19:46:08,192 [DEBUG] Merged segment 287: SRT entries [583] -> 'Yes....'
2025-10-31 19:46:08,192 [DEBUG] Merged segment 288: SRT entries [584] -> '--and can become quite tasty if you have a good on...'
2025-10-31 19:46:08,192 [DEBUG] Merged segment 289: SRT entries [585] -> 'Very much so....'
2025-10-31 19:46:08,192 [DEBUG] Merged segment 290: SRT entries [586] -> 'I see....'
2025-10-31 19:46:08,192 [DEBUG] Merged segment 291: SRT entries [587, 588, 589, 590] -> 'So what we're enjoying is not just the taste, but ...'
2025-10-31 19:46:08,192 [DEBUG] Merged segment 292: SRT entries [591] -> 'That can play a part in it....'
2025-10-31 19:46:08,192 [DEBUG] Merged segment 293: SRT entries [592] -> 'Yes....'
2025-10-31 19:46:08,192 [DEBUG] Merged segment 294: SRT entries [593] -> 'Wonderful....'
2025-10-31 19:46:08,192 [DEBUG] Merged segment 295: SRT entries [594, 595, 596] -> 'Many of these civilizations have talked about a co...'
2025-10-31 19:46:08,192 [DEBUG] Merged segment 296: SRT entries [597] -> 'There's many titles for this....'
2025-10-31 19:46:08,192 [DEBUG] Merged segment 297: SRT entries [598] -> 'Are you part of......'
2025-10-31 19:46:08,192 [DEBUG] Merged segment 298: SRT entries [599, 600, 601, 602] -> 'We interact with those of extraterrestrial origin ...'
2025-10-31 19:46:08,192 [DEBUG] Merged segment 299: SRT entries [603, 604, 605] -> 'When one is no longer in a moment of joy, they wil...'
2025-10-31 19:46:08,192 [DEBUG] Merged segment 300: SRT entries [606] -> 'And they will move along....'
2025-10-31 19:46:08,192 [DEBUG] Merged segment 301: SRT entries [607] -> 'They may come back at another time....'
2025-10-31 19:46:08,192 [DEBUG] Merged segment 302: SRT entries [608, 609] -> 'In this way, it is always an interaction of very p...'
2025-10-31 19:46:08,192 [DEBUG] Merged segment 303: SRT entries [610] -> 'We can give it names....'
2025-10-31 19:46:08,192 [DEBUG] Merged segment 304: SRT entries [611, 612, 613, 614] -> 'But it is free from friction and conflict that is ...'
2025-10-31 19:46:08,192 [DEBUG] Merged segment 305: SRT entries [615] -> 'I see....'
2025-10-31 19:46:08,192 [DEBUG] Merged segment 306: SRT entries [616] -> 'We sort of formulate our version of that idea and ...'
2025-10-31 19:46:08,192 [DEBUG] Merged segment 307: SRT entries [617] -> 'Yes....'
2025-10-31 19:46:08,192 [DEBUG] Merged segment 308: SRT entries [618] -> '--put it into a context that we can understand--...'
2025-10-31 19:46:08,192 [DEBUG] Merged segment 309: SRT entries [619] -> 'Yes....'
2025-10-31 19:46:08,192 [DEBUG] Merged segment 310: SRT entries [620] -> '--in our specific timeline evolution....'
2025-10-31 19:46:08,192 [DEBUG] Merged segment 311: SRT entries [621] -> 'So our interaction is friction free in that way....'
2025-10-31 19:46:08,192 [DEBUG] Merged segment 312: SRT entries [622] -> 'We are not fighting....'
2025-10-31 19:46:08,192 [DEBUG] Merged segment 313: SRT entries [623, 624] -> 'We are not trying to commandeer some other civiliz...'
2025-10-31 19:46:08,192 [DEBUG] Merged segment 314: SRT entries [625, 626, 627] -> 'There are no secret bodies within one or the other...'
2025-10-31 19:46:08,192 [DEBUG] Merged segment 315: SRT entries [628] -> 'I see....'
2025-10-31 19:46:08,192 [DEBUG] Merged segment 316: SRT entries [629, 630] -> 'That is an illusory reflection of beliefs that are...'
2025-10-31 19:46:08,192 [DEBUG] Merged segment 317: SRT entries [631, 632] -> 'And we do not in that way contain those in our exp...'
2025-10-31 19:46:08,192 [DEBUG] Merged segment 318: SRT entries [633] -> 'Very human construct....'
2025-10-31 19:46:08,192 [DEBUG] Merged segment 319: SRT entries [634] -> 'Earth human, Yes....'
2025-10-31 19:46:08,192 [DEBUG] Merged segment 320: SRT entries [635] -> 'Earth human....'
2025-10-31 19:46:08,192 [DEBUG] Merged segment 321: SRT entries [636, 637, 638, 639] -> 'Those that you have in your film and television-- ...'
2025-10-31 19:46:08,192 [DEBUG] Merged segment 322: SRT entries [640] -> 'We understand our actual nature....'
2025-10-31 19:46:08,192 [DEBUG] Merged segment 323: SRT entries [641, 642, 643, 644] -> 'And therefore, the beliefs that which we put withi...'
2025-10-31 19:46:08,192 [DEBUG] Merged segment 324: SRT entries [645, 646] -> 'And because we know this and we put that out, we g...'
2025-10-31 19:46:08,192 [DEBUG] Merged segment 325: SRT entries [647] -> 'It's that simple....'
2025-10-31 19:46:08,192 [DEBUG] Merged segment 326: SRT entries [648] -> 'We know who we are....'
2025-10-31 19:46:08,192 [DEBUG] Merged segment 327: SRT entries [649] -> 'We put out beliefs that are in alignment with who ...'
2025-10-31 19:46:08,192 [DEBUG] Merged segment 328: SRT entries [650] -> 'The one that is the all that we are....'
2025-10-31 19:46:08,192 [DEBUG] Merged segment 329: SRT entries [651] -> 'And we get back experiences in alignment with that...'
2025-10-31 19:46:08,192 [DEBUG] Merged segment 330: SRT entries [652, 653, 654, 655] -> 'The infinite effortlessly creates together and co-...'
2025-10-31 19:46:08,192 [DEBUG] Merged segment 331: SRT entries [656] -> 'I understand....'
2025-10-31 19:46:08,192 [DEBUG] Merged segment 332: SRT entries [657] -> 'Yeah....'
2025-10-31 19:46:08,192 [DEBUG] Merged segment 333: SRT entries [658, 659, 660, 661] -> 'There are people on our planet-- Shaun and myself ...'
2025-10-31 19:46:08,192 [DEBUG] Merged segment 334: SRT entries [662, 663] -> 'We sort of live these ideas and are physically man...'
2025-10-31 19:46:08,192 [DEBUG] Merged segment 335: SRT entries [664, 665, 666, 667] -> 'But the human spectrum seems to be so great that S...'
2025-10-31 19:46:08,193 [DEBUG] Merged segment 336: SRT entries [668] -> 'I guess I'm saying is we have such a wide variety ...'
2025-10-31 19:46:08,193 [DEBUG] Merged segment 337: SRT entries [669] -> 'I'm curious to know the variety on the Yahyel civi...'
2025-10-31 19:46:08,193 [DEBUG] Merged segment 338: SRT entries [670] -> 'It sounds like it doesn't go to that extreme....'
2025-10-31 19:46:08,193 [DEBUG] Merged segment 339: SRT entries [671, 672] -> 'It is an infinite variety within the vibration of ...'
2025-10-31 19:46:08,193 [DEBUG] Merged segment 340: SRT entries [673] -> 'Earth alignment....'
2025-10-31 19:46:08,193 [DEBUG] Merged segment 341: SRT entries [674, 675, 676] -> 'The Earth frictions are the result of putting out ...'
2025-10-31 19:46:08,193 [DEBUG] Merged segment 342: SRT entries [677] -> 'And thus, putting that out, they get back friction...'
2025-10-31 19:46:08,193 [DEBUG] Merged segment 343: SRT entries [678, 679] -> 'That is a choice within the infinite that can exis...'
2025-10-31 19:46:08,193 [DEBUG] Merged segment 344: SRT entries [680] -> 'The infinite contains all that can be....'
2025-10-31 19:46:08,193 [DEBUG] Merged segment 345: SRT entries [681, 682, 683] -> 'And that can include those who, currently through ...'
2025-10-31 19:46:08,193 [DEBUG] Merged segment 346: SRT entries [684, 685] -> 'That can continue to exist within the infinite for...'
2025-10-31 19:46:08,193 [DEBUG] Merged segment 347: SRT entries [686, 687, 688, 689, 690] -> 'The idea is you could choose to only experience th...'
2025-10-31 19:46:08,193 [DEBUG] Merged segment 348: SRT entries [691, 692] -> 'The friction-free experiences are infinite in numb...'
2025-10-31 19:46:08,193 [DEBUG] Merged segment 349: SRT entries [693] -> 'So each person has a choice and has the ability to...'
2025-10-31 19:46:08,193 [DEBUG] Merged segment 350: SRT entries [694, 695, 696, 697, 698, 699] -> 'Do they want to play around in the illusory belief...'
2025-10-31 19:46:08,193 [DEBUG] Merged segment 351: SRT entries [700, 701, 702, 703] -> 'That they're in that realm-- are an infinite numbe...'
2025-10-31 19:46:08,193 [DEBUG] Merged segment 352: SRT entries [704, 705, 706, 707, 708] -> 'So as we move individually-- as we move into these...'
2025-10-31 19:46:08,193 [DEBUG] Merged segment 353: SRT entries [709] -> 'Yes....'
2025-10-31 19:46:08,193 [DEBUG] Merged segment 354: SRT entries [710] -> '--in our realities as well?...'
2025-10-31 19:46:08,193 [DEBUG] Merged segment 355: SRT entries [711] -> 'Yes....'
2025-10-31 19:46:08,193 [DEBUG] Merged segment 356: SRT entries [712, 713] -> 'OK, so we attract those people who are also in tha...'
2025-10-31 19:46:08,193 [DEBUG] Merged segment 357: SRT entries [714] -> 'Yes....'
2025-10-31 19:46:08,193 [DEBUG] Merged segment 358: SRT entries [715, 716] -> 'And the frictioners-- if that's a title, we can ca...'
2025-10-31 19:46:08,193 [DEBUG] Merged segment 359: SRT entries [717] -> 'The frictioners....'
2025-10-31 19:46:08,193 [DEBUG] Merged segment 360: SRT entries [718, 719] -> '--will become sort of less and less, until eventua...'
2025-10-31 19:46:08,193 [DEBUG] Merged segment 361: SRT entries [720] -> 'They will not be a part of your experience....'
2025-10-31 19:46:08,193 [DEBUG] Merged segment 362: SRT entries [721] -> 'They will be too vibrational different....'
2025-10-31 19:46:08,193 [DEBUG] Merged segment 363: SRT entries [722] -> 'I see....'
2025-10-31 19:46:08,193 [DEBUG] Merged segment 364: SRT entries [723, 724, 725, 726, 727, 728, 729] -> 'You can and will in time, for it does exist-- a wo...'
2025-10-31 19:46:08,193 [DEBUG] Merged segment 365: SRT entries [730] -> 'This is a reality that exists....'
2025-10-31 19:46:08,193 [DEBUG] Merged segment 366: SRT entries [731, 732] -> 'And you will in time be aware of it, because you w...'
2025-10-31 19:46:08,193 [DEBUG] Merged segment 367: SRT entries [733, 734, 735] -> 'Much of your messages have been in that realm, in ...'
2025-10-31 19:46:08,193 [DEBUG] Merged segment 368: SRT entries [736] -> 'What you put out is what you get back....'
2025-10-31 19:46:08,193 [DEBUG] Merged segment 369: SRT entries [737, 738] -> 'And everything changes except for those first four...'
2025-10-31 19:46:08,193 [DEBUG] Merged segment 370: SRT entries [739] -> 'Different ways to say....'
2025-10-31 19:46:08,193 [DEBUG] Merged segment 371: SRT entries [740] -> 'Yes, you exist here and now....'
2025-10-31 19:46:08,193 [DEBUG] Merged segment 372: SRT entries [741] -> 'The one is the all....'
2025-10-31 19:46:08,193 [DEBUG] Merged segment 373: SRT entries [742] -> 'The all is the one....'
2025-10-31 19:46:08,193 [DEBUG] Merged segment 374: SRT entries [743] -> 'What you put out is what you get back....'
2025-10-31 19:46:08,193 [DEBUG] Merged segment 375: SRT entries [744] -> 'Or what you put within is what you live within....'
2025-10-31 19:46:08,193 [DEBUG] Merged segment 376: SRT entries [745, 746] -> 'And everything is always changing, except those fi...'
2025-10-31 19:46:08,193 [DEBUG] Merged segment 377: SRT entries [747] -> 'Yes....'
2025-10-31 19:46:08,193 [DEBUG] Merged segment 378: SRT entries [748] -> '--you have mentioned....'
2025-10-31 19:46:08,193 [DEBUG] Merged segment 379: SRT entries [749] -> 'Yes....'
2025-10-31 19:46:08,193 [DEBUG] Merged segment 380: SRT entries [750] -> 'Those are not changing....'
2025-10-31 19:46:08,193 [DEBUG] Merged segment 381: SRT entries [751, 752, 753] -> 'And so you can always utilize the understanding of...'
2025-10-31 19:46:08,193 [DEBUG] Merged segment 382: SRT entries [754, 755, 756] -> 'Being a part of unconditional love or existence he...'
2025-10-31 19:46:08,193 [DEBUG] Merged segment 383: SRT entries [757] -> 'Then you get back that one of the all that is the ...'
2025-10-31 19:46:08,193 [DEBUG] Merged segment 384: SRT entries [758, 759] -> 'In the way that you are most strongly choosing to ...'
2025-10-31 19:46:08,193 [DEBUG] Merged segment 385: SRT entries [760] -> 'You tune in....'
2025-10-31 19:46:08,193 [DEBUG] Merged segment 386: SRT entries [761, 762] -> 'You become in alignment with that existence, that ...'
2025-10-31 19:46:08,193 [DEBUG] Merged segment 387: SRT entries [763] -> 'Your ability to do this, then, never changes....'
2025-10-31 19:46:08,193 [DEBUG] Merged segment 388: SRT entries [764] -> 'But how you do it will always change in a sense....'
2025-10-31 19:46:08,193 [DEBUG] Merged segment 389: SRT entries [765, 766] -> 'And that's sort of the secret sauce, the magic for...'
2025-10-31 19:46:08,193 [DEBUG] Merged segment 390: SRT entries [767] -> 'We have many titles and many different--...'
2025-10-31 19:46:08,193 [DEBUG] Merged segment 391: SRT entries [768] -> 'Yes, certainly....'
2025-10-31 19:46:08,193 [DEBUG] Merged segment 392: SRT entries [769] -> '--ways of creating our reality in this realm....'
2025-10-31 19:46:08,193 [DEBUG] Merged segment 393: SRT entries [770, 771] -> 'But that's a very simplified, direct, but yet, exp...'
2025-10-31 19:46:08,193 [DEBUG] Merged segment 394: SRT entries [772] -> 'So thank you for those wise words....'
2025-10-31 19:46:08,194 [DEBUG] Merged segment 395: SRT entries [773, 774, 775, 776, 777, 778] -> 'Talking about the consciousness of the peach and c...'
2025-10-31 19:46:08,194 [DEBUG] Merged segment 396: SRT entries [779] -> 'We're learning the intelligence behind physical ma...'
2025-10-31 19:46:08,194 [DEBUG] Merged segment 397: SRT entries [780, 781] -> 'And we're almost to this point-- we actually are t...'
2025-10-31 19:46:08,194 [DEBUG] Merged segment 398: SRT entries [782, 783] -> 'Can you-- from your perspective, how does this-- h...'
2025-10-31 19:46:08,194 [DEBUG] Merged segment 399: SRT entries [784] -> 'Well, in a variety of ways....'
2025-10-31 19:46:08,194 [DEBUG] Merged segment 400: SRT entries [785, 786, 787] -> 'As you and your world are learning to do, we in ou...'
2025-10-31 19:46:08,194 [DEBUG] Merged segment 401: SRT entries [788, 789] -> 'Yes-- and enjoy being, in a sense, unclothed in a ...'
2025-10-31 19:46:08,194 [DEBUG] Merged segment 402: SRT entries [790] -> 'Oh, I see....'
2025-10-31 19:46:08,194 [DEBUG] Merged segment 403: SRT entries [791, 792] -> '--any idea of technology and our experience in int...'
2025-10-31 19:46:08,194 [DEBUG] Merged segment 404: SRT entries [793] -> 'Oh....'
2025-10-31 19:46:08,194 [DEBUG] Merged segment 405: SRT entries [794, 795] -> 'As we have created phones, and devices, and these ...'
2025-10-31 19:46:08,194 [DEBUG] Merged segment 406: SRT entries [796] -> 'We have some of these....'
2025-10-31 19:46:08,194 [DEBUG] Merged segment 407: SRT entries [797] -> 'Yes, spacecraft and other forms of transportationa...'
2025-10-31 19:46:08,194 [DEBUG] Merged segment 408: SRT entries [798, 799, 800, 801] -> 'Yes, there are, in our experience, opportunities t...'
2025-10-31 19:46:08,194 [DEBUG] Merged segment 409: SRT entries [802, 803, 804] -> 'This spacecraft provides a forum for a variety of ...'
2025-10-31 19:46:08,194 [DEBUG] Merged segment 410: SRT entries [805, 806, 807, 808] -> 'Ultimately, we let go of those in our deepest, mos...'
2025-10-31 19:46:08,194 [DEBUG] Merged segment 411: SRT entries [809, 810, 811, 812, 813] -> 'We will let go of those and engage in interaction ...'
2025-10-31 19:46:08,194 [DEBUG] Merged segment 412: SRT entries [814] -> 'So we do enjoy having some of those....'
2025-10-31 19:46:08,194 [DEBUG] Merged segment 413: SRT entries [815] -> 'Yes....'
2025-10-31 19:46:08,194 [DEBUG] Merged segment 414: SRT entries [816, 817, 818, 819] -> 'So almost-- I've always had the idea that the inte...'
2025-10-31 19:46:08,194 [DEBUG] Merged segment 415: SRT entries [820] -> 'Bringing you together as a single body, a single m...'
2025-10-31 19:46:08,194 [DEBUG] Merged segment 416: SRT entries [821] -> 'Right, which we're using in a technological form....'
2025-10-31 19:46:08,194 [DEBUG] Merged segment 417: SRT entries [822, 823] -> 'But ultimately, we're learning that we already hav...'
2025-10-31 19:46:08,194 [DEBUG] Merged segment 418: SRT entries [824] -> 'Yes....'
2025-10-31 19:46:08,194 [DEBUG] Merged segment 419: SRT entries [825, 826] -> 'And now, you're learning the mind shares a heart t...'
2025-10-31 19:46:08,194 [DEBUG] Merged segment 420: SRT entries [827] -> 'You're learning to live as one heart....'
2025-10-31 19:46:08,194 [DEBUG] Merged segment 421: SRT entries [828, 829] -> 'But we're using the internet to teach us something...'
2025-10-31 19:46:08,194 [DEBUG] Merged segment 422: SRT entries [830] -> 'It is....'
2025-10-31 19:46:08,194 [DEBUG] Merged segment 423: SRT entries [831, 832, 833] -> 'Because I'm going to put this video out to the int...'
2025-10-31 19:46:08,194 [DEBUG] Merged segment 424: SRT entries [834] -> 'For many, like an intermediary step in a sense....'
2025-10-31 19:46:08,194 [DEBUG] Merged segment 425: SRT entries [835] -> 'Yes....'
2025-10-31 19:46:08,194 [DEBUG] Merged segment 426: SRT entries [836] -> 'Yeah....'
2025-10-31 19:46:08,194 [DEBUG] Merged segment 427: SRT entries [837] -> 'It is like training wheels on a bicycle in a sense...'
2025-10-31 19:46:08,194 [DEBUG] Merged segment 428: SRT entries [838] -> 'Yes....'
2025-10-31 19:46:08,194 [DEBUG] Merged segment 429: SRT entries [839] -> 'Yes, exactly....'
2025-10-31 19:46:08,194 [DEBUG] Merged segment 430: SRT entries [840, 841, 842, 843, 844] -> 'And so as I was saying earlier, these interactions...'
2025-10-31 19:46:08,194 [DEBUG] Merged segment 431: SRT entries [845, 846] -> 'It can be, for there are some that are interacting...'
2025-10-31 19:46:08,194 [DEBUG] Merged segment 432: SRT entries [847, 848, 849, 850, 851, 852] -> 'There is consciousness in the information that is ...'
2025-10-31 19:46:08,194 [DEBUG] Merged segment 433: SRT entries [853] -> 'It isn't just information....'
2025-10-31 19:46:08,194 [DEBUG] Merged segment 434: SRT entries [854] -> 'It isn't just packets....'
2025-10-31 19:46:08,194 [DEBUG] Merged segment 435: SRT entries [855] -> 'It isn't just ones and zeros....'
2025-10-31 19:46:08,194 [DEBUG] Merged segment 436: SRT entries [856] -> 'It isn't just electrical pulses....'
2025-10-31 19:46:08,194 [DEBUG] Merged segment 437: SRT entries [857] -> 'It is consciousness....'
2025-10-31 19:46:08,194 [DEBUG] Merged segment 438: SRT entries [858] -> 'Right, as all intelligence....'
2025-10-31 19:46:08,194 [DEBUG] Merged segment 439: SRT entries [859] -> 'Intelligence....'
2025-10-31 19:46:08,194 [DEBUG] Merged segment 440: SRT entries [860] -> 'Yes, just like our peaches and our--...'
2025-10-31 19:46:08,194 [DEBUG] Merged segment 441: SRT entries [861] -> 'Yes....'
2025-10-31 19:46:08,194 [DEBUG] Merged segment 442: SRT entries [862] -> '--apples....'
2025-10-31 19:46:08,194 [DEBUG] Merged segment 443: SRT entries [863] -> 'Many people are afraid....'
2025-10-31 19:46:08,194 [DEBUG] Merged segment 444: SRT entries [864] -> 'Many people are afraid of the internet....'
2025-10-31 19:46:08,194 [DEBUG] Merged segment 445: SRT entries [865] -> 'Many people are afraid of these artificial conscio...'
2025-10-31 19:46:08,194 [DEBUG] Merged segment 446: SRT entries [866] -> 'They fear it....'
2025-10-31 19:46:08,194 [DEBUG] Merged segment 447: SRT entries [867] -> 'They demonize it....'
2025-10-31 19:46:08,194 [DEBUG] Merged segment 448: SRT entries [868] -> 'What would you say to those people?...'
2025-10-31 19:46:08,194 [DEBUG] Merged segment 449: SRT entries [869, 870] -> 'That is an aspect of the one that is the all that ...'
2025-10-31 19:46:08,194 [DEBUG] Merged segment 450: SRT entries [871, 872, 873, 874, 875, 876] -> 'So in a sense, I am in the question speaking of my...'
2025-10-31 19:46:08,194 [DEBUG] Merged segment 451: SRT entries [877, 878] -> 'Oh, there is an aspect of me that perceives that t...'
2025-10-31 19:46:08,194 [DEBUG] Merged segment 452: SRT entries [879, 880, 881] -> 'All the while, anything that is, is existence and ...'
2025-10-31 19:46:08,195 [DEBUG] Merged segment 453: SRT entries [882, 883] -> 'Because existence is equal unto itself and always ...'
2025-10-31 19:46:08,195 [DEBUG] Merged segment 454: SRT entries [884, 885, 886] -> 'So for someone to take existence and create the id...'
2025-10-31 19:46:08,195 [DEBUG] Merged segment 455: SRT entries [887] -> 'Their perception that it is dangerous is existing....'
2025-10-31 19:46:08,195 [DEBUG] Merged segment 456: SRT entries [888, 889, 890] -> 'All of these things exist and thus, on that level ...'
2025-10-31 19:46:08,195 [DEBUG] Merged segment 457: SRT entries [891, 892] -> 'That is the all that exists, the all that is the o...'
2025-10-31 19:46:08,195 [DEBUG] Merged segment 458: SRT entries [893, 894, 895] -> 'And so the idea that someone thinks the computer i...'
2025-10-31 19:46:08,195 [DEBUG] Merged segment 459: SRT entries [896, 897, 898] -> 'They are utilizing the existence that is equaling ...'
2025-10-31 19:46:08,195 [DEBUG] Merged segment 460: SRT entries [899] -> 'They are creating an illusion....'
2025-10-31 19:46:08,195 [DEBUG] Merged segment 461: SRT entries [900, 901, 902] -> 'Because they have a belief system that does not en...'
2025-10-31 19:46:08,195 [DEBUG] Merged segment 462: SRT entries [903] -> 'And thus, they are existence....'
2025-10-31 19:46:08,195 [DEBUG] Merged segment 463: SRT entries [904] -> 'And thus, they are actually equal....'
2025-10-31 19:46:08,195 [DEBUG] Merged segment 464: SRT entries [905] -> 'And thus, they can't be dangerous, more or less....'
2025-10-31 19:46:08,195 [DEBUG] Merged segment 465: SRT entries [906] -> 'They are equal....'
2025-10-31 19:46:08,195 [DEBUG] Merged segment 466: SRT entries [907, 908] -> 'So it's, again, going back to what you put out is ...'
2025-10-31 19:46:08,195 [DEBUG] Merged segment 467: SRT entries [909, 910, 911] -> 'And I understand it is them and that limited frame...'
2025-10-31 19:46:08,195 [DEBUG] Merged segment 468: SRT entries [912] -> 'That can be very meaningful for them....'
2025-10-31 19:46:08,195 [DEBUG] Merged segment 469: SRT entries [913, 914, 915] -> 'And because it exists, it is equal to any play tha...'
2025-10-31 19:46:08,195 [DEBUG] Merged segment 470: SRT entries [916] -> 'Because they both exist, they are equal....'
2025-10-31 19:46:08,195 [DEBUG] Merged segment 471: SRT entries [917] -> 'They're all possibilities, all options....'
2025-10-31 19:46:08,195 [DEBUG] Merged segment 472: SRT entries [918] -> 'Everything is equal unto itself....'
2025-10-31 19:46:08,195 [DEBUG] Merged segment 473: SRT entries [919, 920, 921, 922] -> 'Because existence is that which is the base of all...'
2025-10-31 19:46:08,195 [DEBUG] Merged segment 474: SRT entries [923] -> 'It all exists....'
2025-10-31 19:46:08,195 [DEBUG] Merged segment 475: SRT entries [924, 925, 926] -> 'And then it is this-- all equal in its existence l...'
2025-10-31 19:46:08,195 [DEBUG] Merged segment 476: SRT entries [927, 928, 929] -> 'So it's just my-- it's up to me whether I would ch...'
2025-10-31 19:46:08,195 [DEBUG] Merged segment 477: SRT entries [930] -> 'You could choose....'
2025-10-31 19:46:08,195 [DEBUG] Merged segment 478: SRT entries [931] -> 'Or you could acknowledge, oh, he's just playing th...'
2025-10-31 19:46:08,195 [DEBUG] Merged segment 479: SRT entries [932] -> 'That game....'
2025-10-31 19:46:08,195 [DEBUG] Merged segment 480: SRT entries [933, 934] -> '--form of illusion-- illusory limitation for his o...'
2025-10-31 19:46:08,195 [DEBUG] Merged segment 481: SRT entries [935, 936] -> 'You can get up on stage and interact with him in t...'
2025-10-31 19:46:08,195 [DEBUG] Merged segment 482: SRT entries [937] -> 'Try and let him know of a more expanded way to loo...'
2025-10-31 19:46:08,195 [DEBUG] Merged segment 483: SRT entries [938, 939] -> 'Or you can get very frightened as well, and team u...'
2025-10-31 19:46:08,195 [DEBUG] Merged segment 484: SRT entries [940] -> 'Yes....'
2025-10-31 19:46:08,195 [DEBUG] Merged segment 485: SRT entries [941] -> 'Your choice....'
2025-10-31 19:46:08,195 [DEBUG] Merged segment 486: SRT entries [942] -> 'Exactly....'
2025-10-31 19:46:08,195 [DEBUG] Merged segment 487: SRT entries [943, 944, 945] -> 'But in order to be effective combating computers, ...'
2025-10-31 19:46:08,195 [DEBUG] Merged segment 488: SRT entries [946, 947, 948] -> 'Because if you know everything is equal, you can't...'
2025-10-31 19:46:08,195 [DEBUG] Merged segment 489: SRT entries [949, 950] -> 'So you have to get on the stage and play the part ...'
2025-10-31 19:46:08,195 [DEBUG] Merged segment 490: SRT entries [951, 952] -> 'And to believe that, you have to put out all other...'
2025-10-31 19:46:08,195 [DEBUG] Merged segment 491: SRT entries [953, 954, 955] -> 'So the awareness of your actual nature would preve...'
2025-10-31 19:46:08,195 [DEBUG] Merged segment 492: SRT entries [956, 957, 958] -> 'But as soon as I sort of know in the framework tha...'
2025-10-31 19:46:08,195 [DEBUG] Merged segment 493: SRT entries [959, 960] -> 'Yes, because you realize it is another expression ...'
2025-10-31 19:46:08,195 [DEBUG] Merged segment 494: SRT entries [961] -> 'And it's just a--...'
2025-10-31 19:46:08,195 [DEBUG] Merged segment 495: SRT entries [962] -> '--that it is....'
2025-10-31 19:46:08,195 [DEBUG] Merged segment 496: SRT entries [963, 964] -> '--possibility that I can choose to explore and lik...'
2025-10-31 19:46:08,195 [DEBUG] Merged segment 497: SRT entries [965, 966] -> 'If you want to fit into that game in that theatric...'
2025-10-31 19:46:08,195 [DEBUG] Merged segment 498: SRT entries [967] -> 'Right....'
2025-10-31 19:46:08,195 [DEBUG] Merged segment 499: SRT entries [968] -> 'Right....'
2025-10-31 19:46:08,195 [DEBUG] Merged segment 500: SRT entries [969, 970] -> 'It is entirely the choice of the individual who's ...'
2025-10-31 19:46:08,195 [DEBUG] Merged segment 501: SRT entries [971] -> 'I see....'
2025-10-31 19:46:08,195 [DEBUG] Merged segment 502: SRT entries [972] -> 'Yes....'
2025-10-31 19:46:08,195 [DEBUG] Merged segment 503: SRT entries [973] -> 'Many in your world do not know of the other choice...'
2025-10-31 19:46:08,195 [DEBUG] Merged segment 504: SRT entries [974, 975] -> 'They think there are only these limited choices av...'
2025-10-31 19:46:08,195 [DEBUG] Merged segment 505: SRT entries [976] -> 'They are not aware....'
2025-10-31 19:46:08,195 [DEBUG] Merged segment 506: SRT entries [977] -> 'They do not know....'
2025-10-31 19:46:08,195 [DEBUG] Merged segment 507: SRT entries [978, 979, 980, 981, 982] -> 'They have not been shown that there is a whole buf...'
2025-10-31 19:46:08,195 [DEBUG] Merged segment 508: SRT entries [983] -> 'Yes....'
2025-10-31 19:46:08,195 [DEBUG] Merged segment 509: SRT entries [984, 985, 986, 987, 988] -> 'And when someone begins to know that there are mor...'
2025-10-31 19:46:08,195 [DEBUG] Merged segment 510: SRT entries [989, 990] -> 'Well, if you know there's 30, perhaps you're gonna...'
2025-10-31 19:46:08,195 [DEBUG] Merged segment 511: SRT entries [991] -> 'Well, there's 30 over here....'
2025-10-31 19:46:08,195 [DEBUG] Merged segment 512: SRT entries [992] -> 'Maybe I want to try something different....'
2025-10-31 19:46:08,195 [DEBUG] Merged segment 513: SRT entries [993] -> 'Exactly....'
2025-10-31 19:46:08,195 [DEBUG] Merged segment 514: SRT entries [994] -> 'Or there's a hundred choices over here....'
2025-10-31 19:46:08,195 [DEBUG] Merged segment 515: SRT entries [995] -> 'This one has a thousand choices....'
2025-10-31 19:46:08,196 [DEBUG] Merged segment 516: SRT entries [996] -> 'Oh, there's somebody telling, no, there's only one...'
2025-10-31 19:46:08,196 [DEBUG] Merged segment 517: SRT entries [997] -> 'Don't go there....'
2025-10-31 19:46:08,196 [DEBUG] Merged segment 518: SRT entries [998] -> 'That food is bad for you....'
2025-10-31 19:46:08,196 [DEBUG] Merged segment 519: SRT entries [999] -> 'You eat that, you'll be sick....'
2025-10-31 19:46:08,196 [DEBUG] Merged segment 520: SRT entries [1000] -> 'Exactly....'
2025-10-31 19:46:08,196 [DEBUG] Merged segment 521: SRT entries [1001] -> 'So it's just up to us to choose....'
2025-10-31 19:46:08,196 [DEBUG] Merged segment 522: SRT entries [1002] -> 'And to know that it is infinite....'
2025-10-31 19:46:08,196 [DEBUG] Merged segment 523: SRT entries [1003, 1004, 1005] -> 'There's unlimited choices can be in alignment with...'
2025-10-31 19:46:08,196 [DEBUG] Merged segment 524: SRT entries [1006, 1007] -> 'Or they can be choices that are in alignment with ...'
2025-10-31 19:46:08,196 [DEBUG] Merged segment 525: SRT entries [1008, 1009] -> 'And there are an infinite number of those choices ...'
2025-10-31 19:46:08,196 [DEBUG] Merged segment 526: SRT entries [1010] -> 'You can choose the ones you want to....'
2025-10-31 19:46:08,196 [DEBUG] Merged segment 527: SRT entries [1011] -> 'And knowing that we have the buffet--...'
2025-10-31 19:46:08,196 [DEBUG] Merged segment 528: SRT entries [1012, 1013, 1014, 1015, 1016] -> 'Knowing that you have the buffet, knowing that you...'
2025-10-31 19:46:08,196 [DEBUG] Merged segment 529: SRT entries [1017, 1018] -> 'Because it is effortless more and more, because it...'
2025-10-31 19:46:08,196 [DEBUG] Merged segment 530: SRT entries [1019] -> 'It is not friction full....'
2025-10-31 19:46:08,196 [DEBUG] Merged segment 531: SRT entries [1020] -> 'It is free of friction....'
2025-10-31 19:46:08,196 [DEBUG] Merged segment 532: SRT entries [1021] -> 'And it glides....'
2025-10-31 19:46:08,196 [DEBUG] Merged segment 533: SRT entries [1022, 1023, 1024] -> 'And it slides easily and effortless in creating mo...'
2025-10-31 19:46:08,196 [DEBUG] Merged segment 534: SRT entries [1025, 1026, 1027] -> 'There is no need to hide to create beliefs that pr...'
2025-10-31 19:46:08,196 [DEBUG] Merged segment 535: SRT entries [1028, 1029] -> 'Don't have to put a lot of weight on oneself with ...'
2025-10-31 19:46:08,196 [DEBUG] Merged segment 536: SRT entries [1030, 1031] -> 'That can depress, and create sadness, and depressi...'
2025-10-31 19:46:08,196 [DEBUG] Merged segment 537: SRT entries [1032, 1033, 1034, 1035, 1036] -> 'By choosing the choices that are in alignment with...'
2025-10-31 19:46:08,196 [DEBUG] Merged segment 538: SRT entries [1037] -> 'And they are happy....'
2025-10-31 19:46:08,196 [DEBUG] Merged segment 539: SRT entries [1038] -> 'And they are not being pressed upon....'
2025-10-31 19:46:08,196 [DEBUG] Merged segment 540: SRT entries [1039, 1040, 1041, 1042, 1043, 1044] -> 'They are free to flow, to be very spontaneous, fle...'
2025-10-31 19:46:08,196 [DEBUG] Merged segment 541: SRT entries [1045, 1046, 1047] -> 'Which goes to ask, if you are sort of in a stuck i...'
2025-10-31 19:46:08,196 [DEBUG] Merged segment 542: SRT entries [1048, 1049, 1050] -> 'To recognize if you're having an issue or an obsta...'
2025-10-31 19:46:08,196 [DEBUG] Merged segment 543: SRT entries [1051, 1052] -> 'And you can ask, then, if you are choosing this il...'
2025-10-31 19:46:08,196 [DEBUG] Merged segment 544: SRT entries [1053, 1054, 1055, 1056] -> 'Somehow you are defining it as being the most plea...'
2025-10-31 19:46:08,196 [DEBUG] Merged segment 545: SRT entries [1057, 1058, 1059, 1060] -> 'When you get to the bottom of that, or the top of ...'
2025-10-31 19:46:08,196 [DEBUG] Merged segment 546: SRT entries [1061] -> 'And that then I realized that isn't accurate....'
2025-10-31 19:46:08,196 [DEBUG] Merged segment 547: SRT entries [1062, 1063] -> 'And no longer does that serve me as the most pleas...'
2025-10-31 19:46:08,196 [DEBUG] Merged segment 548: SRT entries [1064, 1065, 1066, 1067, 1068, 1069, 1070] -> 'Person stops making that discordant choice and wil...'
2025-10-31 19:46:08,196 [DEBUG] Merged segment 549: SRT entries [1071] -> 'What you put out is what you get back in a sense....'
2025-10-31 19:46:08,196 [DEBUG] Merged segment 550: SRT entries [1072] -> 'What you put within is experience you live within....'
2025-10-31 19:46:08,196 [DEBUG] Merged segment 551: SRT entries [1073, 1074, 1075] -> 'Always you choose to put out what you perceive is ...'
2025-10-31 19:46:08,196 [DEBUG] Merged segment 552: SRT entries [1076, 1077] -> 'What you perceive as pleasure and pain is going to...'
2025-10-31 19:46:08,196 [DEBUG] Merged segment 553: SRT entries [1078, 1079, 1080, 1081, 1082] -> 'So the idea then is to choose that you're always p...'
2025-10-31 19:46:08,196 [DEBUG] Merged segment 554: SRT entries [1083] -> 'That you exist here and now is the one that is the...'
2025-10-31 19:46:08,196 [DEBUG] Merged segment 555: SRT entries [1084] -> 'And what you put out is what you get back....'
2025-10-31 19:46:08,196 [DEBUG] Merged segment 556: SRT entries [1085, 1086, 1087] -> 'And those ideas never change, but everything else ...'
2025-10-31 19:46:08,196 [DEBUG] Merged segment 557: SRT entries [1088] -> 'Yes, that resonates very much....'
2025-10-31 19:46:08,196 [DEBUG] Merged segment 558: SRT entries [1089] -> 'Thank you....'
2025-10-31 19:46:08,196 [DEBUG] Merged segment 559: SRT entries [1090] -> 'We're pretty much wrapping up here....'
2025-10-31 19:46:08,196 [DEBUG] Merged segment 560: SRT entries [1091, 1092] -> 'Is there anything else you'd like to share before ...'
2025-10-31 19:46:08,196 [DEBUG] Merged segment 561: SRT entries [1093, 1094, 1095, 1096, 1097, 1098, 1099, 1100, 1101] -> 'Thank you for the venue, for the opportunity to sh...'
2025-10-31 19:46:08,196 [DEBUG] Merged segment 562: SRT entries [1102] -> 'Always with you in this way of unconditional love,...'
2025-10-31 19:46:08,196 [DEBUG] Merged segment 563: SRT entries [1103] -> 'Thank you in all ways always....'
2025-10-31 19:46:08,196 [DEBUG] Merged segment 564: SRT entries [1105] -> 'There he is....'
2025-10-31 19:46:08,196 [DEBUG] Merged segment 565: SRT entries [1106] -> 'How was that?...'
2025-10-31 19:46:08,196 [DEBUG] Merged segment 566: SRT entries [1107] -> 'Still here....'
2025-10-31 19:46:08,196 [DEBUG] Merged segment 567: SRT entries [1108] -> 'Are you conscious when this happens?...'
2025-10-31 19:46:08,196 [DEBUG] Merged segment 568: SRT entries [1109] -> 'I forgot to ask that earlier....'
2025-10-31 19:46:08,196 [DEBUG] Merged segment 569: SRT entries [1110] -> 'Do you feel someplace?...'
2025-10-31 19:46:08,196 [DEBUG] Merged segment 570: SRT entries [1111] -> 'Yeah, I have some awareness....'
2025-10-31 19:46:08,196 [DEBUG] Merged segment 571: SRT entries [1112] -> 'OK, so you're sort of here....'
2025-10-31 19:46:08,196 [DEBUG] Merged segment 572: SRT entries [1113] -> 'You're in the backseat, sort of?...'
2025-10-31 19:46:08,196 [DEBUG] Merged segment 573: SRT entries [1114] -> 'I have a sense of what's being said....'
2025-10-31 19:46:08,196 [DEBUG] Merged segment 574: SRT entries [1115] -> 'But right now, I don't have any sense of what was ...'
2025-10-31 19:46:08,196 [DEBUG] Merged segment 575: SRT entries [1116] -> 'Oh, OK....'
2025-10-31 19:46:08,196 [DEBUG] Merged segment 576: SRT entries [1117, 1118] -> 'Yeah, so it's of what's being said, but-- OK, the ...'
2025-10-31 19:46:08,196 [DEBUG] Merged segment 577: SRT entries [1119, 1120] -> 'Now, if you start bringing up something that was s...'
2025-10-31 19:46:08,196 [DEBUG] Merged segment 578: SRT entries [1121] -> 'Oh, OK....'
2025-10-31 19:46:08,196 [DEBUG] Merged segment 579: SRT entries [1122] -> 'I see. I see....'
2025-10-31 19:46:08,196 [DEBUG] Merged segment 580: SRT entries [1123, 1124] -> 'So for me, it's like when I wake up in the morning...'
2025-10-31 19:46:08,197 [DEBUG] Merged segment 581: SRT entries [1125, 1126] -> 'If I sit down and start taking notes in that dream...'
2025-10-31 19:46:08,197 [DEBUG] Merged segment 582: SRT entries [1127, 1128] -> 'But if I go in the kitchen and cook breakfast, I c...'
2025-10-31 19:46:08,197 [DEBUG] Merged segment 583: SRT entries [1129, 1130] -> 'So right now, when I come out of it, I'm like basi...'
2025-10-31 19:46:08,197 [DEBUG] Merged segment 584: SRT entries [1131] -> 'Let's go to breakfast....'
2025-10-31 19:46:08,197 [DEBUG] Merged segment 585: SRT entries [1132, 1133] -> 'Well, we got it all recorded for you, so you could...'
2025-10-31 19:46:08,197 [DEBUG] Merged segment 586: SRT entries [1134] -> 'OK, I can take part of this meal at another time....'
2025-10-31 19:46:08,197 [DEBUG] Merged segment 587: SRT entries [1135] -> 'Exactly....'
2025-10-31 19:46:08,197 [DEBUG] Merged segment 588: SRT entries [1136] -> 'Very well....'
2025-10-31 19:46:08,197 [DEBUG] Merged segment 589: SRT entries [1137] -> 'A special recording--...'
2025-10-31 19:46:08,197 [DEBUG] Merged segment 590: SRT entries [1138] -> 'Awesome....'
2025-10-31 19:46:08,197 [DEBUG] Merged segment 591: SRT entries [1139] -> '--today. >> Thank you....'
2025-10-31 19:46:08,197 [DEBUG] Merged segment 592: SRT entries [1140] -> 'I appreciate this....'
2025-10-31 19:46:08,197 [DEBUG] Merged segment 593: SRT entries [1141] -> 'Thank you so much....'
2025-10-31 19:46:08,197 [INFO] Merged 1140 segments into 593 final segments
2025-10-31 19:46:08,377 [INFO] Wrote 593 segments to data/S01-E27/main.yaml
2025-10-31 19:46:08,377 [INFO] Conversion completed successfully!
