2025-11-12 12:42:36,214 [INFO] Starting SRT to YAML conversion for episode S01-E22
2025-11-12 12:42:36,214 [INFO] SRT source resolved to: input/S01-E22/ENG_S01-E22 Wieteke Koolhof_SRT_English.srt
2025-11-12 12:42:36,215 [INFO] Parsed 1069 SRT entries from input/S01-E22/ENG_S01-E22 Wieteke Koolhof_SRT_English.srt
2025-11-12 12:42:36,216 [DEBUG] Merged segment 1: SRT entries [1] -> 'You are all naturally wired for growth and spiritu...'
2025-11-12 12:42:36,216 [DEBUG] Merged segment 2: SRT entries [2, 3] -> 'The expansion is accelerated by the ongoing invita...'
2025-11-12 12:42:36,216 [DEBUG] Merged segment 3: SRT entries [4, 5, 6] -> 'And so, you will from time to time surprise yourse...'
2025-11-12 12:42:36,216 [DEBUG] Merged segment 4: SRT entries [7, 8, 9] -> 'The more you sense yourself, feeling either trigge...'
2025-11-12 12:42:36,216 [DEBUG] Merged segment 5: SRT entries [10, 11] -> 'Where this relevancy lies is in the finding of you...'
2025-11-12 12:42:36,216 [DEBUG] Merged segment 6: SRT entries [12] -> 'You all play this game, both on an individual as w...'
2025-11-12 12:42:36,216 [DEBUG] Merged segment 7: SRT entries [13, 14, 15] -> 'Now when it comes to open contact with the ETs, wi...'
2025-11-12 12:42:36,216 [DEBUG] Merged segment 8: SRT entries [16, 17, 18, 19, 20] -> 'We understand that for many, and for a long time, ...'
2025-11-12 12:42:36,216 [DEBUG] Merged segment 9: SRT entries [21] -> 'This type of contact, it is within you already....'
2025-11-12 12:42:36,216 [DEBUG] Merged segment 10: SRT entries [22] -> 'It has been depicted in cave paintings and ancient...'
2025-11-12 12:42:36,216 [DEBUG] Merged segment 11: SRT entries [23, 24, 25] -> 'It has been reflected back to you by those ancient...'
2025-11-12 12:42:36,216 [DEBUG] Merged segment 12: SRT entries [26, 27, 28, 29] -> 'And this type of contact, though not always shared...'
2025-11-12 12:42:36,216 [DEBUG] Merged segment 13: SRT entries [30, 31, 32, 33, 34, 35] -> 'It is all pure and infinite potential, and once em...'
2025-11-12 12:42:36,216 [DEBUG] Merged segment 14: SRT entries [36, 37] -> 'Ever wonder if there's intelligent life elsewhere ...'
2025-11-12 12:42:36,216 [DEBUG] Merged segment 15: SRT entries [38] -> 'Well, I have....I've been wondering since I was a ...'
2025-11-12 12:42:36,216 [DEBUG] Merged segment 16: SRT entries [39] -> 'My name is Reuben Langdon....'
2025-11-12 12:42:36,216 [DEBUG] Merged segment 17: SRT entries [40, 41] -> 'And on March 29th 2007 in the middle of the day, I...'
2025-11-12 12:42:36,216 [DEBUG] Merged segment 18: SRT entries [42, 43] -> 'Coincidentally, I was working on the film Avatar a...'
2025-11-12 12:42:36,216 [DEBUG] Merged segment 19: SRT entries [44] -> 'And ever since then I've been on a quest......'
2025-11-12 12:42:36,216 [DEBUG] Merged segment 20: SRT entries [45, 46] -> 'To find out if aliens really do exist and if so......'
2025-11-12 12:42:36,216 [DEBUG] Merged segment 21: SRT entries [47, 48] -> 'If beings of higher intelligence are here... ...wh...'
2025-11-12 12:42:36,216 [DEBUG] Merged segment 22: SRT entries [49] -> 'Why don't they make themselves more known?...'
2025-11-12 12:42:36,216 [DEBUG] Merged segment 23: SRT entries [50] -> 'Why the secrecy?...'
2025-11-12 12:42:36,216 [DEBUG] Merged segment 24: SRT entries [51, 52] -> 'I've asked these questions to many experts, yet ea...'
2025-11-12 12:42:36,216 [DEBUG] Merged segment 25: SRT entries [53, 54] -> 'So I thought to myself, why not ask the aliens dir...'
2025-11-12 12:42:36,216 [DEBUG] Merged segment 26: SRT entries [55] -> 'So that's what I set out to do!...'
2025-11-12 12:42:36,216 [DEBUG] Merged segment 27: SRT entries [56] -> 'Well, sort of......'
2025-11-12 12:42:36,217 [DEBUG] Merged segment 28: SRT entries [57] -> 'So here we are in lovely Sedona....'
2025-11-12 12:42:36,217 [DEBUG] Merged segment 29: SRT entries [58] -> 'Amazing property here....'
2025-11-12 12:42:36,217 [DEBUG] Merged segment 30: SRT entries [59] -> 'Thank you to Dana for letting us use his place....'
2025-11-12 12:42:36,217 [DEBUG] Merged segment 31: SRT entries [60] -> 'Gorgeous....'
2025-11-12 12:42:36,217 [DEBUG] Merged segment 32: SRT entries [61, 62] -> 'And thank you for showing up in this awesome vorte...'
2025-11-12 12:42:36,217 [DEBUG] Merged segment 33: SRT entries [63] -> 'Perfectly put....'
2025-11-12 12:42:36,217 [DEBUG] Merged segment 34: SRT entries [64] -> 'And you too....'
2025-11-12 12:42:36,217 [DEBUG] Merged segment 35: SRT entries [65] -> 'Yes....'
2025-11-12 12:42:36,217 [DEBUG] Merged segment 36: SRT entries [66] -> 'Well, I can't get enough of this place....'
2025-11-12 12:42:36,217 [DEBUG] Merged segment 37: SRT entries [67, 68] -> 'So any opportunity to come-- and I'm glad our time...'
2025-11-12 12:42:36,217 [DEBUG] Merged segment 38: SRT entries [69] -> 'To meet at this spot in this land, its such a sacr...'
2025-11-12 12:42:36,217 [DEBUG] Merged segment 39: SRT entries [70] -> 'You are from the Netherlands?...'
2025-11-12 12:42:36,217 [DEBUG] Merged segment 40: SRT entries [71] -> 'Yes....'
2025-11-12 12:42:36,217 [DEBUG] Merged segment 41: SRT entries [72, 73] -> 'And you're here in America doing traveling and doi...'
2025-11-12 12:42:36,217 [DEBUG] Merged segment 42: SRT entries [74] -> 'Following my heart....'
2025-11-12 12:42:36,217 [DEBUG] Merged segment 43: SRT entries [75] -> 'Following your heart....'
2025-11-12 12:42:36,217 [DEBUG] Merged segment 44: SRT entries [76] -> 'So tell us a little bit about that....'
2025-11-12 12:42:36,217 [DEBUG] Merged segment 45: SRT entries [77] -> 'What is your work, your play, your what you're doi...'
2025-11-12 12:42:36,217 [DEBUG] Merged segment 46: SRT entries [78] -> 'And how does it all start?...'
2025-11-12 12:42:36,217 [DEBUG] Merged segment 47: SRT entries [79] -> 'Wow, OK....'
2025-11-12 12:42:36,217 [DEBUG] Merged segment 48: SRT entries [80] -> 'So right now, I'm traveling as an interstellar cha...'
2025-11-12 12:42:36,217 [DEBUG] Merged segment 49: SRT entries [81] -> 'I do group Q&As with people....'
2025-11-12 12:42:36,217 [DEBUG] Merged segment 50: SRT entries [82, 83] -> 'And I'm channeling my interstellar guide Arjun, wh...'
2025-11-12 12:42:36,217 [DEBUG] Merged segment 51: SRT entries [84] -> 'Mm-hmm....'
2025-11-12 12:42:36,217 [DEBUG] Merged segment 52: SRT entries [85, 86, 87] -> 'And I also do private sessions, one-on-ones, that ...'
2025-11-12 12:42:36,217 [DEBUG] Merged segment 53: SRT entries [88] -> 'And receiver is laying down....'
2025-11-12 12:42:36,217 [DEBUG] Merged segment 54: SRT entries [89, 90] -> 'And it's mixed between energy work, Q&A because th...'
2025-11-12 12:42:36,217 [DEBUG] Merged segment 55: SRT entries [91, 92, 93] -> 'And it accelerates and streamlines the self-healin...'
2025-11-12 12:42:36,217 [DEBUG] Merged segment 56: SRT entries [94] -> 'Arjun works with a team....'
2025-11-12 12:42:36,217 [DEBUG] Merged segment 57: SRT entries [95] -> 'So it's never boring, or it's never just one guide...'
2025-11-12 12:42:36,217 [DEBUG] Merged segment 58: SRT entries [96, 97] -> 'But he's my hub, as I understand it, and he transl...'
2025-11-12 12:42:36,217 [DEBUG] Merged segment 59: SRT entries [98, 99, 100] -> 'I allow that to flow through and share it with oth...'
2025-11-12 12:42:36,217 [DEBUG] Merged segment 60: SRT entries [101, 102] -> 'And everything started to come together for me int...'
2025-11-12 12:42:36,217 [DEBUG] Merged segment 61: SRT entries [103] -> 'Fairly recent then....'
2025-11-12 12:42:36,217 [DEBUG] Merged segment 62: SRT entries [104] -> 'That is fairly recent....'
2025-11-12 12:42:36,217 [DEBUG] Merged segment 63: SRT entries [105] -> 'Actually, stepping forward with the vocal channeli...'
2025-11-12 12:42:36,217 [DEBUG] Merged segment 64: SRT entries [106] -> 'And years before that, I was writing it down....'
2025-11-12 12:42:36,217 [DEBUG] Merged segment 65: SRT entries [107, 108, 109, 110, 111] -> 'But I've been receiving downloads of information a...'
2025-11-12 12:42:36,217 [DEBUG] Merged segment 66: SRT entries [112, 113] -> 'So for me, it was quite a journey to understand wh...'
2025-11-12 12:42:36,217 [DEBUG] Merged segment 67: SRT entries [114] -> 'And in Europe, I guess, it's less common....'
2025-11-12 12:42:36,217 [DEBUG] Merged segment 68: SRT entries [115] -> 'Is it?...'
2025-11-12 12:42:36,217 [DEBUG] Merged segment 69: SRT entries [116] -> 'The idea of contact and--...'
2025-11-12 12:42:36,217 [DEBUG] Merged segment 70: SRT entries [117] -> 'Yeah, it's not spoken of that much....'
2025-11-12 12:42:36,217 [DEBUG] Merged segment 71: SRT entries [118] -> 'Or at least it wasn't in my childhood....'
2025-11-12 12:42:36,217 [DEBUG] Merged segment 72: SRT entries [119] -> '--abduction, temporary detainment, all of these....'
2025-11-12 12:42:36,217 [DEBUG] Merged segment 73: SRT entries [120] -> 'Exactly, yeah....'
2025-11-12 12:42:36,217 [DEBUG] Merged segment 74: SRT entries [121, 122] -> 'That was totally unknown phenomena to me until may...'
2025-11-12 12:42:36,217 [DEBUG] Merged segment 75: SRT entries [123] -> 'And I was like, oh, wow, how about that?...'
2025-11-12 12:42:36,217 [DEBUG] Merged segment 76: SRT entries [124, 125] -> 'So you had personal experiences, but you didn't re...'
2025-11-12 12:42:36,217 [DEBUG] Merged segment 77: SRT entries [126] -> 'Yes, I did....'
2025-11-12 12:42:36,217 [DEBUG] Merged segment 78: SRT entries [127] -> 'I realized that it seemed to be just me....'
2025-11-12 12:42:36,217 [DEBUG] Merged segment 79: SRT entries [128] -> 'You thought it was just you until 26....'
2025-11-12 12:42:36,217 [DEBUG] Merged segment 80: SRT entries [129] -> 'Yeah, and it was eye-opening for me because, wow....'
2025-11-12 12:42:36,217 [DEBUG] Merged segment 81: SRT entries [130] -> 'I just thought something wasn't all together right...'
2025-11-12 12:42:36,217 [DEBUG] Merged segment 82: SRT entries [131] -> 'I knew it wasn't ghosts....'
2025-11-12 12:42:36,217 [DEBUG] Merged segment 83: SRT entries [132] -> 'I knew it was other than people that have deceased...'
2025-11-12 12:42:36,217 [DEBUG] Merged segment 84: SRT entries [133] -> 'And of course, you can channel that too....'
2025-11-12 12:42:36,217 [DEBUG] Merged segment 85: SRT entries [134, 135] -> 'So I knew that wasn't it, but I couldn't pinpoint ...'
2025-11-12 12:42:36,217 [DEBUG] Merged segment 86: SRT entries [136] -> 'I wasn't into sci-fi....'
2025-11-12 12:42:36,217 [DEBUG] Merged segment 87: SRT entries [137, 138] -> 'Because all films with shooting in it, I was super...'
2025-11-12 12:42:36,217 [DEBUG] Merged segment 88: SRT entries [139, 140, 141] -> 'So for a long time, I was just-- well, I learned h...'
2025-11-12 12:42:36,217 [DEBUG] Merged segment 89: SRT entries [142, 143] -> 'But I kept it to myself for a very, very long time...'
2025-11-12 12:42:36,217 [DEBUG] Merged segment 90: SRT entries [144] -> 'Already as a child, I had experiences....'
2025-11-12 12:42:36,217 [DEBUG] Merged segment 91: SRT entries [145, 146] -> 'I knew I was going somewhere else in the night and...'
2025-11-12 12:42:36,218 [DEBUG] Merged segment 92: SRT entries [147] -> 'And I learned lessons....'
2025-11-12 12:42:36,218 [DEBUG] Merged segment 93: SRT entries [148] -> 'And I could embrace them so easily....'
2025-11-12 12:42:36,218 [DEBUG] Merged segment 94: SRT entries [149] -> 'And the conviction of it was so strong, it was so ...'
2025-11-12 12:42:36,218 [DEBUG] Merged segment 95: SRT entries [150, 151, 152] -> 'What just confused me at the time was that my teac...'
2025-11-12 12:42:36,218 [DEBUG] Merged segment 96: SRT entries [153] -> 'The teachers of like regular--...'
2025-11-12 12:42:36,218 [DEBUG] Merged segment 97: SRT entries [154] -> 'The normal primary school....'
2025-11-12 12:42:36,218 [DEBUG] Merged segment 98: SRT entries [155] -> 'Primary school, right....'
2025-11-12 12:42:36,218 [DEBUG] Merged segment 99: SRT entries [156] -> 'So that was confusing....'
2025-11-12 12:42:36,218 [DEBUG] Merged segment 100: SRT entries [157] -> 'Different things in the sense of history?...'
2025-11-12 12:42:36,218 [DEBUG] Merged segment 101: SRT entries [158] -> 'Or what kind of things were different?...'
2025-11-12 12:42:36,218 [DEBUG] Merged segment 102: SRT entries [159, 160, 161] -> 'History, but also definitely the way-- I as a chil...'
2025-11-12 12:42:36,218 [DEBUG] Merged segment 103: SRT entries [162] -> 'It was very much--...'
2025-11-12 12:42:36,218 [DEBUG] Merged segment 104: SRT entries [163] -> 'Structured....'
2025-11-12 12:42:36,218 [DEBUG] Merged segment 105: SRT entries [164] -> 'Yeah....'
2025-11-12 12:42:36,218 [DEBUG] Merged segment 106: SRT entries [165] -> 'And this way, you're going to be a lawyer, a docto...'
2025-11-12 12:42:36,218 [DEBUG] Merged segment 107: SRT entries [166] -> 'Yeah....'
2025-11-12 12:42:36,218 [DEBUG] Merged segment 108: SRT entries [167] -> 'You study something, you become that one thing....'
2025-11-12 12:42:36,218 [DEBUG] Merged segment 109: SRT entries [168] -> 'Go to college....'
2025-11-12 12:42:36,218 [DEBUG] Merged segment 110: SRT entries [169] -> 'You choose a profession....'
2025-11-12 12:42:36,218 [DEBUG] Merged segment 111: SRT entries [170] -> 'You need to know what you want to be....'
2025-11-12 12:42:36,218 [DEBUG] Merged segment 112: SRT entries [171] -> 'It was very strict in that sense....'
2025-11-12 12:42:36,218 [DEBUG] Merged segment 113: SRT entries [172] -> 'And the messages you were getting were not of that...'
2025-11-12 12:42:36,218 [DEBUG] Merged segment 114: SRT entries [173] -> 'Follow your heart, do what you feel fits your core...'
2025-11-12 12:42:36,218 [DEBUG] Merged segment 115: SRT entries [174, 175] -> 'And that is much more intuitive than the professio...'
2025-11-12 12:42:36,218 [DEBUG] Merged segment 116: SRT entries [176, 177] -> 'So very young, I decided I wanted to do something ...'
2025-11-12 12:42:36,218 [DEBUG] Merged segment 117: SRT entries [178] -> 'I wasn't speaking....'
2025-11-12 12:42:36,218 [DEBUG] Merged segment 118: SRT entries [179, 180] -> 'There was a part that I was a really quiet kid, wh...'
2025-11-12 12:42:36,218 [DEBUG] Merged segment 119: SRT entries [181, 182, 183] -> 'And all the teachers were probably saying, this is...'
2025-11-12 12:42:36,218 [DEBUG] Merged segment 120: SRT entries [184] -> 'Yes....'
2025-11-12 12:42:36,218 [DEBUG] Merged segment 121: SRT entries [185, 186] -> 'You're not raised to believe-- like the societies ...'
2025-11-12 12:42:36,218 [DEBUG] Merged segment 122: SRT entries [187] -> 'And isn't it time for something more serious?...'
2025-11-12 12:42:36,218 [DEBUG] Merged segment 123: SRT entries [188] -> 'So that never worked for me....'
2025-11-12 12:42:36,218 [DEBUG] Merged segment 124: SRT entries [189] -> 'So I knew that very young....'
2025-11-12 12:42:36,218 [DEBUG] Merged segment 125: SRT entries [190] -> 'In school, there were lessons coming from a teache...'
2025-11-12 12:42:36,218 [DEBUG] Merged segment 126: SRT entries [191] -> 'And I'm like, no....'
2025-11-12 12:42:36,218 [DEBUG] Merged segment 127: SRT entries [192, 193] -> 'And I didn't know why I understood that that wasn'...'
2025-11-12 12:42:36,218 [DEBUG] Merged segment 128: SRT entries [194] -> 'But that became more clear throughout my puberty....'
2025-11-12 12:42:36,218 [DEBUG] Merged segment 129: SRT entries [195] -> 'The visitations became more intense....'
2025-11-12 12:42:36,218 [DEBUG] Merged segment 130: SRT entries [196] -> 'There was definitely a time that I resisted it....'
2025-11-12 12:42:36,218 [DEBUG] Merged segment 131: SRT entries [197, 198] -> 'I thought this is getting too crazy, I don't want ...'
2025-11-12 12:42:36,218 [DEBUG] Merged segment 132: SRT entries [199] -> 'I was living a double life....'
2025-11-12 12:42:36,218 [DEBUG] Merged segment 133: SRT entries [200] -> 'Mm-hmm....'
2025-11-12 12:42:36,218 [DEBUG] Merged segment 134: SRT entries [201, 202, 203] -> 'But that was all-- I can see now when I look in re...'
2025-11-12 12:42:36,218 [DEBUG] Merged segment 135: SRT entries [204] -> 'And then at age 24, I actually sought help....'
2025-11-12 12:42:36,218 [DEBUG] Merged segment 136: SRT entries [205] -> 'Like medical help?...'
2025-11-12 12:42:36,218 [DEBUG] Merged segment 137: SRT entries [206] -> 'Yeah....'
2025-11-12 12:42:36,218 [DEBUG] Merged segment 138: SRT entries [207, 208, 209] -> 'I thought I needed to speak at least to someone th...'
2025-11-12 12:42:36,218 [DEBUG] Merged segment 139: SRT entries [210] -> 'But then I was in art school....'
2025-11-12 12:42:36,218 [DEBUG] Merged segment 140: SRT entries [211, 212] -> 'So art was a beautiful and natural outlet for me t...'
2025-11-12 12:42:36,218 [DEBUG] Merged segment 141: SRT entries [213, 214] -> 'And then I went to see a-- I think you call it a p...'
2025-11-12 12:42:36,218 [DEBUG] Merged segment 142: SRT entries [215] -> 'Psychiatrist, psychotherapist....'
2025-11-12 12:42:36,218 [DEBUG] Merged segment 143: SRT entries [216] -> 'That works too....'
2025-11-12 12:42:36,218 [DEBUG] Merged segment 144: SRT entries [217] -> 'The most easy one that they send you to....'
2025-11-12 12:42:36,218 [DEBUG] Merged segment 145: SRT entries [218] -> 'And he appeared to be an ex-hypnotherapist....'
2025-11-12 12:42:36,218 [DEBUG] Merged segment 146: SRT entries [219, 220] -> 'Which was great because he could really feel into ...'
2025-11-12 12:42:36,218 [DEBUG] Merged segment 147: SRT entries [221] -> 'So we understood each other....'
2025-11-12 12:42:36,218 [DEBUG] Merged segment 148: SRT entries [222] -> 'And he just reflected to me exactly what I needed ...'
2025-11-12 12:42:36,218 [DEBUG] Merged segment 149: SRT entries [223, 224] -> 'And he said, you can work with these "dreams," tha...'
2025-11-12 12:42:36,218 [DEBUG] Merged segment 150: SRT entries [225] -> 'It's you speaking to you....'
2025-11-12 12:42:36,218 [DEBUG] Merged segment 151: SRT entries [226] -> 'And then it clicked so quickly....'
2025-11-12 12:42:36,218 [DEBUG] Merged segment 152: SRT entries [227, 228] -> 'I only needed just a few conversations with him to...'
2025-11-12 12:42:36,218 [DEBUG] Merged segment 153: SRT entries [229] -> 'And only a few months after that, I saw my first U...'
2025-11-12 12:42:36,218 [DEBUG] Merged segment 154: SRT entries [230] -> 'And then everything started accelerating....'
2025-11-12 12:42:36,218 [DEBUG] Merged segment 155: SRT entries [231, 232] -> 'Once you sort of accepted it, then that created th...'
2025-11-12 12:42:36,218 [DEBUG] Merged segment 156: SRT entries [233] -> 'The pipes were free to--...'
2025-11-12 12:42:36,219 [DEBUG] Merged segment 157: SRT entries [234, 235] -> 'Through which more information could come without ...'
2025-11-12 12:42:36,219 [DEBUG] Merged segment 158: SRT entries [236, 237] -> 'So it's really the freak factor that sort of kept ...'
2025-11-12 12:42:36,219 [DEBUG] Merged segment 159: SRT entries [238, 239] -> 'I was super shy and, as a child, afraid of judgmen...'
2025-11-12 12:42:36,219 [DEBUG] Merged segment 160: SRT entries [240, 241, 242] -> 'I was raised Christian, so this is super leaning t...'
2025-11-12 12:42:36,219 [DEBUG] Merged segment 161: SRT entries [243] -> 'So I kept it to myself....'
2025-11-12 12:42:36,219 [DEBUG] Merged segment 162: SRT entries [244] -> 'I knew it was good, I knew it wasn't evil....'
2025-11-12 12:42:36,219 [DEBUG] Merged segment 163: SRT entries [245, 246] -> 'But I knew it was other, and people might respond ...'
2025-11-12 12:42:36,219 [DEBUG] Merged segment 164: SRT entries [247, 248] -> 'Yeah, and you didn't want to be demonized as some ...'
2025-11-12 12:42:36,219 [DEBUG] Merged segment 165: SRT entries [249] -> 'Yeah....'
2025-11-12 12:42:36,219 [DEBUG] Merged segment 166: SRT entries [250] -> 'And it must have been much harder in the past....'
2025-11-12 12:42:36,219 [DEBUG] Merged segment 167: SRT entries [251] -> 'I mean, this is heaven right now....'
2025-11-12 12:42:36,219 [DEBUG] Merged segment 168: SRT entries [252] -> 'I mean, what you're doing, you're interviewing--...'
2025-11-12 12:42:36,219 [DEBUG] Merged segment 169: SRT entries [253] -> 'Yeah....'
2025-11-12 12:42:36,219 [DEBUG] Merged segment 170: SRT entries [254] -> 'We're having a conversation about ETs and talking ...'
2025-11-12 12:42:36,219 [DEBUG] Merged segment 171: SRT entries [255] -> 'It's not a big deal....'
2025-11-12 12:42:36,219 [DEBUG] Merged segment 172: SRT entries [256] -> 'Yeah....'
2025-11-12 12:42:36,219 [DEBUG] Merged segment 173: SRT entries [257] -> 'Coming home, that's what it is to me....'
2025-11-12 12:42:36,219 [DEBUG] Merged segment 174: SRT entries [258] -> 'Because I'm like, oh, man, now I'm surrendering to...'
2025-11-12 12:42:36,219 [DEBUG] Merged segment 175: SRT entries [259] -> 'I'm really going with the flow....'
2025-11-12 12:42:36,219 [DEBUG] Merged segment 176: SRT entries [260] -> 'Very cool....'
2025-11-12 12:42:36,219 [DEBUG] Merged segment 177: SRT entries [261, 262] -> 'And so tell us a little bit about Arjun, the Yahye...'
2025-11-12 12:42:36,219 [DEBUG] Merged segment 178: SRT entries [263] -> 'What kind of messages are you getting in that sens...'
2025-11-12 12:42:36,219 [DEBUG] Merged segment 179: SRT entries [264] -> 'So I understand he's of a hybrid race....'
2025-11-12 12:42:36,219 [DEBUG] Merged segment 180: SRT entries [265, 266] -> 'They exist out of-- that sounds so technical....'
2025-11-12 12:42:36,219 [DEBUG] Merged segment 181: SRT entries [267, 268, 269] -> 'They are result of the future human race-- one fut...'
2025-11-12 12:42:36,219 [DEBUG] Merged segment 182: SRT entries [270] -> 'The Zetas, essentially....'
2025-11-12 12:42:36,219 [DEBUG] Merged segment 183: SRT entries [271] -> 'The Zeta story....'
2025-11-12 12:42:36,219 [DEBUG] Merged segment 184: SRT entries [272] -> 'Yes....'
2025-11-12 12:42:36,219 [DEBUG] Merged segment 185: SRT entries [273] -> 'So we've covered this story....'
2025-11-12 12:42:36,219 [DEBUG] Merged segment 186: SRT entries [274] -> 'OK, great, so I don't have to....'
2025-11-12 12:42:36,219 [DEBUG] Merged segment 187: SRT entries [275] -> 'OK, great....'
2025-11-12 12:42:36,219 [DEBUG] Merged segment 188: SRT entries [276, 277, 278] -> 'So that's technically what I understand the Yahyel...'
2025-11-12 12:42:36,219 [DEBUG] Merged segment 189: SRT entries [279] -> 'They're very much like us physically....'
2025-11-12 12:42:36,219 [DEBUG] Merged segment 190: SRT entries [280] -> 'And Arjun looks-- he's a little taller than I am....'
2025-11-12 12:42:36,219 [DEBUG] Merged segment 191: SRT entries [281] -> 'He's blond....'
2025-11-12 12:42:36,219 [DEBUG] Merged segment 192: SRT entries [282] -> 'He has a slight curl, he has blue eyes....'
2025-11-12 12:42:36,219 [DEBUG] Merged segment 193: SRT entries [283] -> 'First, I thought he was a Pleiadian because of the...'
2025-11-12 12:42:36,219 [DEBUG] Merged segment 194: SRT entries [284, 285, 286] -> 'Yeah, we sort of have this classification, I've al...'
2025-11-12 12:42:36,219 [DEBUG] Merged segment 195: SRT entries [287] -> 'We have this idea of Pleiadians being this way....'
2025-11-12 12:42:36,219 [DEBUG] Merged segment 196: SRT entries [288, 289, 290] -> 'And then I've talked to other Pleiadian channels, ...'
2025-11-12 12:42:36,219 [DEBUG] Merged segment 197: SRT entries [291, 292] -> 'Yes, I was also just going by the pictures in the ...'
2025-11-12 12:42:36,219 [DEBUG] Merged segment 198: SRT entries [293] -> 'So I was thinking, oh, this must be the Pleiadian....'
2025-11-12 12:42:36,219 [DEBUG] Merged segment 199: SRT entries [294] -> 'Because he was so light....'
2025-11-12 12:42:36,219 [DEBUG] Merged segment 200: SRT entries [295] -> 'And it's also, I think an energy....'
2025-11-12 12:42:36,219 [DEBUG] Merged segment 201: SRT entries [296] -> 'Did he ever say there is other races?...'
2025-11-12 12:42:36,219 [DEBUG] Merged segment 202: SRT entries [297] -> 'Do we have black or Hispanic-looking Yahyel beings...'
2025-11-12 12:42:36,219 [DEBUG] Merged segment 203: SRT entries [298] -> 'They have colors....'
2025-11-12 12:42:36,219 [DEBUG] Merged segment 204: SRT entries [299] -> 'They have different colors and different hair colo...'
2025-11-12 12:42:36,219 [DEBUG] Merged segment 205: SRT entries [300] -> 'Yeah....'
2025-11-12 12:42:36,219 [DEBUG] Merged segment 206: SRT entries [301] -> 'All right....'
2025-11-12 12:42:36,219 [DEBUG] Merged segment 207: SRT entries [302] -> 'Again, we can go into that later with those guys....'
2025-11-12 12:42:36,219 [DEBUG] Merged segment 208: SRT entries [303] -> 'But he's known me my whole life....'
2025-11-12 12:42:36,219 [DEBUG] Merged segment 209: SRT entries [304] -> 'We made a pre-my birth agreement to do this if I w...'
2025-11-12 12:42:36,219 [DEBUG] Merged segment 210: SRT entries [305] -> 'So this is always a free choice agreement....'
2025-11-12 12:42:36,219 [DEBUG] Merged segment 211: SRT entries [306] -> 'I decided to do it, to test it out, in a sense....'
2025-11-12 12:42:36,219 [DEBUG] Merged segment 212: SRT entries [307] -> 'So I did art school, I was an artist first....'
2025-11-12 12:42:36,219 [DEBUG] Merged segment 213: SRT entries [308, 309, 310, 311] -> 'And then I became a life coach, overcoming my fear...'
2025-11-12 12:42:36,219 [DEBUG] Merged segment 214: SRT entries [312, 313, 314] -> 'And from a life coach, I went to this channeling w...'
2025-11-12 12:42:36,219 [DEBUG] Merged segment 215: SRT entries [315] -> 'And I started to come out with that....'
2025-11-12 12:42:36,219 [DEBUG] Merged segment 216: SRT entries [316, 317] -> 'So you're sort of life coaching through the channe...'
2025-11-12 12:42:36,219 [DEBUG] Merged segment 217: SRT entries [318] -> 'In a sense, yes....'
2025-11-12 12:42:36,219 [DEBUG] Merged segment 218: SRT entries [319] -> 'You are guiding people....'
2025-11-12 12:42:36,219 [DEBUG] Merged segment 219: SRT entries [320] -> 'It's the same mission, if you want to look at it t...'
2025-11-12 12:42:36,219 [DEBUG] Merged segment 220: SRT entries [321] -> 'Just helping people along with their stuff....'
2025-11-12 12:42:36,219 [DEBUG] Merged segment 221: SRT entries [322] -> 'Yeah....'
2025-11-12 12:42:36,219 [DEBUG] Merged segment 222: SRT entries [323] -> 'And I just have a lot of assistance now....'
2025-11-12 12:42:36,220 [DEBUG] Merged segment 223: SRT entries [324] -> 'And Arjun works with a big bunch of other races....'
2025-11-12 12:42:36,220 [DEBUG] Merged segment 224: SRT entries [325, 326] -> 'So there's kind of a steady healing team present w...'
2025-11-12 12:42:36,220 [DEBUG] Merged segment 225: SRT entries [327] -> 'Have you had direct communication with those guys?...'
2025-11-12 12:42:36,220 [DEBUG] Merged segment 226: SRT entries [328] -> 'Yes....'
2025-11-12 12:42:36,220 [DEBUG] Merged segment 227: SRT entries [329] -> 'Actually, one I know from since I was a child....'
2025-11-12 12:42:36,220 [DEBUG] Merged segment 228: SRT entries [330] -> 'He's a Mantid being....'
2025-11-12 12:42:36,220 [DEBUG] Merged segment 229: SRT entries [331] -> 'He's one of the three in this study team, I call i...'
2025-11-12 12:42:36,220 [DEBUG] Merged segment 230: SRT entries [332] -> 'Three Mantis beings?...'
2025-11-12 12:42:36,220 [DEBUG] Merged segment 231: SRT entries [333] -> 'No, no....'
2025-11-12 12:42:36,220 [DEBUG] Merged segment 232: SRT entries [334, 335] -> 'There's three beings-- Sirius, Mantid, and Sassani...'
2025-11-12 12:42:36,220 [DEBUG] Merged segment 233: SRT entries [336] -> 'And these three work with Arjun, who is Yahyel....'
2025-11-12 12:42:36,220 [DEBUG] Merged segment 234: SRT entries [337] -> 'So they work together a lot, I understand....'
2025-11-12 12:42:36,220 [DEBUG] Merged segment 235: SRT entries [338] -> 'It's much more flexible and interwoven-- is that a...'
2025-11-12 12:42:36,220 [DEBUG] Merged segment 236: SRT entries [339] -> 'Yeah....'
2025-11-12 12:42:36,220 [DEBUG] Merged segment 237: SRT entries [340] -> '--than maybe you would think when you just dive in...'
2025-11-12 12:42:36,220 [DEBUG] Merged segment 238: SRT entries [341] -> 'They're not super separated races....'
2025-11-12 12:42:36,220 [DEBUG] Merged segment 239: SRT entries [342] -> 'They do a lot of stuff together....'
2025-11-12 12:42:36,220 [DEBUG] Merged segment 240: SRT entries [343] -> 'And the Mantid being, is he--...'
2025-11-12 12:42:36,220 [DEBUG] Merged segment 241: SRT entries [344] -> 'I remember him from visitations in my childhood....'
2025-11-12 12:42:36,220 [DEBUG] Merged segment 242: SRT entries [345, 346] -> 'Arjun is my hub, so we are really, really close, a...'
2025-11-12 12:42:36,220 [DEBUG] Merged segment 243: SRT entries [347] -> 'Throughout my family line, with the DNA, there is ...'
2025-11-12 12:42:36,220 [DEBUG] Merged segment 244: SRT entries [348, 349] -> 'And that's why it's easiest to have this one study...'
2025-11-12 12:42:36,220 [DEBUG] Merged segment 245: SRT entries [350] -> 'I see....'
2025-11-12 12:42:36,220 [DEBUG] Merged segment 246: SRT entries [351] -> 'So it's with Rob Gauthier....'
2025-11-12 12:42:36,220 [DEBUG] Merged segment 247: SRT entries [352] -> 'He uses TReb to access all these other different b...'
2025-11-12 12:42:36,220 [DEBUG] Merged segment 248: SRT entries [353] -> 'As his hub, yeah....'
2025-11-12 12:42:36,220 [DEBUG] Merged segment 249: SRT entries [354] -> 'As his hub....'
2025-11-12 12:42:36,220 [DEBUG] Merged segment 250: SRT entries [355] -> 'And we joke about it....'
2025-11-12 12:42:36,220 [DEBUG] Merged segment 251: SRT entries [356] -> 'He goes fishing with TReb....'
2025-11-12 12:42:36,220 [DEBUG] Merged segment 252: SRT entries [357] -> 'And in that process, all these other beings can co...'
2025-11-12 12:42:36,220 [DEBUG] Merged segment 253: SRT entries [358] -> 'And he's sort of oblivious to it....'
2025-11-12 12:42:36,220 [DEBUG] Merged segment 254: SRT entries [359] -> 'But he has many beings coming through him all the ...'
2025-11-12 12:42:36,220 [DEBUG] Merged segment 255: SRT entries [360] -> 'Yeah....'
2025-11-12 12:42:36,220 [DEBUG] Merged segment 256: SRT entries [361, 362, 363] -> 'So all I see, basically-- well, I do get the image...'
2025-11-12 12:42:36,220 [DEBUG] Merged segment 257: SRT entries [364, 365, 366, 367] -> 'But if I have a question in the background, I can ...'
2025-11-12 12:42:36,220 [DEBUG] Merged segment 258: SRT entries [368, 369] -> 'And in my mind-- maybe it sounds weird-- but I'd t...'
2025-11-12 12:42:36,220 [DEBUG] Merged segment 259: SRT entries [370] -> 'He's always on the right side....'
2025-11-12 12:42:36,220 [DEBUG] Merged segment 260: SRT entries [371] -> 'Arjun....'
2025-11-12 12:42:36,220 [DEBUG] Merged segment 261: SRT entries [372] -> 'Yeah....'
2025-11-12 12:42:36,220 [DEBUG] Merged segment 262: SRT entries [373] -> 'And I will see his expression....'
2025-11-12 12:42:36,220 [DEBUG] Merged segment 263: SRT entries [374] -> 'And he can actually answer my questions in the bac...'
2025-11-12 12:42:36,220 [DEBUG] Merged segment 264: SRT entries [375] -> 'And my attention goes to the left....'
2025-11-12 12:42:36,220 [DEBUG] Merged segment 265: SRT entries [376] -> 'There's this--...'
2025-11-12 12:42:36,220 [DEBUG] Merged segment 266: SRT entries [377] -> 'Left-right....'
2025-11-12 12:42:36,220 [DEBUG] Merged segment 267: SRT entries [378, 379] -> 'Yeah, movement always happening when I go into cha...'
2025-11-12 12:42:36,220 [DEBUG] Merged segment 268: SRT entries [380, 381] -> 'I kind of fall to the left, and then Arjun comes f...'
2025-11-12 12:42:36,220 [DEBUG] Merged segment 269: SRT entries [382] -> 'Does the Mantoid being have a name?...'
2025-11-12 12:42:36,220 [DEBUG] Merged segment 270: SRT entries [383] -> 'No....'
2025-11-12 12:42:36,220 [DEBUG] Merged segment 271: SRT entries [384] -> 'He's just Mantoid guy....'
2025-11-12 12:42:36,220 [DEBUG] Merged segment 272: SRT entries [385] -> 'Yeah....'
2025-11-12 12:42:36,220 [DEBUG] Merged segment 273: SRT entries [386] -> 'And I haven't asked for a name either....'
2025-11-12 12:42:36,220 [DEBUG] Merged segment 274: SRT entries [387, 388] -> 'I did ask Arjun for a name at some point because w...'
2025-11-12 12:42:36,220 [DEBUG] Merged segment 275: SRT entries [389, 390] -> 'So for months, it was just my Yahyel guide or para...'
2025-11-12 12:42:36,220 [DEBUG] Merged segment 276: SRT entries [391] -> 'I didn't really ask for names in the team....'
2025-11-12 12:42:36,220 [DEBUG] Merged segment 277: SRT entries [392] -> 'Although the Sassani is a female, and her name is ...'
2025-11-12 12:42:36,220 [DEBUG] Merged segment 278: SRT entries [393] -> 'Nanuk....'
2025-11-12 12:42:36,220 [DEBUG] Merged segment 279: SRT entries [394] -> 'Yeah....'
2025-11-12 12:42:36,220 [DEBUG] Merged segment 280: SRT entries [395, 396] -> 'And I got that name while I was painting her face,...'
2025-11-12 12:42:36,221 [DEBUG] Merged segment 281: SRT entries [397, 398] -> 'And I want to have portraits of them, and I'm work...'
2025-11-12 12:42:36,221 [DEBUG] Merged segment 282: SRT entries [399, 400] -> 'And it's fascinating because I get to see in my he...'
2025-11-12 12:42:36,221 [DEBUG] Merged segment 283: SRT entries [401, 402] -> 'But then maybe sometimes they want to dress up, th...'
2025-11-12 12:42:36,221 [DEBUG] Merged segment 284: SRT entries [403, 404, 405] -> 'That they let me know, OK, just add this and this ...'
2025-11-12 12:42:36,221 [DEBUG] Merged segment 285: SRT entries [406] -> 'So art is still a big part of my work in a sense....'
2025-11-12 12:42:36,221 [DEBUG] Merged segment 286: SRT entries [407] -> 'It's very visual....'
2025-11-12 12:42:36,221 [DEBUG] Merged segment 287: SRT entries [408] -> 'Can you describe the Sirian and the Sassani being ...'
2025-11-12 12:42:36,221 [DEBUG] Merged segment 288: SRT entries [409, 410, 411, 412] -> 'So when I was painting Nanuk's face-- she's the Sa...'
2025-11-12 12:42:36,221 [DEBUG] Merged segment 289: SRT entries [413, 414] -> 'And later, I got a dream that explained how she wa...'
2025-11-12 12:42:36,221 [DEBUG] Merged segment 290: SRT entries [415] -> 'And that's part of her role in the healing team....'
2025-11-12 12:42:36,221 [DEBUG] Merged segment 291: SRT entries [416] -> 'And she's really connected to nature....'
2025-11-12 12:42:36,221 [DEBUG] Merged segment 292: SRT entries [417, 418] -> 'So they all have their own little niche, something...'
2025-11-12 12:42:36,221 [DEBUG] Merged segment 293: SRT entries [419, 420, 421] -> 'And the Mantid being is really amazing with bone s...'
2025-11-12 12:42:36,221 [DEBUG] Merged segment 294: SRT entries [422, 423] -> 'And I don't know another translation for it, but e...'
2025-11-12 12:42:36,221 [DEBUG] Merged segment 295: SRT entries [424] -> 'Electromagnetics?...'
2025-11-12 12:42:36,221 [DEBUG] Merged segment 296: SRT entries [425] -> 'Yeah, in the body....'
2025-11-12 12:42:36,221 [DEBUG] Merged segment 297: SRT entries [426] -> 'And he works on the brain very strongly....'
2025-11-12 12:42:36,221 [DEBUG] Merged segment 298: SRT entries [427] -> 'We have a particular thing going on....'
2025-11-12 12:42:36,221 [DEBUG] Merged segment 299: SRT entries [428, 429] -> 'He was there since I was a child, and we did a lot...'
2025-11-12 12:42:36,221 [DEBUG] Merged segment 300: SRT entries [430] -> 'So I understand how he works....'
2025-11-12 12:42:36,221 [DEBUG] Merged segment 301: SRT entries [431, 432] -> 'And he's part of the energy, you could say, that m...'
2025-11-12 12:42:36,221 [DEBUG] Merged segment 302: SRT entries [433, 434, 435] -> 'The movements that go with the healing amplify the...'
2025-11-12 12:42:36,221 [DEBUG] Merged segment 303: SRT entries [436] -> 'So in a sense, they wouldn't necessarily need my b...'
2025-11-12 12:42:36,221 [DEBUG] Merged segment 304: SRT entries [437, 438, 439] -> 'But because we are physical, I'm like the portal, ...'
2025-11-12 12:42:36,221 [DEBUG] Merged segment 305: SRT entries [440] -> 'Yeah, movement is so huge....'
2025-11-12 12:42:36,221 [DEBUG] Merged segment 306: SRT entries [441] -> 'Yeah, it's really big....'
2025-11-12 12:42:36,221 [DEBUG] Merged segment 307: SRT entries [442] -> 'And moving energy, we don't necessarily do that....'
2025-11-12 12:42:36,221 [DEBUG] Merged segment 308: SRT entries [443] -> 'But just in this motion of the hands--...'
2025-11-12 12:42:36,221 [DEBUG] Merged segment 309: SRT entries [444] -> 'It's really big....'
2025-11-12 12:42:36,221 [DEBUG] Merged segment 310: SRT entries [445, 446] -> 'Especially martial artists really understand this ...'
2025-11-12 12:42:36,221 [DEBUG] Merged segment 311: SRT entries [447, 448, 449] -> 'Chi Gong, Tai Chi, Kung Fu, all of these different...'
2025-11-12 12:42:36,221 [DEBUG] Merged segment 312: SRT entries [450] -> 'Yes, exactly....'
2025-11-12 12:42:36,221 [DEBUG] Merged segment 313: SRT entries [451] -> 'Create the space....'
2025-11-12 12:42:36,221 [DEBUG] Merged segment 314: SRT entries [452] -> 'And that can come very precise....'
2025-11-12 12:42:36,221 [DEBUG] Merged segment 315: SRT entries [453] -> 'And I love to work with them in that way....'
2025-11-12 12:42:36,221 [DEBUG] Merged segment 316: SRT entries [454, 455] -> 'And the Sirian being is-- this is really hard to p...'
2025-11-12 12:42:36,221 [DEBUG] Merged segment 317: SRT entries [456, 457] -> 'It's really the bigger electromagnetic field, boos...'
2025-11-12 12:42:36,221 [DEBUG] Merged segment 318: SRT entries [458] -> 'Everything has a level around you in a sense....'
2025-11-12 12:42:36,221 [DEBUG] Merged segment 319: SRT entries [459, 460] -> 'I do sometimes work with my hands up very high and...'
2025-11-12 12:42:36,221 [DEBUG] Merged segment 320: SRT entries [461, 462] -> 'And the being that fits in with that part of the e...'
2025-11-12 12:42:36,221 [DEBUG] Merged segment 321: SRT entries [463] -> 'Eventually, everything is, of course, one and conn...'
2025-11-12 12:42:36,221 [DEBUG] Merged segment 322: SRT entries [464, 465] -> 'But they do really know how to streamline certain ...'
2025-11-12 12:42:36,221 [DEBUG] Merged segment 323: SRT entries [466, 467, 468, 469] -> 'And when there's a group Q&A, they're there, and t...'
2025-11-12 12:42:36,221 [DEBUG] Merged segment 324: SRT entries [470] -> 'And they speak through Arjun....'
2025-11-12 12:42:36,221 [DEBUG] Merged segment 325: SRT entries [471, 472] -> 'Yeah, there's information coming through....'
2025-11-12 12:42:36,221 [DEBUG] Merged segment 326: SRT entries [473] -> 'So did they ever come forward and say, hi, I'm Man...'
2025-11-12 12:42:36,221 [DEBUG] Merged segment 327: SRT entries [474] -> 'No, not their role....'
2025-11-12 12:42:36,221 [DEBUG] Merged segment 328: SRT entries [475] -> 'Very clearly not their role....'
2025-11-12 12:42:36,221 [DEBUG] Merged segment 329: SRT entries [476, 477] -> 'So it's really just communicating through Arjun, t...'
2025-11-12 12:42:36,221 [DEBUG] Merged segment 330: SRT entries [478, 479, 480] -> 'Adding to the information for the questioner to ge...'
2025-11-12 12:42:36,221 [DEBUG] Merged segment 331: SRT entries [481, 482] -> 'Because that's their common goal-- to reflect to a...'
2025-11-12 12:42:36,221 [DEBUG] Merged segment 332: SRT entries [483, 484, 485] -> 'They're just putting it into words, the things tha...'
2025-11-12 12:42:36,221 [DEBUG] Merged segment 333: SRT entries [486] -> 'Because we can, but we weren't taught to....'
2025-11-12 12:42:36,221 [DEBUG] Merged segment 334: SRT entries [487] -> 'So it's still, for most people, blind spots....'
2025-11-12 12:42:36,221 [DEBUG] Merged segment 335: SRT entries [488] -> 'And for me as well sometimes....'
2025-11-12 12:42:36,221 [DEBUG] Merged segment 336: SRT entries [489] -> 'I really need some good reflections....'
2025-11-12 12:42:36,221 [DEBUG] Merged segment 337: SRT entries [490, 491, 492, 493, 494] -> 'And the work you do with the energy healing-- and ...'
2025-11-12 12:42:36,221 [DEBUG] Merged segment 338: SRT entries [495] -> 'That's sort of how--...'
2025-11-12 12:42:36,221 [DEBUG] Merged segment 339: SRT entries [496] -> 'Yeah....'
2025-11-12 12:42:36,221 [DEBUG] Merged segment 340: SRT entries [497, 498] -> 'It's all coming together and coming out as one sto...'
2025-11-12 12:42:36,221 [DEBUG] Merged segment 341: SRT entries [499] -> 'And it's not necessarily your cosmic clan saying t...'
2025-11-12 12:42:36,222 [DEBUG] Merged segment 342: SRT entries [500, 501] -> 'It's just that they are maybe better communicators...'
2025-11-12 12:42:36,222 [DEBUG] Merged segment 343: SRT entries [502, 503] -> 'And they can say, OK, his cosmic clan is saying th...'
2025-11-12 12:42:36,222 [DEBUG] Merged segment 344: SRT entries [504] -> 'Exactly....'
2025-11-12 12:42:36,222 [DEBUG] Merged segment 345: SRT entries [505, 506] -> 'So it's not that they're-- we have this idea of ho...'
2025-11-12 12:42:36,222 [DEBUG] Merged segment 346: SRT entries [507, 508] -> 'And they can read our minds and go into this stuff...'
2025-11-12 12:42:36,222 [DEBUG] Merged segment 347: SRT entries [509, 510, 511] -> 'But in reality, what's probably really happening i...'
2025-11-12 12:42:36,222 [DEBUG] Merged segment 348: SRT entries [512, 513] -> 'And then you just have a clearer channel to your c...'
2025-11-12 12:42:36,222 [DEBUG] Merged segment 349: SRT entries [514] -> 'Ah, I don't know....'
2025-11-12 12:42:36,222 [DEBUG] Merged segment 350: SRT entries [515, 516] -> 'I mean, I would say you do because you're able to ...'
2025-11-12 12:42:36,222 [DEBUG] Merged segment 351: SRT entries [517] -> 'I think everybody can....'
2025-11-12 12:42:36,222 [DEBUG] Merged segment 352: SRT entries [518] -> 'I think everybody can too....'
2025-11-12 12:42:36,222 [DEBUG] Merged segment 353: SRT entries [519] -> 'But of course, I will say it's both....'
2025-11-12 12:42:36,222 [DEBUG] Merged segment 354: SRT entries [520, 521, 522] -> 'Because some people need a little bit more trainin...'
2025-11-12 12:42:36,222 [DEBUG] Merged segment 355: SRT entries [523] -> 'Because that's our nature to have that very open....'
2025-11-12 12:42:36,222 [DEBUG] Merged segment 356: SRT entries [524, 525, 526, 527, 528, 529] -> 'And the whole idea of shamanism and shamanic pract...'
2025-11-12 12:42:36,222 [DEBUG] Merged segment 357: SRT entries [530, 531] -> '[WIND CHIMES RING] The shaman is connecting to the...'
2025-11-12 12:42:36,222 [DEBUG] Merged segment 358: SRT entries [532] -> 'And the guides are telling them to do this work....'
2025-11-12 12:42:36,222 [DEBUG] Merged segment 359: SRT entries [533] -> 'Yes....'
2025-11-12 12:42:36,222 [DEBUG] Merged segment 360: SRT entries [534, 535] -> 'As opposed to, I'm doing this work because I'm psy...'
2025-11-12 12:42:36,222 [DEBUG] Merged segment 361: SRT entries [536] -> 'It's not that at all....'
2025-11-12 12:42:36,222 [DEBUG] Merged segment 362: SRT entries [537] -> 'I even don't like that....'
2025-11-12 12:42:36,222 [DEBUG] Merged segment 363: SRT entries [538, 539] -> 'I avoid even the word "healer" on my website, for ...'
2025-11-12 12:42:36,222 [DEBUG] Merged segment 364: SRT entries [540] -> 'I'm letting stuff through....'
2025-11-12 12:42:36,222 [DEBUG] Merged segment 365: SRT entries [541] -> 'I never know what's going to happen....'
2025-11-12 12:42:36,222 [DEBUG] Merged segment 366: SRT entries [542, 543] -> 'I don't have a preset idea about what somebody wou...'
2025-11-12 12:42:36,222 [DEBUG] Merged segment 367: SRT entries [544] -> 'That other person actually knows best....'
2025-11-12 12:42:36,222 [DEBUG] Merged segment 368: SRT entries [545, 546, 547] -> 'So all that is being asked for in that moment and ...'
2025-11-12 12:42:36,222 [DEBUG] Merged segment 369: SRT entries [548, 549] -> 'And I think as we define and understand these term...'
2025-11-12 12:42:36,222 [DEBUG] Merged segment 370: SRT entries [550, 551, 552] -> 'I think maybe before, we didn't have the understan...'
2025-11-12 12:42:36,222 [DEBUG] Merged segment 371: SRT entries [553] -> 'So we just said, yeah, I'm a healer, and I'm heali...'
2025-11-12 12:42:36,222 [DEBUG] Merged segment 372: SRT entries [554] -> 'And then we go, yeah, you're healing me....'
2025-11-12 12:42:36,222 [DEBUG] Merged segment 373: SRT entries [555] -> 'But in reality, nobody's healing anybody else....'
2025-11-12 12:42:36,222 [DEBUG] Merged segment 374: SRT entries [556] -> 'It's all self-healing eventually....'
2025-11-12 12:42:36,222 [DEBUG] Merged segment 375: SRT entries [557] -> 'Eventually, it's self-healing....'
2025-11-12 12:42:36,222 [DEBUG] Merged segment 376: SRT entries [558, 559, 560, 561] -> 'And so I'm just giving-- it's the permission slip ...'
2025-11-12 12:42:36,222 [DEBUG] Merged segment 377: SRT entries [562] -> 'I'm like, I'm doing the healing work....'
2025-11-12 12:42:36,222 [DEBUG] Merged segment 378: SRT entries [563, 564] -> 'But just because of the way my mind works and the ...'
2025-11-12 12:42:36,222 [DEBUG] Merged segment 379: SRT entries [565] -> 'I need this physicalized, outside thing to do the ...'
2025-11-12 12:42:36,222 [DEBUG] Merged segment 380: SRT entries [566, 567] -> 'But that still takes away a little bit of the idea...'
2025-11-12 12:42:36,222 [DEBUG] Merged segment 381: SRT entries [568] -> 'Yeah, but I guess I'm not saying that I need that....'
2025-11-12 12:42:36,222 [DEBUG] Merged segment 382: SRT entries [569, 570] -> 'I'm just saying that that's the way of a lot of ou...'
2025-11-12 12:42:36,222 [DEBUG] Merged segment 383: SRT entries [571, 572, 573] -> 'And many people too-- you know, going to the docto...'
2025-11-12 12:42:36,222 [DEBUG] Merged segment 384: SRT entries [574] -> 'Yeah, it's a belief system, all of it....'
2025-11-12 12:42:36,222 [DEBUG] Merged segment 385: SRT entries [575] -> 'It's a belief system....'
2025-11-12 12:42:36,222 [DEBUG] Merged segment 386: SRT entries [576, 577] -> 'All of it is just there for, you know, pharmaceuti...'
2025-11-12 12:42:36,222 [DEBUG] Merged segment 387: SRT entries [578] -> 'And this is why they are so keen on supporting the...'
2025-11-12 12:42:36,222 [DEBUG] Merged segment 388: SRT entries [579] -> 'Yeah, but you cannot do it alone....'
2025-11-12 12:42:36,222 [DEBUG] Merged segment 389: SRT entries [580] -> 'You can't do it alone, no....'
2025-11-12 12:42:36,222 [DEBUG] Merged segment 390: SRT entries [581, 582, 583] -> 'This is disempowering, is sort of the name of the ...'
2025-11-12 12:42:36,222 [DEBUG] Merged segment 391: SRT entries [584] -> 'And that's what they feed off of....'
2025-11-12 12:42:36,222 [DEBUG] Merged segment 392: SRT entries [585, 586] -> 'It's sort of vampire-type energy that can grow bec...'
2025-11-12 12:42:36,223 [DEBUG] Merged segment 393: SRT entries [587, 588, 589, 590] -> 'And then there's the trap, a little bit, to think ...'
2025-11-12 12:42:36,223 [DEBUG] Merged segment 394: SRT entries [591] -> 'I've heard this, so I want to throw this in....'
2025-11-12 12:42:36,223 [DEBUG] Merged segment 395: SRT entries [592, 593, 594, 595] -> 'And Arjun-- because I have my own doubts about thi...'
2025-11-12 12:42:36,223 [DEBUG] Merged segment 396: SRT entries [596] -> 'And so I asked him, so how do you look at this?...'
2025-11-12 12:42:36,223 [DEBUG] Merged segment 397: SRT entries [597, 598, 599] -> 'And he's like, well, you've all decided to be with...'
2025-11-12 12:42:36,223 [DEBUG] Merged segment 398: SRT entries [600, 601] -> 'So it's also playful, and joyful, and beautiful to...'
2025-11-12 12:42:36,223 [DEBUG] Merged segment 399: SRT entries [602] -> 'It's what happens when you fall in love....'
2025-11-12 12:42:36,223 [DEBUG] Merged segment 400: SRT entries [603] -> 'It's when you pick your friends....'
2025-11-12 12:42:36,223 [DEBUG] Merged segment 401: SRT entries [604, 605] -> 'It's even when you pick your family, even though t...'
2025-11-12 12:42:36,223 [DEBUG] Merged segment 402: SRT entries [606, 607] -> 'But all of that is part of a dance that you chose ...'
2025-11-12 12:42:36,223 [DEBUG] Merged segment 403: SRT entries [608, 609, 610] -> 'So that helped me also understand and embrace even...'
2025-11-12 12:42:36,223 [DEBUG] Merged segment 404: SRT entries [611, 612] -> 'And whatever direction you navigate to most, just ...'
2025-11-12 12:42:36,223 [DEBUG] Merged segment 405: SRT entries [613, 614, 615, 616] -> 'And I also go for regular reflections, I would say...'
2025-11-12 12:42:36,223 [DEBUG] Merged segment 406: SRT entries [617, 618] -> 'Because there are always things that you're learni...'
2025-11-12 12:42:36,223 [DEBUG] Merged segment 407: SRT entries [619] -> 'It's always good to have another perspective....'
2025-11-12 12:42:36,223 [DEBUG] Merged segment 408: SRT entries [620] -> 'Totally, yes....'
2025-11-12 12:42:36,223 [DEBUG] Merged segment 409: SRT entries [621] -> 'So go get a second opinion....'
2025-11-12 12:42:36,223 [DEBUG] Merged segment 410: SRT entries [622] -> 'Yes, exactly....'
2025-11-12 12:42:36,223 [DEBUG] Merged segment 411: SRT entries [623] -> 'I love more angles to a topic....'
2025-11-12 12:42:36,223 [DEBUG] Merged segment 412: SRT entries [624] -> 'The more the better....'
2025-11-12 12:42:36,223 [DEBUG] Merged segment 413: SRT entries [625] -> 'And then I will pick the one that resonates most w...'
2025-11-12 12:42:36,223 [DEBUG] Merged segment 414: SRT entries [626] -> 'Exactly....'
2025-11-12 12:42:36,223 [DEBUG] Merged segment 415: SRT entries [627] -> 'No one is better than the other--...'
2025-11-12 12:42:36,223 [DEBUG] Merged segment 416: SRT entries [628] -> 'No, it's all good....'
2025-11-12 12:42:36,223 [DEBUG] Merged segment 417: SRT entries [629] -> '--for the collective....'
2025-11-12 12:42:36,223 [DEBUG] Merged segment 418: SRT entries [630] -> 'But for the individual, you may have better resona...'
2025-11-12 12:42:36,223 [DEBUG] Merged segment 419: SRT entries [631, 632, 633] -> 'And that was the whole journey, I think, for me to...'
2025-11-12 12:42:36,223 [DEBUG] Merged segment 420: SRT entries [634] -> 'And just like I said, I fell in love with this wor...'
2025-11-12 12:42:36,223 [DEBUG] Merged segment 421: SRT entries [635, 636] -> 'You've sort of awoken to the Yahyel channeling by ...'
2025-11-12 12:42:36,223 [DEBUG] Merged segment 422: SRT entries [637] -> 'Yeah, in a sense....'
2025-11-12 12:42:36,223 [DEBUG] Merged segment 423: SRT entries [638, 639, 640, 641, 642, 643] -> 'So I've been receiving all these downloads, mainly...'
2025-11-12 12:42:36,223 [DEBUG] Merged segment 424: SRT entries [644, 645, 646] -> 'I was just feeling at home and being in a bliss st...'
2025-11-12 12:42:36,223 [DEBUG] Merged segment 425: SRT entries [647, 648, 649, 650] -> 'And I was sitting there, and at some point, the so...'
2025-11-12 12:42:36,223 [DEBUG] Merged segment 426: SRT entries [651] -> 'And I felt super drawn inwards, so I had to close ...'
2025-11-12 12:42:36,223 [DEBUG] Merged segment 427: SRT entries [652] -> 'And I felt other beings around me....'
2025-11-12 12:42:36,223 [DEBUG] Merged segment 428: SRT entries [653, 654] -> 'And to have this experience in a waking state, tha...'
2025-11-12 12:42:36,223 [DEBUG] Merged segment 429: SRT entries [655, 656] -> 'So I felt very clearly that there was work being d...'
2025-11-12 12:42:36,223 [DEBUG] Merged segment 430: SRT entries [657] -> 'And I could fully relax in it....'
2025-11-12 12:42:36,223 [DEBUG] Merged segment 431: SRT entries [658] -> 'It felt super loving....'
2025-11-12 12:42:36,223 [DEBUG] Merged segment 432: SRT entries [659] -> 'I felt like, oh, I'm in good hands, this is beauti...'
2025-11-12 12:42:36,223 [DEBUG] Merged segment 433: SRT entries [660, 661] -> 'And then a picture was given to me of, basically, ...'
2025-11-12 12:42:36,224 [DEBUG] Merged segment 434: SRT entries [662, 663] -> 'And the energy that surrounded that was very giggl...'
2025-11-12 12:42:36,224 [DEBUG] Merged segment 435: SRT entries [664, 665, 666] -> 'And I thought, OK-- it's like, this is you, and th...'
2025-11-12 12:42:36,224 [DEBUG] Merged segment 436: SRT entries [667] -> 'And that whole thing lasted maybe 10 minutes....'
2025-11-12 12:42:36,224 [DEBUG] Merged segment 437: SRT entries [668] -> 'It was a little bit out-of-time-ish for me....'
2025-11-12 12:42:36,224 [DEBUG] Merged segment 438: SRT entries [669] -> 'And then that first half of the channeling also en...'
2025-11-12 12:42:36,224 [DEBUG] Merged segment 439: SRT entries [670, 671] -> 'And the sounds came back into the room for me, the...'
2025-11-12 12:42:36,224 [DEBUG] Merged segment 440: SRT entries [672, 673] -> 'And I was left with that feeling that a cat was si...'
2025-11-12 12:42:36,224 [DEBUG] Merged segment 441: SRT entries [674] -> 'Like an actual pressure, I could really feel it....'
2025-11-12 12:42:36,224 [DEBUG] Merged segment 442: SRT entries [675, 676] -> 'And I was hesitant to move because I thought it mi...'
2025-11-12 12:42:36,224 [DEBUG] Merged segment 443: SRT entries [677, 678] -> 'And a year later, in the Netherlands, I went to se...'
2025-11-12 12:42:36,224 [DEBUG] Merged segment 444: SRT entries [679] -> 'And she lives in the Netherlands as well....'
2025-11-12 12:42:36,224 [DEBUG] Merged segment 445: SRT entries [680] -> 'And I actually went to have my back straightened o...'
2025-11-12 12:42:36,224 [DEBUG] Merged segment 446: SRT entries [681] -> 'I had some issues there between my shoulders....'
2025-11-12 12:42:36,224 [DEBUG] Merged segment 447: SRT entries [682, 683, 684, 685] -> 'She said she did channeling and worked with a team...'
2025-11-12 12:42:36,224 [DEBUG] Merged segment 448: SRT entries [686] -> 'And I was curious about that, so I went there....'
2025-11-12 12:42:36,224 [DEBUG] Merged segment 449: SRT entries [687, 688, 689, 690] -> 'And a month before I went to see her, Arjun actual...'
2025-11-12 12:42:36,224 [DEBUG] Merged segment 450: SRT entries [691] -> 'I'd seen his face....'
2025-11-12 12:42:36,224 [DEBUG] Merged segment 451: SRT entries [692] -> 'I knew he was with me during meditations....'
2025-11-12 12:42:36,224 [DEBUG] Merged segment 452: SRT entries [693, 694, 695, 696] -> 'And then at some point, I asked in my mind, I just...'
2025-11-12 12:42:36,224 [DEBUG] Merged segment 453: SRT entries [697] -> 'And I got this huge spelling out, Yah-Yel....'
2025-11-12 12:42:36,224 [DEBUG] Merged segment 454: SRT entries [698, 699, 700, 701] -> 'Like for him, it was more logical to first pinpoin...'
2025-11-12 12:42:36,224 [DEBUG] Merged segment 455: SRT entries [702] -> 'So I was instantly confused, thinking, is that his...'
2025-11-12 12:42:36,224 [DEBUG] Merged segment 456: SRT entries [703] -> 'But that's actually a race....'
2025-11-12 12:42:36,224 [DEBUG] Merged segment 457: SRT entries [704] -> 'How does that work?...'
2025-11-12 12:42:36,224 [DEBUG] Merged segment 458: SRT entries [705] -> 'Did you hear about the Yahyel race before?...'
2025-11-12 12:42:36,224 [DEBUG] Merged segment 459: SRT entries [706] -> 'Yeah, I heard about that by then....'
2025-11-12 12:42:36,224 [DEBUG] Merged segment 460: SRT entries [707] -> 'By Darryl or other channelers?...'
2025-11-12 12:42:36,224 [DEBUG] Merged segment 461: SRT entries [708] -> 'Yeah, through Darryl....'
2025-11-12 12:42:36,224 [DEBUG] Merged segment 462: SRT entries [709] -> 'And so it confused me....'
2025-11-12 12:42:36,224 [DEBUG] Merged segment 463: SRT entries [710, 711] -> 'But also that the answer was so super crispy clear...'
2025-11-12 12:42:36,224 [DEBUG] Merged segment 464: SRT entries [712, 713] -> 'So I instantly like, whoa, backed away from it not...'
2025-11-12 12:42:36,224 [DEBUG] Merged segment 465: SRT entries [714] -> 'And a month later, I went to see this woman....'
2025-11-12 12:42:36,224 [DEBUG] Merged segment 466: SRT entries [715] -> 'And she started channeling for me....'
2025-11-12 12:42:36,224 [DEBUG] Merged segment 467: SRT entries [716, 717] -> 'And maybe two minutes into working on my back with...'
2025-11-12 12:42:36,224 [DEBUG] Merged segment 468: SRT entries [718] -> 'Was it a private session?...'
2025-11-12 12:42:36,224 [DEBUG] Merged segment 469: SRT entries [719] -> 'A private session, yes....'
2025-11-12 12:42:36,224 [DEBUG] Merged segment 470: SRT entries [720] -> 'So I was laying on this massage table....'
2025-11-12 12:42:36,224 [DEBUG] Merged segment 471: SRT entries [721, 722] -> 'And she started to look at my back and what could ...'
2025-11-12 12:42:36,224 [DEBUG] Merged segment 472: SRT entries [723, 724, 725] -> 'And then Arjun was just jumping up and down like, ...'
2025-11-12 12:42:36,224 [DEBUG] Merged segment 473: SRT entries [726] -> 'And she said, oh, there's somebody here for you....'
2025-11-12 12:42:36,224 [DEBUG] Merged segment 474: SRT entries [727, 728] -> 'And then she just started speaking for him, you co...'
2025-11-12 12:42:36,224 [DEBUG] Merged segment 475: SRT entries [729] -> 'Oh, I have to throw this little thing I forgot to ...'
2025-11-12 12:42:36,224 [DEBUG] Merged segment 476: SRT entries [730, 731, 732] -> 'Just before the session, she has a cat that is bas...'
2025-11-12 12:42:36,224 [DEBUG] Merged segment 477: SRT entries [733] -> 'But I did not make that connection....'
2025-11-12 12:42:36,224 [DEBUG] Merged segment 478: SRT entries [734] -> 'I was going to ask, what kind of cat?...'
2025-11-12 12:42:36,224 [DEBUG] Merged segment 479: SRT entries [735] -> 'It's a Nordic Forest cat....'
2025-11-12 12:42:36,224 [DEBUG] Merged segment 480: SRT entries [736] -> 'They're pretty big....'
2025-11-12 12:42:36,224 [DEBUG] Merged segment 481: SRT entries [737, 738] -> 'They have long fur, a little bit longer snout, cut...'
2025-11-12 12:42:36,224 [DEBUG] Merged segment 482: SRT entries [739] -> 'And it jumped on the table with me....'
2025-11-12 12:42:36,224 [DEBUG] Merged segment 483: SRT entries [740] -> 'And it laid down next to my feet....'
2025-11-12 12:42:36,224 [DEBUG] Merged segment 484: SRT entries [741] -> 'And it was just there rolled up and purring....'
2025-11-12 12:42:36,224 [DEBUG] Merged segment 485: SRT entries [742, 743, 744] -> 'And then she started channeling Arjun for me, who ...'
2025-11-12 12:42:36,224 [DEBUG] Merged segment 486: SRT entries [745] -> 'And then he started explaining that he is Yahyel....'
2025-11-12 12:42:36,224 [DEBUG] Merged segment 487: SRT entries [746] -> 'And I started to understand, oh, wow....'
2025-11-12 12:42:36,224 [DEBUG] Merged segment 488: SRT entries [747] -> 'Or she got it through....'
2025-11-12 12:42:36,224 [DEBUG] Merged segment 489: SRT entries [748, 749, 750] -> 'She translated it as she thought his name was Shay...'
2025-11-12 12:42:36,224 [DEBUG] Merged segment 490: SRT entries [751, 752, 753] -> 'But at least, it gave me the synchronicity to unde...'
2025-11-12 12:42:36,224 [DEBUG] Merged segment 491: SRT entries [754] -> 'And I felt a lot of things happening....'
2025-11-12 12:42:36,224 [DEBUG] Merged segment 492: SRT entries [755] -> 'It was like I was floating off the table....'
2025-11-12 12:42:36,224 [DEBUG] Merged segment 493: SRT entries [756] -> 'I was really buzzing....'
2025-11-12 12:42:36,224 [DEBUG] Merged segment 494: SRT entries [757, 758] -> 'And they were giving me all this specific informat...'
2025-11-12 12:42:36,224 [DEBUG] Merged segment 495: SRT entries [759, 760] -> 'And everything started to come together all of a s...'
2025-11-12 12:42:36,225 [DEBUG] Merged segment 496: SRT entries [761] -> 'It took me about three days to get used to the ent...'
2025-11-12 12:42:36,225 [DEBUG] Merged segment 497: SRT entries [762, 763] -> 'And then, as a life coach by then, I picked out so...'
2025-11-12 12:42:36,225 [DEBUG] Merged segment 498: SRT entries [764, 765, 766, 767, 768] -> 'And I said, so are you up for an experiment? and I...'
2025-11-12 12:42:36,225 [DEBUG] Merged segment 499: SRT entries [769] -> '>Very good....'
2025-11-12 12:42:36,225 [DEBUG] Merged segment 500: SRT entries [770, 771, 772, 773] -> 'It took over the practice basically the effects we...'
2025-11-12 12:42:36,225 [DEBUG] Merged segment 501: SRT entries [774, 775, 776] -> 'Tell us a little bit about your art and how that w...'
2025-11-12 12:42:36,225 [DEBUG] Merged segment 502: SRT entries [777] -> 'How did that come about?...'
2025-11-12 12:42:36,225 [DEBUG] Merged segment 503: SRT entries [778] -> 'I think it was always there....'
2025-11-12 12:42:36,225 [DEBUG] Merged segment 504: SRT entries [779, 780] -> 'Because I've seen many of your-- a lot of your art...'
2025-11-12 12:42:36,225 [DEBUG] Merged segment 505: SRT entries [781] -> 'And when did that start?...'
2025-11-12 12:42:36,225 [DEBUG] Merged segment 506: SRT entries [782] -> 'Just from when you were very little?...'
2025-11-12 12:42:36,225 [DEBUG] Merged segment 507: SRT entries [783, 784, 785, 786, 787] -> 'I have some childhood drawings in which I'm alread...'
2025-11-12 12:42:36,225 [DEBUG] Merged segment 508: SRT entries [788, 789] -> 'I would make drawings of birds with the sky inside...'
2025-11-12 12:42:36,225 [DEBUG] Merged segment 509: SRT entries [790] -> 'Because everything was a loop....'
2025-11-12 12:42:36,225 [DEBUG] Merged segment 510: SRT entries [791] -> 'And I got that....'
2025-11-12 12:42:36,225 [DEBUG] Merged segment 511: SRT entries [792] -> 'And I have these drawings....'
2025-11-12 12:42:36,225 [DEBUG] Merged segment 512: SRT entries [793] -> 'And I made them at age four or five....'
2025-11-12 12:42:36,225 [DEBUG] Merged segment 513: SRT entries [794] -> 'And I'm so surprised....'
2025-11-12 12:42:36,225 [DEBUG] Merged segment 514: SRT entries [795, 796, 797] -> 'I actually rediscovered these drawings-- I thought...'
2025-11-12 12:42:36,225 [DEBUG] Merged segment 515: SRT entries [798] -> 'And I'm like, wow....'
2025-11-12 12:42:36,225 [DEBUG] Merged segment 516: SRT entries [799, 800] -> 'A lot of stuff is also being thrown out, kids stuf...'
2025-11-12 12:42:36,225 [DEBUG] Merged segment 517: SRT entries [801, 802] -> 'And it's always been my outlet for translating wha...'
2025-11-12 12:42:36,225 [DEBUG] Merged segment 518: SRT entries [803, 804, 805] -> 'So in my diaries as a teenager, starting 12, I was...'
2025-11-12 12:42:36,225 [DEBUG] Merged segment 519: SRT entries [806, 807, 808] -> 'And I was having questions like, there must be an ...'
2025-11-12 12:42:36,225 [DEBUG] Merged segment 520: SRT entries [809, 810, 811] -> 'And then intuitively understanding that the more y...'
2025-11-12 12:42:36,225 [DEBUG] Merged segment 521: SRT entries [812, 813, 814, 815] -> 'And then going into research biology and fractals-...'
2025-11-12 12:42:36,225 [DEBUG] Merged segment 522: SRT entries [816, 817] -> 'But it made no sense at all, not even for my profe...'
2025-11-12 12:42:36,225 [DEBUG] Merged segment 523: SRT entries [818, 819] -> 'You don't have to necessarily read, for instance, ...'
2025-11-12 12:42:36,225 [DEBUG] Merged segment 524: SRT entries [820] -> 'I was really into Nietzsche and Jung....'
2025-11-12 12:42:36,225 [DEBUG] Merged segment 525: SRT entries [821] -> 'And I wanted to understand how the mind works....'
2025-11-12 12:42:36,225 [DEBUG] Merged segment 526: SRT entries [822] -> 'And then I discovered--...'
2025-11-12 12:42:36,225 [DEBUG] Merged segment 527: SRT entries [823, 824] -> 'Well, there's a lot of artists out there that expl...'
2025-11-12 12:42:36,225 [DEBUG] Merged segment 528: SRT entries [825] -> 'Yes....'
2025-11-12 12:42:36,225 [DEBUG] Merged segment 529: SRT entries [826] -> 'It is very intuitive....'
2025-11-12 12:42:36,225 [DEBUG] Merged segment 530: SRT entries [827] -> 'It is another language....'
2025-11-12 12:42:36,225 [DEBUG] Merged segment 531: SRT entries [828, 829, 830] -> 'Is it Da-- I don't know, my appreciation for art i...'
2025-11-12 12:42:36,225 [DEBUG] Merged segment 532: SRT entries [831] -> 'But is it the guy who writes the melting clocks al...'
2025-11-12 12:42:36,225 [DEBUG] Merged segment 533: SRT entries [832] -> 'Salvador Dali?...'
2025-11-12 12:42:36,225 [DEBUG] Merged segment 534: SRT entries [833] -> 'Yes, Dali, that's right....'
2025-11-12 12:42:36,225 [DEBUG] Merged segment 535: SRT entries [834, 835, 836] -> 'And then is that the same guy that does those weir...'
2025-11-12 12:42:36,225 [DEBUG] Merged segment 536: SRT entries [837] -> 'Escher....'
2025-11-12 12:42:36,225 [DEBUG] Merged segment 537: SRT entries [838] -> 'That's Escher, yes, great....'
2025-11-12 12:42:36,225 [DEBUG] Merged segment 538: SRT entries [839] -> 'So these guys, I think, they're probably--...'
2025-11-12 12:42:36,225 [DEBUG] Merged segment 539: SRT entries [840] -> 'I was obsessed by that....'
2025-11-12 12:42:36,225 [DEBUG] Merged segment 540: SRT entries [841, 842] -> 'But I really do feel it's one of the languages tha...'
2025-11-12 12:42:36,225 [DEBUG] Merged segment 541: SRT entries [843] -> 'Plus is music, by the way, and even movement....'
2025-11-12 12:42:36,225 [DEBUG] Merged segment 542: SRT entries [844] -> 'Yes, sound, movement, and visuals....'
2025-11-12 12:42:36,225 [DEBUG] Merged segment 543: SRT entries [845, 846, 847, 848] -> 'And if you really dive into that, yes, I think it'...'
2025-11-12 12:42:36,225 [DEBUG] Merged segment 544: SRT entries [849] -> 'But I was a bit nerdy in that....'
2025-11-12 12:42:36,225 [DEBUG] Merged segment 545: SRT entries [850, 851, 852, 853] -> 'I would really go for the books and dive into the ...'
2025-11-12 12:42:36,225 [DEBUG] Merged segment 546: SRT entries [854] -> 'I don't think all artists necessarily have that....'
2025-11-12 12:42:36,225 [DEBUG] Merged segment 547: SRT entries [855, 856] -> 'Well, we really are entering this time in humanity...'
2025-11-12 12:42:36,225 [DEBUG] Merged segment 548: SRT entries [857, 858] -> 'We sort of had hints of it throughout our history ...'
2025-11-12 12:42:36,225 [DEBUG] Merged segment 549: SRT entries [859, 860] -> 'But now with science going into the quantum fields...'
2025-11-12 12:42:36,225 [DEBUG] Merged segment 550: SRT entries [861] -> 'We're really starting to figure out the universe....'
2025-11-12 12:42:36,225 [DEBUG] Merged segment 551: SRT entries [862] -> 'I love it....'
2025-11-12 12:42:36,225 [DEBUG] Merged segment 552: SRT entries [863, 864] -> 'And I was just posting an article yesterday, these...'
2025-11-12 12:42:36,225 [DEBUG] Merged segment 553: SRT entries [865] -> 'And we can see this in photons....'
2025-11-12 12:42:36,225 [DEBUG] Merged segment 554: SRT entries [866] -> 'And this experiment's been repeated over and over....'
2025-11-12 12:42:36,225 [DEBUG] Merged segment 555: SRT entries [867, 868] -> 'And they call it the eraser effect, where what we ...'
2025-11-12 12:42:36,225 [DEBUG] Merged segment 556: SRT entries [869, 870, 871] -> 'And we've known from these channeling works and ar...'
2025-11-12 12:42:36,225 [DEBUG] Merged segment 557: SRT entries [872] -> 'So I find it fascinating that it's all interconnec...'
2025-11-12 12:42:36,225 [DEBUG] Merged segment 558: SRT entries [873] -> 'Me too....'
2025-11-12 12:42:36,226 [DEBUG] Merged segment 559: SRT entries [874, 875] -> 'And it's great that you subconsciously tapped into...'
2025-11-12 12:42:36,226 [DEBUG] Merged segment 560: SRT entries [876] -> 'Yeah....'
2025-11-12 12:42:36,226 [DEBUG] Merged segment 561: SRT entries [877, 878] -> 'And that you can change the past from the present,...'
2025-11-12 12:42:36,226 [DEBUG] Merged segment 562: SRT entries [879] -> 'And I started rewriting my childhood literally....'
2025-11-12 12:42:36,226 [DEBUG] Merged segment 563: SRT entries [880] -> 'I made a new diary....'
2025-11-12 12:42:36,226 [DEBUG] Merged segment 564: SRT entries [881] -> 'Like I piled up all the old ones and I made a new ...'
2025-11-12 12:42:36,226 [DEBUG] Merged segment 565: SRT entries [882, 883] -> 'I tore out all the drawings and I threw away most ...'
2025-11-12 12:42:36,226 [DEBUG] Merged segment 566: SRT entries [884] -> 'I kept the dreams, by the way....'
2025-11-12 12:42:36,226 [DEBUG] Merged segment 567: SRT entries [885] -> 'It's like this is what I want to keep....'
2025-11-12 12:42:36,226 [DEBUG] Merged segment 568: SRT entries [886, 887] -> 'And these stories where I was venting, that timeli...'
2025-11-12 12:42:36,226 [DEBUG] Merged segment 569: SRT entries [888, 889] -> 'I was like, OK, this is a part-- I want to switch ...'
2025-11-12 12:42:36,226 [DEBUG] Merged segment 570: SRT entries [890] -> 'So I started to rewrite it, and that was so powerf...'
2025-11-12 12:42:36,226 [DEBUG] Merged segment 571: SRT entries [891, 892, 893, 894] -> 'And it's through this kind of playing around with ...'
2025-11-12 12:42:36,226 [DEBUG] Merged segment 572: SRT entries [895, 896, 897] -> 'Because I had experienced in my own life how power...'
2025-11-12 12:42:36,226 [DEBUG] Merged segment 573: SRT entries [898, 899, 900, 901] -> 'And essentially, from my understanding now, becaus...'
2025-11-12 12:42:36,226 [DEBUG] Merged segment 574: SRT entries [902, 903] -> 'On a cellular level, actually opening up-- there's...'
2025-11-12 12:42:36,226 [DEBUG] Merged segment 575: SRT entries [904, 905] -> 'So when I do the private sessions, I get to see th...'
2025-11-12 12:42:36,226 [DEBUG] Merged segment 576: SRT entries [906, 907] -> 'And I want to actually see if I can make Photoshop...'
2025-11-12 12:42:36,226 [DEBUG] Merged segment 577: SRT entries [908, 909, 910] -> 'Well, there's a great video-- I post this all the ...'
2025-11-12 12:42:36,226 [DEBUG] Merged segment 578: SRT entries [911] -> 'I forgot the guy's name....'
2025-11-12 12:42:36,226 [DEBUG] Merged segment 579: SRT entries [912, 913, 914] -> 'But he goes into explaining how DNA in itself is s...'
2025-11-12 12:42:36,226 [DEBUG] Merged segment 580: SRT entries [915, 916, 917, 918, 919] -> 'Gravity as well, but really the DNA strands and ho...'
2025-11-12 12:42:36,226 [DEBUG] Merged segment 581: SRT entries [920] -> 'Like gravity, it's all interconnected into science...'
2025-11-12 12:42:36,226 [DEBUG] Merged segment 582: SRT entries [921, 922] -> 'And we're now merging these worlds of art, philoso...'
2025-11-12 12:42:36,226 [DEBUG] Merged segment 583: SRT entries [923, 924] -> 'And I think quantum physics is that mechanism we h...'
2025-11-12 12:42:36,226 [DEBUG] Merged segment 584: SRT entries [925, 926] -> 'And I think our space brothers and sisters are lik...'
2025-11-12 12:42:36,226 [DEBUG] Merged segment 585: SRT entries [927] -> 'Yes, they are....'
2025-11-12 12:42:36,226 [DEBUG] Merged segment 586: SRT entries [928, 929] -> 'But they're also so super patient with those who d...'
2025-11-12 12:42:36,226 [DEBUG] Merged segment 587: SRT entries [930] -> 'I love that....'
2025-11-12 12:42:36,226 [DEBUG] Merged segment 588: SRT entries [931] -> 'There's so much love, wow....'
2025-11-12 12:42:36,226 [DEBUG] Merged segment 589: SRT entries [932] -> 'It blows me away continuously....'
2025-11-12 12:42:36,226 [DEBUG] Merged segment 590: SRT entries [933] -> 'So what's next?...'
2025-11-12 12:42:36,226 [DEBUG] Merged segment 591: SRT entries [934] -> 'What's your plan with this tool of channeling?...'
2025-11-12 12:42:36,226 [DEBUG] Merged segment 592: SRT entries [935] -> 'Where are you going with it?...'
2025-11-12 12:42:36,226 [DEBUG] Merged segment 593: SRT entries [936] -> 'What do you want to do?...'
2025-11-12 12:42:36,226 [DEBUG] Merged segment 594: SRT entries [937] -> 'Oh, that's a funny question....'
2025-11-12 12:42:36,226 [DEBUG] Merged segment 595: SRT entries [938, 939] -> 'I never really think into the future that much bec...'
2025-11-12 12:42:36,226 [DEBUG] Merged segment 596: SRT entries [940] -> 'I mean, I almost feel my brain cramp up trying to ...'
2025-11-12 12:42:36,226 [DEBUG] Merged segment 597: SRT entries [941] -> 'That never worked for me....'
2025-11-12 12:42:36,226 [DEBUG] Merged segment 598: SRT entries [942] -> 'So I don't think ahead....'
2025-11-12 12:42:36,226 [DEBUG] Merged segment 599: SRT entries [943] -> 'So you're sort of living the Yahyel philosophy--...'
2025-11-12 12:42:36,226 [DEBUG] Merged segment 600: SRT entries [944] -> 'Already, yeah....'
2025-11-12 12:42:36,226 [DEBUG] Merged segment 601: SRT entries [945] -> '--of synchronicities and living in the moment....'
2025-11-12 12:42:36,226 [DEBUG] Merged segment 602: SRT entries [946] -> 'Let's see what happens, totally....'
2025-11-12 12:42:36,226 [DEBUG] Merged segment 603: SRT entries [947] -> 'Planning ahead really never worked for me....'
2025-11-12 12:42:36,226 [DEBUG] Merged segment 604: SRT entries [948, 949] -> 'This is why as a child at school, I was already ha...'
2025-11-12 12:42:36,226 [DEBUG] Merged segment 605: SRT entries [950, 951] -> 'This is what you're going to do, and then logicall...'
2025-11-12 12:42:36,226 [DEBUG] Merged segment 606: SRT entries [952] -> 'So I'm still not planning anything, only like loos...'
2025-11-12 12:42:36,226 [DEBUG] Merged segment 607: SRT entries [953, 954] -> 'Like OK, I feel it's time to move maybe location, ...'
2025-11-12 12:42:36,226 [DEBUG] Merged segment 608: SRT entries [955] -> 'That's a plan that I have right now....'
2025-11-12 12:42:36,226 [DEBUG] Merged segment 609: SRT entries [956] -> 'But there's no stress on it, there's no deadline....'
2025-11-12 12:42:36,226 [DEBUG] Merged segment 610: SRT entries [957] -> 'And I know it will come to me....'
2025-11-12 12:42:36,226 [DEBUG] Merged segment 611: SRT entries [958] -> 'The house is basically already there....'
2025-11-12 12:42:36,226 [DEBUG] Merged segment 612: SRT entries [959, 960] -> 'I just have to discover it in a here and now timel...'
2025-11-12 12:42:36,226 [DEBUG] Merged segment 613: SRT entries [961, 962] -> 'So the channeling also is teaching me to surrender...'
2025-11-12 12:42:36,226 [DEBUG] Merged segment 614: SRT entries [963, 964] -> 'Because it's such a here and now state to be in, t...'
2025-11-12 12:42:36,226 [DEBUG] Merged segment 615: SRT entries [965] -> 'In the channeling state....'
2025-11-12 12:42:36,226 [DEBUG] Merged segment 616: SRT entries [966] -> 'Yeah....'
2025-11-12 12:42:36,226 [DEBUG] Merged segment 617: SRT entries [967, 968] -> 'You know, many channelers these days don't go into...'
2025-11-12 12:42:36,226 [DEBUG] Merged segment 618: SRT entries [969] -> 'Are you present and aware?...'
2025-11-12 12:42:36,226 [DEBUG] Merged segment 619: SRT entries [970, 971] -> 'I'm present, but I'm moving in and out of the amou...'
2025-11-12 12:42:36,226 [DEBUG] Merged segment 620: SRT entries [972, 973] -> 'I can move it to the back a little more and kind o...'
2025-11-12 12:42:36,227 [DEBUG] Merged segment 621: SRT entries [974, 975] -> 'But I'll still get a hint, OK, now this dialogue i...'
2025-11-12 12:42:36,227 [DEBUG] Merged segment 622: SRT entries [976] -> 'And then I wake up again, pay attention to new sto...'
2025-11-12 12:42:36,227 [DEBUG] Merged segment 623: SRT entries [977, 978] -> 'And I have to be more present when I'm doing it in...'
2025-11-12 12:42:36,227 [DEBUG] Merged segment 624: SRT entries [979] -> 'In Dutch, in my first language, I can drift a litt...'
2025-11-12 12:42:36,227 [DEBUG] Merged segment 625: SRT entries [980] -> 'Go on autopilot....'
2025-11-12 12:42:36,227 [DEBUG] Merged segment 626: SRT entries [981] -> 'Yeah, a little more....'
2025-11-12 12:42:36,227 [DEBUG] Merged segment 627: SRT entries [982] -> 'But it's in and out....'
2025-11-12 12:42:36,227 [DEBUG] Merged segment 628: SRT entries [983, 984, 985, 986, 987] -> 'And if they increase the tempo, I'm more on one wo...'
2025-11-12 12:42:36,227 [DEBUG] Merged segment 629: SRT entries [988] -> 'But I'm still conscious....'
2025-11-12 12:42:36,227 [DEBUG] Merged segment 630: SRT entries [989, 990, 991] -> 'And then do you surprise yourself when you go in t...'
2025-11-12 12:42:36,227 [DEBUG] Merged segment 631: SRT entries [992] -> 'Yes, I do....'
2025-11-12 12:42:36,227 [DEBUG] Merged segment 632: SRT entries [993] -> 'I'm like, wow....'
2025-11-12 12:42:36,227 [DEBUG] Merged segment 633: SRT entries [994] -> 'People understood what I said....'
2025-11-12 12:42:36,227 [DEBUG] Merged segment 634: SRT entries [995] -> 'This actually went somewhere....'
2025-11-12 12:42:36,227 [DEBUG] Merged segment 635: SRT entries [996] -> 'Yes, I have these moments....'
2025-11-12 12:42:36,227 [DEBUG] Merged segment 636: SRT entries [997, 998, 999] -> 'Sometimes the sentences are-- you know, if you wou...'
2025-11-12 12:42:36,227 [DEBUG] Merged segment 637: SRT entries [1000] -> 'Like, whoa, where is this ever going to end?...'
2025-11-12 12:42:36,227 [DEBUG] Merged segment 638: SRT entries [1001] -> 'And then it still makes sense....'
2025-11-12 12:42:36,227 [DEBUG] Merged segment 639: SRT entries [1002] -> 'I love that....'
2025-11-12 12:42:36,227 [DEBUG] Merged segment 640: SRT entries [1003, 1004, 1005, 1006] -> 'Yeah, since starting the series, and investigating...'
2025-11-12 12:42:36,227 [DEBUG] Merged segment 641: SRT entries [1007, 1008] -> 'I've channeled information, and in my mind, I'm li...'
2025-11-12 12:42:36,227 [DEBUG] Merged segment 642: SRT entries [1009] -> 'Exactly....'
2025-11-12 12:42:36,227 [DEBUG] Merged segment 643: SRT entries [1010, 1011, 1012] -> 'It's gibberish, what is this-- in the moment that ...'
2025-11-12 12:42:36,227 [DEBUG] Merged segment 644: SRT entries [1013, 1014] -> 'You're just like, OK, I get it, but the rest of th...'
2025-11-12 12:42:36,227 [DEBUG] Merged segment 645: SRT entries [1015, 1016, 1017] -> 'And then you go back and you review it, and you're...'
2025-11-12 12:42:36,227 [DEBUG] Merged segment 646: SRT entries [1018] -> 'And you're like, wow, that's incredible....'
2025-11-12 12:42:36,227 [DEBUG] Merged segment 647: SRT entries [1019] -> 'Recognizable....'
2025-11-12 12:42:36,227 [DEBUG] Merged segment 648: SRT entries [1020, 1021] -> 'So for all those watching out there, this channeli...'
2025-11-12 12:42:36,227 [DEBUG] Merged segment 649: SRT entries [1022, 1023] -> 'Yeah, it's funny how sometimes I have conversation...'
2025-11-12 12:42:36,227 [DEBUG] Merged segment 650: SRT entries [1024] -> 'And they think it's just a big act....'
2025-11-12 12:42:36,227 [DEBUG] Merged segment 651: SRT entries [1025] -> 'And I'm like, no, you can't....'
2025-11-12 12:42:36,227 [DEBUG] Merged segment 652: SRT entries [1026] -> 'I mean, there are actors who channel....'
2025-11-12 12:42:36,227 [DEBUG] Merged segment 653: SRT entries [1027] -> 'You know, I think actors do channel....'
2025-11-12 12:42:36,227 [DEBUG] Merged segment 654: SRT entries [1028] -> 'It's a form of channeling....'
2025-11-12 12:42:36,227 [DEBUG] Merged segment 655: SRT entries [1029] -> 'When you get into that state, it just comes natura...'
2025-11-12 12:42:36,227 [DEBUG] Merged segment 656: SRT entries [1030, 1031] -> 'And the better ones, the better actors do get into...'
2025-11-12 12:42:36,227 [DEBUG] Merged segment 657: SRT entries [1032, 1033] -> 'But to make it up-- and I guess we are making it u...'
2025-11-12 12:42:36,227 [DEBUG] Merged segment 658: SRT entries [1034] -> 'But it's the ultimate improv-- right?...'
2025-11-12 12:42:36,227 [DEBUG] Merged segment 659: SRT entries [1035] -> 'Yeah....'
2025-11-12 12:42:36,227 [DEBUG] Merged segment 660: SRT entries [1036, 1037] -> '--where you're just completely surrender and just ...'
2025-11-12 12:42:36,227 [DEBUG] Merged segment 661: SRT entries [1038, 1039] -> 'But the information that's coming out was not scri...'
2025-11-12 12:42:36,227 [DEBUG] Merged segment 662: SRT entries [1040] -> 'It just comes out, and it's quite phenomenal....'
2025-11-12 12:42:36,227 [DEBUG] Merged segment 663: SRT entries [1041, 1042] -> 'And that's why, I think, I felt so pulled towards ...'
2025-11-12 12:42:36,227 [DEBUG] Merged segment 664: SRT entries [1043, 1044, 1045] -> 'I fell in love with that very young, so I started ...'
2025-11-12 12:42:36,227 [DEBUG] Merged segment 665: SRT entries [1046, 1047, 1048] -> 'And then at some point, Arjun just stepped forward...'
2025-11-12 12:42:36,227 [DEBUG] Merged segment 666: SRT entries [1049] -> 'It's full surrender....'
2025-11-12 12:42:36,227 [DEBUG] Merged segment 667: SRT entries [1050, 1051, 1052, 1053] -> 'I'm so glad you have chosen this path to do this a...'
2025-11-12 12:42:36,227 [DEBUG] Merged segment 668: SRT entries [1054] -> 'Who knows....'
2025-11-12 12:42:36,227 [DEBUG] Merged segment 669: SRT entries [1055] -> 'But in the meantime, we have this wonderful gift....'
2025-11-12 12:42:36,227 [DEBUG] Merged segment 670: SRT entries [1056] -> 'Yes....'
2025-11-12 12:42:36,227 [DEBUG] Merged segment 671: SRT entries [1057] -> 'And thank you for bringing this out and sharing it...'
2025-11-12 12:42:36,227 [DEBUG] Merged segment 672: SRT entries [1058] -> 'Thank you for sharing it in this way with the worl...'
2025-11-12 12:42:36,227 [DEBUG] Merged segment 673: SRT entries [1059] -> 'This is my channel with the cameras....'
2025-11-12 12:42:36,227 [DEBUG] Merged segment 674: SRT entries [1060] -> '--on an even bigger platform....'
2025-11-12 12:42:36,227 [DEBUG] Merged segment 675: SRT entries [1061] -> 'Yes, it all intertwines....'
2025-11-12 12:42:36,227 [DEBUG] Merged segment 676: SRT entries [1062] -> 'I love it....'
2025-11-12 12:42:36,227 [DEBUG] Merged segment 677: SRT entries [1063, 1064] -> 'Well, we'll get into some channeling then and see ...'
2025-11-12 12:42:36,227 [DEBUG] Merged segment 678: SRT entries [1065] -> 'Yes, OK....'
2025-11-12 12:42:36,227 [DEBUG] Merged segment 679: SRT entries [1066] -> 'Awesome....'
2025-11-12 12:42:36,227 [DEBUG] Merged segment 680: SRT entries [1067] -> 'Thank you....'
2025-11-12 12:42:36,227 [DEBUG] Merged segment 681: SRT entries [1068] -> 'Thank you....'
2025-11-12 12:42:36,227 [DEBUG] Merged segment 682: SRT entries [1069] -> '[MUSIC PLAYING]...'
2025-11-12 12:42:36,227 [INFO] Merged 1069 segments into 682 final segments
2025-11-12 12:42:36,445 [INFO] Wrote 682 segments to data/S01-E22/main.yaml
2025-11-12 12:42:36,445 [INFO] Conversion completed successfully!
