2025-11-13 17:32:02,866 [INFO] Starting SRT to YAML conversion for episode S01-E03
2025-11-13 17:32:02,866 [INFO] SRT source resolved to: input/S01-E03/source.srt
2025-11-13 17:32:02,867 [INFO] Parsed 703 SRT entries from input/S01-E03/source.srt
2025-11-13 17:32:02,867 [DEBUG] Merged segment 1: SRT entries [1, 2, 3, 4, 5] -> 'So I'm Nora Herold. I know a lot of you are famili...'
2025-11-13 17:32:02,867 [DEBUG] Merged segment 2: SRT entries [6, 7, 8, 9] -> 'Um, but for all of my life, I was hearing things a...'
2025-11-13 17:32:02,867 [DEBUG] Merged segment 3: SRT entries [10] -> 'I didn't understand it....'
2025-11-13 17:32:02,867 [DEBUG] Merged segment 4: SRT entries [11] -> 'Oftentimes it felt distracting and overwhelming....'
2025-11-13 17:32:02,867 [DEBUG] Merged segment 5: SRT entries [12, 13, 14] -> 'I didn't really understand that it could be an exp...'
2025-11-13 17:32:02,867 [DEBUG] Merged segment 6: SRT entries [15, 16] -> 'And then in 1996 I found myself in a ball on the f...'
2025-11-13 17:32:02,867 [DEBUG] Merged segment 7: SRT entries [17, 18] -> 'At the age of 29 years old, going through my Satur...'
2025-11-13 17:32:02,867 [DEBUG] Merged segment 8: SRT entries [19, 20, 21] -> 'And I was depressed and had gone through a very dr...'
2025-11-13 17:32:02,867 [DEBUG] Merged segment 9: SRT entries [22, 23] -> 'And you know the beautiful thing about heartbreak ...'
2025-11-13 17:32:02,867 [DEBUG] Merged segment 10: SRT entries [24, 25, 26] -> 'And in that very open space I was hanging out with...'
2025-11-13 17:32:02,867 [DEBUG] Merged segment 11: SRT entries [27, 28, 29] -> 'I'd read tarot cards for years. I'd played with cr...'
2025-11-13 17:32:02,867 [DEBUG] Merged segment 12: SRT entries [30, 31] -> 'She mentions that she had met a woman recently who...'
2025-11-13 17:32:02,867 [DEBUG] Merged segment 13: SRT entries [32, 33, 34, 35, 36, 37, 38] -> 'And that woman was Wendy Kennedy. So this is back ...'
2025-11-13 17:32:02,867 [DEBUG] Merged segment 14: SRT entries [39, 40, 41, 42, 43, 44] -> 'I felt the presence of a being that was so loving,...'
2025-11-13 17:32:02,867 [DEBUG] Merged segment 15: SRT entries [45, 46, 47] -> 'And it was very quick moment. I felt his love. I f...'
2025-11-13 17:32:02,867 [DEBUG] Merged segment 16: SRT entries [48, 49] -> 'And then the tube on Amy's television blew out....'
2025-11-13 17:32:02,868 [WARNING] Reached safety limit (10) at segment_id=17, source_entries=[50, 51, 52, 53, 54, 55, 56, 57, 58, 59], stopping merge even though sentence may be incomplete
2025-11-13 17:32:02,868 [DEBUG] Merged segment 17: SRT entries [50, 51, 52, 53, 54, 55, 56, 57, 58, 59] -> 'As Amy was also having her own connection experien...'
2025-11-13 17:32:02,868 [DEBUG] Merged segment 18: SRT entries [60, 61, 62] -> 'And then at some point it became clear that this w...'
2025-11-13 17:32:02,868 [WARNING] Reached safety limit (10) at segment_id=19, source_entries=[63, 64, 65, 66, 67, 68, 69, 70, 71, 72], stopping merge even though sentence may be incomplete
2025-11-13 17:32:02,868 [DEBUG] Merged segment 19: SRT entries [63, 64, 65, 66, 67, 68, 69, 70, 71, 72] -> 'So it is now what I do. It's what I've done for a ...'
2025-11-13 17:32:02,868 [DEBUG] Merged segment 20: SRT entries [73] -> 'and working through her as well....'
2025-11-13 17:32:02,868 [DEBUG] Merged segment 21: SRT entries [74, 75, 76, 77, 78, 79, 80] -> 'It's true for everyone I listened to yesterday, so...'
2025-11-13 17:32:02,868 [DEBUG] Merged segment 22: SRT entries [81, 82] -> 'Because to be able to receive channeled informatio...'
2025-11-13 17:32:02,868 [DEBUG] Merged segment 23: SRT entries [83] -> 'Doesn't matter that's coming out of my mouth....'
2025-11-13 17:32:02,868 [DEBUG] Merged segment 24: SRT entries [84, 85] -> 'You're acting as the receivers for the information...'
2025-11-13 17:32:02,868 [DEBUG] Merged segment 25: SRT entries [86, 87, 88] -> 'I'm gonna straighten myself out here. How's my hai...'
2025-11-13 17:32:02,868 [DEBUG] Merged segment 26: SRT entries [89] -> 'So you may hear from me again during the channelin...'
2025-11-13 17:32:02,868 [DEBUG] Merged segment 27: SRT entries [90, 91] -> '(Oming sounds) Ahhhhh........'
2025-11-13 17:32:02,868 [DEBUG] Merged segment 28: SRT entries [92] -> 'Fantastic!...'
2025-11-13 17:32:02,868 [DEBUG] Merged segment 29: SRT entries [93, 94, 95, 96] -> 'Greetings, this is the Pleiadian Collective and as...'
2025-11-13 17:32:02,868 [DEBUG] Merged segment 30: SRT entries [97] -> 'Look at your beauty!...'
2025-11-13 17:32:02,868 [DEBUG] Merged segment 31: SRT entries [98] -> 'Look at your light!...'
2025-11-13 17:32:02,868 [DEBUG] Merged segment 32: SRT entries [99, 100, 101, 102] -> 'Look at the beauty in the projection of your light...'
2025-11-13 17:32:02,868 [DEBUG] Merged segment 33: SRT entries [103, 104, 105] -> 'Both beings of light, beings holding physical dens...'
2025-11-13 17:32:02,868 [DEBUG] Merged segment 34: SRT entries [106] -> 'Yeah....'
2025-11-13 17:32:02,868 [DEBUG] Merged segment 35: SRT entries [107] -> 'Put your hands somewhere that particularly you don...'
2025-11-13 17:32:02,868 [DEBUG] Merged segment 36: SRT entries [108, 109, 110] -> 'Alright, find a find a place on your body that you...'
2025-11-13 17:32:02,868 [DEBUG] Merged segment 37: SRT entries [111] -> 'And connect....'
2025-11-13 17:32:02,868 [DEBUG] Merged segment 38: SRT entries [112] -> 'This is your light!...'
2025-11-13 17:32:02,868 [DEBUG] Merged segment 39: SRT entries [113, 114, 115] -> 'What you're touching right now is you, your light....'
2025-11-13 17:32:02,868 [DEBUG] Merged segment 40: SRT entries [116, 117] -> 'You are love incarnate....'
2025-11-13 17:32:02,868 [DEBUG] Merged segment 41: SRT entries [118] -> 'You are nothing else....'
2025-11-13 17:32:02,868 [DEBUG] Merged segment 42: SRT entries [119, 120] -> 'All around you is love incarnate, nothing else....'
2025-11-13 17:32:02,868 [DEBUG] Merged segment 43: SRT entries [121, 122] -> 'Doesn't matter what it looks like, feels like, the...'
2025-11-13 17:32:02,868 [DEBUG] Merged segment 44: SRT entries [123, 124, 125, 126] -> 'Love incarnate, the table, the chair, the ceiling,...'
2025-11-13 17:32:02,868 [DEBUG] Merged segment 45: SRT entries [127] -> 'Yeshua, us, you, love incarnate....'
2025-11-13 17:32:02,868 [DEBUG] Merged segment 46: SRT entries [128] -> 'Love playing a game. That's all this is....'
2025-11-13 17:32:02,868 [DEBUG] Merged segment 47: SRT entries [129, 130] -> 'And that's all there is to the idea of awakening f...'
2025-11-13 17:32:02,868 [DEBUG] Merged segment 48: SRT entries [131, 132, 133, 134, 135] -> 'And as we look at all of you, what we see: all of ...'
2025-11-13 17:32:02,868 [DEBUG] Merged segment 49: SRT entries [136] -> 'Right?  Who in the room feels awake?...'
2025-11-13 17:32:02,868 [DEBUG] Merged segment 50: SRT entries [137] -> 'Yes....'
2025-11-13 17:32:02,868 [DEBUG] Merged segment 51: SRT entries [138] -> 'And yet you continue to awaken....'
2025-11-13 17:32:02,868 [DEBUG] Merged segment 52: SRT entries [139] -> 'Because this is the game....'
2025-11-13 17:32:02,868 [DEBUG] Merged segment 53: SRT entries [140, 141, 142, 143, 144, 145, 146, 147, 148] -> 'You wake up, you remember right? You all remember ...'
2025-11-13 17:32:02,868 [DEBUG] Merged segment 54: SRT entries [149] -> 'They're not going back to sleep as you all did....'
2025-11-13 17:32:02,868 [DEBUG] Merged segment 55: SRT entries [150] -> 'Sometimes they take little naps, alright?...'
2025-11-13 17:32:02,868 [DEBUG] Merged segment 56: SRT entries [151, 152, 153, 154, 155, 156, 157, 158, 159] -> 'They forget for a bit of time who they are and the...'
2025-11-13 17:32:02,868 [DEBUG] Merged segment 57: SRT entries [160, 161, 162, 163, 164, 165] -> 'You were supposed to come in, forget that, throw o...'
2025-11-13 17:32:02,868 [DEBUG] Merged segment 58: SRT entries [166, 167, 168, 169, 170, 171, 172, 173, 174] -> 'Alright so think about that piece right now. Anyti...'
2025-11-13 17:32:02,868 [WARNING] Reached safety limit (10) at segment_id=59, source_entries=[175, 176, 177, 178, 179, 180, 181, 182, 183, 184], stopping merge even though sentence may be incomplete
2025-11-13 17:32:02,868 [DEBUG] Merged segment 59: SRT entries [175, 176, 177, 178, 179, 180, 181, 182, 183, 184] -> 'Every version of you that you see is a past life v...'
2025-11-13 17:32:02,868 [DEBUG] Merged segment 60: SRT entries [185, 186] -> 'sent them transmissions of unconditional love as y...'
2025-11-13 17:32:02,868 [DEBUG] Merged segment 61: SRT entries [187, 188] -> 'And suddenly you find yourself then to be a much m...'
2025-11-13 17:32:02,868 [DEBUG] Merged segment 62: SRT entries [189, 190] -> 'Ever wonder if there's intelligent life elsewhere ...'
2025-11-13 17:32:02,868 [DEBUG] Merged segment 63: SRT entries [191] -> 'Well, I have....I've been wondering since I was a ...'
2025-11-13 17:32:02,868 [DEBUG] Merged segment 64: SRT entries [192] -> 'My name is Reuben Langdon....'
2025-11-13 17:32:02,868 [DEBUG] Merged segment 65: SRT entries [193, 194] -> 'And on March 29th, 2007, in the middle of the day,...'
2025-11-13 17:32:02,868 [DEBUG] Merged segment 66: SRT entries [195, 196] -> 'Coincidentally, I was working on the film Avatar a...'
2025-11-13 17:32:02,868 [DEBUG] Merged segment 67: SRT entries [197] -> 'And ever since then I've been on a quest......'
2025-11-13 17:32:02,868 [DEBUG] Merged segment 68: SRT entries [198, 199] -> 'A quest to find out if aliens really do exist and ...'
2025-11-13 17:32:02,868 [DEBUG] Merged segment 69: SRT entries [200, 201] -> 'If beings of higher intelligence are here... ...wh...'
2025-11-13 17:32:02,869 [DEBUG] Merged segment 70: SRT entries [202] -> 'Why don't they make themselves more known?...'
2025-11-13 17:32:02,869 [DEBUG] Merged segment 71: SRT entries [203] -> 'Why the secrecy?...'
2025-11-13 17:32:02,869 [DEBUG] Merged segment 72: SRT entries [204, 205] -> 'I've asked these questions to many experts, yet, e...'
2025-11-13 17:32:02,869 [DEBUG] Merged segment 73: SRT entries [206, 207] -> 'So I thought to myself, why not ask the aliens dir...'
2025-11-13 17:32:02,869 [DEBUG] Merged segment 74: SRT entries [208] -> 'So that's what I set out to do!...'
2025-11-13 17:32:02,869 [DEBUG] Merged segment 75: SRT entries [209] -> 'Well, sort of......'
2025-11-13 17:32:02,869 [DEBUG] Merged segment 76: SRT entries [210] -> 'Nora....'
2025-11-13 17:32:02,869 [DEBUG] Merged segment 77: SRT entries [211] -> 'Reuben....'
2025-11-13 17:32:02,869 [DEBUG] Merged segment 78: SRT entries [212, 213] -> 'Here we are, thank you for doing this second time,...'
2025-11-13 17:32:02,869 [DEBUG] Merged segment 79: SRT entries [214] -> 'Um....'
2025-11-13 17:32:02,869 [DEBUG] Merged segment 80: SRT entries [215, 216, 217, 218] -> 'Can you describe to me the process of what do you ...'
2025-11-13 17:32:02,869 [DEBUG] Merged segment 81: SRT entries [219] -> 'Sure. So I do what's called direct voice channelin...'
2025-11-13 17:32:02,869 [DEBUG] Merged segment 82: SRT entries [220, 221] -> 'I also translate, so there are two different versi...'
2025-11-13 17:32:02,869 [DEBUG] Merged segment 83: SRT entries [222, 223, 224, 225, 226, 227, 228, 229] -> 'Translation is, I listen and receive and then tell...'
2025-11-13 17:32:02,869 [DEBUG] Merged segment 84: SRT entries [230, 231] -> 'So that's one of the ways I access information, bu...'
2025-11-13 17:32:02,869 [DEBUG] Merged segment 85: SRT entries [232, 233, 234, 235, 236, 237, 238, 239] -> 'So direct voice channel means I raise my personal ...'
2025-11-13 17:32:02,869 [DEBUG] Merged segment 86: SRT entries [240, 241, 242, 243, 244, 245, 246, 247] -> 'The beings I work with are the Pleiadian Collectiv...'
2025-11-13 17:32:02,869 [DEBUG] Merged segment 87: SRT entries [248, 249] -> 'It's different experience, different flavors along...'
2025-11-13 17:32:02,869 [DEBUG] Merged segment 88: SRT entries [250, 251, 252, 253, 254, 255, 256] -> 'So when I say twelfth dimensional Pleiadian Collec...'
2025-11-13 17:32:02,869 [DEBUG] Merged segment 89: SRT entries [257, 258] -> 'Hence the term 'collective'. So it's not a specifi...'
2025-11-13 17:32:02,869 [DEBUG] Merged segment 90: SRT entries [259, 260, 261, 262, 263, 264, 265, 266] -> 'That's correct, but there are specific beings I wo...'
2025-11-13 17:32:02,869 [DEBUG] Merged segment 91: SRT entries [267, 268, 269, 270, 271] -> 'I see Yeshua to be a collective being, but we know...'
2025-11-13 17:32:02,869 [DEBUG] Merged segment 92: SRT entries [272, 273, 274, 275, 276, 277, 278, 279] -> 'Or the Archangel Michael at times will come throug...'
2025-11-13 17:32:02,869 [DEBUG] Merged segment 93: SRT entries [280, 281, 282, 283, 284, 285, 286] -> 'And are you, you're present in your awareness when...'
2025-11-13 17:32:02,869 [DEBUG] Merged segment 94: SRT entries [287, 288, 289, 290, 291, 292] -> 'Yes, so what you're talking about there is trance ...'
2025-11-13 17:32:02,869 [DEBUG] Merged segment 95: SRT entries [293] -> 'So has that happened to you in the past?...'
2025-11-13 17:32:02,869 [DEBUG] Merged segment 96: SRT entries [294, 295, 296, 297] -> 'Yes. So the fully conscious channeling is more tha...'
2025-11-13 17:32:02,869 [DEBUG] Merged segment 97: SRT entries [298, 299] -> 'So that's almost like, when you work with clients ...'
2025-11-13 17:32:02,869 [DEBUG] Merged segment 98: SRT entries [300, 301, 302, 303, 304] -> 'Hearing it and kind of translating it -- And then ...'
2025-11-13 17:32:02,869 [DEBUG] Merged segment 99: SRT entries [305, 306, 307] -> 'Is there...you must resonate with all the differen...'
2025-11-13 17:32:02,869 [DEBUG] Merged segment 100: SRT entries [308] -> 'Or can you not say?...'
2025-11-13 17:32:02,869 [DEBUG] Merged segment 101: SRT entries [309] -> 'Do I have a favorite? Depends on the day?...'
2025-11-13 17:32:02,869 [DEBUG] Merged segment 102: SRT entries [310, 311, 312] -> 'Yeah, it's really, it's the Pleiadians, Calliandra...'
2025-11-13 17:32:02,869 [DEBUG] Merged segment 103: SRT entries [313, 314] -> 'However, I'm aware that I have a very specific con...'
2025-11-13 17:32:02,869 [WARNING] Reached safety limit (10) at segment_id=104, source_entries=[315, 316, 317, 318, 319, 320, 321, 322, 323, 324], stopping merge even though sentence may be incomplete
2025-11-13 17:32:02,869 [DEBUG] Merged segment 104: SRT entries [315, 316, 317, 318, 319, 320, 321, 322, 323, 324] -> 'And I believe that's why they're predominantly com...'
2025-11-13 17:32:02,869 [DEBUG] Merged segment 105: SRT entries [325, 326] -> 'very aware that for now, maybe we'll say the Pleia...'
2025-11-13 17:32:02,869 [DEBUG] Merged segment 106: SRT entries [327, 328] -> 'Sorry, Calliandra. Sure she understands. Oh she un...'
2025-11-13 17:32:02,869 [DEBUG] Merged segment 107: SRT entries [329] -> 'Well, maybe we can give her some time to voice as ...'
2025-11-13 17:32:02,869 [DEBUG] Merged segment 108: SRT entries [330, 331, 332, 333] -> 'Well, in addition to being a channeler, or maybe t...'
2025-11-13 17:32:02,869 [DEBUG] Merged segment 109: SRT entries [334, 335, 336] -> 'So language is very interesting because we use it ...'
2025-11-13 17:32:02,869 [DEBUG] Merged segment 110: SRT entries [337, 338, 339, 340, 341, 342] -> 'Channels will use their clairvoyant, their clairau...'
2025-11-13 17:32:02,869 [DEBUG] Merged segment 111: SRT entries [343] -> 'That's a little bit different from channeling....'
2025-11-13 17:32:02,869 [DEBUG] Merged segment 112: SRT entries [344] -> 'Yes, that's me using my own operating system....'
2025-11-13 17:32:02,869 [DEBUG] Merged segment 113: SRT entries [345] -> 'So and you have those abilities as well. Awesome....'
2025-11-13 17:32:02,869 [DEBUG] Merged segment 114: SRT entries [346, 347, 348, 349, 350] -> 'Because I've talked with other, I guess, intuitive...'
2025-11-13 17:32:02,869 [DEBUG] Merged segment 115: SRT entries [351, 352, 353, 354] -> 'Well, it wasn't me, it was I heard a voice and thi...'
2025-11-13 17:32:02,869 [WARNING] Reached safety limit (10) at segment_id=116, source_entries=[355, 356, 357, 358, 359, 360, 361, 362, 363, 364], stopping merge even though sentence may be incomplete
2025-11-13 17:32:02,869 [DEBUG] Merged segment 116: SRT entries [355, 356, 357, 358, 359, 360, 361, 362, 363, 364] -> 'Yes, and really when it comes down to it, it's all...'
2025-11-13 17:32:02,869 [DEBUG] Merged segment 117: SRT entries [365] -> 'variety and the selection....'
2025-11-13 17:32:02,869 [WARNING] Reached safety limit (10) at segment_id=118, source_entries=[366, 367, 368, 369, 370, 371, 372, 373, 374, 375], stopping merge even though sentence may be incomplete
2025-11-13 17:32:02,869 [DEBUG] Merged segment 118: SRT entries [366, 367, 368, 369, 370, 371, 372, 373, 374, 375] -> 'And you know and yeah getting to that and maybe th...'
2025-11-13 17:32:02,869 [DEBUG] Merged segment 119: SRT entries [376, 377, 378, 379, 380] -> 'How does that, you know how does that all-- when u...'
2025-11-13 17:32:02,869 [DEBUG] Merged segment 120: SRT entries [381, 382, 383, 384, 385, 386, 387, 388] -> 'I think it helps initially to label, categorize, t...'
2025-11-13 17:32:02,869 [DEBUG] Merged segment 121: SRT entries [389, 390, 391, 392, 393] -> 'Because then your mind has relaxed. So the mental ...'
2025-11-13 17:32:02,869 [DEBUG] Merged segment 122: SRT entries [394] -> 'Zoe, you're now part of the movie, officially....'
2025-11-13 17:32:02,869 [DEBUG] Merged segment 123: SRT entries [395, 396, 397, 398, 399] -> 'So this is Zoe. Zoe is an elf and a unicorn. We li...'
2025-11-13 17:32:02,870 [WARNING] Reached safety limit (10) at segment_id=124, source_entries=[400, 401, 402, 403, 404, 405, 406, 407, 408, 409], stopping merge even though sentence may be incomplete
2025-11-13 17:32:02,870 [DEBUG] Merged segment 124: SRT entries [400, 401, 402, 403, 404, 405, 406, 407, 408, 409] -> 'We have a couple of cats, one is bringing through ...'
2025-11-13 17:32:02,870 [WARNING] Reached safety limit (10) at segment_id=125, source_entries=[410, 411, 412, 413, 414, 415, 416, 417, 418, 419], stopping merge even though sentence may be incomplete
2025-11-13 17:32:02,870 [DEBUG] Merged segment 125: SRT entries [410, 411, 412, 413, 414, 415, 416, 417, 418, 419] -> 'I've noticed that with animals, if humans could op...'
2025-11-13 17:32:02,870 [DEBUG] Merged segment 126: SRT entries [420] -> 'it's okay, the ultimate show of how to forgive....'
2025-11-13 17:32:02,870 [DEBUG] Merged segment 127: SRT entries [421] -> 'Yes. And also how to be present....'
2025-11-13 17:32:02,870 [WARNING] Reached safety limit (10) at segment_id=128, source_entries=[422, 423, 424, 425, 426, 427, 428, 429, 430, 431], stopping merge even though sentence may be incomplete
2025-11-13 17:32:02,870 [DEBUG] Merged segment 128: SRT entries [422, 423, 424, 425, 426, 427, 428, 429, 430, 431] -> 'They're extremely in the moment, they don't tie th...'
2025-11-13 17:32:02,870 [DEBUG] Merged segment 129: SRT entries [432, 433] -> 'I see them watching the beings and seeing things t...'
2025-11-13 17:32:02,870 [DEBUG] Merged segment 130: SRT entries [434, 435] -> 'Excellent. Well thanks guys, let us know if someth...'
2025-11-13 17:32:02,870 [WARNING] Reached safety limit (10) at segment_id=131, source_entries=[436, 437, 438, 439, 440, 441, 442, 443, 444, 445], stopping merge even though sentence may be incomplete
2025-11-13 17:32:02,870 [DEBUG] Merged segment 131: SRT entries [436, 437, 438, 439, 440, 441, 442, 443, 444, 445] -> 'Well, I guess the last question before we move in ...'
2025-11-13 17:32:02,870 [DEBUG] Merged segment 132: SRT entries [446, 447, 448, 449] -> 'I knew there'd be a story to this. With the Pleiad...'
2025-11-13 17:32:02,870 [WARNING] Reached safety limit (10) at segment_id=133, source_entries=[450, 451, 452, 453, 454, 455, 456, 457, 458, 459], stopping merge even though sentence may be incomplete
2025-11-13 17:32:02,870 [DEBUG] Merged segment 133: SRT entries [450, 451, 452, 453, 454, 455, 456, 457, 458, 459] -> 'I recognized it in my body, in a visceral way. It ...'
2025-11-13 17:32:02,870 [DEBUG] Merged segment 134: SRT entries [460, 461, 462, 463, 464, 465, 466, 467] -> 'was clear to me. Now many of the other beings that...'
2025-11-13 17:32:02,870 [WARNING] Reached safety limit (10) at segment_id=135, source_entries=[468, 469, 470, 471, 472, 473, 474, 475, 476, 477], stopping merge even though sentence may be incomplete
2025-11-13 17:32:02,870 [DEBUG] Merged segment 135: SRT entries [468, 469, 470, 471, 472, 473, 474, 475, 476, 477] -> 'Calliandra, for instance, when she first made hers...'
2025-11-13 17:32:02,870 [DEBUG] Merged segment 136: SRT entries [478, 479, 480] -> 'playing with Calliana, I was like okay, and I thou...'
2025-11-13 17:32:02,870 [WARNING] Reached safety limit (10) at segment_id=137, source_entries=[481, 482, 483, 484, 485, 486, 487, 488, 489, 490], stopping merge even though sentence may be incomplete
2025-11-13 17:32:02,870 [DEBUG] Merged segment 137: SRT entries [481, 482, 483, 484, 485, 486, 487, 488, 489, 490] -> 'As soon as I heard, felt, that's really predominan...'
2025-11-13 17:32:02,870 [WARNING] Reached safety limit (10) at segment_id=138, source_entries=[491, 492, 493, 494, 495, 496, 497, 498, 499, 500], stopping merge even though sentence may be incomplete
2025-11-13 17:32:02,870 [DEBUG] Merged segment 138: SRT entries [491, 492, 493, 494, 495, 496, 497, 498, 499, 500] -> 'I see it sometimes like words on the paper. I see ...'
2025-11-13 17:32:02,870 [WARNING] Reached safety limit (10) at segment_id=139, source_entries=[501, 502, 503, 504, 505, 506, 507, 508, 509, 510], stopping merge even though sentence may be incomplete
2025-11-13 17:32:02,870 [DEBUG] Merged segment 139: SRT entries [501, 502, 503, 504, 505, 506, 507, 508, 509, 510] -> 'frequency and I found it actually really powerful ...'
2025-11-13 17:32:02,870 [WARNING] Reached safety limit (10) at segment_id=140, source_entries=[511, 512, 513, 514, 515, 516, 517, 518, 519, 520], stopping merge even though sentence may be incomplete
2025-11-13 17:32:02,870 [DEBUG] Merged segment 140: SRT entries [511, 512, 513, 514, 515, 516, 517, 518, 519, 520] -> 'like interacting with a cloud, yes, gentle easy, r...'
2025-11-13 17:32:02,870 [WARNING] Reached safety limit (10) at segment_id=141, source_entries=[521, 522, 523, 524, 525, 526, 527, 528, 529, 530], stopping merge even though sentence may be incomplete
2025-11-13 17:32:02,870 [DEBUG] Merged segment 141: SRT entries [521, 522, 523, 524, 525, 526, 527, 528, 529, 530] -> 'like to also, if I can, back up my other dimension...'
2025-11-13 17:32:02,870 [DEBUG] Merged segment 142: SRT entries [531, 532, 533] -> 'So the information you got was Calliandra the fair...'
2025-11-13 17:32:02,870 [WARNING] Reached safety limit (10) at segment_id=143, source_entries=[534, 535, 536, 537, 538, 539, 540, 541, 542, 543], stopping merge even though sentence may be incomplete
2025-11-13 17:32:02,870 [DEBUG] Merged segment 143: SRT entries [534, 535, 536, 537, 538, 539, 540, 541, 542, 543] -> 'So that took me a couple of hours to answer that q...'
2025-11-13 17:32:02,870 [DEBUG] Merged segment 144: SRT entries [544, 545, 546, 547, 548, 549] -> 'to me and then typically I'll just ask them questi...'
2025-11-13 17:32:02,870 [DEBUG] Merged segment 145: SRT entries [550, 551, 552, 553] -> 'But how about so-called dark energies or even mani...'
2025-11-13 17:32:02,870 [WARNING] Reached safety limit (10) at segment_id=146, source_entries=[554, 555, 556, 557, 558, 559, 560, 561, 562, 563], stopping merge even though sentence may be incomplete
2025-11-13 17:32:02,870 [DEBUG] Merged segment 146: SRT entries [554, 555, 556, 557, 558, 559, 560, 561, 562, 563] -> 'Actually this whole experience, you know, channeli...'
2025-11-13 17:32:02,870 [DEBUG] Merged segment 147: SRT entries [564, 565] -> 'was interesting and then, what I found happening w...'
2025-11-13 17:32:02,870 [WARNING] Reached safety limit (10) at segment_id=148, source_entries=[566, 567, 568, 569, 570, 571, 572, 573, 574, 575], stopping merge even though sentence may be incomplete
2025-11-13 17:32:02,870 [DEBUG] Merged segment 148: SRT entries [566, 567, 568, 569, 570, 571, 572, 573, 574, 575] -> 'Not of the being itself but of the information the...'
2025-11-13 17:32:02,870 [WARNING] Reached safety limit (10) at segment_id=149, source_entries=[576, 577, 578, 579, 580, 581, 582, 583, 584, 585], stopping merge even though sentence may be incomplete
2025-11-13 17:32:02,870 [DEBUG] Merged segment 149: SRT entries [576, 577, 578, 579, 580, 581, 582, 583, 584, 585] -> 'which energy is there, just if it's doing some...,...'
2025-11-13 17:32:02,870 [DEBUG] Merged segment 150: SRT entries [586, 587, 588, 589, 590, 591, 592, 593, 594] -> 'your space, it raises your energy. Then you're abl...'
2025-11-13 17:32:02,870 [WARNING] Reached safety limit (10) at segment_id=151, source_entries=[595, 596, 597, 598, 599, 600, 601, 602, 603, 604], stopping merge even though sentence may be incomplete
2025-11-13 17:32:02,870 [DEBUG] Merged segment 151: SRT entries [595, 596, 597, 598, 599, 600, 601, 602, 603, 604] -> 'I've heard of cases where energies start out good,...'
2025-11-13 17:32:02,870 [DEBUG] Merged segment 152: SRT entries [605] -> 'very much like a church type scenario....'
2025-11-13 17:32:02,870 [DEBUG] Merged segment 153: SRT entries [606, 607, 608, 609, 610, 611, 612] -> 'Well the other issue that you're touching on here ...'
2025-11-13 17:32:02,870 [WARNING] Reached safety limit (10) at segment_id=154, source_entries=[613, 614, 615, 616, 617, 618, 619, 620, 621, 622], stopping merge even though sentence may be incomplete
2025-11-13 17:32:02,870 [DEBUG] Merged segment 154: SRT entries [613, 614, 615, 616, 617, 618, 619, 620, 621, 622] -> 'So I'm constantly checking my filter. I'm constant...'
2025-11-13 17:32:02,870 [DEBUG] Merged segment 155: SRT entries [623, 624] -> 'clearly discern the information that's coming thro...'
2025-11-13 17:32:02,870 [DEBUG] Merged segment 156: SRT entries [625, 626, 627, 628, 629, 630, 631] -> 'So what you're talking about I think are those cul...'
2025-11-13 17:32:02,870 [DEBUG] Merged segment 157: SRT entries [632, 633, 634, 635] -> 'And suddenly 'the being' is recommending everyone ...'
2025-11-13 17:32:02,870 [DEBUG] Merged segment 158: SRT entries [636, 637] -> 'So that's the other wonderful thing about this co-...'
2025-11-13 17:32:02,870 [DEBUG] Merged segment 159: SRT entries [638, 639, 640, 641] -> 'I can only bring through what I allow myself to br...'
2025-11-13 17:32:02,870 [DEBUG] Merged segment 160: SRT entries [642] -> 'You really have to keep yourself in check though?...'
2025-11-13 17:32:02,870 [DEBUG] Merged segment 161: SRT entries [643, 644, 645] -> 'Yeah - and I have a lot of lessons that I've exper...'
2025-11-13 17:32:02,870 [DEBUG] Merged segment 162: SRT entries [646] -> 'I'm sure they're guiding and helping you do that....'
2025-11-13 17:32:02,870 [DEBUG] Merged segment 163: SRT entries [647] -> 'Yes, yes....'
2025-11-13 17:32:02,870 [DEBUG] Merged segment 164: SRT entries [648] -> 'As long as you're paying attention....'
2025-11-13 17:32:02,870 [DEBUG] Merged segment 165: SRT entries [649, 650, 651, 652, 653, 654] -> 'And I guess when those others, that we talked abou...'
2025-11-13 17:32:02,871 [DEBUG] Merged segment 166: SRT entries [655, 656, 657, 658] -> 'I think those things happen for karmic reasons or ...'
2025-11-13 17:32:02,871 [DEBUG] Merged segment 167: SRT entries [659, 660, 661, 662] -> 'But the other thing you've got to look at here is ...'
2025-11-13 17:32:02,871 [DEBUG] Merged segment 168: SRT entries [663, 664, 665, 666, 667, 668, 669, 670, 671] -> 'They are willingly handing over their free will to...'
2025-11-13 17:32:02,871 [DEBUG] Merged segment 169: SRT entries [672] -> 'Man, so many people hand over that free will so ea...'
2025-11-13 17:32:02,871 [DEBUG] Merged segment 170: SRT entries [673, 674] -> 'Well, we're also programmed to be enslaved, so we ...'
2025-11-13 17:32:02,871 [DEBUG] Merged segment 171: SRT entries [675] -> 'Is that a DNA programming, you think, or is that.....'
2025-11-13 17:32:02,871 [DEBUG] Merged segment 172: SRT entries [676, 677, 678, 679, 680, 681] -> 'It's in our genetic code and it's something that w...'
2025-11-13 17:32:02,871 [DEBUG] Merged segment 173: SRT entries [682] -> 'They don't have genetics, do they?...'
2025-11-13 17:32:02,871 [WARNING] Reached safety limit (10) at segment_id=174, source_entries=[683, 684, 685, 686, 687, 688, 689, 690, 691, 692], stopping merge even though sentence may be incomplete
2025-11-13 17:32:02,871 [DEBUG] Merged segment 174: SRT entries [683, 684, 685, 686, 687, 688, 689, 690, 691, 692] -> 'Well, they don't but, as we're integrating our hig...'
2025-11-13 17:32:02,871 [DEBUG] Merged segment 175: SRT entries [693, 694, 695, 696, 697, 698] -> 'to get a, have a different focus, so the Pleiadian...'
2025-11-13 17:32:02,871 [DEBUG] Merged segment 176: SRT entries [699, 700, 701, 702, 703] -> 'This is the Pleiadians Collective as always, it's ...'
2025-11-13 17:32:02,871 [INFO] Merged 703 segments into 176 final segments
2025-11-13 17:32:02,926 [INFO] Wrote 176 segments to data/S01-E03/main.yaml
2025-11-13 17:32:02,926 [INFO] Conversion completed successfully!
