2025-11-13 17:24:04,389 [INFO] Starting SRT to YAML conversion for episode S01-E20
2025-11-13 17:24:04,390 [INFO] SRT source resolved to: input/S01-E20/source.srt
2025-11-13 17:24:04,391 [INFO] Parsed 1029 SRT entries from input/S01-E20/source.srt
2025-11-13 17:24:04,392 [DEBUG] Merged segment 1: SRT entries [1, 2, 3, 4, 5] -> 'If you're the type of person that is only going ou...'
2025-11-13 17:24:04,392 [DEBUG] Merged segment 2: SRT entries [6, 7] -> 'Then your consciousness is staying in this level s...'
2025-11-13 17:24:04,392 [DEBUG] Merged segment 3: SRT entries [8, 9, 10, 11] -> 'Now there's lots of UFO hunters out there in the w...'
2025-11-13 17:24:04,392 [DEBUG] Merged segment 4: SRT entries [12, 13, 14, 15] -> 'So when we do this work with you what we're doing ...'
2025-11-13 17:24:04,392 [DEBUG] Merged segment 5: SRT entries [16, 17] -> 'And when you pass through and you move into a more...'
2025-11-13 17:24:04,392 [DEBUG] Merged segment 6: SRT entries [18, 19, 20] -> 'Stuff that doesn't adhere to the definitions of ph...'
2025-11-13 17:24:04,392 [DEBUG] Merged segment 7: SRT entries [21, 22] -> 'Ever wonder if there's intelligent life elsewhere ...'
2025-11-13 17:24:04,392 [DEBUG] Merged segment 8: SRT entries [23] -> 'Well, I have....I've been wondering since I was a ...'
2025-11-13 17:24:04,392 [DEBUG] Merged segment 9: SRT entries [24] -> 'My name is Reuben Langdon....'
2025-11-13 17:24:04,392 [DEBUG] Merged segment 10: SRT entries [25, 26] -> 'And on March 29th 2007, in the middle of the day, ...'
2025-11-13 17:24:04,392 [DEBUG] Merged segment 11: SRT entries [27, 28] -> 'Coincidentally, I was working on the film Avatar a...'
2025-11-13 17:24:04,392 [DEBUG] Merged segment 12: SRT entries [29] -> 'And ever since then I've been on a quest......'
2025-11-13 17:24:04,392 [DEBUG] Merged segment 13: SRT entries [30, 31] -> 'A quest to find out if aliens really do exist and ...'
2025-11-13 17:24:04,392 [DEBUG] Merged segment 14: SRT entries [32, 33] -> 'If beings of higher intelligence are here... ...wh...'
2025-11-13 17:24:04,392 [DEBUG] Merged segment 15: SRT entries [34] -> 'Why don't they make themselves more known?...'
2025-11-13 17:24:04,392 [DEBUG] Merged segment 16: SRT entries [35] -> 'Why the secrecy?...'
2025-11-13 17:24:04,392 [DEBUG] Merged segment 17: SRT entries [36, 37] -> 'I've asked these questions to many experts, yet ea...'
2025-11-13 17:24:04,392 [DEBUG] Merged segment 18: SRT entries [38, 39] -> 'So I thought to myself, why not ask the aliens dir...'
2025-11-13 17:24:04,392 [DEBUG] Merged segment 19: SRT entries [40] -> 'So that's what I set out to do!...'
2025-11-13 17:24:04,392 [DEBUG] Merged segment 20: SRT entries [41] -> 'Well, sort of......'
2025-11-13 17:24:04,392 [DEBUG] Merged segment 21: SRT entries [42] -> 'Um, we have......'
2025-11-13 17:24:04,392 [DEBUG] Merged segment 22: SRT entries [43, 44, 45, 46, 47, 48, 49] -> 'I feel like, you know, again, looking in our sky w...'
2025-11-13 17:24:04,392 [DEBUG] Merged segment 23: SRT entries [50, 51, 52, 53] -> 'Because you know, when you're, when you're looking...'
2025-11-13 17:24:04,392 [DEBUG] Merged segment 24: SRT entries [54] -> 'Right....'
2025-11-13 17:24:04,392 [DEBUG] Merged segment 25: SRT entries [55, 56, 57, 58] -> 'But actually as you move farther and farther into ...'
2025-11-13 17:24:04,392 [DEBUG] Merged segment 26: SRT entries [59, 60] -> 'So in your guys' evolution.... state right now, yo...'
2025-11-13 17:24:04,392 [DEBUG] Merged segment 27: SRT entries [61] -> 'It doesn't matter......'
2025-11-13 17:24:04,392 [DEBUG] Merged segment 28: SRT entries [62] -> 'And our perception it may look like we have all th...'
2025-11-13 17:24:04,392 [DEBUG] Merged segment 29: SRT entries [63] -> 'Exactly......'
2025-11-13 17:24:04,392 [DEBUG] Merged segment 30: SRT entries [64, 65] -> 'but in reality we're just going to end up going th...'
2025-11-13 17:24:04,392 [DEBUG] Merged segment 31: SRT entries [66, 67, 68] -> 'Exactly, and of course my reality structure is ver...'
2025-11-13 17:24:04,392 [DEBUG] Merged segment 32: SRT entries [69, 70, 71, 72, 73] -> 'And that is nurtured, and the child is taught from...'
2025-11-13 17:24:04,392 [DEBUG] Merged segment 33: SRT entries [74] -> 'So you're not forcing everybody to be a doctor and...'
2025-11-13 17:24:04,392 [DEBUG] Merged segment 34: SRT entries [75, 76] -> 'No, (laughs)...'
2025-11-13 17:24:04,392 [DEBUG] Merged segment 35: SRT entries [77] -> 'exactly, exactly....'
2025-11-13 17:24:04,392 [DEBUG] Merged segment 36: SRT entries [78] -> 'And I feel like we're moving out of that....'
2025-11-13 17:24:04,392 [DEBUG] Merged segment 37: SRT entries [79] -> 'You are moving out of that.  We know it doesn't lo...'
2025-11-13 17:24:04,392 [DEBUG] Merged segment 38: SRT entries [80, 81] -> 'When it comes to working with all these different ...'
2025-11-13 17:24:04,392 [DEBUG] Merged segment 39: SRT entries [82] -> 'Yes....'
2025-11-13 17:24:04,392 [DEBUG] Merged segment 40: SRT entries [83] -> 'And is your society part of this Association?...'
2025-11-13 17:24:04,392 [DEBUG] Merged segment 41: SRT entries [84] -> 'Yes, yes....'
2025-11-13 17:24:04,392 [DEBUG] Merged segment 42: SRT entries [85] -> 'And is...?...'
2025-11-13 17:24:04,392 [DEBUG] Merged segment 43: SRT entries [86] -> 'It's not like Star Trek....'
2025-11-13 17:24:04,392 [DEBUG] Merged segment 44: SRT entries [87] -> 'It's not quite like Star Trek, no....'
2025-11-13 17:24:04,392 [DEBUG] Merged segment 45: SRT entries [88, 89] -> 'But Star Trek is a wonderful metaphor for you to u...'
2025-11-13 17:24:04,392 [DEBUG] Merged segment 46: SRT entries [90] -> 'Right, I get it....'
2025-11-13 17:24:04,392 [DEBUG] Merged segment 47: SRT entries [91, 92, 93, 94] -> 'And in the Association, you've sort of moved out o...'
2025-11-13 17:24:04,393 [DEBUG] Merged segment 48: SRT entries [95, 96] -> 'Yes, however... forgive us for being picky but we'...'
2025-11-13 17:24:04,393 [DEBUG] Merged segment 49: SRT entries [97] -> 'It's not a matter of "You can't be in our club,"...'
2025-11-13 17:24:04,393 [DEBUG] Merged segment 50: SRT entries [98, 99] -> 'Okay. ...so to speak....'
2025-11-13 17:24:04,393 [DEBUG] Merged segment 51: SRT entries [100, 101, 102] -> 'Literally those who are still in 3rd density still...'
2025-11-13 17:24:04,393 [DEBUG] Merged segment 52: SRT entries [103] -> 'Okay....'
2025-11-13 17:24:04,393 [DEBUG] Merged segment 53: SRT entries [104, 105, 106] -> 'And would this be the same with higher density Dra...'
2025-11-13 17:24:04,393 [DEBUG] Merged segment 54: SRT entries [107, 108] -> 'Are they...?  Did the Association of Worlds exist ...'
2025-11-13 17:24:04,393 [DEBUG] Merged segment 55: SRT entries [109] -> 'It was in a different form....'
2025-11-13 17:24:04,393 [DEBUG] Merged segment 56: SRT entries [110] -> 'Okay....'
2025-11-13 17:24:04,393 [DEBUG] Merged segment 57: SRT entries [111] -> 'Because the Orion wars were really so very long ag...'
2025-11-13 17:24:04,393 [DEBUG] Merged segment 58: SRT entries [112, 113] -> 'Right. and because of that the only "elder species...'
2025-11-13 17:24:04,393 [DEBUG] Merged segment 59: SRT entries [114] -> 'Oh, I see....'
2025-11-13 17:24:04,393 [DEBUG] Merged segment 60: SRT entries [115, 116, 117, 118] -> 'But it was... they did have a version of it, but e...'
2025-11-13 17:24:04,393 [DEBUG] Merged segment 61: SRT entries [119] -> 'So was the Orion wars primarily a 3rd density even...'
2025-11-13 17:24:04,393 [DEBUG] Merged segment 62: SRT entries [120] -> 'Yes....'
2025-11-13 17:24:04,393 [DEBUG] Merged segment 63: SRT entries [121, 122] -> 'It was a 3rd density event, and it also carried ov...'
2025-11-13 17:24:04,393 [DEBUG] Merged segment 64: SRT entries [123] -> 'I see......'
2025-11-13 17:24:04,393 [DEBUG] Merged segment 65: SRT entries [124] -> 'Until it became impossible to maintain the separat...'
2025-11-13 17:24:04,393 [DEBUG] Merged segment 66: SRT entries [125] -> 'I see....'
2025-11-13 17:24:04,393 [DEBUG] Merged segment 67: SRT entries [126, 127, 128] -> 'Yeah, and again so going back to the densities, Th...'
2025-11-13 17:24:04,393 [DEBUG] Merged segment 68: SRT entries [129, 130, 131, 132, 133, 134, 135] -> 'I keep bringing up the Draconians because I feel t...'
2025-11-13 17:24:04,393 [DEBUG] Merged segment 69: SRT entries [136] -> 'Karma in a different way......'
2025-11-13 17:24:04,393 [DEBUG] Merged segment 70: SRT entries [137, 138] -> 'Yes. ... than we're familiar with....'
2025-11-13 17:24:04,393 [DEBUG] Merged segment 71: SRT entries [139, 140, 141] -> 'So at these higher density versions of Draconian e...'
2025-11-13 17:24:04,393 [DEBUG] Merged segment 72: SRT entries [142] -> 'No....'
2025-11-13 17:24:04,393 [DEBUG] Merged segment 73: SRT entries [143] -> 'No....'
2025-11-13 17:24:04,393 [DEBUG] Merged segment 74: SRT entries [144] -> 'You're going to find that the idea of "battling" ....'
2025-11-13 17:24:04,393 [DEBUG] Merged segment 75: SRT entries [145] -> 'Yes...'
2025-11-13 17:24:04,393 [DEBUG] Merged segment 76: SRT entries [146] -> 'It wears itself out in the early phases of 4th den...'
2025-11-13 17:24:04,393 [DEBUG] Merged segment 77: SRT entries [147] -> 'Okay....'
2025-11-13 17:24:04,393 [DEBUG] Merged segment 78: SRT entries [148, 149, 150] -> 'So when you're talking about higher-level Draconia...'
2025-11-13 17:24:04,393 [DEBUG] Merged segment 79: SRT entries [151] -> 'Mmm, okay....'
2025-11-13 17:24:04,393 [DEBUG] Merged segment 80: SRT entries [152, 153] -> 'So if you go to a 6th - 7th density Draconian bein...'
2025-11-13 17:24:04,393 [DEBUG] Merged segment 81: SRT entries [154] -> 'Oh, yes......'
2025-11-13 17:24:04,393 [DEBUG] Merged segment 82: SRT entries [155] -> 'between the 3rd density version....'
2025-11-13 17:24:04,393 [DEBUG] Merged segment 83: SRT entries [156] -> 'Yes, vast differences....'
2025-11-13 17:24:04,393 [DEBUG] Merged segment 84: SRT entries [157] -> 'Okay....'
2025-11-13 17:24:04,393 [DEBUG] Merged segment 85: SRT entries [158] -> 'Probably we can't even conceptualize what that is?...'
2025-11-13 17:24:04,393 [DEBUG] Merged segment 86: SRT entries [159] -> 'Exactly....'
2025-11-13 17:24:04,393 [DEBUG] Merged segment 87: SRT entries [160, 161] -> 'But it's still,  it's a very unique evolutionary p...'
2025-11-13 17:24:04,393 [DEBUG] Merged segment 88: SRT entries [162] -> 'Yes, exactly....'
2025-11-13 17:24:04,393 [DEBUG] Merged segment 89: SRT entries [163] -> 'I see....'
2025-11-13 17:24:04,393 [DEBUG] Merged segment 90: SRT entries [164, 165, 166] -> 'I've gotten this download. I had a visitation from...'
2025-11-13 17:24:04,393 [DEBUG] Merged segment 91: SRT entries [167, 168] -> 'The download that I got I'm still trying to digest...'
2025-11-13 17:24:04,393 [DEBUG] Merged segment 92: SRT entries [169, 170, 171, 172, 173, 174, 175] -> 'Is that the Draconian energy was sort of wanting t...'
2025-11-13 17:24:04,393 [DEBUG] Merged segment 93: SRT entries [176, 177] -> 'To us because the 4th density is the last......'
2025-11-13 17:24:04,393 [DEBUG] Merged segment 94: SRT entries [178, 179] -> 'Oh, that's right! ...in the way we measure...'
2025-11-13 17:24:04,393 [DEBUG] Merged segment 95: SRT entries [180, 181] -> 'There is, once you move into 5th, 6th, or 7th ther...'
2025-11-13 17:24:04,393 [DEBUG] Merged segment 96: SRT entries [182] -> 'Okay....'
2025-11-13 17:24:04,393 [DEBUG] Merged segment 97: SRT entries [183, 184, 185] -> 'Now there have been many species who tried very ha...'
2025-11-13 17:24:04,393 [DEBUG] Merged segment 98: SRT entries [186] -> 'Maybe that?...'
2025-11-13 17:24:04,393 [DEBUG] Merged segment 99: SRT entries [187] -> 'It could be that......'
2025-11-13 17:24:04,393 [DEBUG] Merged segment 100: SRT entries [188] -> 'That version....'
2025-11-13 17:24:04,393 [DEBUG] Merged segment 101: SRT entries [189, 190, 191, 192, 193, 194, 195] -> 'I guess the main thing I got and I sort of assumed...'
2025-11-13 17:24:04,393 [DEBUG] Merged segment 102: SRT entries [196, 197, 198, 199, 200, 201] -> 'Yes. ...energy. Therefore it called upon the Manti...'
2025-11-13 17:24:04,393 [DEBUG] Merged segment 103: SRT entries [202] -> 'I don't know if that makes any sense?...'
2025-11-13 17:24:04,393 [DEBUG] Merged segment 104: SRT entries [203, 204] -> 'Well you, but you brought something up that is ver...'
2025-11-13 17:24:04,393 [DEBUG] Merged segment 105: SRT entries [205] -> 'Okay....'
2025-11-13 17:24:04,393 [DEBUG] Merged segment 106: SRT entries [206] -> 'And you're calling them Mantis beings....'
2025-11-13 17:24:04,393 [DEBUG] Merged segment 107: SRT entries [207] -> 'Sure....'
2025-11-13 17:24:04,393 [DEBUG] Merged segment 108: SRT entries [208, 209, 210, 211] -> 'We call them Founders, same idea and if we can... ...'
2025-11-13 17:24:04,393 [DEBUG] Merged segment 109: SRT entries [212] -> 'Mmm-um...'
2025-11-13 17:24:04,393 [DEBUG] Merged segment 110: SRT entries [213, 214] -> 'So when the one consciousness began its fragmentat...'
2025-11-13 17:24:04,393 [DEBUG] Merged segment 111: SRT entries [215, 216, 217] -> 'One of the first fragments from the Source was a c...'
2025-11-13 17:24:04,393 [DEBUG] Merged segment 112: SRT entries [218] -> 'Mmm - um...'
2025-11-13 17:24:04,393 [DEBUG] Merged segment 113: SRT entries [219, 220, 221] -> 'and when humans feel or perceive their energy, the...'
2025-11-13 17:24:04,394 [DEBUG] Merged segment 114: SRT entries [222] -> 'Right....'
2025-11-13 17:24:04,394 [DEBUG] Merged segment 115: SRT entries [223] -> 'Another way they appear are the very tall willowy ...'
2025-11-13 17:24:04,394 [DEBUG] Merged segment 116: SRT entries [224] -> 'Was this Barbara Lamb's ...?...'
2025-11-13 17:24:04,394 [DEBUG] Merged segment 117: SRT entries [225, 226] -> 'Yes, the spring onion beings, Founder beings....'
2025-11-13 17:24:04,394 [DEBUG] Merged segment 118: SRT entries [227, 228] -> 'Perfect, okay that ok, makes sense now....'
2025-11-13 17:24:04,394 [DEBUG] Merged segment 119: SRT entries [229, 230, 231, 232, 233, 234] -> 'Yes, and so these beings known as the architects, ...'
2025-11-13 17:24:04,394 [DEBUG] Merged segment 120: SRT entries [235] -> 'Okay....'
2025-11-13 17:24:04,394 [DEBUG] Merged segment 121: SRT entries [236, 237] -> 'The Orions did, the Pleiades did, the Sirians did,...'
2025-11-13 17:24:04,394 [DEBUG] Merged segment 122: SRT entries [238, 239] -> 'Right okay, yeah, the Zetas, I got that too that.....'
2025-11-13 17:24:04,394 [DEBUG] Merged segment 123: SRT entries [240, 241] -> 'Did the Zetas even have the technology to travel i...'
2025-11-13 17:24:04,394 [DEBUG] Merged segment 124: SRT entries [242] -> 'I don't ... I got that the Mantis helped out with ...'
2025-11-13 17:24:04,394 [DEBUG] Merged segment 125: SRT entries [243] -> 'Yes....'
2025-11-13 17:24:04,394 [DEBUG] Merged segment 126: SRT entries [244, 245, 246, 247, 248, 249] -> 'Zetas though are... they are quite unique as you w...'
2025-11-13 17:24:04,394 [DEBUG] Merged segment 127: SRT entries [250] -> 'Oh really, okay....'
2025-11-13 17:24:04,394 [DEBUG] Merged segment 128: SRT entries [251] -> 'So that's one of the reasons why too they could do...'
2025-11-13 17:24:04,394 [DEBUG] Merged segment 129: SRT entries [252] -> 'Fascinating....'
2025-11-13 17:24:04,394 [DEBUG] Merged segment 130: SRT entries [253, 254, 255] -> 'And these Mantis beings often in abduction scenari...'
2025-11-13 17:24:04,394 [DEBUG] Merged segment 131: SRT entries [256] -> 'Yes, exactly....'
2025-11-13 17:24:04,394 [DEBUG] Merged segment 132: SRT entries [257, 258] -> 'And so I'm assuming this is probably why, and seen...'
2025-11-13 17:24:04,394 [DEBUG] Merged segment 133: SRT entries [259] -> 'Oh, there's a Mantis being with a Pleiadian, or......'
2025-11-13 17:24:04,394 [DEBUG] Merged segment 134: SRT entries [260] -> 'That is why, they're like overseers....'
2025-11-13 17:24:04,394 [DEBUG] Merged segment 135: SRT entries [261] -> 'Fascinating....'
2025-11-13 17:24:04,394 [DEBUG] Merged segment 136: SRT entries [262] -> 'And not in a controlling way of course....'
2025-11-13 17:24:04,394 [DEBUG] Merged segment 137: SRT entries [263, 264] -> 'And are they in a specific density or they sort of...'
2025-11-13 17:24:04,394 [DEBUG] Merged segment 138: SRT entries [265, 266, 267, 268, 269, 270, 271] -> 'Well, we say primarily 7th density because even th...'
2025-11-13 17:24:04,394 [DEBUG] Merged segment 139: SRT entries [272, 273, 274, 275] -> 'So if you have Zetas accompanied by a Mantis, it's...'
2025-11-13 17:24:04,394 [DEBUG] Merged segment 140: SRT entries [276, 277, 278] -> 'Right, yeah, my sort of download was not a physica...'
2025-11-13 17:24:04,394 [DEBUG] Merged segment 141: SRT entries [279] -> 'Exactly....'
2025-11-13 17:24:04,394 [DEBUG] Merged segment 142: SRT entries [280] -> 'At least that's the way it felt....'
2025-11-13 17:24:04,394 [DEBUG] Merged segment 143: SRT entries [281] -> 'Exactly....'
2025-11-13 17:24:04,394 [DEBUG] Merged segment 144: SRT entries [282, 283, 284, 285] -> 'It's very, very unique and I've... to date it's be...'
2025-11-13 17:24:04,394 [DEBUG] Merged segment 145: SRT entries [286, 287, 288, 289] -> 'Well, how many days do you have in Sedona coming u...'
2025-11-13 17:24:04,394 [DEBUG] Merged segment 146: SRT entries [290] -> 'Alright, very cool....'
2025-11-13 17:24:04,394 [DEBUG] Merged segment 147: SRT entries [291, 292, 293, 294, 295, 296, 297, 298, 299] -> 'There's a lot of talk about inner earth beings, es...'
2025-11-13 17:24:04,394 [DEBUG] Merged segment 148: SRT entries [300, 301] -> 'Now, are they, those beings 4th density beings? 3r...'
2025-11-13 17:24:04,394 [DEBUG] Merged segment 149: SRT entries [302] -> 'Mostly 4th density beings....'
2025-11-13 17:24:04,394 [DEBUG] Merged segment 150: SRT entries [303] -> 'Okay....'
2025-11-13 17:24:04,394 [DEBUG] Merged segment 151: SRT entries [304, 305, 306, 307, 308] -> 'There are some that are 5th density so they're not...'
2025-11-13 17:24:04,394 [DEBUG] Merged segment 152: SRT entries [309] -> 'Okay....'
2025-11-13 17:24:04,394 [DEBUG] Merged segment 153: SRT entries [310, 311] -> 'So yes, so there's many different races... in the ...'
2025-11-13 17:24:04,394 [DEBUG] Merged segment 154: SRT entries [312, 313, 314, 315] -> 'Yes And because at different densities, different ...'
2025-11-13 17:24:04,394 [DEBUG] Merged segment 155: SRT entries [316] -> 'Yes, yes....'
2025-11-13 17:24:04,394 [DEBUG] Merged segment 156: SRT entries [317, 318, 319] -> 'And if we were to try let's say in our past timeli...'
2025-11-13 17:24:04,394 [DEBUG] Merged segment 157: SRT entries [320, 321, 322, 323] -> 'You would not really have the contact except in th...'
2025-11-13 17:24:04,394 [DEBUG] Merged segment 158: SRT entries [324, 325, 326] -> 'So when Admiral Bird flew over the North Pole and ...'
2025-11-13 17:24:04,394 [DEBUG] Merged segment 159: SRT entries [327] -> 'Yes....'
2025-11-13 17:24:04,394 [DEBUG] Merged segment 160: SRT entries [328] -> 'You know these these sorts of stories....'
2025-11-13 17:24:04,394 [DEBUG] Merged segment 161: SRT entries [329, 330, 331] -> 'Yes So that was just because the heart space was i...'
2025-11-13 17:24:04,394 [DEBUG] Merged segment 162: SRT entries [332] -> 'And the timing and many many things......'
2025-11-13 17:24:04,394 [DEBUG] Merged segment 163: SRT entries [333, 334] -> 'Nexus point of timelines many things, but not nece...'
2025-11-13 17:24:04,394 [DEBUG] Merged segment 164: SRT entries [335] -> 'Okay....'
2025-11-13 17:24:04,394 [DEBUG] Merged segment 165: SRT entries [336] -> 'Once the ego gets involved, yes?...'
2025-11-13 17:24:04,394 [DEBUG] Merged segment 166: SRT entries [337] -> 'Right....'
2025-11-13 17:24:04,394 [DEBUG] Merged segment 167: SRT entries [338] -> 'Do you guys interact with those 4th density beings...'
2025-11-13 17:24:04,394 [DEBUG] Merged segment 168: SRT entries [339, 340, 341, 342, 343] -> 'Yes there are certain ones that we do because, you...'
2025-11-13 17:24:04,394 [DEBUG] Merged segment 169: SRT entries [344] -> 'Right....'
2025-11-13 17:24:04,394 [DEBUG] Merged segment 170: SRT entries [345, 346, 347, 348, 349] -> 'But the earth is quite populated on many levels of...'
2025-11-13 17:24:04,394 [DEBUG] Merged segment 171: SRT entries [350, 351, 352, 353] -> 'So you have especially one very populated colony i...'
2025-11-13 17:24:04,394 [DEBUG] Merged segment 172: SRT entries [354, 355] -> 'Oh, wow... ... on your planet....'
2025-11-13 17:24:04,394 [DEBUG] Merged segment 173: SRT entries [356] -> 'And very often they're seen as blue....'
2025-11-13 17:24:04,394 [DEBUG] Merged segment 174: SRT entries [357] -> 'Okay....'
2025-11-13 17:24:04,394 [DEBUG] Merged segment 175: SRT entries [358, 359] -> 'And on one... so on a specific density reality the...'
2025-11-13 17:24:04,394 [DEBUG] Merged segment 176: SRT entries [360] -> 'Yes....'
2025-11-13 17:24:04,394 [DEBUG] Merged segment 177: SRT entries [361] -> 'And they... do they coexist with us?...'
2025-11-13 17:24:04,394 [DEBUG] Merged segment 178: SRT entries [362] -> 'Yes....'
2025-11-13 17:24:04,395 [DEBUG] Merged segment 179: SRT entries [363] -> 'They do?...'
2025-11-13 17:24:04,395 [DEBUG] Merged segment 180: SRT entries [364, 365] -> 'Yes, and when you are in the space in your conscio...'
2025-11-13 17:24:04,395 [DEBUG] Merged segment 181: SRT entries [366] -> 'We've spoke to many who have....'
2025-11-13 17:24:04,395 [DEBUG] Merged segment 182: SRT entries [367] -> 'Okay, and do you work with them?...'
2025-11-13 17:24:04,395 [DEBUG] Merged segment 183: SRT entries [368] -> 'Sometimes, yes....'
2025-11-13 17:24:04,395 [DEBUG] Merged segment 184: SRT entries [369] -> 'Okay....'
2025-11-13 17:24:04,395 [DEBUG] Merged segment 185: SRT entries [370, 371, 372] -> 'Especially when we're doing contact work in areas ...'
2025-11-13 17:24:04,395 [DEBUG] Merged segment 186: SRT entries [373] -> 'Oh, okay....'
2025-11-13 17:24:04,395 [DEBUG] Merged segment 187: SRT entries [374] -> 'Volcanic areas....'
2025-11-13 17:24:04,395 [DEBUG] Merged segment 188: SRT entries [375, 376] -> 'So their origin is Sirius, but then they migrated ...'
2025-11-13 17:24:04,395 [DEBUG] Merged segment 189: SRT entries [377, 378] -> 'Their ancestors came here when the Sirians were he...'
2025-11-13 17:24:04,395 [DEBUG] Merged segment 190: SRT entries [379, 380, 381, 382] -> 'Some of them also... now of course in the cosmolog...'
2025-11-13 17:24:04,395 [DEBUG] Merged segment 191: SRT entries [383] -> 'Okay....'
2025-11-13 17:24:04,395 [DEBUG] Merged segment 192: SRT entries [384, 385, 386, 387] -> 'So the very, very ancient Vegas who colonized Mars...'
2025-11-13 17:24:04,395 [DEBUG] Merged segment 193: SRT entries [388] -> 'I see....'
2025-11-13 17:24:04,395 [DEBUG] Merged segment 194: SRT entries [389] -> 'So is Vega sort of our elders?...'
2025-11-13 17:24:04,395 [DEBUG] Merged segment 195: SRT entries [390] -> 'Yes......'
2025-11-13 17:24:04,395 [DEBUG] Merged segment 196: SRT entries [391] -> 'In that sense?...'
2025-11-13 17:24:04,395 [DEBUG] Merged segment 197: SRT entries [392] -> 'Yes....'
2025-11-13 17:24:04,395 [DEBUG] Merged segment 198: SRT entries [393, 394, 395, 396, 397, 398, 399] -> 'What is most known in your galactic family is what...'
2025-11-13 17:24:04,395 [DEBUG] Merged segment 199: SRT entries [400, 401, 402] -> 'So the seeds of it on Earth most specifically you ...'
2025-11-13 17:24:04,395 [DEBUG] Merged segment 200: SRT entries [403] -> 'Oh, okay....'
2025-11-13 17:24:04,395 [DEBUG] Merged segment 201: SRT entries [404, 405] -> 'And various seeds around the world so it's quite p...'
2025-11-13 17:24:04,395 [DEBUG] Merged segment 202: SRT entries [406] -> 'And do... going back to the Sirians, did they...?...'
2025-11-13 17:24:04,395 [DEBUG] Merged segment 203: SRT entries [407] -> 'Were they around during the time of Atlantis?...'
2025-11-13 17:24:04,395 [DEBUG] Merged segment 204: SRT entries [408] -> 'The ones that stayed here on Earth?...'
2025-11-13 17:24:04,395 [DEBUG] Merged segment 205: SRT entries [409] -> 'Yes, they were....'
2025-11-13 17:24:04,395 [DEBUG] Merged segment 206: SRT entries [410] -> 'And so Atlantis... was Atlantis......'
2025-11-13 17:24:04,395 [DEBUG] Merged segment 207: SRT entries [411] -> 'I assume it was a mixed density bag of tricks?...'
2025-11-13 17:24:04,395 [DEBUG] Merged segment 208: SRT entries [412, 413, 414] -> 'Yes, mixed density bag and mixed density... Sorry,...'
2025-11-13 17:24:04,395 [DEBUG] Merged segment 209: SRT entries [415, 416] -> 'Okay, lots of things going on....'
2025-11-13 17:24:04,395 [DEBUG] Merged segment 210: SRT entries [417, 418, 419] -> 'Lots of things going on, and all of us, most of us...'
2025-11-13 17:24:04,395 [DEBUG] Merged segment 211: SRT entries [420] -> 'Yes......'
2025-11-13 17:24:04,395 [DEBUG] Merged segment 212: SRT entries [421] -> 'That we're working through that karma now?...'
2025-11-13 17:24:04,395 [DEBUG] Merged segment 213: SRT entries [422] -> 'Yes....'
2025-11-13 17:24:04,395 [DEBUG] Merged segment 214: SRT entries [423, 424, 425] -> 'And so the Sirians were there and they... and then...'
2025-11-13 17:24:04,395 [DEBUG] Merged segment 215: SRT entries [426] -> 'All sorts of things....'
2025-11-13 17:24:04,395 [DEBUG] Merged segment 216: SRT entries [427, 428] -> 'And if it happened in 3rd density reality did it a...'
2025-11-13 17:24:04,395 [DEBUG] Merged segment 217: SRT entries [429, 430, 431] -> 'If if there's mixed densities interacting with eac...'
2025-11-13 17:24:04,395 [DEBUG] Merged segment 218: SRT entries [432, 433] -> 'Ah, we see what you're asking. Well when we say "m...'
2025-11-13 17:24:04,395 [DEBUG] Merged segment 219: SRT entries [434] -> 'Okay...'
2025-11-13 17:24:04,395 [DEBUG] Merged segment 220: SRT entries [435, 436] -> 'Right now on Earth you have mixed densities, even ...'
2025-11-13 17:24:04,395 [DEBUG] Merged segment 221: SRT entries [437, 438, 439] -> 'Yeah no, we do, we have the, the low end of the 3r...'
2025-11-13 17:24:04,395 [DEBUG] Merged segment 222: SRT entries [440, 441, 442, 443] -> 'Exactly and even... and you have 5th density versi...'
2025-11-13 17:24:04,395 [DEBUG] Merged segment 223: SRT entries [444, 445, 446, 447, 448, 449] -> 'So in the Atlantean time, physically speaking you ...'
2025-11-13 17:24:04,395 [DEBUG] Merged segment 224: SRT entries [450, 451, 452, 453, 454, 455, 456] -> 'And lots of different dramas because everyone was ...'
2025-11-13 17:24:04,395 [DEBUG] Merged segment 225: SRT entries [457, 458] -> 'Because you could have, as a species, shifted at t...'
2025-11-13 17:24:04,395 [DEBUG] Merged segment 226: SRT entries [459, 460, 461, 462] -> 'So I was wondering in our native cultures, in the ...'
2025-11-13 17:24:04,395 [DEBUG] Merged segment 227: SRT entries [463, 464, 465] -> 'Native American Indians, Peruvian, Amazonian tribe...'
2025-11-13 17:24:04,395 [DEBUG] Merged segment 228: SRT entries [466] -> 'Yes....'
2025-11-13 17:24:04,395 [DEBUG] Merged segment 229: SRT entries [467, 468] -> 'Were those cultures, where those beings, at a high...'
2025-11-13 17:24:04,395 [DEBUG] Merged segment 230: SRT entries [469] -> 'Were they fourth density?...'
2025-11-13 17:24:04,395 [DEBUG] Merged segment 231: SRT entries [470] -> 'Well....'
2025-11-13 17:24:04,395 [DEBUG] Merged segment 232: SRT entries [471] -> 'Or were they still third?...'
2025-11-13 17:24:04,395 [DEBUG] Merged segment 233: SRT entries [472] -> 'It depends on the era....'
2025-11-13 17:24:04,395 [DEBUG] Merged segment 234: SRT entries [473] -> 'OK....'
2025-11-13 17:24:04,395 [DEBUG] Merged segment 235: SRT entries [474, 475, 476] -> 'Because civilizations have a tendency-- physical c...'
2025-11-13 17:24:04,395 [DEBUG] Merged segment 236: SRT entries [477] -> 'OK....'
2025-11-13 17:24:04,395 [DEBUG] Merged segment 237: SRT entries [478] -> 'Until the time is right for the shift....'
2025-11-13 17:24:04,395 [DEBUG] Merged segment 238: SRT entries [479] -> 'I see....'
2025-11-13 17:24:04,395 [DEBUG] Merged segment 239: SRT entries [480] -> 'OK....'
2025-11-13 17:24:04,395 [DEBUG] Merged segment 240: SRT entries [481, 482, 483, 484, 485] -> 'But you're going to find that with the indigenous ...'
2025-11-13 17:24:04,395 [DEBUG] Merged segment 241: SRT entries [486] -> 'Correct....'
2025-11-13 17:24:04,395 [DEBUG] Merged segment 242: SRT entries [487] -> 'And pyramids and practices and things such as that...'
2025-11-13 17:24:04,395 [DEBUG] Merged segment 243: SRT entries [488] -> 'Two main reasons for this....'
2025-11-13 17:24:04,395 [DEBUG] Merged segment 244: SRT entries [489] -> 'One is because of the ET influence, of course....'
2025-11-13 17:24:04,396 [DEBUG] Merged segment 245: SRT entries [490, 491, 492] -> 'Another is because a lot of those structures and p...'
2025-11-13 17:24:04,396 [DEBUG] Merged segment 246: SRT entries [493] -> 'OK....'
2025-11-13 17:24:04,396 [DEBUG] Merged segment 247: SRT entries [494, 495, 496] -> 'So that's why there is-- if you could really see t...'
2025-11-13 17:24:04,396 [DEBUG] Merged segment 248: SRT entries [497] -> 'Right, the linear--...'
2025-11-13 17:24:04,396 [DEBUG] Merged segment 249: SRT entries [498] -> 'And then, going all the way back to Vega....'
2025-11-13 17:24:04,396 [DEBUG] Merged segment 250: SRT entries [499] -> 'I see....'
2025-11-13 17:24:04,396 [DEBUG] Merged segment 251: SRT entries [500] -> 'So the Vegans, did they colonize Mars?...'
2025-11-13 17:24:04,396 [DEBUG] Merged segment 252: SRT entries [501] -> 'Yes....'
2025-11-13 17:24:04,396 [DEBUG] Merged segment 253: SRT entries [502] -> 'They colonized Mars very early on....'
2025-11-13 17:24:04,396 [DEBUG] Merged segment 254: SRT entries [503, 504] -> 'They colonized Mars well before the Earth was even...'
2025-11-13 17:24:04,396 [DEBUG] Merged segment 255: SRT entries [505] -> 'Oh, OK....'
2025-11-13 17:24:04,396 [DEBUG] Merged segment 256: SRT entries [506, 507, 508] -> 'And the destruction of Mars-- I've heard that ther...'
2025-11-13 17:24:04,396 [DEBUG] Merged segment 257: SRT entries [509, 510, 511] -> 'There was-- where-- or is that just because of the...'
2025-11-13 17:24:04,396 [DEBUG] Merged segment 258: SRT entries [512] -> 'Yes....'
2025-11-13 17:24:04,396 [DEBUG] Merged segment 259: SRT entries [513, 514, 515] -> 'Actually, we've given a session on this, but Germa...'
2025-11-13 17:24:04,396 [DEBUG] Merged segment 260: SRT entries [516, 517] -> 'However, what he has said is that there were a-- t...'
2025-11-13 17:24:04,396 [DEBUG] Merged segment 261: SRT entries [518, 519] -> 'Some were cataclysmic with asteroids and things su...'
2025-11-13 17:24:04,396 [DEBUG] Merged segment 262: SRT entries [520] -> 'Some were political....'
2025-11-13 17:24:04,396 [DEBUG] Merged segment 263: SRT entries [521] -> 'Some things-- so everything, a perfect storm, you ...'
2025-11-13 17:24:04,396 [DEBUG] Merged segment 264: SRT entries [522] -> 'I see....'
2025-11-13 17:24:04,396 [DEBUG] Merged segment 265: SRT entries [523, 524, 525] -> 'There's the idea or the talk of Maldek being a pla...'
2025-11-13 17:24:04,396 [DEBUG] Merged segment 266: SRT entries [526] -> 'Yes, yes....'
2025-11-13 17:24:04,396 [DEBUG] Merged segment 267: SRT entries [527] -> 'Similar history to Mars....'
2025-11-13 17:24:04,396 [DEBUG] Merged segment 268: SRT entries [528] -> 'OK....'
2025-11-13 17:24:04,396 [DEBUG] Merged segment 269: SRT entries [529, 530] -> 'I was going to say, did Mars come after the destru...'
2025-11-13 17:24:04,396 [DEBUG] Merged segment 270: SRT entries [531] -> 'It was parallel....'
2025-11-13 17:24:04,396 [DEBUG] Merged segment 271: SRT entries [532] -> 'Parallel, OK....'
2025-11-13 17:24:04,396 [DEBUG] Merged segment 272: SRT entries [533] -> 'Yes....'
2025-11-13 17:24:04,396 [DEBUG] Merged segment 273: SRT entries [534, 535] -> 'And then, our moon, did it come from the Maldek ci...'
2025-11-13 17:24:04,396 [DEBUG] Merged segment 274: SRT entries [536, 537] -> 'Or is that-- because I've heard different variatio...'
2025-11-13 17:24:04,396 [DEBUG] Merged segment 275: SRT entries [538, 539] -> 'It's not artificial, per se, but it's been, let's ...'
2025-11-13 17:24:04,396 [DEBUG] Merged segment 276: SRT entries [540] -> 'Terraformed....'
2025-11-13 17:24:04,396 [DEBUG] Merged segment 277: SRT entries [541] -> 'OK....'
2025-11-13 17:24:04,396 [DEBUG] Merged segment 278: SRT entries [542] -> 'Yes....'
2025-11-13 17:24:04,396 [DEBUG] Merged segment 279: SRT entries [543] -> 'Was it native to our planet?...'
2025-11-13 17:24:04,396 [DEBUG] Merged segment 280: SRT entries [544] -> 'Or was it sort of put there?...'
2025-11-13 17:24:04,396 [DEBUG] Merged segment 281: SRT entries [545] -> 'It was not native....'
2025-11-13 17:24:04,396 [DEBUG] Merged segment 282: SRT entries [546] -> 'Let's say, it was a wanderer....'
2025-11-13 17:24:04,396 [DEBUG] Merged segment 283: SRT entries [547] -> 'OK....'
2025-11-13 17:24:04,396 [DEBUG] Merged segment 284: SRT entries [548] -> 'A wanderer and it found its position....'
2025-11-13 17:24:04,396 [DEBUG] Merged segment 285: SRT entries [549] -> 'Yes....'
2025-11-13 17:24:04,396 [DEBUG] Merged segment 286: SRT entries [550] -> 'And it fixed....'
2025-11-13 17:24:04,396 [DEBUG] Merged segment 287: SRT entries [551] -> 'Yes....'
2025-11-13 17:24:04,396 [DEBUG] Merged segment 288: SRT entries [552] -> 'OK....'
2025-11-13 17:24:04,396 [DEBUG] Merged segment 289: SRT entries [553, 554] -> 'Was there-- so is it its own celestial being with ...'
2025-11-13 17:24:04,396 [DEBUG] Merged segment 290: SRT entries [555] -> 'Yes....'
2025-11-13 17:24:04,396 [DEBUG] Merged segment 291: SRT entries [556] -> 'Light?...'
2025-11-13 17:24:04,396 [DEBUG] Merged segment 292: SRT entries [557] -> 'Yes....'
2025-11-13 17:24:04,396 [DEBUG] Merged segment 293: SRT entries [558, 559] -> 'When we think of artificial, we think that there's...'
2025-11-13 17:24:04,396 [DEBUG] Merged segment 294: SRT entries [560] -> 'Yes....'
2025-11-13 17:24:04,396 [DEBUG] Merged segment 295: SRT entries [561] -> '--done to it....'
2025-11-13 17:24:04,396 [DEBUG] Merged segment 296: SRT entries [562] -> 'Yes....'
2025-11-13 17:24:04,396 [DEBUG] Merged segment 297: SRT entries [563, 564] -> 'But even that outside artificial manipulation, in ...'
2025-11-13 17:24:04,396 [DEBUG] Merged segment 298: SRT entries [565] -> 'Yes....'
2025-11-13 17:24:04,396 [DEBUG] Merged segment 299: SRT entries [566, 567] -> 'Like Earth right now, we're making genetically-mod...'
2025-11-13 17:24:04,396 [DEBUG] Merged segment 300: SRT entries [568] -> 'But it's still naturally artificial....'
2025-11-13 17:24:04,396 [DEBUG] Merged segment 301: SRT entries [569] -> '[LAUGHING]...'
2025-11-13 17:24:04,396 [DEBUG] Merged segment 302: SRT entries [570] -> 'There you go....'
2025-11-13 17:24:04,396 [DEBUG] Merged segment 303: SRT entries [571] -> 'Yes....'
2025-11-13 17:24:04,396 [DEBUG] Merged segment 304: SRT entries [572] -> 'It doesn't mean it's not harmful--...'
2025-11-13 17:24:04,396 [DEBUG] Merged segment 305: SRT entries [573] -> 'Right....'
2025-11-13 17:24:04,396 [DEBUG] Merged segment 306: SRT entries [574] -> '--necessarily....'
2025-11-13 17:24:04,396 [DEBUG] Merged segment 307: SRT entries [575] -> 'But, you know, it's the whole idea of what conscio...'
2025-11-13 17:24:04,396 [DEBUG] Merged segment 308: SRT entries [576, 577] -> 'Consciousness permeates everything, so can you eve...'
2025-11-13 17:24:04,396 [DEBUG] Merged segment 309: SRT entries [578] -> 'No....'
2025-11-13 17:24:04,397 [DEBUG] Merged segment 310: SRT entries [579] -> 'I see....'
2025-11-13 17:24:04,397 [DEBUG] Merged segment 311: SRT entries [580, 581] -> 'It's just a difference of whether it's dormant or ...'
2025-11-13 17:24:04,397 [DEBUG] Merged segment 312: SRT entries [582] -> 'Now, in terms of planets, however--...'
2025-11-13 17:24:04,397 [DEBUG] Merged segment 313: SRT entries [583] -> 'Yes....'
2025-11-13 17:24:04,397 [DEBUG] Merged segment 314: SRT entries [584, 585, 586] -> '--and especially suns, you're going to find that w...'
2025-11-13 17:24:04,397 [DEBUG] Merged segment 315: SRT entries [587] -> 'So this is why celestial bodies have consciousness...'
2025-11-13 17:24:04,397 [DEBUG] Merged segment 316: SRT entries [588, 589, 590, 591] -> 'Because the consciousness, literally the conscious...'
2025-11-13 17:24:04,397 [DEBUG] Merged segment 317: SRT entries [592, 593, 594] -> 'So-- and we're talking-- you know, we're not neces...'
2025-11-13 17:24:04,397 [DEBUG] Merged segment 318: SRT entries [595] -> 'Right....'
2025-11-13 17:24:04,397 [DEBUG] Merged segment 319: SRT entries [596, 597] -> 'We're talking more about a planetary body that eve...'
2025-11-13 17:24:04,397 [DEBUG] Merged segment 320: SRT entries [598, 599] -> 'That doesn't necessarily mean the size of the--...'
2025-11-13 17:24:04,397 [DEBUG] Merged segment 321: SRT entries [600] -> 'Yes it's not really dictated by size....'
2025-11-13 17:24:04,397 [DEBUG] Merged segment 322: SRT entries [601] -> 'OK....'
2025-11-13 17:24:04,397 [DEBUG] Merged segment 323: SRT entries [602, 603] -> 'Because gravity has much more to it than just the ...'
2025-11-13 17:24:04,397 [DEBUG] Merged segment 324: SRT entries [604] -> 'OK....'
2025-11-13 17:24:04,397 [DEBUG] Merged segment 325: SRT entries [605] -> 'OK....'
2025-11-13 17:24:04,397 [DEBUG] Merged segment 326: SRT entries [606] -> 'And--...'
2025-11-13 17:24:04,397 [DEBUG] Merged segment 327: SRT entries [607] -> 'More often than not, you'll see the correlation....'
2025-11-13 17:24:04,397 [DEBUG] Merged segment 328: SRT entries [608] -> 'OK....'
2025-11-13 17:24:04,397 [DEBUG] Merged segment 329: SRT entries [609] -> 'But it doesn't mean one is caused by the other....'
2025-11-13 17:24:04,397 [DEBUG] Merged segment 330: SRT entries [610] -> 'OK....'
2025-11-13 17:24:04,397 [DEBUG] Merged segment 331: SRT entries [611] -> 'That's what I thought....'
2025-11-13 17:24:04,397 [DEBUG] Merged segment 332: SRT entries [612, 613, 614] -> 'And in our sun's case, as you were saying, it's so...'
2025-11-13 17:24:04,397 [DEBUG] Merged segment 333: SRT entries [615, 616, 617] -> 'Now, if we were to move to another solar body gala...'
2025-11-13 17:24:04,397 [DEBUG] Merged segment 334: SRT entries [618] -> 'Would we no longer become human?...'
2025-11-13 17:24:04,397 [DEBUG] Merged segment 335: SRT entries [619, 620, 621] -> 'Would we become a new-- because now we're getting ...'
2025-11-13 17:24:04,397 [DEBUG] Merged segment 336: SRT entries [622] -> 'OK....'
2025-11-13 17:24:04,397 [DEBUG] Merged segment 337: SRT entries [623] -> 'So this is definitely hypothetical....'
2025-11-13 17:24:04,397 [DEBUG] Merged segment 338: SRT entries [624] -> 'Yes....'
2025-11-13 17:24:04,397 [DEBUG] Merged segment 339: SRT entries [625] -> 'Because at this point, humans cannot go and try ou...'
2025-11-13 17:24:04,397 [DEBUG] Merged segment 340: SRT entries [626] -> 'Sure....'
2025-11-13 17:24:04,397 [DEBUG] Merged segment 341: SRT entries [627] -> 'And try it out, yes....'
2025-11-13 17:24:04,397 [DEBUG] Merged segment 342: SRT entries [628, 629] -> 'And also because of the limitation of human consci...'
2025-11-13 17:24:04,397 [DEBUG] Merged segment 343: SRT entries [630, 631, 632] -> 'Because right now, human consciousness is tied to ...'
2025-11-13 17:24:04,397 [DEBUG] Merged segment 344: SRT entries [633, 634] -> 'And this is a metaphor-- a macrocosmic metaphor fo...'
2025-11-13 17:24:04,397 [DEBUG] Merged segment 345: SRT entries [635] -> 'OK....'
2025-11-13 17:24:04,397 [DEBUG] Merged segment 346: SRT entries [636] -> 'Because the ego is like a black hole....'
2025-11-13 17:24:04,397 [DEBUG] Merged segment 347: SRT entries [637] -> 'Same function, so to speak....'
2025-11-13 17:24:04,397 [DEBUG] Merged segment 348: SRT entries [638, 639, 640, 641, 642, 643] -> 'However, as you move into fourth density, deeper a...'
2025-11-13 17:24:04,397 [DEBUG] Merged segment 349: SRT entries [644, 645] -> 'So space travel becomes no longer traveling on the...'
2025-11-13 17:24:04,397 [DEBUG] Merged segment 350: SRT entries [646, 647] -> 'It, instead, becomes traveling through space or be...'
2025-11-13 17:24:04,397 [DEBUG] Merged segment 351: SRT entries [648, 649] -> 'So we had to lay that groundwork in order to answe...'
2025-11-13 17:24:04,397 [DEBUG] Merged segment 352: SRT entries [650] -> 'Sure....'
2025-11-13 17:24:04,397 [DEBUG] Merged segment 353: SRT entries [651] -> 'OK....'
2025-11-13 17:24:04,397 [DEBUG] Merged segment 354: SRT entries [652, 653, 654] -> 'Right now, if you were to be picked up and taken t...'
2025-11-13 17:24:04,397 [DEBUG] Merged segment 355: SRT entries [655] -> 'OK....'
2025-11-13 17:24:04,397 [DEBUG] Merged segment 356: SRT entries [656] -> 'OK....'
2025-11-13 17:24:04,397 [DEBUG] Merged segment 357: SRT entries [657, 658, 659, 660] -> 'But if you were more deeper into fourth density in...'
2025-11-13 17:24:04,397 [DEBUG] Merged segment 358: SRT entries [661] -> 'It would be easier....'
2025-11-13 17:24:04,397 [DEBUG] Merged segment 359: SRT entries [662, 663, 664, 665, 666] -> 'And is that-- going to the hybrid programs for the...'
2025-11-13 17:24:04,397 [DEBUG] Merged segment 360: SRT entries [667] -> 'Yes....'
2025-11-13 17:24:04,397 [DEBUG] Merged segment 361: SRT entries [668, 669] -> 'It's one of the reasons why hybridization is the b...'
2025-11-13 17:24:04,397 [DEBUG] Merged segment 362: SRT entries [670] -> 'I see....'
2025-11-13 17:24:04,397 [DEBUG] Merged segment 363: SRT entries [671, 672] -> 'Unless the circumstances are such that where you'r...'
2025-11-13 17:24:04,397 [DEBUG] Merged segment 364: SRT entries [673] -> 'Right....'
2025-11-13 17:24:04,397 [DEBUG] Merged segment 365: SRT entries [674, 675, 676, 677, 678] -> '--hybridization is much more appropriate, which is...'
2025-11-13 17:24:04,397 [DEBUG] Merged segment 366: SRT entries [679] -> 'Colonization was not a comfortable option....'
2025-11-13 17:24:04,397 [DEBUG] Merged segment 367: SRT entries [680] -> 'I see....'
2025-11-13 17:24:04,397 [DEBUG] Merged segment 368: SRT entries [681, 682, 683] -> 'So when we even-- what if it was within our solar ...'
2025-11-13 17:24:04,397 [DEBUG] Merged segment 369: SRT entries [684] -> 'Is that a--...'
2025-11-13 17:24:04,397 [DEBUG] Merged segment 370: SRT entries [685] -> 'It would be easier....'
2025-11-13 17:24:04,397 [DEBUG] Merged segment 371: SRT entries [686] -> 'However-- and again, we're speaking metaphorically...'
2025-11-13 17:24:04,398 [DEBUG] Merged segment 372: SRT entries [687, 688, 689, 690] -> 'This is basically-- we're going to make this simpl...'
2025-11-13 17:24:04,398 [DEBUG] Merged segment 373: SRT entries [691] -> 'Earth being solar plexus chakra....'
2025-11-13 17:24:04,398 [DEBUG] Merged segment 374: SRT entries [692, 693] -> 'Let's say, then, that you moved to another planet ...'
2025-11-13 17:24:04,398 [DEBUG] Merged segment 375: SRT entries [694, 695, 696] -> 'Basically, what you're going to experience is a si...'
2025-11-13 17:24:04,398 [DEBUG] Merged segment 376: SRT entries [697] -> 'I see....'
2025-11-13 17:24:04,398 [DEBUG] Merged segment 377: SRT entries [698] -> '--more or be activated more....'
2025-11-13 17:24:04,398 [DEBUG] Merged segment 378: SRT entries [699, 700] -> 'And that's the kind of the system-- the macrocosmi...'
2025-11-13 17:24:04,398 [DEBUG] Merged segment 379: SRT entries [701] -> 'I see....'
2025-11-13 17:24:04,398 [DEBUG] Merged segment 380: SRT entries [702, 703, 704, 705] -> 'And if we were to do that, we would need, probably...'
2025-11-13 17:24:04,398 [DEBUG] Merged segment 381: SRT entries [706] -> 'Yes....'
2025-11-13 17:24:04,398 [DEBUG] Merged segment 382: SRT entries [707, 708] -> '--either have to do it-- do the work ourselves or ...'
2025-11-13 17:24:04,398 [DEBUG] Merged segment 383: SRT entries [709, 710, 711] -> 'Yes, but, actually, we see that the most important...'
2025-11-13 17:24:04,398 [DEBUG] Merged segment 384: SRT entries [712] -> 'I see....'
2025-11-13 17:24:04,398 [DEBUG] Merged segment 385: SRT entries [713] -> 'To help--...'
2025-11-13 17:24:04,398 [DEBUG] Merged segment 386: SRT entries [714] -> 'To help....'
2025-11-13 17:24:04,398 [DEBUG] Merged segment 387: SRT entries [715] -> '--with--...'
2025-11-13 17:24:04,398 [DEBUG] Merged segment 388: SRT entries [716] -> 'Yep....'
2025-11-13 17:24:04,398 [DEBUG] Merged segment 389: SRT entries [717] -> '--explain more than what we physically know right ...'
2025-11-13 17:24:04,398 [DEBUG] Merged segment 390: SRT entries [718] -> 'Exactly....'
2025-11-13 17:24:04,398 [DEBUG] Merged segment 391: SRT entries [719] -> 'Because we only see such as a small sliver of what...'
2025-11-13 17:24:04,398 [DEBUG] Merged segment 392: SRT entries [720] -> 'Exactly....'
2025-11-13 17:24:04,398 [DEBUG] Merged segment 393: SRT entries [721] -> 'I See....'
2025-11-13 17:24:04,398 [DEBUG] Merged segment 394: SRT entries [722] -> 'Exactly....'
2025-11-13 17:24:04,398 [DEBUG] Merged segment 395: SRT entries [723] -> 'And that can help out with that....'
2025-11-13 17:24:04,398 [DEBUG] Merged segment 396: SRT entries [724] -> 'Yes....'
2025-11-13 17:24:04,398 [DEBUG] Merged segment 397: SRT entries [725, 726, 727, 728, 729] -> 'Now, you know, I've heard stories that humanity ha...'
2025-11-13 17:24:04,398 [DEBUG] Merged segment 398: SRT entries [730] -> 'Yes....'
2025-11-13 17:24:04,398 [DEBUG] Merged segment 399: SRT entries [731] -> 'And started doing this already....'
2025-11-13 17:24:04,398 [DEBUG] Merged segment 400: SRT entries [732] -> 'And a lot of this whistleblower stuff is coming ou...'
2025-11-13 17:24:04,398 [DEBUG] Merged segment 401: SRT entries [733] -> 'And we're sort of being made aware....'
2025-11-13 17:24:04,398 [DEBUG] Merged segment 402: SRT entries [734] -> 'And then, hopefully, we can join our own family ba...'
2025-11-13 17:24:04,398 [DEBUG] Merged segment 403: SRT entries [735, 736, 737] -> 'But they had-- I guess, they did have Draconian as...'
2025-11-13 17:24:04,398 [DEBUG] Merged segment 404: SRT entries [738] -> 'Is that-- am I correct in saying that?...'
2025-11-13 17:24:04,398 [DEBUG] Merged segment 405: SRT entries [739] -> 'Well, we're going to say there's truth and distort...'
2025-11-13 17:24:04,398 [DEBUG] Merged segment 406: SRT entries [740] -> 'OK....'
2025-11-13 17:24:04,398 [DEBUG] Merged segment 407: SRT entries [741] -> 'OK....'
2025-11-13 17:24:04,398 [DEBUG] Merged segment 408: SRT entries [742, 743, 744, 745] -> 'Now, when truth starts coming out, there is a whol...'
2025-11-13 17:24:04,398 [DEBUG] Merged segment 409: SRT entries [746] -> 'So there is also a lot of that....'
2025-11-13 17:24:04,398 [DEBUG] Merged segment 410: SRT entries [747, 748, 749] -> 'The researchers, themselves, having good intention...'
2025-11-13 17:24:04,398 [DEBUG] Merged segment 411: SRT entries [750] -> 'So the truth gets buried at another layer....'
2025-11-13 17:24:04,398 [DEBUG] Merged segment 412: SRT entries [751] -> 'Sure....'
2025-11-13 17:24:04,398 [DEBUG] Merged segment 413: SRT entries [752] -> 'So there is a lot of different things....'
2025-11-13 17:24:04,398 [DEBUG] Merged segment 414: SRT entries [753] -> 'This is why we don't talk so much about this stuff...'
2025-11-13 17:24:04,398 [DEBUG] Merged segment 415: SRT entries [754] -> 'It's also not our mission, so to speak....'
2025-11-13 17:24:04,398 [DEBUG] Merged segment 416: SRT entries [755] -> 'Sure, sure....'
2025-11-13 17:24:04,398 [DEBUG] Merged segment 417: SRT entries [756, 757] -> 'However, we can say, just very basically, yes, sec...'
2025-11-13 17:24:04,398 [DEBUG] Merged segment 418: SRT entries [758, 759, 760, 761] -> 'Yes, the powers that be, if you will, are quite aw...'
2025-11-13 17:24:04,398 [DEBUG] Merged segment 419: SRT entries [762] -> 'OK....'
2025-11-13 17:24:04,398 [DEBUG] Merged segment 420: SRT entries [763] -> 'Very good....'
2025-11-13 17:24:04,398 [DEBUG] Merged segment 421: SRT entries [764] -> 'We don't need to go into any more details....'
2025-11-13 17:24:04,398 [DEBUG] Merged segment 422: SRT entries [765] -> 'Yes....'
2025-11-13 17:24:04,398 [DEBUG] Merged segment 423: SRT entries [766] -> 'Not our forte....'
2025-11-13 17:24:04,398 [DEBUG] Merged segment 424: SRT entries [767] -> 'Not yet....'
2025-11-13 17:24:04,398 [DEBUG] Merged segment 425: SRT entries [768, 769] -> 'Not until-- it'll all develop in the way it's supp...'
2025-11-13 17:24:04,398 [DEBUG] Merged segment 426: SRT entries [770] -> 'Yes....'
2025-11-13 17:24:04,398 [DEBUG] Merged segment 427: SRT entries [771] -> 'The Japanese energy healing Reiki....'
2025-11-13 17:24:04,398 [DEBUG] Merged segment 428: SRT entries [772, 773] -> 'Lyssa told me the mountain to go to where I can fi...'
2025-11-13 17:24:04,398 [DEBUG] Merged segment 429: SRT entries [774, 775] -> 'But was that-- I think the founder even said it ca...'
2025-11-13 17:24:04,398 [DEBUG] Merged segment 430: SRT entries [776] -> 'Yes....'
2025-11-13 17:24:04,398 [DEBUG] Merged segment 431: SRT entries [777, 778] -> 'It was downloaded to him through this sort of cosm...'
2025-11-13 17:24:04,398 [DEBUG] Merged segment 432: SRT entries [779] -> 'Did that come from a specific star system or some ...'
2025-11-13 17:24:04,398 [DEBUG] Merged segment 433: SRT entries [780] -> 'Yes....'
2025-11-13 17:24:04,398 [DEBUG] Merged segment 434: SRT entries [781] -> 'Again, we very often use some of the star names as...'
2025-11-13 17:24:04,398 [DEBUG] Merged segment 435: SRT entries [782, 783] -> 'But we see that the-- well, the legends of Mount K...'
2025-11-13 17:24:04,398 [DEBUG] Merged segment 436: SRT entries [784] -> 'Yes....'
2025-11-13 17:24:04,398 [DEBUG] Merged segment 437: SRT entries [785, 786] -> '--which is the mountain we're talking about in Kyo...'
2025-11-13 17:24:04,399 [DEBUG] Merged segment 438: SRT entries [787] -> 'Beings from Venus--...'
2025-11-13 17:24:04,399 [DEBUG] Merged segment 439: SRT entries [788] -> 'OK....'
2025-11-13 17:24:04,399 [DEBUG] Merged segment 440: SRT entries [789, 790] -> '--originally, two million years ago, came to that ...'
2025-11-13 17:24:04,399 [DEBUG] Merged segment 441: SRT entries [791, 792] -> 'Now, the question then is, did the founder of Reik...'
2025-11-13 17:24:04,399 [DEBUG] Merged segment 442: SRT entries [793, 794] -> 'We would say that Venus, itself, is a portal throu...'
2025-11-13 17:24:04,399 [DEBUG] Merged segment 443: SRT entries [795, 796] -> 'We see the Reiki energy as being much more connect...'
2025-11-13 17:24:04,399 [DEBUG] Merged segment 444: SRT entries [797] -> 'Oh, OK....'
2025-11-13 17:24:04,399 [DEBUG] Merged segment 445: SRT entries [798, 799] -> 'It's very, very balanced and very powerful in its ...'
2025-11-13 17:24:04,399 [DEBUG] Merged segment 446: SRT entries [800] -> 'Mm-hmm....'
2025-11-13 17:24:04,399 [DEBUG] Merged segment 447: SRT entries [801, 802] -> 'And is that a representation, then, of Arcturus, i...'
2025-11-13 17:24:04,399 [DEBUG] Merged segment 448: SRT entries [803] -> 'Balance, simple....'
2025-11-13 17:24:04,399 [DEBUG] Merged segment 449: SRT entries [804] -> 'You have also termed it the angelic realm....'
2025-11-13 17:24:04,399 [DEBUG] Merged segment 450: SRT entries [805] -> 'Mm-hmm....'
2025-11-13 17:24:04,399 [DEBUG] Merged segment 451: SRT entries [806] -> 'It's a realm of--...'
2025-11-13 17:24:04,399 [DEBUG] Merged segment 452: SRT entries [807] -> 'OK, I see....'
2025-11-13 17:24:04,399 [DEBUG] Merged segment 453: SRT entries [808, 809] -> '--integration where mental, emotional, male, femal...'
2025-11-13 17:24:04,399 [DEBUG] Merged segment 454: SRT entries [810, 811] -> 'It is also an energy that is very easy for humans ...'
2025-11-13 17:24:04,399 [DEBUG] Merged segment 455: SRT entries [812] -> 'I've heard analogies....'
2025-11-13 17:24:04,399 [DEBUG] Merged segment 456: SRT entries [813] -> 'They're like the Jedis in Star Wars....'
2025-11-13 17:24:04,399 [DEBUG] Merged segment 457: SRT entries [814, 815] -> 'You know, the Arcturians, they're sort of always w...'
2025-11-13 17:24:04,399 [DEBUG] Merged segment 458: SRT entries [816] -> 'While, that's how they're seen....'
2025-11-13 17:24:04,399 [DEBUG] Merged segment 459: SRT entries [817] -> 'Yes. >> How they're perceived....'
2025-11-13 17:24:04,399 [DEBUG] Merged segment 460: SRT entries [818] -> 'How we perceive them as, sort of masters....'
2025-11-13 17:24:04,399 [DEBUG] Merged segment 461: SRT entries [819, 820] -> 'Because mostly they are sixth density, so they're ...'
2025-11-13 17:24:04,399 [DEBUG] Merged segment 462: SRT entries [821] -> 'Very masterful....'
2025-11-13 17:24:04,399 [DEBUG] Merged segment 463: SRT entries [822, 823, 824] -> 'And even, I've heard throughout our galaxy and uni...'
2025-11-13 17:24:04,399 [DEBUG] Merged segment 464: SRT entries [825] -> 'Yes....'
2025-11-13 17:24:04,399 [DEBUG] Merged segment 465: SRT entries [826, 827, 828] -> 'You know, and go to-- Sasha, have you been to Arct...'
2025-11-13 17:24:04,399 [DEBUG] Merged segment 466: SRT entries [829] -> 'Or--...'
2025-11-13 17:24:04,399 [DEBUG] Merged segment 467: SRT entries [830, 831] -> 'Well, in my time frame, the, you might say, high A...'
2025-11-13 17:24:04,399 [DEBUG] Merged segment 468: SRT entries [832] -> 'Oh....'
2025-11-13 17:24:04,399 [DEBUG] Merged segment 469: SRT entries [833] -> 'OK....'
2025-11-13 17:24:04,399 [DEBUG] Merged segment 470: SRT entries [834] -> 'Because they have gone into they're ascension proc...'
2025-11-13 17:24:04,399 [DEBUG] Merged segment 471: SRT entries [835] -> 'Oh, I see....'
2025-11-13 17:24:04,399 [DEBUG] Merged segment 472: SRT entries [836] -> 'OK....'
2025-11-13 17:24:04,399 [DEBUG] Merged segment 473: SRT entries [837, 838, 839] -> 'So when people are talking about that, they are ta...'
2025-11-13 17:24:04,399 [DEBUG] Merged segment 474: SRT entries [840] -> 'Sure....'
2025-11-13 17:24:04,399 [DEBUG] Merged segment 475: SRT entries [841] -> '--a past era--...'
2025-11-13 17:24:04,399 [DEBUG] Merged segment 476: SRT entries [842] -> 'Right....'
2025-11-13 17:24:04,399 [DEBUG] Merged segment 477: SRT entries [843] -> '--of the civilization....'
2025-11-13 17:24:04,399 [DEBUG] Merged segment 478: SRT entries [844] -> 'When there was a physical version to visit....'
2025-11-13 17:24:04,399 [DEBUG] Merged segment 479: SRT entries [845] -> 'Yes....'
2025-11-13 17:24:04,399 [DEBUG] Merged segment 480: SRT entries [846] -> 'I see....'
2025-11-13 17:24:04,399 [DEBUG] Merged segment 481: SRT entries [847, 848, 849, 850] -> 'I'm not sure if it was you who mentioned this, but...'
2025-11-13 17:24:04,399 [DEBUG] Merged segment 482: SRT entries [851] -> 'Yes....'
2025-11-13 17:24:04,399 [DEBUG] Merged segment 483: SRT entries [852] -> 'You know, and that was sort of their evolutionary ...'
2025-11-13 17:24:04,399 [DEBUG] Merged segment 484: SRT entries [853] -> 'Took them a while....'
2025-11-13 17:24:04,399 [DEBUG] Merged segment 485: SRT entries [854, 855] -> 'But through the mental body, they were actually ab...'
2025-11-13 17:24:04,399 [DEBUG] Merged segment 486: SRT entries [856] -> 'Yes....'
2025-11-13 17:24:04,399 [DEBUG] Merged segment 487: SRT entries [857] -> 'They took the back door....'
2025-11-13 17:24:04,399 [DEBUG] Merged segment 488: SRT entries [858] -> 'They took the back door....'
2025-11-13 17:24:04,399 [DEBUG] Merged segment 489: SRT entries [859] -> 'Which is fascinating....'
2025-11-13 17:24:04,399 [DEBUG] Merged segment 490: SRT entries [860, 861] -> 'And you know, I see so many similarities in humani...'
2025-11-13 17:24:04,399 [DEBUG] Merged segment 491: SRT entries [862] -> 'Yes....'
2025-11-13 17:24:04,399 [DEBUG] Merged segment 492: SRT entries [863, 864] -> 'And I was wondering-- I've been working a lot with...'
2025-11-13 17:24:04,399 [DEBUG] Merged segment 493: SRT entries [865, 866, 867, 868] -> 'And the chemical compound, which induces a psyched...'
2025-11-13 17:24:04,399 [DEBUG] Merged segment 494: SRT entries [869, 870, 871] -> 'And that's sort of resonated when I heard that dow...'
2025-11-13 17:24:04,399 [DEBUG] Merged segment 495: SRT entries [872] -> 'Yes....'
2025-11-13 17:24:04,399 [DEBUG] Merged segment 496: SRT entries [873, 874] -> 'It's similar to the work the Sirians did, but with...'
2025-11-13 17:24:04,399 [DEBUG] Merged segment 497: SRT entries [875, 876] -> 'With a booster-- so they-- the ayahuasca is the bo...'
2025-11-13 17:24:04,399 [DEBUG] Merged segment 498: SRT entries [877] -> 'The ayahuasca is the booster rocket....'
2025-11-13 17:24:04,399 [DEBUG] Merged segment 499: SRT entries [878] -> 'OK....'
2025-11-13 17:24:04,399 [DEBUG] Merged segment 500: SRT entries [879, 880] -> 'The Sirians, being that their lineage is Vegan, ar...'
2025-11-13 17:24:04,399 [DEBUG] Merged segment 501: SRT entries [881, 882] -> 'And they didn't-- for most of the time, didn't lik...'
2025-11-13 17:24:04,399 [DEBUG] Merged segment 502: SRT entries [883] -> 'Sure....'
2025-11-13 17:24:04,399 [DEBUG] Merged segment 503: SRT entries [884] -> '--so to speak....'
2025-11-13 17:24:04,399 [DEBUG] Merged segment 504: SRT entries [885] -> 'But humans like shortcuts sometimes....'
2025-11-13 17:24:04,399 [DEBUG] Merged segment 505: SRT entries [886] -> 'And we don't mean that in any way disrespectful....'
2025-11-13 17:24:04,400 [DEBUG] Merged segment 506: SRT entries [887] -> 'Right....'
2025-11-13 17:24:04,400 [DEBUG] Merged segment 507: SRT entries [888] -> 'But it's like a booster rocket for the same idea....'
2025-11-13 17:24:04,400 [DEBUG] Merged segment 508: SRT entries [889] -> 'I see....'
2025-11-13 17:24:04,400 [DEBUG] Merged segment 509: SRT entries [890] -> 'If it's used properly, of course....'
2025-11-13 17:24:04,400 [DEBUG] Merged segment 510: SRT entries [891] -> 'Right....'
2025-11-13 17:24:04,400 [DEBUG] Merged segment 511: SRT entries [892, 893, 894, 895, 896] -> 'And the energy of the ayahuasca spirit that the sh...'
2025-11-13 17:24:04,400 [DEBUG] Merged segment 512: SRT entries [897] -> 'Yes....'
2025-11-13 17:24:04,400 [DEBUG] Merged segment 513: SRT entries [898, 899] -> 'That being, I was wondering on a galactic scale-- ...'
2025-11-13 17:24:04,400 [DEBUG] Merged segment 514: SRT entries [900] -> 'Do they interact?...'
2025-11-13 17:24:04,400 [DEBUG] Merged segment 515: SRT entries [901, 902] -> 'And is that part of-- is that part of the Earth's ...'
2025-11-13 17:24:04,400 [DEBUG] Merged segment 516: SRT entries [903] -> 'It is part of the Earth's collective consciousness...'
2025-11-13 17:24:04,400 [DEBUG] Merged segment 517: SRT entries [904, 905] -> 'And it goes back to some of what we were talking a...'
2025-11-13 17:24:04,400 [DEBUG] Merged segment 518: SRT entries [906] -> 'OK....'
2025-11-13 17:24:04,400 [DEBUG] Merged segment 519: SRT entries [907, 908, 909, 910] -> 'And so from the point of view of an ET, such as my...'
2025-11-13 17:24:04,400 [DEBUG] Merged segment 520: SRT entries [911] -> 'I see....'
2025-11-13 17:24:04,400 [DEBUG] Merged segment 521: SRT entries [912] -> 'First and foremost....'
2025-11-13 17:24:04,400 [DEBUG] Merged segment 522: SRT entries [913, 914, 915] -> 'So you, as humans, are moving toward this as well,...'
2025-11-13 17:24:04,400 [DEBUG] Merged segment 523: SRT entries [916] -> 'And of course, once you do, everything changes....'
2025-11-13 17:24:04,400 [DEBUG] Merged segment 524: SRT entries [917] -> 'Oh, I already have....'
2025-11-13 17:24:04,400 [DEBUG] Merged segment 525: SRT entries [918] -> 'And tapping into that energy is-- it's so beautifu...'
2025-11-13 17:24:04,400 [DEBUG] Merged segment 526: SRT entries [919, 920, 921] -> 'And I'm working with the medicine and working with...'
2025-11-13 17:24:04,400 [DEBUG] Merged segment 527: SRT entries [922] -> 'Thousands of years....'
2025-11-13 17:24:04,400 [DEBUG] Merged segment 528: SRT entries [923] -> 'With or without the medicine....'
2025-11-13 17:24:04,400 [DEBUG] Merged segment 529: SRT entries [924] -> 'You know, the medicine is just a permission slip--...'
2025-11-13 17:24:04,400 [DEBUG] Merged segment 530: SRT entries [925] -> 'Exactly....'
2025-11-13 17:24:04,400 [DEBUG] Merged segment 531: SRT entries [926] -> '--to talk to this energy....'
2025-11-13 17:24:04,400 [DEBUG] Merged segment 532: SRT entries [927] -> 'But it's so beautiful....'
2025-11-13 17:24:04,400 [DEBUG] Merged segment 533: SRT entries [928, 929, 930, 931] -> 'And I'm just assuming that that collective energy ...'
2025-11-13 17:24:04,400 [DEBUG] Merged segment 534: SRT entries [932] -> 'Yes....'
2025-11-13 17:24:04,400 [DEBUG] Merged segment 535: SRT entries [933] -> '--on a greater galactic scale of--...'
2025-11-13 17:24:04,400 [DEBUG] Merged segment 536: SRT entries [934] -> 'Yes....'
2025-11-13 17:24:04,400 [DEBUG] Merged segment 537: SRT entries [935] -> 'We have to....'
2025-11-13 17:24:04,400 [DEBUG] Merged segment 538: SRT entries [936] -> 'We have to do it that way....'
2025-11-13 17:24:04,400 [DEBUG] Merged segment 539: SRT entries [937, 938] -> 'So with that-- would she be part of the Associatio...'
2025-11-13 17:24:04,400 [DEBUG] Merged segment 540: SRT entries [939] -> 'Yes....'
2025-11-13 17:24:04,400 [DEBUG] Merged segment 541: SRT entries [940] -> 'Yes....'
2025-11-13 17:24:04,400 [DEBUG] Merged segment 542: SRT entries [941] -> 'I see....'
2025-11-13 17:24:04,400 [DEBUG] Merged segment 543: SRT entries [942] -> 'Interesting....'
2025-11-13 17:24:04,400 [DEBUG] Merged segment 544: SRT entries [943] -> 'OK, well, thank you so much....'
2025-11-13 17:24:04,400 [DEBUG] Merged segment 545: SRT entries [944] -> 'Now that we hear the wheels going with that one....'
2025-11-13 17:24:04,400 [DEBUG] Merged segment 546: SRT entries [945] -> 'Oh, there's so more....'
2025-11-13 17:24:04,400 [DEBUG] Merged segment 547: SRT entries [946] -> 'I know I could go on forever....'
2025-11-13 17:24:04,400 [DEBUG] Merged segment 548: SRT entries [947] -> 'But I want to honor everybody's time....'
2025-11-13 17:24:04,400 [DEBUG] Merged segment 549: SRT entries [948] -> 'And we've got lots of great stuff to share here....'
2025-11-13 17:24:04,400 [DEBUG] Merged segment 550: SRT entries [949] -> 'So thank you so much for everything....'
2025-11-13 17:24:04,400 [DEBUG] Merged segment 551: SRT entries [950, 951] -> 'I'll leave it open just for one last thing, if Sas...'
2025-11-13 17:24:04,400 [DEBUG] Merged segment 552: SRT entries [952] -> 'I've heard that maybe--...'
2025-11-13 17:24:04,400 [DEBUG] Merged segment 553: SRT entries [953] -> 'My brother....'
2025-11-13 17:24:04,400 [DEBUG] Merged segment 554: SRT entries [954] -> 'Yes....'
2025-11-13 17:24:04,400 [DEBUG] Merged segment 555: SRT entries [955, 956] -> 'I heard that-- I heard that earlier....'
2025-11-13 17:24:04,400 [DEBUG] Merged segment 556: SRT entries [957] -> 'So--...'
2025-11-13 17:24:04,400 [DEBUG] Merged segment 557: SRT entries [958] -> 'There is another you in my time stream, my dear....'
2025-11-13 17:24:04,400 [DEBUG] Merged segment 558: SRT entries [959] -> 'And he is much more flamboyant than you....'
2025-11-13 17:24:04,400 [DEBUG] Merged segment 559: SRT entries [960] -> 'It's a he....'
2025-11-13 17:24:04,400 [DEBUG] Merged segment 560: SRT entries [961] -> 'Flamboyant?...'
2025-11-13 17:24:04,400 [DEBUG] Merged segment 561: SRT entries [962] -> 'Flamboyant, actually....'
2025-11-13 17:24:04,400 [DEBUG] Merged segment 562: SRT entries [963, 964] -> 'In a-- we don't-- maybe not what you're imagining....'
2025-11-13 17:24:04,400 [DEBUG] Merged segment 563: SRT entries [965] -> 'OK....'
2025-11-13 17:24:04,400 [DEBUG] Merged segment 564: SRT entries [966] -> 'He doesn't wear rainbow streamers or anything....'
2025-11-13 17:24:04,400 [DEBUG] Merged segment 565: SRT entries [967] -> 'OK....'
2025-11-13 17:24:04,400 [DEBUG] Merged segment 566: SRT entries [968, 969] -> 'But he's very excited and gregarious, even more th...'
2025-11-13 17:24:04,400 [DEBUG] Merged segment 567: SRT entries [970, 971, 972] -> 'And whenever he-- he's involved a lot in some of t...'
2025-11-13 17:24:04,400 [DEBUG] Merged segment 568: SRT entries [973] -> 'And whenever he is present, he, let's say, lighten...'
2025-11-13 17:24:04,400 [DEBUG] Merged segment 569: SRT entries [974] -> 'Not that it's ever a somber mood....'
2025-11-13 17:24:04,400 [DEBUG] Merged segment 570: SRT entries [975] -> 'Sure....'
2025-11-13 17:24:04,401 [DEBUG] Merged segment 571: SRT entries [976, 977] -> 'But it's always he's always a welcome invite to a ...'
2025-11-13 17:24:04,401 [DEBUG] Merged segment 572: SRT entries [978] -> 'Excellent, excellent....'
2025-11-13 17:24:04,401 [DEBUG] Merged segment 573: SRT entries [979] -> 'So just tap into that and see what you can get....'
2025-11-13 17:24:04,401 [DEBUG] Merged segment 574: SRT entries [980, 981] -> 'I would-- I always love parties....'
2025-11-13 17:24:04,401 [DEBUG] Merged segment 575: SRT entries [982] -> 'Excellent....'
2025-11-13 17:24:04,401 [DEBUG] Merged segment 576: SRT entries [983] -> 'And lightening the mood....'
2025-11-13 17:24:04,401 [DEBUG] Merged segment 577: SRT entries [984] -> 'So that's very much so....'
2025-11-13 17:24:04,401 [DEBUG] Merged segment 578: SRT entries [985] -> 'I resonate with that....'
2025-11-13 17:24:04,401 [DEBUG] Merged segment 579: SRT entries [986] -> 'Does he have a name?...'
2025-11-13 17:24:04,401 [DEBUG] Merged segment 580: SRT entries [987] -> 'Let's see....'
2025-11-13 17:24:04,401 [DEBUG] Merged segment 581: SRT entries [988, 989] -> 'Again, of course, it would have to be translated i...'
2025-11-13 17:24:04,401 [DEBUG] Merged segment 582: SRT entries [990] -> 'OK....'
2025-11-13 17:24:04,401 [DEBUG] Merged segment 583: SRT entries [991] -> 'No, of course....'
2025-11-13 17:24:04,401 [DEBUG] Merged segment 584: SRT entries [992] -> 'We are receiving Japanese....'
2025-11-13 17:24:04,401 [DEBUG] Merged segment 585: SRT entries [993] -> 'Oh....'
2025-11-13 17:24:04,401 [DEBUG] Merged segment 586: SRT entries [994] -> 'Or Japanese sound, at least....'
2025-11-13 17:24:04,401 [DEBUG] Merged segment 587: SRT entries [995] -> 'Sure....'
2025-11-13 17:24:04,401 [DEBUG] Merged segment 588: SRT entries [996] -> 'We have the first two syllables....'
2025-11-13 17:24:04,401 [DEBUG] Merged segment 589: SRT entries [997] -> 'Just a moment....'
2025-11-13 17:24:04,401 [DEBUG] Merged segment 590: SRT entries [998] -> 'HARUKI...'
2025-11-13 17:24:04,401 [DEBUG] Merged segment 591: SRT entries [999] -> 'Oh, very nice....'
2025-11-13 17:24:04,401 [DEBUG] Merged segment 592: SRT entries [1000] -> 'Nice to know....'
2025-11-13 17:24:04,401 [DEBUG] Merged segment 593: SRT entries [1001, 1002] -> 'Recognizing that that is not really his name, much...'
2025-11-13 17:24:04,401 [DEBUG] Merged segment 594: SRT entries [1003] -> 'Sure....'
2025-11-13 17:24:04,401 [DEBUG] Merged segment 595: SRT entries [1004] -> 'OK....'
2025-11-13 17:24:04,401 [DEBUG] Merged segment 596: SRT entries [1005] -> 'But energetically--...'
2025-11-13 17:24:04,401 [DEBUG] Merged segment 597: SRT entries [1006] -> 'Yes....'
2025-11-13 17:24:04,401 [DEBUG] Merged segment 598: SRT entries [1007] -> '--a close vibrational match....'
2025-11-13 17:24:04,401 [DEBUG] Merged segment 599: SRT entries [1008] -> 'Yes....'
2025-11-13 17:24:04,401 [DEBUG] Merged segment 600: SRT entries [1009] -> 'OK. >> Yes....'
2025-11-13 17:24:04,401 [DEBUG] Merged segment 601: SRT entries [1010] -> 'Well, thank you for the very stimulating conversat...'
2025-11-13 17:24:04,401 [DEBUG] Merged segment 602: SRT entries [1011] -> 'We have enjoyed it quite much....'
2025-11-13 17:24:04,401 [DEBUG] Merged segment 603: SRT entries [1012] -> 'And thank you, Ronald, also, for your energy....'
2025-11-13 17:24:04,401 [DEBUG] Merged segment 604: SRT entries [1013] -> 'Yes....'
2025-11-13 17:24:04,401 [DEBUG] Merged segment 605: SRT entries [1014] -> 'We can feel you over there....'
2025-11-13 17:24:04,401 [DEBUG] Merged segment 606: SRT entries [1015, 1016, 1017] -> 'And then, for now, we wish you much-- first of all...'
2025-11-13 17:24:04,401 [DEBUG] Merged segment 607: SRT entries [1018] -> 'Thank you....'
2025-11-13 17:24:04,401 [DEBUG] Merged segment 608: SRT entries [1019] -> 'Much luck....'
2025-11-13 17:24:04,401 [DEBUG] Merged segment 609: SRT entries [1020, 1021] -> '[MUSIC PLAYING] [LAUGHING]...'
2025-11-13 17:24:04,401 [DEBUG] Merged segment 610: SRT entries [1022] -> 'Holy crap....'
2025-11-13 17:24:04,401 [DEBUG] Merged segment 611: SRT entries [1023] -> 'How was that?...'
2025-11-13 17:24:04,401 [DEBUG] Merged segment 612: SRT entries [1024] -> 'Wow....'
2025-11-13 17:24:04,401 [DEBUG] Merged segment 613: SRT entries [1025] -> 'Yeah....'
2025-11-13 17:24:04,401 [DEBUG] Merged segment 614: SRT entries [1026] -> 'Time flew by....'
2025-11-13 17:24:04,401 [DEBUG] Merged segment 615: SRT entries [1027] -> 'It flew by....'
2025-11-13 17:24:04,401 [DEBUG] Merged segment 616: SRT entries [1028] -> 'Totally....'
2025-11-13 17:24:04,401 [DEBUG] Merged segment 617: SRT entries [1029] -> '[MUSIC PLAYING]...'
2025-11-13 17:24:04,401 [INFO] Merged 1029 segments into 617 final segments
2025-11-13 17:24:04,587 [INFO] Wrote 617 segments to data/S01-E20/main.yaml
2025-11-13 17:24:04,587 [INFO] Conversion completed successfully!
