2025-11-12 22:09:20,847 [INFO] Starting SRT to YAML conversion for episode S01-E01
2025-11-12 22:09:20,847 [INFO] SRT source resolved to: input/S01-E01/S01-E01.srt
2025-11-12 22:09:20,848 [INFO] Parsed 445 SRT entries from input/S01-E01/S01-E01.srt
2025-11-12 22:09:20,848 [DEBUG] Merged segment 1: SRT entries [1, 2] -> 'So I started channeling 20 years ago, it's crazy w...'
2025-11-12 22:09:20,848 [DEBUG] Merged segment 2: SRT entries [3, 4] -> 'And probably about eight or nine months after I st...'
2025-11-12 22:09:20,848 [DEBUG] Merged segment 3: SRT entries [5, 6, 7] -> 'I started getting information from this group call...'
2025-11-12 22:09:20,848 [DEBUG] Merged segment 4: SRT entries [8] -> 'They do not have physical form....'
2025-11-12 22:09:20,848 [DEBUG] Merged segment 5: SRT entries [9] -> 'They are beings of light and rather incarnating to...'
2025-11-12 22:09:20,848 [DEBUG] Merged segment 6: SRT entries [10] -> 'They actually align with a stellar body....'
2025-11-12 22:09:20,848 [DEBUG] Merged segment 7: SRT entries [11, 12] -> 'So they align with Alcyone the central sun and the...'
2025-11-12 22:09:20,848 [DEBUG] Merged segment 8: SRT entries [13, 14, 15] -> 'And they are a little different than the other bei...'
2025-11-12 22:09:20,848 [DEBUG] Merged segment 9: SRT entries [16] -> 'I work with beings from Lyra, from Sirius, and Zet...'
2025-11-12 22:09:20,848 [DEBUG] Merged segment 10: SRT entries [17, 18, 19, 20] -> 'Let's see,  Arcturians...so I do work with a numbe...'
2025-11-12 22:09:20,848 [DEBUG] Merged segment 11: SRT entries [21, 22, 23, 24] -> 'So you might notice that the energy shifts a littl...'
2025-11-12 22:09:20,848 [DEBUG] Merged segment 12: SRT entries [25] -> 'They have such heart-based energy....'
2025-11-12 22:09:20,848 [DEBUG] Merged segment 13: SRT entries [26, 27] -> 'And they're also a little different because they w...'
2025-11-12 22:09:20,848 [DEBUG] Merged segment 14: SRT entries [28] -> 'So that's why they're dialect is different than my...'
2025-11-12 22:09:20,848 [DEBUG] Merged segment 15: SRT entries [29] -> 'It's not any one particular dialect....'
2025-11-12 22:09:20,848 [DEBUG] Merged segment 16: SRT entries [30] -> 'It's just tones and sounds that resonate with you ...'
2025-11-12 22:09:20,848 [DEBUG] Merged segment 17: SRT entries [31, 32, 33, 34, 35] -> 'So over the course of the next several days, they'...'
2025-11-12 22:09:20,848 [DEBUG] Merged segment 18: SRT entries [36] -> 'Just help move the energy through the body....'
2025-11-12 22:09:20,848 [DEBUG] Merged segment 19: SRT entries [37, 38, 39, 40, 41, 42, 43, 44, 45] -> 'Ah yes hello dears. This is the 9th dimensional Pl...'
2025-11-12 22:09:20,848 [DEBUG] Merged segment 20: SRT entries [46, 47, 48, 49, 50, 51, 52, 53, 54] -> 'It makes life a lot easier for you because you are...'
2025-11-12 22:09:20,849 [DEBUG] Merged segment 21: SRT entries [55, 56] -> 'Also know that we are working with all of you ener...'
2025-11-12 22:09:20,849 [DEBUG] Merged segment 22: SRT entries [57] -> 'You don't need Wendy....'
2025-11-12 22:09:20,849 [DEBUG] Merged segment 23: SRT entries [58] -> 'All you have to do is put yourself in your heart c...'
2025-11-12 22:09:20,849 [DEBUG] Merged segment 24: SRT entries [59] -> 'Think of something that makes you smile....'
2025-11-12 22:09:20,849 [DEBUG] Merged segment 25: SRT entries [60, 61, 62] -> 'Ask for assistance and we will do our best to put ...'
2025-11-12 22:09:20,849 [DEBUG] Merged segment 26: SRT entries [63] -> 'We are helping you to elevate your frequency....'
2025-11-12 22:09:20,849 [DEBUG] Merged segment 27: SRT entries [64, 65, 66, 67] -> 'The one thing that we always do any time that we w...'
2025-11-12 22:09:20,849 [DEBUG] Merged segment 28: SRT entries [68, 69, 70, 71] -> 'We don't really talk about this a lot, but we help...'
2025-11-12 22:09:20,849 [DEBUG] Merged segment 29: SRT entries [72, 73, 74] -> 'So your own guides are here feeding us information...'
2025-11-12 22:09:20,849 [DEBUG] Merged segment 30: SRT entries [75, 76, 77, 78] -> 'So just know that your curiosity your fearlessness...'
2025-11-12 22:09:20,849 [DEBUG] Merged segment 31: SRT entries [79] -> 'So we'll go ahead and dive in and see where you'd ...'
2025-11-12 22:09:20,849 [DEBUG] Merged segment 32: SRT entries [80] -> 'How may we best be of service to you today?...'
2025-11-12 22:09:20,849 [DEBUG] Merged segment 33: SRT entries [81, 82] -> 'Ever wondered if their is intelligent life elsewhe...'
2025-11-12 22:09:20,849 [DEBUG] Merged segment 34: SRT entries [83] -> 'Well, I have....I've been wondering since I was a ...'
2025-11-12 22:09:20,849 [DEBUG] Merged segment 35: SRT entries [84, 85, 86] -> 'My name is Reuben Langdon And on March 29th, 2007 ...'
2025-11-12 22:09:20,849 [DEBUG] Merged segment 36: SRT entries [87, 88] -> 'Coincidentally, I was working on the film Avatar a...'
2025-11-12 22:09:20,849 [DEBUG] Merged segment 37: SRT entries [89] -> 'And ever since then I've been on a quest......'
2025-11-12 22:09:20,849 [DEBUG] Merged segment 38: SRT entries [90, 91] -> 'To find out if aliens really do exist and if so......'
2025-11-12 22:09:20,849 [DEBUG] Merged segment 39: SRT entries [92, 93] -> 'If beings of higher intelligence are here... ...wh...'
2025-11-12 22:09:20,849 [DEBUG] Merged segment 40: SRT entries [94] -> 'Why don't they make themselves more known?...'
2025-11-12 22:09:20,849 [DEBUG] Merged segment 41: SRT entries [95] -> 'Why the secrecy?...'
2025-11-12 22:09:20,849 [DEBUG] Merged segment 42: SRT entries [96, 97] -> 'I've asked these questions to many experts, Yet, e...'
2025-11-12 22:09:20,849 [DEBUG] Merged segment 43: SRT entries [98, 99] -> 'So I thought to myself, why not ask the aliens dir...'
2025-11-12 22:09:20,849 [DEBUG] Merged segment 44: SRT entries [100] -> 'So that's what I've set out to do!...'
2025-11-12 22:09:20,849 [DEBUG] Merged segment 45: SRT entries [101] -> 'Well, sort of......'
2025-11-12 22:09:20,849 [DEBUG] Merged segment 46: SRT entries [102] -> 'So Wendy, welcome....'
2025-11-12 22:09:20,849 [DEBUG] Merged segment 47: SRT entries [103] -> 'Thank you--...'
2025-11-12 22:09:20,849 [DEBUG] Merged segment 48: SRT entries [104] -> 'Thank you for--...'
2025-11-12 22:09:20,849 [DEBUG] Merged segment 49: SRT entries [105] -> '--for having me....'
2025-11-12 22:09:20,849 [DEBUG] Merged segment 50: SRT entries [106] -> '--being here and uh....'
2025-11-12 22:09:20,849 [DEBUG] Merged segment 51: SRT entries [107, 108, 109] -> 'Can you tell us, can you tell me, and tell us, I g...'
2025-11-12 22:09:20,849 [DEBUG] Merged segment 52: SRT entries [110, 111] -> 'And how did you come into contact with the beings ...'
2025-11-12 22:09:20,849 [DEBUG] Merged segment 53: SRT entries [112] -> 'Oh, gosh....'
2025-11-12 22:09:20,849 [DEBUG] Merged segment 54: SRT entries [113] -> 'OK....'
2025-11-12 22:09:20,849 [DEBUG] Merged segment 55: SRT entries [114] -> 'So, yeah, I think a couple different things there....'
2025-11-12 22:09:20,849 [DEBUG] Merged segment 56: SRT entries [115] -> 'So it was around 1994 and I started having some vi...'
2025-11-12 22:09:20,849 [DEBUG] Merged segment 57: SRT entries [116] -> 'And I didn't really know what they were....'
2025-11-12 22:09:20,849 [DEBUG] Merged segment 58: SRT entries [117, 118] -> 'They weren't the happiest of visions, but I wasn't...'
2025-11-12 22:09:20,849 [DEBUG] Merged segment 59: SRT entries [119, 120, 121] -> 'And so I started doing some research for that to s...'
2025-11-12 22:09:20,849 [DEBUG] Merged segment 60: SRT entries [122, 123, 124] -> 'And so as I started that research to find out more...'
2025-11-12 22:09:20,849 [DEBUG] Merged segment 61: SRT entries [125] -> 'And I didn't know what it was....'
2025-11-12 22:09:20,849 [DEBUG] Merged segment 62: SRT entries [126] -> 'I didn't know anybody who did it....'
2025-11-12 22:09:20,849 [DEBUG] Merged segment 63: SRT entries [127, 128] -> 'But I just knew it was something that I was suppos...'
2025-11-12 22:09:20,849 [DEBUG] Merged segment 64: SRT entries [129] -> 'And so--...'
2025-11-12 22:09:20,849 [DEBUG] Merged segment 65: SRT entries [130, 131] -> 'When you came across it, you came across it as you...'
2025-11-12 22:09:20,849 [DEBUG] Merged segment 66: SRT entries [132] -> 'No....'
2025-11-12 22:09:20,849 [DEBUG] Merged segment 67: SRT entries [133] -> 'I came across it in books....'
2025-11-12 22:09:20,849 [DEBUG] Merged segment 68: SRT entries [134] -> 'Oh, OK....'
2025-11-12 22:09:20,849 [DEBUG] Merged segment 69: SRT entries [135, 136] -> 'And there wasn't a lot of channel material out the...'
2025-11-12 22:09:20,849 [DEBUG] Merged segment 70: SRT entries [137, 138] -> 'There was the Seth material and Sanaya Roman had s...'
2025-11-12 22:09:20,849 [DEBUG] Merged segment 71: SRT entries [139] -> 'But really, there wasn't a whole lot....'
2025-11-12 22:09:20,849 [DEBUG] Merged segment 72: SRT entries [140] -> 'And it was very familiar....'
2025-11-12 22:09:20,849 [DEBUG] Merged segment 73: SRT entries [141] -> 'And I just knew it was something I was supposed to...'
2025-11-12 22:09:20,849 [DEBUG] Merged segment 74: SRT entries [142, 143, 144] -> 'So I found some books and I started doing some of ...'
2025-11-12 22:09:20,849 [DEBUG] Merged segment 75: SRT entries [145, 146] -> 'And I was trying to channel verbally, but it wasn'...'
2025-11-12 22:09:20,849 [DEBUG] Merged segment 76: SRT entries [147, 148, 149] -> 'I was having really visceral experiences, like my ...'
2025-11-12 22:09:20,849 [DEBUG] Merged segment 77: SRT entries [150] -> 'But I couldn't form the words....'
2025-11-12 22:09:20,849 [DEBUG] Merged segment 78: SRT entries [151] -> 'I couldn't get the words out....'
2025-11-12 22:09:20,849 [DEBUG] Merged segment 79: SRT entries [152] -> 'And so I'd put it aside and then I'd come back to ...'
2025-11-12 22:09:20,849 [DEBUG] Merged segment 80: SRT entries [153] -> 'And in the interim, I did a lot of work on myself....'
2025-11-12 22:09:20,849 [DEBUG] Merged segment 81: SRT entries [154] -> 'I studied meditation and did a lot of inner work....'
2025-11-12 22:09:20,849 [DEBUG] Merged segment 82: SRT entries [155] -> 'And then I'd come back to it periodically....'
2025-11-12 22:09:20,849 [DEBUG] Merged segment 83: SRT entries [156] -> 'And I'd have kind of the same experience....'
2025-11-12 22:09:20,850 [DEBUG] Merged segment 84: SRT entries [157, 158] -> 'And then one day, I knew I was supposed to sit dow...'
2025-11-12 22:09:20,850 [DEBUG] Merged segment 85: SRT entries [159] -> 'OK....'
2025-11-12 22:09:20,850 [DEBUG] Merged segment 86: SRT entries [160] -> '--and I started doing automatic writing....'
2025-11-12 22:09:20,850 [DEBUG] Merged segment 87: SRT entries [161] -> 'Excellent....'
2025-11-12 22:09:20,850 [DEBUG] Merged segment 88: SRT entries [162, 163, 164] -> 'And that I did-- well, for the first two years, I ...'
2025-11-12 22:09:20,850 [DEBUG] Merged segment 89: SRT entries [165, 166] -> 'And about nine months or so into it, it was becomi...'
2025-11-12 22:09:20,850 [DEBUG] Merged segment 90: SRT entries [167, 168, 169] -> 'And so I put down the pen and then just started to...'
2025-11-12 22:09:20,850 [DEBUG] Merged segment 91: SRT entries [170, 171] -> 'And I still use automatic writing today because it...'
2025-11-12 22:09:20,850 [DEBUG] Merged segment 92: SRT entries [172] -> 'It's a bit like a lucid dream for me....'
2025-11-12 22:09:20,850 [DEBUG] Merged segment 93: SRT entries [173] -> 'So at least I have the written notes....'
2025-11-12 22:09:20,850 [DEBUG] Merged segment 94: SRT entries [174] -> 'And I can go back to it....'
2025-11-12 22:09:20,850 [DEBUG] Merged segment 95: SRT entries [175] -> 'But about nine months in, that's when the Pleiadia...'
2025-11-12 22:09:20,850 [DEBUG] Merged segment 96: SRT entries [176] -> 'Interesting....'
2025-11-12 22:09:20,850 [DEBUG] Merged segment 97: SRT entries [177, 178] -> 'And they were waiting for me to channel verbally b...'
2025-11-12 22:09:20,850 [DEBUG] Merged segment 98: SRT entries [179] -> 'OK....'
2025-11-12 22:09:20,850 [DEBUG] Merged segment 99: SRT entries [180, 181, 182] -> 'And a lot of people will ask me where I'm from whe...'
2025-11-12 22:09:20,850 [DEBUG] Merged segment 100: SRT entries [183, 184] -> 'And then they started working with new tones and t...'
2025-11-12 22:09:20,850 [DEBUG] Merged segment 101: SRT entries [185] -> 'And it's not any one dialect....'
2025-11-12 22:09:20,850 [DEBUG] Merged segment 102: SRT entries [186] -> 'Right....'
2025-11-12 22:09:20,850 [DEBUG] Merged segment 103: SRT entries [187, 188] -> 'It's just tones and sounds that resonate with you ...'
2025-11-12 22:09:20,850 [DEBUG] Merged segment 104: SRT entries [189, 190, 191] -> 'And it was really interesting for me because when ...'
2025-11-12 22:09:20,850 [DEBUG] Merged segment 105: SRT entries [192] -> 'Oh, wow....'
2025-11-12 22:09:20,850 [DEBUG] Merged segment 106: SRT entries [193] -> 'And I was like, OK, can we tone it back just a bit...'
2025-11-12 22:09:20,850 [DEBUG] Merged segment 107: SRT entries [194] -> 'Right....'
2025-11-12 22:09:20,850 [DEBUG] Merged segment 108: SRT entries [195] -> 'Tone it, no pun intended....'
2025-11-12 22:09:20,850 [DEBUG] Merged segment 109: SRT entries [196] -> 'But it really affects us vibrationally....'
2025-11-12 22:09:20,850 [DEBUG] Merged segment 110: SRT entries [197] -> 'And I could tell that there was a big difference....'
2025-11-12 22:09:20,850 [DEBUG] Merged segment 111: SRT entries [198] -> 'So we get a healing when we work with them....'
2025-11-12 22:09:20,850 [DEBUG] Merged segment 112: SRT entries [199, 200] -> 'Not only do we receive the information, but the to...'
2025-11-12 22:09:20,850 [DEBUG] Merged segment 113: SRT entries [201] -> 'OK....'
2025-11-12 22:09:20,850 [DEBUG] Merged segment 114: SRT entries [202] -> '--and create more balance and harmony in the body....'
2025-11-12 22:09:20,850 [DEBUG] Merged segment 115: SRT entries [203] -> 'And how did I first meet them?...'
2025-11-12 22:09:20,850 [DEBUG] Merged segment 116: SRT entries [204] -> 'I think I've been working with them all along....'
2025-11-12 22:09:20,850 [DEBUG] Merged segment 117: SRT entries [205] -> 'OK....'
2025-11-12 22:09:20,850 [DEBUG] Merged segment 118: SRT entries [206, 207] -> 'And I know that there's an aspect of me that is pa...'
2025-11-12 22:09:20,850 [DEBUG] Merged segment 119: SRT entries [208] -> 'There are about 2,500 beings in the group....'
2025-11-12 22:09:20,850 [DEBUG] Merged segment 120: SRT entries [209] -> 'And there is an aspect of me that is a part of tha...'
2025-11-12 22:09:20,850 [DEBUG] Merged segment 121: SRT entries [210] -> 'And they're in the ninth dimension....'
2025-11-12 22:09:20,850 [DEBUG] Merged segment 122: SRT entries [211] -> 'And they don't have physical form, they're beings ...'
2025-11-12 22:09:20,850 [DEBUG] Merged segment 123: SRT entries [212, 213] -> 'And they align with Alcyone, which is the central ...'
2025-11-12 22:09:20,850 [DEBUG] Merged segment 124: SRT entries [214, 215, 216] -> 'And because they don't have physical bodies, they ...'
2025-11-12 22:09:20,850 [DEBUG] Merged segment 125: SRT entries [217, 218, 219, 220, 221] -> 'And they're here to help us with records, and info...'
2025-11-12 22:09:20,850 [DEBUG] Merged segment 126: SRT entries [222, 223] -> 'And there's another role that we're about to step ...'
2025-11-12 22:09:20,850 [DEBUG] Merged segment 127: SRT entries [224, 225] -> 'Well, so you mentioned earlier that you formulated...'
2025-11-12 22:09:20,850 [DEBUG] Merged segment 128: SRT entries [226] -> 'Were the questions also being channeled?...'
2025-11-12 22:09:20,850 [DEBUG] Merged segment 129: SRT entries [227] -> 'No....'
2025-11-12 22:09:20,850 [DEBUG] Merged segment 130: SRT entries [228] -> 'They were things that I wanted to know about--...'
2025-11-12 22:09:20,850 [DEBUG] Merged segment 131: SRT entries [229] -> 'OK. Got you....'
2025-11-12 22:09:20,850 [DEBUG] Merged segment 132: SRT entries [230] -> '--problems I was having in my life....'
2025-11-12 22:09:20,850 [DEBUG] Merged segment 133: SRT entries [231, 232] -> 'And I think, early on, everybody has the same coup...'
2025-11-12 22:09:20,850 [DEBUG] Merged segment 134: SRT entries [233] -> 'Tell me about love....'
2025-11-12 22:09:20,850 [DEBUG] Merged segment 135: SRT entries [234] -> 'Tell me about money....'
2025-11-12 22:09:20,850 [DEBUG] Merged segment 136: SRT entries [235] -> 'Tell me about career....'
2025-11-12 22:09:20,850 [DEBUG] Merged segment 137: SRT entries [236] -> 'Right....'
2025-11-12 22:09:20,850 [DEBUG] Merged segment 138: SRT entries [237] -> 'And then it evolves from there....'
2025-11-12 22:09:20,850 [DEBUG] Merged segment 139: SRT entries [238] -> 'But they started helping me with my own stuff....'
2025-11-12 22:09:20,850 [DEBUG] Merged segment 140: SRT entries [239, 240] -> 'And that's kind of like the carrot to get us to ke...'
2025-11-12 22:09:20,850 [DEBUG] Merged segment 141: SRT entries [241, 242] -> 'And that's also one of the hardest things, I think...'
2025-11-12 22:09:20,850 [DEBUG] Merged segment 142: SRT entries [243] -> 'We've forgotten how to formulate questions....'
2025-11-12 22:09:20,850 [DEBUG] Merged segment 143: SRT entries [244, 245, 246] -> 'We've forgotten how to be curious, how to ask, bec...'
2025-11-12 22:09:20,850 [DEBUG] Merged segment 144: SRT entries [247] -> 'Yeah....'
2025-11-12 22:09:20,850 [DEBUG] Merged segment 145: SRT entries [248, 249] -> 'So that's a big step in working with them is formu...'
2025-11-12 22:09:20,850 [DEBUG] Merged segment 146: SRT entries [250] -> 'Because if you don't ask, you don't get....'
2025-11-12 22:09:20,850 [DEBUG] Merged segment 147: SRT entries [251] -> 'Right....'
2025-11-12 22:09:20,850 [DEBUG] Merged segment 148: SRT entries [252] -> 'And it's one of those tricky things....'
2025-11-12 22:09:20,850 [DEBUG] Merged segment 149: SRT entries [253, 254] -> 'It's like, well, I don't know what I don't know un...'
2025-11-12 22:09:20,850 [DEBUG] Merged segment 150: SRT entries [255] -> 'Right....'
2025-11-12 22:09:20,850 [DEBUG] Merged segment 151: SRT entries [256] -> 'Yeah....'
2025-11-12 22:09:20,851 [DEBUG] Merged segment 152: SRT entries [257] -> 'So where do I want to start?...'
2025-11-12 22:09:20,851 [DEBUG] Merged segment 153: SRT entries [258] -> 'What questions do I want to ask?...'
2025-11-12 22:09:20,851 [DEBUG] Merged segment 154: SRT entries [259, 260, 261] -> 'And what do I want to know more about, especially ...'
2025-11-12 22:09:20,851 [DEBUG] Merged segment 155: SRT entries [262] -> 'Sure....'
2025-11-12 22:09:20,851 [DEBUG] Merged segment 156: SRT entries [263, 264] -> '--because that can't be revealed until you're read...'
2025-11-12 22:09:20,851 [DEBUG] Merged segment 157: SRT entries [265, 266, 267] -> 'And once you formulate the question, that's kind o...'
2025-11-12 22:09:20,851 [DEBUG] Merged segment 158: SRT entries [268] -> 'Excellent....'
2025-11-12 22:09:20,851 [DEBUG] Merged segment 159: SRT entries [269] -> 'Well, that's what we want to get into today....'
2025-11-12 22:09:20,851 [DEBUG] Merged segment 160: SRT entries [270, 271] -> 'We have lots of questions about the universal hist...'
2025-11-12 22:09:20,851 [DEBUG] Merged segment 161: SRT entries [272, 273] -> 'So right quick, before we introduce the Pleiadians...'
2025-11-12 22:09:20,851 [DEBUG] Merged segment 162: SRT entries [274] -> 'I mean, have you seen these lights?...'
2025-11-12 22:09:20,851 [DEBUG] Merged segment 163: SRT entries [275] -> 'Have you had experiences in that level?...'
2025-11-12 22:09:20,851 [DEBUG] Merged segment 164: SRT entries [276, 277] -> 'With them, my strength is as a clairsentient, so I...'
2025-11-12 22:09:20,851 [DEBUG] Merged segment 165: SRT entries [278, 279, 280] -> 'I occasionally will see things, as a clairvoyant, ...'
2025-11-12 22:09:20,851 [DEBUG] Merged segment 166: SRT entries [281, 282] -> 'More of what I see in the clairvoyant sense is wit...'
2025-11-12 22:09:20,851 [DEBUG] Merged segment 167: SRT entries [283] -> 'OK....'
2025-11-12 22:09:20,851 [DEBUG] Merged segment 168: SRT entries [284] -> 'So like eyes closed and just--...'
2025-11-12 22:09:20,851 [DEBUG] Merged segment 169: SRT entries [285] -> 'Yeah, what I would see in my mind's eye....'
2025-11-12 22:09:20,851 [DEBUG] Merged segment 170: SRT entries [286] -> 'OK....'
2025-11-12 22:09:20,851 [DEBUG] Merged segment 171: SRT entries [287, 288] -> 'So when I do see them, they're usually blue, blue ...'
2025-11-12 22:09:20,851 [DEBUG] Merged segment 172: SRT entries [289] -> 'Sometimes they have geometric forms....'
2025-11-12 22:09:20,851 [DEBUG] Merged segment 173: SRT entries [290] -> 'Sometimes triangles....'
2025-11-12 22:09:20,851 [DEBUG] Merged segment 174: SRT entries [291] -> 'Hmm....'
2025-11-12 22:09:20,851 [DEBUG] Merged segment 175: SRT entries [292, 293, 294] -> 'And so let me clarify, so you can see the geometri...'
2025-11-12 22:09:20,851 [DEBUG] Merged segment 176: SRT entries [295] -> 'How could you describe it?...'
2025-11-12 22:09:20,851 [DEBUG] Merged segment 177: SRT entries [296] -> 'I feel a frequency....'
2025-11-12 22:09:20,851 [DEBUG] Merged segment 178: SRT entries [297] -> 'OK....'
2025-11-12 22:09:20,851 [DEBUG] Merged segment 179: SRT entries [298] -> 'And yet, you could say it's like a human presence....'
2025-11-12 22:09:20,851 [DEBUG] Merged segment 180: SRT entries [299] -> 'OK....'
2025-11-12 22:09:20,851 [DEBUG] Merged segment 181: SRT entries [300] -> 'It's like, well, let's see, how can I--...'
2025-11-12 22:09:20,851 [DEBUG] Merged segment 182: SRT entries [301] -> 'Like I know my cameraman here is standing here....'
2025-11-12 22:09:20,851 [DEBUG] Merged segment 183: SRT entries [302] -> 'Is that--...'
2025-11-12 22:09:20,851 [DEBUG] Merged segment 184: SRT entries [303] -> 'Yes....'
2025-11-12 22:09:20,851 [DEBUG] Merged segment 185: SRT entries [304] -> 'Is that a good analogy?...'
2025-11-12 22:09:20,851 [DEBUG] Merged segment 186: SRT entries [305] -> 'So you know what his energy feels like....'
2025-11-12 22:09:20,851 [DEBUG] Merged segment 187: SRT entries [306] -> 'Right....'
2025-11-12 22:09:20,851 [DEBUG] Merged segment 188: SRT entries [307, 308] -> 'And you wouldn't necessarily have to turn around j...'
2025-11-12 22:09:20,851 [DEBUG] Merged segment 189: SRT entries [309] -> 'Sure....'
2025-11-12 22:09:20,851 [DEBUG] Merged segment 190: SRT entries [310] -> '--behind you....'
2025-11-12 22:09:20,851 [DEBUG] Merged segment 191: SRT entries [311, 312] -> 'And they often describe it as it's like hearing so...'
2025-11-12 22:09:20,851 [DEBUG] Merged segment 192: SRT entries [313, 314, 315] -> 'After a while, once you begin to know what that pe...'
2025-11-12 22:09:20,851 [DEBUG] Merged segment 193: SRT entries [316] -> 'Of the footsteps....'
2025-11-12 22:09:20,851 [DEBUG] Merged segment 194: SRT entries [317] -> '--the footsteps,...'
2025-11-12 22:09:20,851 [DEBUG] Merged segment 195: SRT entries [318] -> 'Interesting....'
2025-11-12 22:09:20,851 [DEBUG] Merged segment 196: SRT entries [319] -> '--what the gait's like....'
2025-11-12 22:09:20,851 [DEBUG] Merged segment 197: SRT entries [320] -> 'So it's kind of the same thing with them....'
2025-11-12 22:09:20,851 [DEBUG] Merged segment 198: SRT entries [321] -> 'I know it's them when they show up....'
2025-11-12 22:09:20,851 [DEBUG] Merged segment 199: SRT entries [322] -> 'Sometimes they show up with other people....'
2025-11-12 22:09:20,851 [DEBUG] Merged segment 200: SRT entries [323, 324, 325] -> 'And I can feel them, but I know that they brought ...'
2025-11-12 22:09:20,851 [DEBUG] Merged segment 201: SRT entries [326, 327] -> 'And sometimes they're making an introduction, so t...'
2025-11-12 22:09:20,851 [DEBUG] Merged segment 202: SRT entries [328, 329] -> 'And so when we say people, we're talking about oth...'
2025-11-12 22:09:20,851 [DEBUG] Merged segment 203: SRT entries [330] -> 'Sometimes they're light beings....'
2025-11-12 22:09:20,851 [DEBUG] Merged segment 204: SRT entries [331] -> 'Sometimes they're physical....'
2025-11-12 22:09:20,851 [DEBUG] Merged segment 205: SRT entries [332, 333] -> 'Sometimes they're fifth dimensional, sixth dimensi...'
2025-11-12 22:09:20,851 [DEBUG] Merged segment 206: SRT entries [334] -> 'And they do have bodies....'
2025-11-12 22:09:20,851 [DEBUG] Merged segment 207: SRT entries [335] -> 'They're not as dense as ours, but they do have phy...'
2025-11-12 22:09:20,851 [DEBUG] Merged segment 208: SRT entries [336] -> 'OK....'
2025-11-12 22:09:20,851 [DEBUG] Merged segment 209: SRT entries [337] -> 'And I do work with a variety of beings....'
2025-11-12 22:09:20,851 [DEBUG] Merged segment 210: SRT entries [338] -> 'The Sirians that I work with, they're physicals....'
2025-11-12 22:09:20,851 [DEBUG] Merged segment 211: SRT entries [339] -> 'They're fifth dimensional....'
2025-11-12 22:09:20,851 [DEBUG] Merged segment 212: SRT entries [340, 341, 342] -> 'But I don't necessarily work with them in a consci...'
2025-11-12 22:09:20,851 [DEBUG] Merged segment 213: SRT entries [343, 344] -> 'It's more telepathic communication that I have wit...'
2025-11-12 22:09:20,851 [DEBUG] Merged segment 214: SRT entries [345, 346] -> 'And have you had physical contact then with other ...'
2025-11-12 22:09:20,851 [DEBUG] Merged segment 215: SRT entries [347] -> 'Yes. >> OK....'
2025-11-12 22:09:20,851 [DEBUG] Merged segment 216: SRT entries [348] -> 'Yes. So--...'
2025-11-12 22:09:20,851 [DEBUG] Merged segment 217: SRT entries [349] -> 'Sirians?...'
2025-11-12 22:09:20,851 [DEBUG] Merged segment 218: SRT entries [350] -> 'Or--...'
2025-11-12 22:09:20,852 [DEBUG] Merged segment 219: SRT entries [351] -> 'No....'
2025-11-12 22:09:20,852 [DEBUG] Merged segment 220: SRT entries [352] -> 'Different beings....'
2025-11-12 22:09:20,852 [DEBUG] Merged segment 221: SRT entries [353] -> 'Some of them are insectoids....'
2025-11-12 22:09:20,852 [DEBUG] Merged segment 222: SRT entries [354] -> 'Oh, interesting....'
2025-11-12 22:09:20,852 [DEBUG] Merged segment 223: SRT entries [355] -> 'And then the Zetas as well....'
2025-11-12 22:09:20,852 [DEBUG] Merged segment 224: SRT entries [356] -> 'OK....'
2025-11-12 22:09:20,852 [DEBUG] Merged segment 225: SRT entries [357] -> 'And those are my physical experiences....'
2025-11-12 22:09:20,852 [DEBUG] Merged segment 226: SRT entries [358, 359, 360, 361, 362] -> 'And another group who I just recently had an intro...'
2025-11-12 22:09:20,852 [DEBUG] Merged segment 227: SRT entries [363] -> 'They look different....'
2025-11-12 22:09:20,852 [DEBUG] Merged segment 228: SRT entries [364] -> 'And it's not the same species....'
2025-11-12 22:09:20,852 [DEBUG] Merged segment 229: SRT entries [365] -> 'But they've shown up for me....'
2025-11-12 22:09:20,852 [DEBUG] Merged segment 230: SRT entries [366] -> 'Interesting....'
2025-11-12 22:09:20,852 [DEBUG] Merged segment 231: SRT entries [367, 368, 369] -> 'Do you find once you've opened yourself up to, let...'
2025-11-12 22:09:20,852 [DEBUG] Merged segment 232: SRT entries [370] -> 'When I started, it was in '94....'
2025-11-12 22:09:20,852 [DEBUG] Merged segment 233: SRT entries [371] -> 'And I had kind of my breakthrough in '95....'
2025-11-12 22:09:20,852 [DEBUG] Merged segment 234: SRT entries [372, 373] -> 'Do you think that has opened the door to other bei...'
2025-11-12 22:09:20,852 [DEBUG] Merged segment 235: SRT entries [374, 375] -> 'Or do you think we're all getting these experience...'
2025-11-12 22:09:20,852 [DEBUG] Merged segment 236: SRT entries [376] -> 'Well, both....'
2025-11-12 22:09:20,852 [DEBUG] Merged segment 237: SRT entries [377] -> 'I think we're all connected to our guides....'
2025-11-12 22:09:20,852 [DEBUG] Merged segment 238: SRT entries [378, 379] -> 'We've got two guides that are with us 24 hours a d...'
2025-11-12 22:09:20,852 [DEBUG] Merged segment 239: SRT entries [380] -> 'And then we've got our solicited friends--...'
2025-11-12 22:09:20,852 [DEBUG] Merged segment 240: SRT entries [381] -> 'Everybody?...'
2025-11-12 22:09:20,852 [DEBUG] Merged segment 241: SRT entries [382] -> 'Everybody....'
2025-11-12 22:09:20,852 [DEBUG] Merged segment 242: SRT entries [383] -> 'Oh, OK....'
2025-11-12 22:09:20,852 [DEBUG] Merged segment 243: SRT entries [384, 385] -> 'And I laugh because people think that channeling i...'
2025-11-12 22:09:20,852 [DEBUG] Merged segment 244: SRT entries [386] -> 'But everybody does it....'
2025-11-12 22:09:20,852 [DEBUG] Merged segment 245: SRT entries [387] -> 'And to me, it's like being an interpreter....'
2025-11-12 22:09:20,852 [DEBUG] Merged segment 246: SRT entries [388, 389, 390] -> 'I recognize frequency and I translate it into a re...'
2025-11-12 22:09:20,852 [DEBUG] Merged segment 247: SRT entries [391, 392] -> 'But I think any form of creative expression can be...'
2025-11-12 22:09:20,852 [DEBUG] Merged segment 248: SRT entries [393, 394] -> 'And my own experiences with beings, I think, start...'
2025-11-12 22:09:20,852 [DEBUG] Merged segment 249: SRT entries [395] -> 'I think it started in childhood....'
2025-11-12 22:09:20,852 [DEBUG] Merged segment 250: SRT entries [396] -> 'OK....'
2025-11-12 22:09:20,852 [DEBUG] Merged segment 251: SRT entries [397, 398, 399] -> 'But I didn't really have an awareness, a conscious...'
2025-11-12 22:09:20,852 [DEBUG] Merged segment 252: SRT entries [400] -> 'And I started having some past-life experiences....'
2025-11-12 22:09:20,852 [DEBUG] Merged segment 253: SRT entries [401, 402] -> 'And at the time, I didn't really understand that's...'
2025-11-12 22:09:20,852 [DEBUG] Merged segment 254: SRT entries [403] -> 'I was accessing some of that information....'
2025-11-12 22:09:20,852 [DEBUG] Merged segment 255: SRT entries [404, 405, 406] -> 'So once I made conscious contact, then some of the...'
2025-11-12 22:09:20,852 [DEBUG] Merged segment 256: SRT entries [407] -> 'I understood, oh, that's what that was....'
2025-11-12 22:09:20,852 [DEBUG] Merged segment 257: SRT entries [408] -> 'I see....'
2025-11-12 22:09:20,852 [DEBUG] Merged segment 258: SRT entries [409, 410, 411] -> 'So you think if we all could tap into this, then t...'
2025-11-12 22:09:20,852 [DEBUG] Merged segment 259: SRT entries [412] -> 'I think so....'
2025-11-12 22:09:20,852 [DEBUG] Merged segment 260: SRT entries [413, 414] -> 'Or more because now there's so much more out there...'
2025-11-12 22:09:20,852 [DEBUG] Merged segment 261: SRT entries [415, 416, 417, 418, 419] -> 'How about in your life-- I'm sure this could go on...'
2025-11-12 22:09:20,852 [DEBUG] Merged segment 262: SRT entries [420] -> 'Oh, definitely....'
2025-11-12 22:09:20,852 [DEBUG] Merged segment 263: SRT entries [421] -> 'OK....'
2025-11-12 22:09:20,852 [DEBUG] Merged segment 264: SRT entries [422] -> 'Yeah....'
2025-11-12 22:09:20,852 [DEBUG] Merged segment 265: SRT entries [423] -> 'Yeah....'
2025-11-12 22:09:20,852 [DEBUG] Merged segment 266: SRT entries [424] -> 'I can't imagine not doing it....'
2025-11-12 22:09:20,852 [DEBUG] Merged segment 267: SRT entries [425] -> 'To me, it's normal....'
2025-11-12 22:09:20,852 [DEBUG] Merged segment 268: SRT entries [426] -> 'Got you....'
2025-11-12 22:09:20,852 [DEBUG] Merged segment 269: SRT entries [427] -> 'And I always say it's going to be the new normal--...'
2025-11-12 22:09:20,852 [DEBUG] Merged segment 270: SRT entries [428] -> 'Sure....'
2025-11-12 22:09:20,852 [DEBUG] Merged segment 271: SRT entries [429, 430] -> '--because it's just expanding the connection that'...'
2025-11-12 22:09:20,852 [DEBUG] Merged segment 272: SRT entries [431] -> 'We're never disconnected from anyone or anything....'
2025-11-12 22:09:20,853 [DEBUG] Merged segment 273: SRT entries [432, 433] -> 'So it's just kind of opening up to what's already ...'
2025-11-12 22:09:20,853 [DEBUG] Merged segment 274: SRT entries [434, 435, 436, 437] -> 'And I think the guides are going to get into it-- ...'
2025-11-12 22:09:20,853 [DEBUG] Merged segment 275: SRT entries [438, 439] -> 'And its opening back up to other potentials and ot...'
2025-11-12 22:09:20,853 [DEBUG] Merged segment 276: SRT entries [440] -> 'Excellent....'
2025-11-12 22:09:20,853 [DEBUG] Merged segment 277: SRT entries [441] -> 'Well, with that said, can we introduce the Pleiadi...'
2025-11-12 22:09:20,853 [DEBUG] Merged segment 278: SRT entries [442] -> 'Sure....'
2025-11-12 22:09:20,853 [DEBUG] Merged segment 279: SRT entries [443] -> 'And can we start asking some of those questions?...'
2025-11-12 22:09:20,853 [DEBUG] Merged segment 280: SRT entries [444] -> 'Sure....'
2025-11-12 22:09:20,853 [DEBUG] Merged segment 281: SRT entries [445] -> 'Excellent....'
2025-11-12 22:09:20,853 [INFO] Merged 445 segments into 281 final segments
2025-11-12 22:09:20,928 [INFO] Wrote 281 segments to data/S01-E01/main.yaml
2025-11-12 22:09:20,928 [INFO] Conversion completed successfully!
